underscore	coffee-script	docco	eslint	karma	karma-phantomjs-launcher	karma-qunit	phantomjs-prebuilt	qunitjs	uglify-js	Reason
1.11.0	1.7.1	0.7.0	2.13.1	0.13.22	1.0.4	1.2.1	2.1.16	2.4.1	2.4.18	</ br>> backbone@1.4.0 build C:\Mahir\VT\Research\npm-package-coupling\sources\dataset\backbone</ br>> uglifyjs backbone.js --mangle --source-map backbone-min.map -o backbone-min.js</ br></ br>C:\Mahir\VT\Research\npm-package-coupling\sources\dataset\backbone\node_modules\uglify-js\bin\uglifyjs:477</ br>        ast.walk(new UglifyJS.TreeWalker(function(node){</ br>            ^</ br></ br>TypeError: Cannot read property 'walk' of undefined</ br>    at getOptions (C:\Mahir\VT\Research\npm-package-coupling\sources\dataset\backbone\node_modules\uglify-js\bin\uglifyjs:477:13)</ br>    at Object.<anonymous> (C:\Mahir\VT\Research\npm-package-coupling\sources\dataset\backbone\node_modules\uglify-js\bin\uglifyjs:153:14)</ br>    at Module._compile (internal/modules/cjs/loader.js:1138:30)</ br>    at Object.Module._extensions..js (internal/modules/cjs/loader.js:1158:10)</ br>    at Module.load (internal/modules/cjs/loader.js:986:32)</ br>    at Function.Module._load (internal/modules/cjs/loader.js:879:14)</ br>    at Function.executeUserEntryPoint [as runMain] (internal/modules/run_main.js:71:12)</ br>    at internal/main/run_main_module.js:17:47</ br>npm ERR! code ELIFECYCLE</ br>npm ERR! errno 1</ br>npm ERR! backbone@1.4.0 build: `uglifyjs backbone.js --mangle --source-map backbone-min.map -o backbone-min.js`</ br>npm ERR! Exit status 1</ br>npm ERR! </ br>npm ERR! Failed at the backbone@1.4.0 build script.</ br>npm ERR! This is probably not a problem with npm. There is likely additional logging output above.</ br></ br>npm ERR! A complete log of this run can be found in:</ br>npm ERR!     C:\Users\asefk\AppData\Roaming\npm-cache\_logs\2020-09-09T22_59_40_988Z-debug.log</ br>
