@babel/runtime	csstype	@4c/build	@4c/rollout	@4c/tsconfig	@babel/cli	@babel/core	@babel/preset-typescript	@react-bootstrap/babel-preset	@react-bootstrap/eslint-config	@react-bootstrap/eslint-config-typescript	@typescript-eslint/eslint-plugin	@typescript-eslint/parser	babel-eslint	babel-loader	cherry-pick	eslint	eslint-plugin-import	eslint-plugin-jsx-a11y	eslint-plugin-mocha	eslint-plugin-react	expect.js	jquery	karma	karma-chrome-launcher	karma-firefox-launcher	karma-html2js-preprocessor	karma-mocha	karma-mocha-reporter	karma-sinon	karma-sourcemap-loader	karma-webpack	mocha	rimraf	rollup	rollup-plugin-size-snapshot	rollup-plugin-typescript	simulant	sinon	typescript	webpack	Reason
7.11.2	3.0.3	2.2.7	2.1.10	0.3.1	7.11.6	7.11.6	7.10.4	1.2.0	1.3.2	2.0.0	4.0.2-alpha.3	4.0.2-alpha.4	10.1.0	8.1.0	0.5.0	7.8.1	2.22.0	6.3.1	8.0.0	7.20.6	0.3.1	3.5.1	5.2.1	3.1.0	1.3.0	1.1.0	2.0.1	2.2.5	1.0.5	0.3.8	4.0.2	8.1.3	3.0.2	2.26.10	0.12.0	1.0.1	0.2.2	9.0.3	4.1.0-dev.20200904	4.44.1	</ br>> dom-helpers@5.2.0 build C:\Mahir\VT\Research\npm-package-coupling\sources\dataset\dom-helpers</ br>> rimraf lib && node_modules/.bin/build src && yarn build:pick</ br></ br>'node_modules' is not recognized as an internal or external command,</ br>operable program or batch file.</ br>npm ERR! code ELIFECYCLE</ br>npm ERR! errno 1</ br>npm ERR! dom-helpers@5.2.0 build: `rimraf lib && node_modules/.bin/build src && yarn build:pick`</ br>npm ERR! Exit status 1</ br>npm ERR! </ br>npm ERR! Failed at the dom-helpers@5.2.0 build script.</ br>npm ERR! This is probably not a problem with npm. There is likely additional logging output above.</ br></ br>npm ERR! A complete log of this run can be found in:</ br>npm ERR!     C:\Users\asefk\AppData\Roaming\npm-cache\_logs\2020-09-05T02_02_03_700Z-debug.log</ br>
7.11.2	3.0.3	2.2.7	2.1.10	0.3.1	7.11.6	7.11.6	7.10.4	1.2.0	1.3.2	2.0.0	4.0.2-alpha.4	4.0.2-alpha.4	10.1.0	8.1.0	0.5.0	7.8.1	2.22.0	6.3.1	8.0.0	7.20.6	0.3.1	3.5.1	5.2.1	3.1.0	1.3.0	1.1.0	2.0.1	2.2.5	1.0.5	0.3.8	4.0.2	8.1.3	3.0.2	2.26.10	0.12.0	1.0.1	0.2.2	9.0.3	4.1.0-dev.20200818	4.44.1	</ br>> dom-helpers@5.2.0 build C:\Mahir\VT\Research\npm-package-coupling\sources\dataset\dom-helpers</ br>> rimraf lib && node_modules/.bin/build src && yarn build:pick</ br></ br>'node_modules' is not recognized as an internal or external command,</ br>operable program or batch file.</ br>npm ERR! code ELIFECYCLE</ br>npm ERR! errno 1</ br>npm ERR! dom-helpers@5.2.0 build: `rimraf lib && node_modules/.bin/build src && yarn build:pick`</ br>npm ERR! Exit status 1</ br>npm ERR! </ br>npm ERR! Failed at the dom-helpers@5.2.0 build script.</ br>npm ERR! This is probably not a problem with npm. There is likely additional logging output above.</ br></ br>npm ERR! A complete log of this run can be found in:</ br>npm ERR!     C:\Users\asefk\AppData\Roaming\npm-cache\_logs\2020-09-05T02_03_46_629Z-debug.log</ br>
7.11.2	3.0.3	2.2.7	2.1.10	0.3.1	7.11.6	7.11.6	7.10.4	1.2.0	1.3.2	2.0.0	4.0.2-alpha.4	4.0.2-alpha.4	10.1.0	8.1.0	0.5.0	7.8.1	2.22.0	6.3.1	8.0.0	7.20.6	0.3.1	3.5.1	5.2.1	3.1.0	1.3.0	1.1.0	2.0.1	2.2.5	1.0.5	0.3.8	4.0.2	8.1.3	3.0.2	2.26.10	0.12.0	1.0.1	0.2.2	9.0.3	4.1.0-dev.20200817	4.44.1	</ br>> dom-helpers@5.2.0 build C:\Mahir\VT\Research\npm-package-coupling\sources\dataset\dom-helpers</ br>> rimraf lib && node_modules/.bin/build src && yarn build:pick</ br></ br>'node_modules' is not recognized as an internal or external command,</ br>operable program or batch file.</ br>npm ERR! code ELIFECYCLE</ br>npm ERR! errno 1</ br>npm ERR! dom-helpers@5.2.0 build: `rimraf lib && node_modules/.bin/build src && yarn build:pick`</ br>npm ERR! Exit status 1</ br>npm ERR! </ br>npm ERR! Failed at the dom-helpers@5.2.0 build script.</ br>npm ERR! This is probably not a problem with npm. There is likely additional logging output above.</ br></ br>npm ERR! A complete log of this run can be found in:</ br>npm ERR!     C:\Users\asefk\AppData\Roaming\npm-cache\_logs\2020-09-05T02_05_28_966Z-debug.log</ br>
7.9.2	3.0.3	2.2.7	2.1.10	0.3.1	7.11.6	7.11.6	7.10.4	1.2.0	1.3.2	2.0.0	4.0.2-alpha.4	4.0.2-alpha.4	10.1.0	8.1.0	0.5.0	7.8.1	2.22.0	6.3.1	8.0.0	7.20.6	0.3.1	3.5.1	5.2.1	3.1.0	1.3.0	1.1.0	2.0.1	2.2.5	1.0.5	0.3.8	4.0.2	8.1.3	3.0.2	2.26.10	0.12.0	1.0.1	0.2.2	9.0.3	4.1.0-dev.20200904	4.44.1	</ br>> dom-helpers@5.2.0 build C:\Mahir\VT\Research\npm-package-coupling\sources\dataset\dom-helpers</ br>> rimraf lib && node_modules/.bin/build src && yarn build:pick</ br></ br>'node_modules' is not recognized as an internal or external command,</ br>operable program or batch file.</ br>npm ERR! code ELIFECYCLE</ br>npm ERR! errno 1</ br>npm ERR! dom-helpers@5.2.0 build: `rimraf lib && node_modules/.bin/build src && yarn build:pick`</ br>npm ERR! Exit status 1</ br>npm ERR! </ br>npm ERR! Failed at the dom-helpers@5.2.0 build script.</ br>npm ERR! This is probably not a problem with npm. There is likely additional logging output above.</ br></ br>npm ERR! A complete log of this run can be found in:</ br>npm ERR!     C:\Users\asefk\AppData\Roaming\npm-cache\_logs\2020-09-05T02_07_11_419Z-debug.log</ br>
7.11.2	3.0.3	2.2.7	2.1.10	0.3.1	7.11.6	7.11.6	7.10.4	1.2.0	1.3.2	2.0.0	4.0.2-alpha.4	4.0.2-alpha.4	10.1.0	8.1.0	0.5.0	7.8.1	2.22.0	6.3.1	8.0.0	7.20.6	0.3.1	3.5.1	5.2.1	3.1.0	1.3.0	1.1.0	2.0.1	2.2.5	1.0.5	0.3.8	4.0.2	8.1.3	3.0.2	2.26.10	0.12.0	1.0.1	0.2.2	9.0.3	4.1.0-dev.20200814	4.44.1	</ br>> dom-helpers@5.2.0 build C:\Mahir\VT\Research\npm-package-coupling\sources\dataset\dom-helpers</ br>> rimraf lib && node_modules/.bin/build src && yarn build:pick</ br></ br>'node_modules' is not recognized as an internal or external command,</ br>operable program or batch file.</ br>npm ERR! code ELIFECYCLE</ br>npm ERR! errno 1</ br>npm ERR! dom-helpers@5.2.0 build: `rimraf lib && node_modules/.bin/build src && yarn build:pick`</ br>npm ERR! Exit status 1</ br>npm ERR! </ br>npm ERR! Failed at the dom-helpers@5.2.0 build script.</ br>npm ERR! This is probably not a problem with npm. There is likely additional logging output above.</ br></ br>npm ERR! A complete log of this run can be found in:</ br>npm ERR!     C:\Users\asefk\AppData\Roaming\npm-cache\_logs\2020-09-05T02_08_55_223Z-debug.log</ br>
7.11.2	3.0.3	2.2.7	2.1.10	0.3.1	7.11.6	7.11.6	7.10.4	1.2.0	1.3.2	2.0.0	4.0.2-alpha.4	4.0.2-alpha.4	10.1.0	8.1.0	0.5.0	7.8.1	2.22.0	6.3.1	8.0.0	7.20.6	0.3.1	3.5.1	5.2.1	3.1.0	1.3.0	1.1.0	2.0.1	2.2.5	1.0.5	0.3.8	4.0.2	8.1.3	3.0.2	2.26.10	0.12.0	1.0.1	0.2.2	9.0.3	4.1.0-dev.20200811	4.44.1	</ br>> dom-helpers@5.2.0 build C:\Mahir\VT\Research\npm-package-coupling\sources\dataset\dom-helpers</ br>> rimraf lib && node_modules/.bin/build src && yarn build:pick</ br></ br>'node_modules' is not recognized as an internal or external command,</ br>operable program or batch file.</ br>npm ERR! code ELIFECYCLE</ br>npm ERR! errno 1</ br>npm ERR! dom-helpers@5.2.0 build: `rimraf lib && node_modules/.bin/build src && yarn build:pick`</ br>npm ERR! Exit status 1</ br>npm ERR! </ br>npm ERR! Failed at the dom-helpers@5.2.0 build script.</ br>npm ERR! This is probably not a problem with npm. There is likely additional logging output above.</ br></ br>npm ERR! A complete log of this run can be found in:</ br>npm ERR!     C:\Users\asefk\AppData\Roaming\npm-cache\_logs\2020-09-05T02_10_36_751Z-debug.log</ br>
7.11.2	3.0.3	2.2.7	2.1.10	0.3.1	7.11.6	7.11.6	7.10.4	1.2.0	1.3.2	2.0.0	4.0.2-alpha.4	4.0.2-alpha.4	10.1.0	8.1.0	0.5.0	7.7.0	2.22.0	6.3.1	8.0.0	7.20.6	0.3.1	3.5.1	5.2.1	3.1.0	1.3.0	1.1.0	2.0.1	2.2.5	1.0.5	0.3.8	4.0.2	8.1.3	3.0.2	2.26.10	0.12.0	1.0.1	0.2.2	9.0.3	4.1.0-dev.20200904	4.44.1	</ br>> dom-helpers@5.2.0 build C:\Mahir\VT\Research\npm-package-coupling\sources\dataset\dom-helpers</ br>> rimraf lib && node_modules/.bin/build src && yarn build:pick</ br></ br>'node_modules' is not recognized as an internal or external command,</ br>operable program or batch file.</ br>npm ERR! code ELIFECYCLE</ br>npm ERR! errno 1</ br>npm ERR! dom-helpers@5.2.0 build: `rimraf lib && node_modules/.bin/build src && yarn build:pick`</ br>npm ERR! Exit status 1</ br>npm ERR! </ br>npm ERR! Failed at the dom-helpers@5.2.0 build script.</ br>npm ERR! This is probably not a problem with npm. There is likely additional logging output above.</ br></ br>npm ERR! A complete log of this run can be found in:</ br>npm ERR!     C:\Users\asefk\AppData\Roaming\npm-cache\_logs\2020-09-05T02_12_18_864Z-debug.log</ br>
7.11.2	3.0.3	2.2.7	2.1.10	0.3.1	7.11.6	7.11.6	7.10.4	1.2.0	1.3.2	2.0.0	4.0.2-alpha.4	4.0.2-alpha.3	10.1.0	8.1.0	0.5.0	7.8.1	2.22.0	6.3.1	8.0.0	7.20.6	0.3.1	3.5.1	5.2.1	3.1.0	1.3.0	1.1.0	2.0.1	2.2.5	1.0.5	0.3.8	4.0.2	8.1.3	3.0.2	2.26.10	0.12.0	1.0.1	0.2.2	9.0.3	4.1.0-dev.20200904	4.44.1	</ br>> dom-helpers@5.2.0 build C:\Mahir\VT\Research\npm-package-coupling\sources\dataset\dom-helpers</ br>> rimraf lib && node_modules/.bin/build src && yarn build:pick</ br></ br>'node_modules' is not recognized as an internal or external command,</ br>operable program or batch file.</ br>npm ERR! code ELIFECYCLE</ br>npm ERR! errno 1</ br>npm ERR! dom-helpers@5.2.0 build: `rimraf lib && node_modules/.bin/build src && yarn build:pick`</ br>npm ERR! Exit status 1</ br>npm ERR! </ br>npm ERR! Failed at the dom-helpers@5.2.0 build script.</ br>npm ERR! This is probably not a problem with npm. There is likely additional logging output above.</ br></ br>npm ERR! A complete log of this run can be found in:</ br>npm ERR!     C:\Users\asefk\AppData\Roaming\npm-cache\_logs\2020-09-05T02_14_01_683Z-debug.log</ br>
7.11.2	3.0.3	2.2.7	2.1.10	0.3.1	7.11.6	7.11.6	7.10.4	1.2.0	1.3.2	2.0.0	4.0.2-alpha.4	4.0.2-alpha.1	10.1.0	8.1.0	0.5.0	7.8.1	2.22.0	6.3.1	8.0.0	7.20.6	0.3.1	3.5.1	5.2.1	3.1.0	1.3.0	1.1.0	2.0.1	2.2.5	1.0.5	0.3.8	4.0.2	8.1.3	3.0.2	2.26.10	0.12.0	1.0.1	0.2.2	9.0.3	4.1.0-dev.20200904	4.44.1	</ br>> dom-helpers@5.2.0 build C:\Mahir\VT\Research\npm-package-coupling\sources\dataset\dom-helpers</ br>> rimraf lib && node_modules/.bin/build src && yarn build:pick</ br></ br>'node_modules' is not recognized as an internal or external command,</ br>operable program or batch file.</ br>npm ERR! code ELIFECYCLE</ br>npm ERR! errno 1</ br>npm ERR! dom-helpers@5.2.0 build: `rimraf lib && node_modules/.bin/build src && yarn build:pick`</ br>npm ERR! Exit status 1</ br>npm ERR! </ br>npm ERR! Failed at the dom-helpers@5.2.0 build script.</ br>npm ERR! This is probably not a problem with npm. There is likely additional logging output above.</ br></ br>npm ERR! A complete log of this run can be found in:</ br>npm ERR!     C:\Users\asefk\AppData\Roaming\npm-cache\_logs\2020-09-05T02_15_45_369Z-debug.log</ br>
7.11.2	3.0.3	2.2.7	2.1.10	0.3.1	7.11.6	7.11.5	7.10.4	1.2.0	1.3.2	2.0.0	4.0.2-alpha.4	4.0.2-alpha.4	10.1.0	8.1.0	0.5.0	7.8.1	2.22.0	6.3.1	8.0.0	7.20.6	0.3.1	3.5.1	5.2.1	3.1.0	1.3.0	1.1.0	2.0.1	2.2.5	1.0.5	0.3.8	4.0.2	8.1.3	3.0.2	2.26.10	0.12.0	1.0.1	0.2.2	9.0.3	4.1.0-dev.20200904	4.44.1	</ br>> dom-helpers@5.2.0 build C:\Mahir\VT\Research\npm-package-coupling\sources\dataset\dom-helpers</ br>> rimraf lib && node_modules/.bin/build src && yarn build:pick</ br></ br>'node_modules' is not recognized as an internal or external command,</ br>operable program or batch file.</ br>npm ERR! code ELIFECYCLE</ br>npm ERR! errno 1</ br>npm ERR! dom-helpers@5.2.0 build: `rimraf lib && node_modules/.bin/build src && yarn build:pick`</ br>npm ERR! Exit status 1</ br>npm ERR! </ br>npm ERR! Failed at the dom-helpers@5.2.0 build script.</ br>npm ERR! This is probably not a problem with npm. There is likely additional logging output above.</ br></ br>npm ERR! A complete log of this run can be found in:</ br>npm ERR!     C:\Users\asefk\AppData\Roaming\npm-cache\_logs\2020-09-05T02_17_27_669Z-debug.log</ br>
7.11.2	3.0.3	2.2.7	2.1.10	0.3.1	7.11.6	7.11.6	7.10.4	1.2.0	1.3.2	2.0.0	4.0.2-alpha.4	4.0.2-alpha.4	10.1.0	8.1.0	0.5.0	7.8.1	2.22.0	6.3.1	8.0.0	7.20.6	0.3.1	3.5.1	5.2.1	3.1.0	1.3.0	1.1.0	2.0.1	2.2.5	1.0.5	0.3.8	4.0.2	8.1.3	3.0.2	2.26.10	0.12.0	1.0.1	0.2.2	9.0.3	4.1.0-dev.20200810	4.44.1	</ br>> dom-helpers@5.2.0 build C:\Mahir\VT\Research\npm-package-coupling\sources\dataset\dom-helpers</ br>> rimraf lib && node_modules/.bin/build src && yarn build:pick</ br></ br>'node_modules' is not recognized as an internal or external command,</ br>operable program or batch file.</ br>npm ERR! code ELIFECYCLE</ br>npm ERR! errno 1</ br>npm ERR! dom-helpers@5.2.0 build: `rimraf lib && node_modules/.bin/build src && yarn build:pick`</ br>npm ERR! Exit status 1</ br>npm ERR! </ br>npm ERR! Failed at the dom-helpers@5.2.0 build script.</ br>npm ERR! This is probably not a problem with npm. There is likely additional logging output above.</ br></ br>npm ERR! A complete log of this run can be found in:</ br>npm ERR!     C:\Users\asefk\AppData\Roaming\npm-cache\_logs\2020-09-05T02_19_12_052Z-debug.log</ br>
7.11.2	3.0.3	2.2.7	2.1.10	0.3.1	7.11.6	7.11.6	7.10.4	1.2.0	1.3.2	2.0.0	4.0.2-alpha.4	4.0.2-alpha.4	10.1.0	8.1.0	0.5.0	7.8.1	2.22.0	6.3.1	8.0.0	7.20.6	0.3.1	3.5.1	5.2.1	3.1.0	1.3.0	1.1.0	2.0.1	2.2.5	1.0.5	0.3.8	4.0.2	8.1.3	3.0.2	2.26.10	0.12.0	1.0.1	0.2.2	9.0.3	4.1.0-dev.20200806	4.44.1	</ br>> dom-helpers@5.2.0 build C:\Mahir\VT\Research\npm-package-coupling\sources\dataset\dom-helpers</ br>> rimraf lib && node_modules/.bin/build src && yarn build:pick</ br></ br>'node_modules' is not recognized as an internal or external command,</ br>operable program or batch file.</ br>npm ERR! code ELIFECYCLE</ br>npm ERR! errno 1</ br>npm ERR! dom-helpers@5.2.0 build: `rimraf lib && node_modules/.bin/build src && yarn build:pick`</ br>npm ERR! Exit status 1</ br>npm ERR! </ br>npm ERR! Failed at the dom-helpers@5.2.0 build script.</ br>npm ERR! This is probably not a problem with npm. There is likely additional logging output above.</ br></ br>npm ERR! A complete log of this run can be found in:</ br>npm ERR!     C:\Users\asefk\AppData\Roaming\npm-cache\_logs\2020-09-05T02_20_53_919Z-debug.log</ br>
7.11.2	3.0.3	2.2.7	2.1.10	0.3.1	7.11.6	7.11.6	7.10.4	1.2.0	1.3.2	2.0.0	4.0.2-alpha.4	4.0.2-alpha.4	10.1.0	8.1.0	0.5.0	7.8.1	2.22.0	6.3.1	8.0.0	7.20.6	0.3.1	3.5.1	5.2.1	3.1.0	1.3.0	1.1.0	2.0.1	2.2.5	1.0.5	0.3.8	4.0.2	8.1.3	3.0.2	2.26.10	0.12.0	1.0.1	0.2.2	9.0.3	4.1.0-dev.20200816	4.44.1	</ br>> dom-helpers@5.2.0 build C:\Mahir\VT\Research\npm-package-coupling\sources\dataset\dom-helpers</ br>> rimraf lib && node_modules/.bin/build src && yarn build:pick</ br></ br>'node_modules' is not recognized as an internal or external command,</ br>operable program or batch file.</ br>npm ERR! code ELIFECYCLE</ br>npm ERR! errno 1</ br>npm ERR! dom-helpers@5.2.0 build: `rimraf lib && node_modules/.bin/build src && yarn build:pick`</ br>npm ERR! Exit status 1</ br>npm ERR! </ br>npm ERR! Failed at the dom-helpers@5.2.0 build script.</ br>npm ERR! This is probably not a problem with npm. There is likely additional logging output above.</ br></ br>npm ERR! A complete log of this run can be found in:</ br>npm ERR!     C:\Users\asefk\AppData\Roaming\npm-cache\_logs\2020-09-05T02_22_36_408Z-debug.log</ br>
7.11.2	3.0.3	2.2.7	2.1.10	0.3.1	7.11.6	7.11.6	7.10.4	1.2.0	1.3.2	2.0.0	4.0.2-alpha.4	4.0.2-alpha.4	10.1.0	8.1.0	0.5.0	7.8.1	2.22.0	6.3.1	8.0.0	7.20.6	0.3.1	3.5.1	5.2.1	3.1.0	1.3.0	1.1.0	2.0.1	2.2.5	1.0.5	0.3.8	4.0.2	8.1.3	3.0.2	2.26.10	0.12.0	1.0.1	0.2.2	9.0.3	4.1.0-dev.20200812	4.44.1	</ br>> dom-helpers@5.2.0 build C:\Mahir\VT\Research\npm-package-coupling\sources\dataset\dom-helpers</ br>> rimraf lib && node_modules/.bin/build src && yarn build:pick</ br></ br>'node_modules' is not recognized as an internal or external command,</ br>operable program or batch file.</ br>npm ERR! code ELIFECYCLE</ br>npm ERR! errno 1</ br>npm ERR! dom-helpers@5.2.0 build: `rimraf lib && node_modules/.bin/build src && yarn build:pick`</ br>npm ERR! Exit status 1</ br>npm ERR! </ br>npm ERR! Failed at the dom-helpers@5.2.0 build script.</ br>npm ERR! This is probably not a problem with npm. There is likely additional logging output above.</ br></ br>npm ERR! A complete log of this run can be found in:</ br>npm ERR!     C:\Users\asefk\AppData\Roaming\npm-cache\_logs\2020-09-05T02_24_19_552Z-debug.log</ br>
7.11.2	3.0.3	2.2.7	2.1.10	0.3.1	7.11.6	7.11.6	7.10.4	1.2.0	1.3.2	2.0.0	4.0.2-alpha.4	4.0.2-alpha.4	10.1.0	8.1.0	0.5.0	7.8.1	2.22.0	6.3.1	8.0.0	7.20.6	0.3.1	3.5.1	5.2.0	3.1.0	1.3.0	1.1.0	2.0.1	2.2.5	1.0.5	0.3.8	4.0.2	8.1.3	3.0.2	2.26.10	0.12.0	1.0.1	0.2.2	9.0.3	4.1.0-dev.20200904	4.44.1	</ br>> dom-helpers@5.2.0 build C:\Mahir\VT\Research\npm-package-coupling\sources\dataset\dom-helpers</ br>> rimraf lib && node_modules/.bin/build src && yarn build:pick</ br></ br>'node_modules' is not recognized as an internal or external command,</ br>operable program or batch file.</ br>npm ERR! code ELIFECYCLE</ br>npm ERR! errno 1</ br>npm ERR! dom-helpers@5.2.0 build: `rimraf lib && node_modules/.bin/build src && yarn build:pick`</ br>npm ERR! Exit status 1</ br>npm ERR! </ br>npm ERR! Failed at the dom-helpers@5.2.0 build script.</ br>npm ERR! This is probably not a problem with npm. There is likely additional logging output above.</ br></ br>npm ERR! A complete log of this run can be found in:</ br>npm ERR!     C:\Users\asefk\AppData\Roaming\npm-cache\_logs\2020-09-05T02_26_02_971Z-debug.log</ br>
7.11.2	3.0.3	2.2.7	2.1.10	0.3.1	7.11.6	7.11.6	7.10.4	1.2.0	1.3.2	2.0.0	4.0.2-alpha.4	4.0.2-alpha.4	10.1.0	8.1.0	0.5.0	7.8.1	2.22.0	6.3.1	8.0.0	7.20.6	0.3.1	3.5.1	5.2.1	3.1.0	1.3.0	1.1.0	2.0.1	2.2.5	1.0.5	0.3.8	4.0.2	8.1.3	3.0.2	2.26.10	0.12.0	1.0.1	0.2.2	9.0.3	4.1.0-dev.20200820	4.44.1	</ br>> dom-helpers@5.2.0 build C:\Mahir\VT\Research\npm-package-coupling\sources\dataset\dom-helpers</ br>> rimraf lib && node_modules/.bin/build src && yarn build:pick</ br></ br>'node_modules' is not recognized as an internal or external command,</ br>operable program or batch file.</ br>npm ERR! code ELIFECYCLE</ br>npm ERR! errno 1</ br>npm ERR! dom-helpers@5.2.0 build: `rimraf lib && node_modules/.bin/build src && yarn build:pick`</ br>npm ERR! Exit status 1</ br>npm ERR! </ br>npm ERR! Failed at the dom-helpers@5.2.0 build script.</ br>npm ERR! This is probably not a problem with npm. There is likely additional logging output above.</ br></ br>npm ERR! A complete log of this run can be found in:</ br>npm ERR!     C:\Users\asefk\AppData\Roaming\npm-cache\_logs\2020-09-05T02_27_46_836Z-debug.log</ br>
7.11.2	3.0.3	2.2.7	2.1.10	0.3.1	7.11.6	7.11.6	7.10.4	1.2.0	1.3.2	2.0.0	4.0.2-alpha.2	4.0.2-alpha.4	10.1.0	8.1.0	0.5.0	7.8.1	2.22.0	6.3.1	8.0.0	7.20.6	0.3.1	3.5.1	5.2.1	3.1.0	1.3.0	1.1.0	2.0.1	2.2.5	1.0.5	0.3.8	4.0.2	8.1.3	3.0.2	2.26.10	0.12.0	1.0.1	0.2.2	9.0.3	4.1.0-dev.20200904	4.44.1	</ br>> dom-helpers@5.2.0 build C:\Mahir\VT\Research\npm-package-coupling\sources\dataset\dom-helpers</ br>> rimraf lib && node_modules/.bin/build src && yarn build:pick</ br></ br>'node_modules' is not recognized as an internal or external command,</ br>operable program or batch file.</ br>npm ERR! code ELIFECYCLE</ br>npm ERR! errno 1</ br>npm ERR! dom-helpers@5.2.0 build: `rimraf lib && node_modules/.bin/build src && yarn build:pick`</ br>npm ERR! Exit status 1</ br>npm ERR! </ br>npm ERR! Failed at the dom-helpers@5.2.0 build script.</ br>npm ERR! This is probably not a problem with npm. There is likely additional logging output above.</ br></ br>npm ERR! A complete log of this run can be found in:</ br>npm ERR!     C:\Users\asefk\AppData\Roaming\npm-cache\_logs\2020-09-05T02_29_31_243Z-debug.log</ br>
7.11.2	3.0.3	2.2.7	2.1.10	0.3.1	7.11.6	7.11.6	7.10.4	1.2.0	1.3.2	2.0.0	4.0.2-alpha.4	4.0.2-alpha.4	10.1.0	8.1.0	0.5.0	7.8.1	2.22.0	6.3.1	8.0.0	7.20.6	0.3.1	3.5.1	5.2.1	3.1.0	1.3.0	1.1.0	2.0.1	2.2.5	1.0.5	0.3.8	4.0.2	8.1.3	3.0.2	2.26.10	0.12.0	1.0.1	0.2.2	9.0.3	4.1.0-dev.20200819	4.44.1	</ br>> dom-helpers@5.2.0 build C:\Mahir\VT\Research\npm-package-coupling\sources\dataset\dom-helpers</ br>> rimraf lib && node_modules/.bin/build src && yarn build:pick</ br></ br>'node_modules' is not recognized as an internal or external command,</ br>operable program or batch file.</ br>npm ERR! code ELIFECYCLE</ br>npm ERR! errno 1</ br>npm ERR! dom-helpers@5.2.0 build: `rimraf lib && node_modules/.bin/build src && yarn build:pick`</ br>npm ERR! Exit status 1</ br>npm ERR! </ br>npm ERR! Failed at the dom-helpers@5.2.0 build script.</ br>npm ERR! This is probably not a problem with npm. There is likely additional logging output above.</ br></ br>npm ERR! A complete log of this run can be found in:</ br>npm ERR!     C:\Users\asefk\AppData\Roaming\npm-cache\_logs\2020-09-05T02_31_12_179Z-debug.log</ br>
7.11.2	3.0.3	2.2.7	2.1.10	0.3.1	7.11.6	7.11.6	7.10.4	1.2.0	1.3.2	2.0.0	4.0.2-alpha.4	4.0.2-alpha.4	10.1.0	8.1.0	0.5.0	7.8.1	2.22.0	6.3.1	8.0.0	7.20.6	0.3.1	3.5.1	5.2.1	3.1.0	1.3.0	1.1.0	2.0.1	2.2.5	1.0.5	0.3.8	4.0.2	8.1.3	3.0.2	2.26.8	0.12.0	1.0.1	0.2.2	9.0.3	4.1.0-dev.20200904	4.44.1	</ br>> dom-helpers@5.2.0 build C:\Mahir\VT\Research\npm-package-coupling\sources\dataset\dom-helpers</ br>> rimraf lib && node_modules/.bin/build src && yarn build:pick</ br></ br>'node_modules' is not recognized as an internal or external command,</ br>operable program or batch file.</ br>npm ERR! code ELIFECYCLE</ br>npm ERR! errno 1</ br>npm ERR! dom-helpers@5.2.0 build: `rimraf lib && node_modules/.bin/build src && yarn build:pick`</ br>npm ERR! Exit status 1</ br>npm ERR! </ br>npm ERR! Failed at the dom-helpers@5.2.0 build script.</ br>npm ERR! This is probably not a problem with npm. There is likely additional logging output above.</ br></ br>npm ERR! A complete log of this run can be found in:</ br>npm ERR!     C:\Users\asefk\AppData\Roaming\npm-cache\_logs\2020-09-05T02_32_55_433Z-debug.log</ br>
7.11.0	3.0.3	2.2.7	2.1.10	0.3.1	7.11.6	7.11.6	7.10.4	1.2.0	1.3.2	2.0.0	4.0.2-alpha.4	4.0.2-alpha.4	10.1.0	8.1.0	0.5.0	7.8.1	2.22.0	6.3.1	8.0.0	7.20.6	0.3.1	3.5.1	5.2.1	3.1.0	1.3.0	1.1.0	2.0.1	2.2.5	1.0.5	0.3.8	4.0.2	8.1.3	3.0.2	2.26.10	0.12.0	1.0.1	0.2.2	9.0.3	4.1.0-dev.20200904	4.44.1	</ br>> dom-helpers@5.2.0 build C:\Mahir\VT\Research\npm-package-coupling\sources\dataset\dom-helpers</ br>> rimraf lib && node_modules/.bin/build src && yarn build:pick</ br></ br>'node_modules' is not recognized as an internal or external command,</ br>operable program or batch file.</ br>npm ERR! code ELIFECYCLE</ br>npm ERR! errno 1</ br>npm ERR! dom-helpers@5.2.0 build: `rimraf lib && node_modules/.bin/build src && yarn build:pick`</ br>npm ERR! Exit status 1</ br>npm ERR! </ br>npm ERR! Failed at the dom-helpers@5.2.0 build script.</ br>npm ERR! This is probably not a problem with npm. There is likely additional logging output above.</ br></ br>npm ERR! A complete log of this run can be found in:</ br>npm ERR!     C:\Users\asefk\AppData\Roaming\npm-cache\_logs\2020-09-05T02_34_36_246Z-debug.log</ br>
7.11.1	3.0.3	2.2.7	2.1.10	0.3.1	7.11.6	7.11.6	7.10.4	1.2.0	1.3.2	2.0.0	4.0.2-alpha.4	4.0.2-alpha.4	10.1.0	8.1.0	0.5.0	7.8.1	2.22.0	6.3.1	8.0.0	7.20.6	0.3.1	3.5.1	5.2.1	3.1.0	1.3.0	1.1.0	2.0.1	2.2.5	1.0.5	0.3.8	4.0.2	8.1.3	3.0.2	2.26.10	0.12.0	1.0.1	0.2.2	9.0.3	4.1.0-dev.20200904	4.44.1	</ br>> dom-helpers@5.2.0 build C:\Mahir\VT\Research\npm-package-coupling\sources\dataset\dom-helpers</ br>> rimraf lib && node_modules/.bin/build src && yarn build:pick</ br></ br>'node_modules' is not recognized as an internal or external command,</ br>operable program or batch file.</ br>npm ERR! code ELIFECYCLE</ br>npm ERR! errno 1</ br>npm ERR! dom-helpers@5.2.0 build: `rimraf lib && node_modules/.bin/build src && yarn build:pick`</ br>npm ERR! Exit status 1</ br>npm ERR! </ br>npm ERR! Failed at the dom-helpers@5.2.0 build script.</ br>npm ERR! This is probably not a problem with npm. There is likely additional logging output above.</ br></ br>npm ERR! A complete log of this run can be found in:</ br>npm ERR!     C:\Users\asefk\AppData\Roaming\npm-cache\_logs\2020-09-05T02_36_15_945Z-debug.log</ br>
7.8.7	3.0.3	2.2.7	2.1.10	0.3.1	7.11.6	7.11.6	7.10.4	1.2.0	1.3.2	2.0.0	4.0.2-alpha.4	4.0.2-alpha.4	10.1.0	8.1.0	0.5.0	7.8.1	2.22.0	6.3.1	8.0.0	7.20.6	0.3.1	3.5.1	5.2.1	3.1.0	1.3.0	1.1.0	2.0.1	2.2.5	1.0.5	0.3.8	4.0.2	8.1.3	3.0.2	2.26.10	0.12.0	1.0.1	0.2.2	9.0.3	4.1.0-dev.20200904	4.44.1	</ br>> dom-helpers@5.2.0 build C:\Mahir\VT\Research\npm-package-coupling\sources\dataset\dom-helpers</ br>> rimraf lib && node_modules/.bin/build src && yarn build:pick</ br></ br>'node_modules' is not recognized as an internal or external command,</ br>operable program or batch file.</ br>npm ERR! code ELIFECYCLE</ br>npm ERR! errno 1</ br>npm ERR! dom-helpers@5.2.0 build: `rimraf lib && node_modules/.bin/build src && yarn build:pick`</ br>npm ERR! Exit status 1</ br>npm ERR! </ br>npm ERR! Failed at the dom-helpers@5.2.0 build script.</ br>npm ERR! This is probably not a problem with npm. There is likely additional logging output above.</ br></ br>npm ERR! A complete log of this run can be found in:</ br>npm ERR!     C:\Users\asefk\AppData\Roaming\npm-cache\_logs\2020-09-05T02_37_55_652Z-debug.log</ br>
7.11.2	3.0.3	2.2.7	2.1.10	0.3.1	7.11.6	7.11.6	7.10.4	1.2.0	1.3.2	2.0.0	4.0.2-alpha.4	4.0.2-alpha.4	10.1.0	8.1.0	0.5.0	7.8.1	2.22.0	6.3.1	8.0.0	7.20.6	0.3.1	3.5.1	5.2.1	3.1.0	1.3.0	1.1.0	2.0.1	2.2.5	1.0.5	0.3.8	4.0.2	8.1.3	3.0.2	2.26.10	0.12.0	1.0.1	0.2.2	9.0.3	4.1.0-dev.20200902	4.44.1	</ br>> dom-helpers@5.2.0 build C:\Mahir\VT\Research\npm-package-coupling\sources\dataset\dom-helpers</ br>> rimraf lib && node_modules/.bin/build src && yarn build:pick</ br></ br>'node_modules' is not recognized as an internal or external command,</ br>operable program or batch file.</ br>npm ERR! code ELIFECYCLE</ br>npm ERR! errno 1</ br>npm ERR! dom-helpers@5.2.0 build: `rimraf lib && node_modules/.bin/build src && yarn build:pick`</ br>npm ERR! Exit status 1</ br>npm ERR! </ br>npm ERR! Failed at the dom-helpers@5.2.0 build script.</ br>npm ERR! This is probably not a problem with npm. There is likely additional logging output above.</ br></ br>npm ERR! A complete log of this run can be found in:</ br>npm ERR!     C:\Users\asefk\AppData\Roaming\npm-cache\_logs\2020-09-05T02_39_39_867Z-debug.log</ br>
7.11.2	3.0.3	2.2.7	2.1.10	0.3.1	7.11.6	7.11.6	7.10.4	1.2.0	1.3.2	2.0.0	4.0.2-alpha.1	4.0.2-alpha.4	10.1.0	8.1.0	0.5.0	7.8.1	2.22.0	6.3.1	8.0.0	7.20.6	0.3.1	3.5.1	5.2.1	3.1.0	1.3.0	1.1.0	2.0.1	2.2.5	1.0.5	0.3.8	4.0.2	8.1.3	3.0.2	2.26.10	0.12.0	1.0.1	0.2.2	9.0.3	4.1.0-dev.20200904	4.44.1	</ br>> dom-helpers@5.2.0 build C:\Mahir\VT\Research\npm-package-coupling\sources\dataset\dom-helpers</ br>> rimraf lib && node_modules/.bin/build src && yarn build:pick</ br></ br>'node_modules' is not recognized as an internal or external command,</ br>operable program or batch file.</ br>npm ERR! code ELIFECYCLE</ br>npm ERR! errno 1</ br>npm ERR! dom-helpers@5.2.0 build: `rimraf lib && node_modules/.bin/build src && yarn build:pick`</ br>npm ERR! Exit status 1</ br>npm ERR! </ br>npm ERR! Failed at the dom-helpers@5.2.0 build script.</ br>npm ERR! This is probably not a problem with npm. There is likely additional logging output above.</ br></ br>npm ERR! A complete log of this run can be found in:</ br>npm ERR!     C:\Users\asefk\AppData\Roaming\npm-cache\_logs\2020-09-05T02_41_18_636Z-debug.log</ br>
7.11.2	3.0.3	2.2.7	2.1.10	0.3.1	7.11.6	7.11.6	7.10.4	1.2.0	1.3.2	2.0.0	4.0.2-alpha.4	4.0.1	10.1.0	8.1.0	0.5.0	7.8.1	2.22.0	6.3.1	8.0.0	7.20.6	0.3.1	3.5.1	5.2.1	3.1.0	1.3.0	1.1.0	2.0.1	2.2.5	1.0.5	0.3.8	4.0.2	8.1.3	3.0.2	2.26.10	0.12.0	1.0.1	0.2.2	9.0.3	4.1.0-dev.20200904	4.44.1	</ br>> dom-helpers@5.2.0 build C:\Mahir\VT\Research\npm-package-coupling\sources\dataset\dom-helpers</ br>> rimraf lib && node_modules/.bin/build src && yarn build:pick</ br></ br>'node_modules' is not recognized as an internal or external command,</ br>operable program or batch file.</ br>npm ERR! code ELIFECYCLE</ br>npm ERR! errno 1</ br>npm ERR! dom-helpers@5.2.0 build: `rimraf lib && node_modules/.bin/build src && yarn build:pick`</ br>npm ERR! Exit status 1</ br>npm ERR! </ br>npm ERR! Failed at the dom-helpers@5.2.0 build script.</ br>npm ERR! This is probably not a problem with npm. There is likely additional logging output above.</ br></ br>npm ERR! A complete log of this run can be found in:</ br>npm ERR!     C:\Users\asefk\AppData\Roaming\npm-cache\_logs\2020-09-05T02_42_57_469Z-debug.log</ br>
7.10.1	3.0.3	2.2.7	2.1.10	0.3.1	7.11.6	7.11.6	7.10.4	1.2.0	1.3.2	2.0.0	4.0.2-alpha.4	4.0.2-alpha.4	10.1.0	8.1.0	0.5.0	7.8.1	2.22.0	6.3.1	8.0.0	7.20.6	0.3.1	3.5.1	5.2.1	3.1.0	1.3.0	1.1.0	2.0.1	2.2.5	1.0.5	0.3.8	4.0.2	8.1.3	3.0.2	2.26.10	0.12.0	1.0.1	0.2.2	9.0.3	4.1.0-dev.20200904	4.44.1	</ br>> dom-helpers@5.2.0 build C:\Mahir\VT\Research\npm-package-coupling\sources\dataset\dom-helpers</ br>> rimraf lib && node_modules/.bin/build src && yarn build:pick</ br></ br>'node_modules' is not recognized as an internal or external command,</ br>operable program or batch file.</ br>npm ERR! code ELIFECYCLE</ br>npm ERR! errno 1</ br>npm ERR! dom-helpers@5.2.0 build: `rimraf lib && node_modules/.bin/build src && yarn build:pick`</ br>npm ERR! Exit status 1</ br>npm ERR! </ br>npm ERR! Failed at the dom-helpers@5.2.0 build script.</ br>npm ERR! This is probably not a problem with npm. There is likely additional logging output above.</ br></ br>npm ERR! A complete log of this run can be found in:</ br>npm ERR!     C:\Users\asefk\AppData\Roaming\npm-cache\_logs\2020-09-05T02_44_39_930Z-debug.log</ br>
7.11.2	3.0.3	2.2.7	2.1.10	0.3.1	7.11.6	7.11.6	7.10.4	1.2.0	1.3.2	2.0.0	4.0.2-alpha.4	4.0.2-alpha.4	10.1.0	8.1.0	0.5.0	7.8.1	2.22.0	6.3.1	8.0.0	7.20.6	0.3.1	3.5.1	5.2.1	3.1.0	1.3.0	1.1.0	2.0.1	2.2.5	1.0.5	0.3.8	4.0.2	8.1.3	3.0.2	2.26.10	0.12.0	1.0.1	0.2.2	9.0.3	4.1.0-dev.20200903	4.44.1	</ br>> dom-helpers@5.2.0 build C:\Mahir\VT\Research\npm-package-coupling\sources\dataset\dom-helpers</ br>> rimraf lib && node_modules/.bin/build src && yarn build:pick</ br></ br>'node_modules' is not recognized as an internal or external command,</ br>operable program or batch file.</ br>npm ERR! code ELIFECYCLE</ br>npm ERR! errno 1</ br>npm ERR! dom-helpers@5.2.0 build: `rimraf lib && node_modules/.bin/build src && yarn build:pick`</ br>npm ERR! Exit status 1</ br>npm ERR! </ br>npm ERR! Failed at the dom-helpers@5.2.0 build script.</ br>npm ERR! This is probably not a problem with npm. There is likely additional logging output above.</ br></ br>npm ERR! A complete log of this run can be found in:</ br>npm ERR!     C:\Users\asefk\AppData\Roaming\npm-cache\_logs\2020-09-05T02_46_16_644Z-debug.log</ br>
7.11.2	3.0.3	2.2.7	2.1.10	0.3.1	7.11.6	7.11.6	7.10.4	1.2.0	1.3.2	2.0.0	4.0.2-alpha.4	4.0.2-alpha.4	10.1.0	8.1.0	0.5.0	7.8.1	2.22.0	6.3.1	8.0.0	7.20.6	0.3.1	3.5.1	5.2.1	3.1.0	1.3.0	1.1.0	2.0.1	2.2.5	1.0.5	0.3.8	4.0.2	8.1.3	3.0.2	2.26.10	0.12.0	1.0.1	0.2.2	9.0.3	4.1.0-dev.20200901	4.44.1	</ br>> dom-helpers@5.2.0 build C:\Mahir\VT\Research\npm-package-coupling\sources\dataset\dom-helpers</ br>> rimraf lib && node_modules/.bin/build src && yarn build:pick</ br></ br>'node_modules' is not recognized as an internal or external command,</ br>operable program or batch file.</ br>npm ERR! code ELIFECYCLE</ br>npm ERR! errno 1</ br>npm ERR! dom-helpers@5.2.0 build: `rimraf lib && node_modules/.bin/build src && yarn build:pick`</ br>npm ERR! Exit status 1</ br>npm ERR! </ br>npm ERR! Failed at the dom-helpers@5.2.0 build script.</ br>npm ERR! This is probably not a problem with npm. There is likely additional logging output above.</ br></ br>npm ERR! A complete log of this run can be found in:</ br>npm ERR!     C:\Users\asefk\AppData\Roaming\npm-cache\_logs\2020-09-05T02_47_54_455Z-debug.log</ br>
7.11.2	3.0.3	2.2.7	2.1.10	0.3.1	7.11.6	7.11.6	7.10.4	1.2.0	1.3.2	2.0.0	4.0.2-alpha.4	4.0.2-alpha.4	10.1.0	8.1.0	0.5.0	7.8.1	2.22.0	6.3.1	8.0.0	7.20.6	0.3.1	3.5.1	5.2.1	3.1.0	1.3.0	1.1.0	2.0.1	2.2.5	1.0.5	0.3.8	4.0.2	8.1.3	3.0.2	2.26.10	0.12.0	1.0.1	0.2.2	9.0.3	4.1.0-dev.20200807	4.44.1	</ br>> dom-helpers@5.2.0 build C:\Mahir\VT\Research\npm-package-coupling\sources\dataset\dom-helpers</ br>> rimraf lib && node_modules/.bin/build src && yarn build:pick</ br></ br>'node_modules' is not recognized as an internal or external command,</ br>operable program or batch file.</ br>npm ERR! code ELIFECYCLE</ br>npm ERR! errno 1</ br>npm ERR! dom-helpers@5.2.0 build: `rimraf lib && node_modules/.bin/build src && yarn build:pick`</ br>npm ERR! Exit status 1</ br>npm ERR! </ br>npm ERR! Failed at the dom-helpers@5.2.0 build script.</ br>npm ERR! This is probably not a problem with npm. There is likely additional logging output above.</ br></ br>npm ERR! A complete log of this run can be found in:</ br>npm ERR!     C:\Users\asefk\AppData\Roaming\npm-cache\_logs\2020-09-05T02_49_37_516Z-debug.log</ br>
7.11.2	3.0.3	2.2.7	2.1.10	0.3.1	7.11.6	7.11.6	7.10.4	1.2.0	1.3.2	2.0.0	4.0.2-alpha.4	4.0.2-alpha.4	10.1.0	8.1.0	0.5.0	7.8.1	2.22.0	6.3.1	8.0.0	7.20.6	0.3.1	3.5.1	5.2.1	3.1.0	1.3.0	1.1.0	2.0.1	2.2.5	1.0.5	0.3.8	4.0.2	8.1.3	3.0.2	2.26.10	0.12.0	1.0.1	0.2.2	9.0.3	4.1.0-dev.20200805	4.44.1	</ br>> dom-helpers@5.2.0 build C:\Mahir\VT\Research\npm-package-coupling\sources\dataset\dom-helpers</ br>> rimraf lib && node_modules/.bin/build src && yarn build:pick</ br></ br>'node_modules' is not recognized as an internal or external command,</ br>operable program or batch file.</ br>npm ERR! code ELIFECYCLE</ br>npm ERR! errno 1</ br>npm ERR! dom-helpers@5.2.0 build: `rimraf lib && node_modules/.bin/build src && yarn build:pick`</ br>npm ERR! Exit status 1</ br>npm ERR! </ br>npm ERR! Failed at the dom-helpers@5.2.0 build script.</ br>npm ERR! This is probably not a problem with npm. There is likely additional logging output above.</ br></ br>npm ERR! A complete log of this run can be found in:</ br>npm ERR!     C:\Users\asefk\AppData\Roaming\npm-cache\_logs\2020-09-05T02_51_13_867Z-debug.log</ br>
7.11.2	3.0.3	2.2.7	2.1.10	0.3.1	7.11.6	7.11.6	7.10.4	1.2.0	1.3.2	2.0.0	4.0.2-alpha.4	4.0.2-alpha.4	10.1.0	8.1.0	0.5.0	7.8.1	2.22.0	6.3.1	8.0.0	7.20.6	0.3.1	3.5.1	5.2.1	3.1.0	1.3.0	1.1.0	2.0.1	2.2.5	1.0.5	0.3.8	4.0.2	8.1.3	3.0.2	2.26.10	0.12.0	1.0.1	0.2.2	9.0.3	4.1.0-dev.20200804	4.44.1	</ br>> dom-helpers@5.2.0 build C:\Mahir\VT\Research\npm-package-coupling\sources\dataset\dom-helpers</ br>> rimraf lib && node_modules/.bin/build src && yarn build:pick</ br></ br>'node_modules' is not recognized as an internal or external command,</ br>operable program or batch file.</ br>npm ERR! code ELIFECYCLE</ br>npm ERR! errno 1</ br>npm ERR! dom-helpers@5.2.0 build: `rimraf lib && node_modules/.bin/build src && yarn build:pick`</ br>npm ERR! Exit status 1</ br>npm ERR! </ br>npm ERR! Failed at the dom-helpers@5.2.0 build script.</ br>npm ERR! This is probably not a problem with npm. There is likely additional logging output above.</ br></ br>npm ERR! A complete log of this run can be found in:</ br>npm ERR!     C:\Users\asefk\AppData\Roaming\npm-cache\_logs\2020-09-05T02_52_47_093Z-debug.log</ br>
7.11.2	3.0.3	2.2.7	2.1.10	0.3.1	7.11.6	7.11.6	7.10.4	1.2.0	1.3.2	2.0.0	4.0.2-alpha.4	4.0.2-alpha.4	10.1.0	8.1.0	0.5.0	7.8.1	2.22.0	6.3.1	8.0.0	7.20.6	0.3.1	3.5.1	5.2.1	3.1.0	1.3.0	1.1.0	2.0.1	2.2.5	1.0.5	0.3.8	4.0.2	8.1.3	3.0.2	2.26.10	0.12.0	1.0.1	0.2.2	9.0.3	4.1.0-dev.20200815	4.44.1	</ br>> dom-helpers@5.2.0 build C:\Mahir\VT\Research\npm-package-coupling\sources\dataset\dom-helpers</ br>> rimraf lib && node_modules/.bin/build src && yarn build:pick</ br></ br>'node_modules' is not recognized as an internal or external command,</ br>operable program or batch file.</ br>npm ERR! code ELIFECYCLE</ br>npm ERR! errno 1</ br>npm ERR! dom-helpers@5.2.0 build: `rimraf lib && node_modules/.bin/build src && yarn build:pick`</ br>npm ERR! Exit status 1</ br>npm ERR! </ br>npm ERR! Failed at the dom-helpers@5.2.0 build script.</ br>npm ERR! This is probably not a problem with npm. There is likely additional logging output above.</ br></ br>npm ERR! A complete log of this run can be found in:</ br>npm ERR!     C:\Users\asefk\AppData\Roaming\npm-cache\_logs\2020-09-05T02_54_27_161Z-debug.log</ br>
7.11.2	3.0.3	2.2.7	2.1.10	0.3.1	7.11.6	7.11.6	7.10.4	1.2.0	1.3.2	2.0.0	4.0.2-alpha.4	4.0.2-alpha.4	10.1.0	8.1.0	0.5.0	7.8.1	2.22.0	6.3.1	8.0.0	7.20.6	0.3.1	3.5.1	5.2.1	3.1.0	1.3.0	1.1.0	2.0.1	2.2.5	1.0.5	0.3.8	4.0.2	8.1.3	3.0.2	2.26.10	0.12.0	1.0.1	0.2.2	9.0.3	4.1.0-dev.20200826	4.44.1	</ br>> dom-helpers@5.2.0 build C:\Mahir\VT\Research\npm-package-coupling\sources\dataset\dom-helpers</ br>> rimraf lib && node_modules/.bin/build src && yarn build:pick</ br></ br>'node_modules' is not recognized as an internal or external command,</ br>operable program or batch file.</ br>npm ERR! code ELIFECYCLE</ br>npm ERR! errno 1</ br>npm ERR! dom-helpers@5.2.0 build: `rimraf lib && node_modules/.bin/build src && yarn build:pick`</ br>npm ERR! Exit status 1</ br>npm ERR! </ br>npm ERR! Failed at the dom-helpers@5.2.0 build script.</ br>npm ERR! This is probably not a problem with npm. There is likely additional logging output above.</ br></ br>npm ERR! A complete log of this run can be found in:</ br>npm ERR!     C:\Users\asefk\AppData\Roaming\npm-cache\_logs\2020-09-05T02_56_07_324Z-debug.log</ br>
7.9.0	3.0.3	2.2.7	2.1.10	0.3.1	7.11.6	7.11.6	7.10.4	1.2.0	1.3.2	2.0.0	4.0.2-alpha.4	4.0.2-alpha.4	10.1.0	8.1.0	0.5.0	7.8.1	2.22.0	6.3.1	8.0.0	7.20.6	0.3.1	3.5.1	5.2.1	3.1.0	1.3.0	1.1.0	2.0.1	2.2.5	1.0.5	0.3.8	4.0.2	8.1.3	3.0.2	2.26.10	0.12.0	1.0.1	0.2.2	9.0.3	4.1.0-dev.20200904	4.44.1	</ br>> dom-helpers@5.2.0 build C:\Mahir\VT\Research\npm-package-coupling\sources\dataset\dom-helpers</ br>> rimraf lib && node_modules/.bin/build src && yarn build:pick</ br></ br>'node_modules' is not recognized as an internal or external command,</ br>operable program or batch file.</ br>npm ERR! code ELIFECYCLE</ br>npm ERR! errno 1</ br>npm ERR! dom-helpers@5.2.0 build: `rimraf lib && node_modules/.bin/build src && yarn build:pick`</ br>npm ERR! Exit status 1</ br>npm ERR! </ br>npm ERR! Failed at the dom-helpers@5.2.0 build script.</ br>npm ERR! This is probably not a problem with npm. There is likely additional logging output above.</ br></ br>npm ERR! A complete log of this run can be found in:</ br>npm ERR!     C:\Users\asefk\AppData\Roaming\npm-cache\_logs\2020-09-05T02_57_39_640Z-debug.log</ br>
7.10.5	3.0.3	2.2.7	2.1.10	0.3.1	7.11.6	7.11.6	7.10.4	1.2.0	1.3.2	2.0.0	4.0.2-alpha.4	4.0.2-alpha.4	10.1.0	8.1.0	0.5.0	7.8.1	2.22.0	6.3.1	8.0.0	7.20.6	0.3.1	3.5.1	5.2.1	3.1.0	1.3.0	1.1.0	2.0.1	2.2.5	1.0.5	0.3.8	4.0.2	8.1.3	3.0.2	2.26.10	0.12.0	1.0.1	0.2.2	9.0.3	4.1.0-dev.20200904	4.44.1	</ br>> dom-helpers@5.2.0 build C:\Mahir\VT\Research\npm-package-coupling\sources\dataset\dom-helpers</ br>> rimraf lib && node_modules/.bin/build src && yarn build:pick</ br></ br>'node_modules' is not recognized as an internal or external command,</ br>operable program or batch file.</ br>npm ERR! code ELIFECYCLE</ br>npm ERR! errno 1</ br>npm ERR! dom-helpers@5.2.0 build: `rimraf lib && node_modules/.bin/build src && yarn build:pick`</ br>npm ERR! Exit status 1</ br>npm ERR! </ br>npm ERR! Failed at the dom-helpers@5.2.0 build script.</ br>npm ERR! This is probably not a problem with npm. There is likely additional logging output above.</ br></ br>npm ERR! A complete log of this run can be found in:</ br>npm ERR!     C:\Users\asefk\AppData\Roaming\npm-cache\_logs\2020-09-05T02_59_17_652Z-debug.log</ br>
7.11.2	3.0.3	2.2.7	2.1.10	0.3.1	7.10.5	7.11.6	7.10.4	1.2.0	1.3.2	2.0.0	4.0.2-alpha.4	4.0.2-alpha.4	10.1.0	8.1.0	0.5.0	7.8.1	2.22.0	6.3.1	8.0.0	7.20.6	0.3.1	3.5.1	5.2.1	3.1.0	1.3.0	1.1.0	2.0.1	2.2.5	1.0.5	0.3.8	4.0.2	8.1.3	3.0.2	2.26.10	0.12.0	1.0.1	0.2.2	9.0.3	4.1.0-dev.20200904	4.44.1	</ br>> dom-helpers@5.2.0 build C:\Mahir\VT\Research\npm-package-coupling\sources\dataset\dom-helpers</ br>> rimraf lib && node_modules/.bin/build src && yarn build:pick</ br></ br>'node_modules' is not recognized as an internal or external command,</ br>operable program or batch file.</ br>npm ERR! code ELIFECYCLE</ br>npm ERR! errno 1</ br>npm ERR! dom-helpers@5.2.0 build: `rimraf lib && node_modules/.bin/build src && yarn build:pick`</ br>npm ERR! Exit status 1</ br>npm ERR! </ br>npm ERR! Failed at the dom-helpers@5.2.0 build script.</ br>npm ERR! This is probably not a problem with npm. There is likely additional logging output above.</ br></ br>npm ERR! A complete log of this run can be found in:</ br>npm ERR!     C:\Users\asefk\AppData\Roaming\npm-cache\_logs\2020-09-05T03_00_58_189Z-debug.log</ br>
7.11.2	3.0.3	2.2.7	2.1.10	0.3.1	7.11.6	7.11.6	7.10.4	1.2.0	1.3.2	2.0.0	4.0.2-alpha.4	4.0.2-alpha.4	10.1.0	8.1.0	0.5.0	7.8.1	2.22.0	6.3.1	8.0.0	7.20.6	0.3.1	3.5.1	5.2.1	3.1.0	1.3.0	1.1.0	2.0.1	2.2.5	1.0.5	0.3.8	4.0.2	8.1.3	3.0.2	2.26.9	0.12.0	1.0.1	0.2.2	9.0.3	4.1.0-dev.20200904	4.44.1	</ br>> dom-helpers@5.2.0 build C:\Mahir\VT\Research\npm-package-coupling\sources\dataset\dom-helpers</ br>> rimraf lib && node_modules/.bin/build src && yarn build:pick</ br></ br>'node_modules' is not recognized as an internal or external command,</ br>operable program or batch file.</ br>npm ERR! code ELIFECYCLE</ br>npm ERR! errno 1</ br>npm ERR! dom-helpers@5.2.0 build: `rimraf lib && node_modules/.bin/build src && yarn build:pick`</ br>npm ERR! Exit status 1</ br>npm ERR! </ br>npm ERR! Failed at the dom-helpers@5.2.0 build script.</ br>npm ERR! This is probably not a problem with npm. There is likely additional logging output above.</ br></ br>npm ERR! A complete log of this run can be found in:</ br>npm ERR!     C:\Users\asefk\AppData\Roaming\npm-cache\_logs\2020-09-05T03_02_32_366Z-debug.log</ br>
7.11.2	3.0.3	2.2.7	2.1.10	0.3.1	7.11.6	7.11.6	7.10.4	1.2.0	1.3.2	2.0.0	4.0.2-alpha.4	4.0.2-alpha.4	10.1.0	8.1.0	0.5.0	7.8.1	2.22.0	6.3.1	8.0.0	7.20.6	0.3.1	3.5.1	5.2.1	3.1.0	1.3.0	1.1.0	2.0.1	2.2.5	1.0.5	0.3.8	4.0.2	8.1.3	3.0.2	2.26.10	0.12.0	1.0.1	0.2.2	9.0.3	4.1.0-dev.20200813	4.44.1	</ br>> dom-helpers@5.2.0 build C:\Mahir\VT\Research\npm-package-coupling\sources\dataset\dom-helpers</ br>> rimraf lib && node_modules/.bin/build src && yarn build:pick</ br></ br>'node_modules' is not recognized as an internal or external command,</ br>operable program or batch file.</ br>npm ERR! code ELIFECYCLE</ br>npm ERR! errno 1</ br>npm ERR! dom-helpers@5.2.0 build: `rimraf lib && node_modules/.bin/build src && yarn build:pick`</ br>npm ERR! Exit status 1</ br>npm ERR! </ br>npm ERR! Failed at the dom-helpers@5.2.0 build script.</ br>npm ERR! This is probably not a problem with npm. There is likely additional logging output above.</ br></ br>npm ERR! A complete log of this run can be found in:</ br>npm ERR!     C:\Users\asefk\AppData\Roaming\npm-cache\_logs\2020-09-05T03_04_10_434Z-debug.log</ br>
7.11.2	3.0.3	2.2.7	2.1.10	0.3.1	7.11.6	7.11.6	7.10.4	1.2.0	1.3.2	2.0.0	4.0.2-alpha.4	4.0.2-alpha.0	10.1.0	8.1.0	0.5.0	7.8.1	2.22.0	6.3.1	8.0.0	7.20.6	0.3.1	3.5.1	5.2.1	3.1.0	1.3.0	1.1.0	2.0.1	2.2.5	1.0.5	0.3.8	4.0.2	8.1.3	3.0.2	2.26.10	0.12.0	1.0.1	0.2.2	9.0.3	4.1.0-dev.20200904	4.44.1	</ br>> dom-helpers@5.2.0 build C:\Mahir\VT\Research\npm-package-coupling\sources\dataset\dom-helpers</ br>> rimraf lib && node_modules/.bin/build src && yarn build:pick</ br></ br>'node_modules' is not recognized as an internal or external command,</ br>operable program or batch file.</ br>npm ERR! code ELIFECYCLE</ br>npm ERR! errno 1</ br>npm ERR! dom-helpers@5.2.0 build: `rimraf lib && node_modules/.bin/build src && yarn build:pick`</ br>npm ERR! Exit status 1</ br>npm ERR! </ br>npm ERR! Failed at the dom-helpers@5.2.0 build script.</ br>npm ERR! This is probably not a problem with npm. There is likely additional logging output above.</ br></ br>npm ERR! A complete log of this run can be found in:</ br>npm ERR!     C:\Users\asefk\AppData\Roaming\npm-cache\_logs\2020-09-05T03_05_52_490Z-debug.log</ br>
7.11.2	3.0.3	2.2.7	2.1.10	0.3.1	7.11.6	7.11.6	7.10.4	1.2.0	1.3.2	2.0.0	4.0.2-alpha.4	4.0.2-alpha.4	10.1.0	8.1.0	0.5.0	7.8.1	2.22.0	6.3.1	8.0.0	7.20.6	0.3.1	3.5.1	5.2.1	3.1.0	1.3.0	1.1.0	2.0.1	2.2.5	1.0.5	0.3.8	4.0.2	8.1.3	3.0.2	2.26.10	0.12.0	1.0.1	0.2.2	9.0.3	4.1.0-dev.20200830	4.44.1	</ br>> dom-helpers@5.2.0 build C:\Mahir\VT\Research\npm-package-coupling\sources\dataset\dom-helpers</ br>> rimraf lib && node_modules/.bin/build src && yarn build:pick</ br></ br>'node_modules' is not recognized as an internal or external command,</ br>operable program or batch file.</ br>npm ERR! code ELIFECYCLE</ br>npm ERR! errno 1</ br>npm ERR! dom-helpers@5.2.0 build: `rimraf lib && node_modules/.bin/build src && yarn build:pick`</ br>npm ERR! Exit status 1</ br>npm ERR! </ br>npm ERR! Failed at the dom-helpers@5.2.0 build script.</ br>npm ERR! This is probably not a problem with npm. There is likely additional logging output above.</ br></ br>npm ERR! A complete log of this run can be found in:</ br>npm ERR!     C:\Users\asefk\AppData\Roaming\npm-cache\_logs\2020-09-05T03_07_31_183Z-debug.log</ br>
7.11.2	3.0.3	2.2.7	2.1.10	0.3.1	7.11.5	7.11.6	7.10.4	1.2.0	1.3.2	2.0.0	4.0.2-alpha.4	4.0.2-alpha.4	10.1.0	8.1.0	0.5.0	7.8.1	2.22.0	6.3.1	8.0.0	7.20.6	0.3.1	3.5.1	5.2.1	3.1.0	1.3.0	1.1.0	2.0.1	2.2.5	1.0.5	0.3.8	4.0.2	8.1.3	3.0.2	2.26.10	0.12.0	1.0.1	0.2.2	9.0.3	4.1.0-dev.20200904	4.44.1	</ br>> dom-helpers@5.2.0 build C:\Mahir\VT\Research\npm-package-coupling\sources\dataset\dom-helpers</ br>> rimraf lib && node_modules/.bin/build src && yarn build:pick</ br></ br>'node_modules' is not recognized as an internal or external command,</ br>operable program or batch file.</ br>npm ERR! code ELIFECYCLE</ br>npm ERR! errno 1</ br>npm ERR! dom-helpers@5.2.0 build: `rimraf lib && node_modules/.bin/build src && yarn build:pick`</ br>npm ERR! Exit status 1</ br>npm ERR! </ br>npm ERR! Failed at the dom-helpers@5.2.0 build script.</ br>npm ERR! This is probably not a problem with npm. There is likely additional logging output above.</ br></ br>npm ERR! A complete log of this run can be found in:</ br>npm ERR!     C:\Users\asefk\AppData\Roaming\npm-cache\_logs\2020-09-05T03_09_10_829Z-debug.log</ br>
7.11.2	3.0.3	2.2.7	2.1.10	0.3.1	7.11.6	7.11.6	7.10.4	1.2.0	1.3.2	2.0.0	4.0.2-alpha.4	4.0.2-alpha.4	10.1.0	8.1.0	0.5.0	7.8.1	2.22.0	6.3.1	8.0.0	7.20.6	0.3.1	3.5.1	5.2.1	3.1.0	1.3.0	1.1.0	2.0.1	2.2.5	1.0.5	0.3.8	4.0.2	8.1.3	3.0.2	2.26.10	0.12.0	1.0.1	0.2.2	9.0.3	4.1.0-dev.20200904	4.44.1	</ br>> dom-helpers@5.2.0 build C:\Mahir\VT\Research\npm-package-coupling\sources\dataset\dom-helpers</ br>> rimraf lib && node_modules/.bin/build src && yarn build:pick</ br></ br>'node_modules' is not recognized as an internal or external command,</ br>operable program or batch file.</ br>npm ERR! code ELIFECYCLE</ br>npm ERR! errno 1</ br>npm ERR! dom-helpers@5.2.0 build: `rimraf lib && node_modules/.bin/build src && yarn build:pick`</ br>npm ERR! Exit status 1</ br>npm ERR! </ br>npm ERR! Failed at the dom-helpers@5.2.0 build script.</ br>npm ERR! This is probably not a problem with npm. There is likely additional logging output above.</ br></ br>npm ERR! A complete log of this run can be found in:</ br>npm ERR!     C:\Users\asefk\AppData\Roaming\npm-cache\_logs\2020-09-05T03_10_54_776Z-debug.log</ br>
7.10.3	3.0.3	2.2.7	2.1.10	0.3.1	7.11.6	7.11.6	7.10.4	1.2.0	1.3.2	2.0.0	4.0.2-alpha.4	4.0.2-alpha.4	10.1.0	8.1.0	0.5.0	7.8.1	2.22.0	6.3.1	8.0.0	7.20.6	0.3.1	3.5.1	5.2.1	3.1.0	1.3.0	1.1.0	2.0.1	2.2.5	1.0.5	0.3.8	4.0.2	8.1.3	3.0.2	2.26.10	0.12.0	1.0.1	0.2.2	9.0.3	4.1.0-dev.20200904	4.44.1	</ br>> dom-helpers@5.2.0 build C:\Mahir\VT\Research\npm-package-coupling\sources\dataset\dom-helpers</ br>> rimraf lib && node_modules/.bin/build src && yarn build:pick</ br></ br>'node_modules' is not recognized as an internal or external command,</ br>operable program or batch file.</ br>npm ERR! code ELIFECYCLE</ br>npm ERR! errno 1</ br>npm ERR! dom-helpers@5.2.0 build: `rimraf lib && node_modules/.bin/build src && yarn build:pick`</ br>npm ERR! Exit status 1</ br>npm ERR! </ br>npm ERR! Failed at the dom-helpers@5.2.0 build script.</ br>npm ERR! This is probably not a problem with npm. There is likely additional logging output above.</ br></ br>npm ERR! A complete log of this run can be found in:</ br>npm ERR!     C:\Users\asefk\AppData\Roaming\npm-cache\_logs\2020-09-05T03_12_36_790Z-debug.log</ br>
7.11.2	3.0.3	2.2.7	2.1.10	0.3.1	7.11.6	7.11.6	7.10.4	1.2.0	1.3.2	2.0.0	4.0.2-alpha.4	4.0.2-alpha.4	10.1.0	8.1.0	0.5.0	7.8.0	2.22.0	6.3.1	8.0.0	7.20.6	0.3.1	3.5.1	5.2.1	3.1.0	1.3.0	1.1.0	2.0.1	2.2.5	1.0.5	0.3.8	4.0.2	8.1.3	3.0.2	2.26.10	0.12.0	1.0.1	0.2.2	9.0.3	4.1.0-dev.20200904	4.44.1	</ br>> dom-helpers@5.2.0 build C:\Mahir\VT\Research\npm-package-coupling\sources\dataset\dom-helpers</ br>> rimraf lib && node_modules/.bin/build src && yarn build:pick</ br></ br>'node_modules' is not recognized as an internal or external command,</ br>operable program or batch file.</ br>npm ERR! code ELIFECYCLE</ br>npm ERR! errno 1</ br>npm ERR! dom-helpers@5.2.0 build: `rimraf lib && node_modules/.bin/build src && yarn build:pick`</ br>npm ERR! Exit status 1</ br>npm ERR! </ br>npm ERR! Failed at the dom-helpers@5.2.0 build script.</ br>npm ERR! This is probably not a problem with npm. There is likely additional logging output above.</ br></ br>npm ERR! A complete log of this run can be found in:</ br>npm ERR!     C:\Users\asefk\AppData\Roaming\npm-cache\_logs\2020-09-05T03_14_20_355Z-debug.log</ br>
7.11.2	3.0.3	2.2.7	2.1.10	0.3.1	7.11.6	7.11.6	7.10.4	1.2.0	1.3.2	2.0.0	4.0.2-alpha.4	4.0.2-alpha.4	10.1.0	8.1.0	0.5.0	7.8.1	2.22.0	6.3.1	8.0.0	7.20.6	0.3.1	3.5.1	5.2.1	3.1.0	1.3.0	1.1.0	2.0.1	2.2.5	1.0.5	0.3.8	4.0.2	8.1.3	3.0.2	2.26.10	0.12.0	1.0.1	0.2.2	9.0.3	4.1.0-dev.20200823	4.44.1	</ br>> dom-helpers@5.2.0 build C:\Mahir\VT\Research\npm-package-coupling\sources\dataset\dom-helpers</ br>> rimraf lib && node_modules/.bin/build src && yarn build:pick</ br></ br>'node_modules' is not recognized as an internal or external command,</ br>operable program or batch file.</ br>npm ERR! code ELIFECYCLE</ br>npm ERR! errno 1</ br>npm ERR! dom-helpers@5.2.0 build: `rimraf lib && node_modules/.bin/build src && yarn build:pick`</ br>npm ERR! Exit status 1</ br>npm ERR! </ br>npm ERR! Failed at the dom-helpers@5.2.0 build script.</ br>npm ERR! This is probably not a problem with npm. There is likely additional logging output above.</ br></ br>npm ERR! A complete log of this run can be found in:</ br>npm ERR!     C:\Users\asefk\AppData\Roaming\npm-cache\_logs\2020-09-05T03_16_04_239Z-debug.log</ br>
7.10.0	3.0.3	2.2.7	2.1.10	0.3.1	7.11.6	7.11.6	7.10.4	1.2.0	1.3.2	2.0.0	4.0.2-alpha.4	4.0.2-alpha.4	10.1.0	8.1.0	0.5.0	7.8.1	2.22.0	6.3.1	8.0.0	7.20.6	0.3.1	3.5.1	5.2.1	3.1.0	1.3.0	1.1.0	2.0.1	2.2.5	1.0.5	0.3.8	4.0.2	8.1.3	3.0.2	2.26.10	0.12.0	1.0.1	0.2.2	9.0.3	4.1.0-dev.20200904	4.44.1	</ br>> dom-helpers@5.2.0 build C:\Mahir\VT\Research\npm-package-coupling\sources\dataset\dom-helpers</ br>> rimraf lib && node_modules/.bin/build src && yarn build:pick</ br></ br>'node_modules' is not recognized as an internal or external command,</ br>operable program or batch file.</ br>npm ERR! code ELIFECYCLE</ br>npm ERR! errno 1</ br>npm ERR! dom-helpers@5.2.0 build: `rimraf lib && node_modules/.bin/build src && yarn build:pick`</ br>npm ERR! Exit status 1</ br>npm ERR! </ br>npm ERR! Failed at the dom-helpers@5.2.0 build script.</ br>npm ERR! This is probably not a problem with npm. There is likely additional logging output above.</ br></ br>npm ERR! A complete log of this run can be found in:</ br>npm ERR!     C:\Users\asefk\AppData\Roaming\npm-cache\_logs\2020-09-05T03_17_48_388Z-debug.log</ br>
7.11.2	3.0.3	2.2.7	2.1.10	0.3.1	7.11.6	7.11.6	7.10.4	1.2.0	1.3.2	2.0.0	4.0.2-alpha.4	4.0.2-alpha.4	10.1.0	8.1.0	0.5.0	7.8.1	2.22.0	6.3.1	8.0.0	7.20.6	0.3.1	3.5.1	5.2.1	3.1.0	1.3.0	1.1.0	2.0.1	2.2.5	1.0.5	0.3.8	4.0.2	8.1.3	3.0.2	2.26.10	0.12.0	1.0.1	0.2.2	9.0.3	4.1.0-dev.20200827	4.44.1	</ br>> dom-helpers@5.2.0 build C:\Mahir\VT\Research\npm-package-coupling\sources\dataset\dom-helpers</ br>> rimraf lib && node_modules/.bin/build src && yarn build:pick</ br></ br>'node_modules' is not recognized as an internal or external command,</ br>operable program or batch file.</ br>npm ERR! code ELIFECYCLE</ br>npm ERR! errno 1</ br>npm ERR! dom-helpers@5.2.0 build: `rimraf lib && node_modules/.bin/build src && yarn build:pick`</ br>npm ERR! Exit status 1</ br>npm ERR! </ br>npm ERR! Failed at the dom-helpers@5.2.0 build script.</ br>npm ERR! This is probably not a problem with npm. There is likely additional logging output above.</ br></ br>npm ERR! A complete log of this run can be found in:</ br>npm ERR!     C:\Users\asefk\AppData\Roaming\npm-cache\_logs\2020-09-05T03_19_32_878Z-debug.log</ br>
7.11.2	3.0.3	2.2.7	2.1.10	0.3.1	7.11.6	7.11.4	7.10.4	1.2.0	1.3.2	2.0.0	4.0.2-alpha.4	4.0.2-alpha.4	10.1.0	8.1.0	0.5.0	7.8.1	2.22.0	6.3.1	8.0.0	7.20.6	0.3.1	3.5.1	5.2.1	3.1.0	1.3.0	1.1.0	2.0.1	2.2.5	1.0.5	0.3.8	4.0.2	8.1.3	3.0.2	2.26.10	0.12.0	1.0.1	0.2.2	9.0.3	4.1.0-dev.20200904	4.44.1	</ br>> dom-helpers@5.2.0 build C:\Mahir\VT\Research\npm-package-coupling\sources\dataset\dom-helpers</ br>> rimraf lib && node_modules/.bin/build src && yarn build:pick</ br></ br>'node_modules' is not recognized as an internal or external command,</ br>operable program or batch file.</ br>npm ERR! code ELIFECYCLE</ br>npm ERR! errno 1</ br>npm ERR! dom-helpers@5.2.0 build: `rimraf lib && node_modules/.bin/build src && yarn build:pick`</ br>npm ERR! Exit status 1</ br>npm ERR! </ br>npm ERR! Failed at the dom-helpers@5.2.0 build script.</ br>npm ERR! This is probably not a problem with npm. There is likely additional logging output above.</ br></ br>npm ERR! A complete log of this run can be found in:</ br>npm ERR!     C:\Users\asefk\AppData\Roaming\npm-cache\_logs\2020-09-05T03_21_18_291Z-debug.log</ br>
7.11.2	3.0.3	2.2.7	2.1.10	0.3.1	7.11.6	7.11.6	7.10.4	1.2.0	1.3.2	2.0.0	4.0.2-alpha.4	4.0.2-alpha.4	10.1.0	8.1.0	0.5.0	7.8.1	2.22.0	6.3.1	8.0.0	7.20.6	0.3.1	3.5.1	5.2.1	3.1.0	1.3.0	1.1.0	2.0.1	2.2.5	1.0.5	0.3.8	4.0.2	8.1.3	3.0.2	2.26.10	0.12.0	1.0.1	0.2.2	9.0.3	4.1.0-dev.20200808	4.44.1	</ br>> dom-helpers@5.2.0 build C:\Mahir\VT\Research\npm-package-coupling\sources\dataset\dom-helpers</ br>> rimraf lib && node_modules/.bin/build src && yarn build:pick</ br></ br>'node_modules' is not recognized as an internal or external command,</ br>operable program or batch file.</ br>npm ERR! code ELIFECYCLE</ br>npm ERR! errno 1</ br>npm ERR! dom-helpers@5.2.0 build: `rimraf lib && node_modules/.bin/build src && yarn build:pick`</ br>npm ERR! Exit status 1</ br>npm ERR! </ br>npm ERR! Failed at the dom-helpers@5.2.0 build script.</ br>npm ERR! This is probably not a problem with npm. There is likely additional logging output above.</ br></ br>npm ERR! A complete log of this run can be found in:</ br>npm ERR!     C:\Users\asefk\AppData\Roaming\npm-cache\_logs\2020-09-05T03_23_02_896Z-debug.log</ br>
7.11.2	3.0.3	2.2.7	2.1.10	0.3.1	7.11.6	7.11.6	7.10.4	1.2.0	1.3.2	2.0.0	4.0.2-alpha.4	4.0.2-alpha.4	10.1.0	8.1.0	0.5.0	7.8.1	2.22.0	6.3.1	8.0.0	7.20.6	0.3.1	3.5.1	5.2.1	3.1.0	1.3.0	1.1.0	2.0.1	2.2.5	1.0.5	0.3.8	4.0.2	8.1.3	3.0.2	2.26.10	0.12.0	1.0.1	0.2.2	9.0.3	4.1.0-dev.20200825	4.44.1	</ br>> dom-helpers@5.2.0 build C:\Mahir\VT\Research\npm-package-coupling\sources\dataset\dom-helpers</ br>> rimraf lib && node_modules/.bin/build src && yarn build:pick</ br></ br>'node_modules' is not recognized as an internal or external command,</ br>operable program or batch file.</ br>npm ERR! code ELIFECYCLE</ br>npm ERR! errno 1</ br>npm ERR! dom-helpers@5.2.0 build: `rimraf lib && node_modules/.bin/build src && yarn build:pick`</ br>npm ERR! Exit status 1</ br>npm ERR! </ br>npm ERR! Failed at the dom-helpers@5.2.0 build script.</ br>npm ERR! This is probably not a problem with npm. There is likely additional logging output above.</ br></ br>npm ERR! A complete log of this run can be found in:</ br>npm ERR!     C:\Users\asefk\AppData\Roaming\npm-cache\_logs\2020-09-05T03_24_46_541Z-debug.log</ br>
7.11.2	3.0.3	2.2.7	2.1.10	0.3.1	7.11.6	7.11.6	7.10.4	1.2.0	1.3.2	2.0.0	4.0.2-alpha.4	4.0.2-alpha.4	10.1.0	8.1.0	0.5.0	7.8.1	2.22.0	6.3.1	8.0.0	7.20.6	0.3.1	3.5.1	5.2.1	3.1.0	1.3.0	1.1.0	2.0.1	2.2.5	1.0.5	0.3.8	4.0.2	8.1.3	3.0.2	2.26.10	0.12.0	1.0.1	0.2.2	9.0.3	4.1.0-dev.20200822	4.44.1	</ br>> dom-helpers@5.2.0 build C:\Mahir\VT\Research\npm-package-coupling\sources\dataset\dom-helpers</ br>> rimraf lib && node_modules/.bin/build src && yarn build:pick</ br></ br>'node_modules' is not recognized as an internal or external command,</ br>operable program or batch file.</ br>npm ERR! code ELIFECYCLE</ br>npm ERR! errno 1</ br>npm ERR! dom-helpers@5.2.0 build: `rimraf lib && node_modules/.bin/build src && yarn build:pick`</ br>npm ERR! Exit status 1</ br>npm ERR! </ br>npm ERR! Failed at the dom-helpers@5.2.0 build script.</ br>npm ERR! This is probably not a problem with npm. There is likely additional logging output above.</ br></ br>npm ERR! A complete log of this run can be found in:</ br>npm ERR!     C:\Users\asefk\AppData\Roaming\npm-cache\_logs\2020-09-05T03_26_32_470Z-debug.log</ br>
7.11.2	3.0.3	2.2.7	2.1.10	0.3.1	7.11.6	7.11.6	7.10.4	1.2.0	1.3.2	2.0.0	4.0.2-alpha.4	4.0.2-alpha.4	10.1.0	8.1.0	0.5.0	7.8.1	2.22.0	6.3.1	8.0.0	7.20.6	0.3.1	3.5.1	5.1.1	3.1.0	1.3.0	1.1.0	2.0.1	2.2.5	1.0.5	0.3.8	4.0.2	8.1.3	3.0.2	2.26.10	0.12.0	1.0.1	0.2.2	9.0.3	4.1.0-dev.20200904	4.44.1	</ br>> dom-helpers@5.2.0 build C:\Mahir\VT\Research\npm-package-coupling\sources\dataset\dom-helpers</ br>> rimraf lib && node_modules/.bin/build src && yarn build:pick</ br></ br>'node_modules' is not recognized as an internal or external command,</ br>operable program or batch file.</ br>npm ERR! code ELIFECYCLE</ br>npm ERR! errno 1</ br>npm ERR! dom-helpers@5.2.0 build: `rimraf lib && node_modules/.bin/build src && yarn build:pick`</ br>npm ERR! Exit status 1</ br>npm ERR! </ br>npm ERR! Failed at the dom-helpers@5.2.0 build script.</ br>npm ERR! This is probably not a problem with npm. There is likely additional logging output above.</ br></ br>npm ERR! A complete log of this run can be found in:</ br>npm ERR!     C:\Users\asefk\AppData\Roaming\npm-cache\_logs\2020-09-05T03_28_16_206Z-debug.log</ br>
7.9.6	3.0.3	2.2.7	2.1.10	0.3.1	7.11.6	7.11.6	7.10.4	1.2.0	1.3.2	2.0.0	4.0.2-alpha.4	4.0.2-alpha.4	10.1.0	8.1.0	0.5.0	7.8.1	2.22.0	6.3.1	8.0.0	7.20.6	0.3.1	3.5.1	5.2.1	3.1.0	1.3.0	1.1.0	2.0.1	2.2.5	1.0.5	0.3.8	4.0.2	8.1.3	3.0.2	2.26.10	0.12.0	1.0.1	0.2.2	9.0.3	4.1.0-dev.20200904	4.44.1	</ br>> dom-helpers@5.2.0 build C:\Mahir\VT\Research\npm-package-coupling\sources\dataset\dom-helpers</ br>> rimraf lib && node_modules/.bin/build src && yarn build:pick</ br></ br>'node_modules' is not recognized as an internal or external command,</ br>operable program or batch file.</ br>npm ERR! code ELIFECYCLE</ br>npm ERR! errno 1</ br>npm ERR! dom-helpers@5.2.0 build: `rimraf lib && node_modules/.bin/build src && yarn build:pick`</ br>npm ERR! Exit status 1</ br>npm ERR! </ br>npm ERR! Failed at the dom-helpers@5.2.0 build script.</ br>npm ERR! This is probably not a problem with npm. There is likely additional logging output above.</ br></ br>npm ERR! A complete log of this run can be found in:</ br>npm ERR!     C:\Users\asefk\AppData\Roaming\npm-cache\_logs\2020-09-05T03_30_02_295Z-debug.log</ br>
7.11.2	3.0.3	2.2.7	2.1.10	0.3.1	7.11.6	7.11.6	7.10.4	1.2.0	1.3.2	2.0.0	4.0.2-alpha.4	4.0.2-alpha.2	10.1.0	8.1.0	0.5.0	7.8.1	2.22.0	6.3.1	8.0.0	7.20.6	0.3.1	3.5.1	5.2.1	3.1.0	1.3.0	1.1.0	2.0.1	2.2.5	1.0.5	0.3.8	4.0.2	8.1.3	3.0.2	2.26.10	0.12.0	1.0.1	0.2.2	9.0.3	4.1.0-dev.20200904	4.44.1	</ br>> dom-helpers@5.2.0 build C:\Mahir\VT\Research\npm-package-coupling\sources\dataset\dom-helpers</ br>> rimraf lib && node_modules/.bin/build src && yarn build:pick</ br></ br>'node_modules' is not recognized as an internal or external command,</ br>operable program or batch file.</ br>npm ERR! code ELIFECYCLE</ br>npm ERR! errno 1</ br>npm ERR! dom-helpers@5.2.0 build: `rimraf lib && node_modules/.bin/build src && yarn build:pick`</ br>npm ERR! Exit status 1</ br>npm ERR! </ br>npm ERR! Failed at the dom-helpers@5.2.0 build script.</ br>npm ERR! This is probably not a problem with npm. There is likely additional logging output above.</ br></ br>npm ERR! A complete log of this run can be found in:</ br>npm ERR!     C:\Users\asefk\AppData\Roaming\npm-cache\_logs\2020-09-05T03_31_47_714Z-debug.log</ br>
7.11.2	3.0.3	2.2.7	2.1.10	0.3.1	7.11.6	7.11.6	7.10.4	1.2.0	1.3.2	2.0.0	4.0.2-alpha.4	4.0.2-alpha.4	10.1.0	8.1.0	0.5.0	7.8.1	2.22.0	6.3.1	8.0.0	7.20.6	0.3.1	3.5.1	5.2.1	3.1.0	1.3.0	1.1.0	2.0.1	2.2.5	1.0.5	0.3.8	4.0.2	8.1.3	3.0.2	2.26.10	0.12.0	1.0.1	0.2.2	9.0.3	4.1.0-dev.20200831	4.44.1	</ br>> dom-helpers@5.2.0 build C:\Mahir\VT\Research\npm-package-coupling\sources\dataset\dom-helpers</ br>> rimraf lib && node_modules/.bin/build src && yarn build:pick</ br></ br>'node_modules' is not recognized as an internal or external command,</ br>operable program or batch file.</ br>npm ERR! code ELIFECYCLE</ br>npm ERR! errno 1</ br>npm ERR! dom-helpers@5.2.0 build: `rimraf lib && node_modules/.bin/build src && yarn build:pick`</ br>npm ERR! Exit status 1</ br>npm ERR! </ br>npm ERR! Failed at the dom-helpers@5.2.0 build script.</ br>npm ERR! This is probably not a problem with npm. There is likely additional logging output above.</ br></ br>npm ERR! A complete log of this run can be found in:</ br>npm ERR!     C:\Users\asefk\AppData\Roaming\npm-cache\_logs\2020-09-05T03_33_31_787Z-debug.log</ br>
7.11.2	3.0.3	2.2.7	2.1.10	0.3.1	7.11.6	7.11.6	7.10.4	1.2.0	1.3.2	2.0.0	4.0.2-alpha.4	4.0.2-alpha.4	10.1.0	8.1.0	0.5.0	7.8.1	2.22.0	6.3.1	8.0.0	7.20.6	0.3.1	3.5.1	5.2.1	3.1.0	1.3.0	1.1.0	2.0.1	2.2.5	1.0.5	0.3.8	4.0.2	8.1.3	3.0.2	2.26.10	0.12.0	1.0.1	0.2.2	9.0.3	4.1.0-dev.20200829	4.44.1	</ br>> dom-helpers@5.2.0 build C:\Mahir\VT\Research\npm-package-coupling\sources\dataset\dom-helpers</ br>> rimraf lib && node_modules/.bin/build src && yarn build:pick</ br></ br>'node_modules' is not recognized as an internal or external command,</ br>operable program or batch file.</ br>npm ERR! code ELIFECYCLE</ br>npm ERR! errno 1</ br>npm ERR! dom-helpers@5.2.0 build: `rimraf lib && node_modules/.bin/build src && yarn build:pick`</ br>npm ERR! Exit status 1</ br>npm ERR! </ br>npm ERR! Failed at the dom-helpers@5.2.0 build script.</ br>npm ERR! This is probably not a problem with npm. There is likely additional logging output above.</ br></ br>npm ERR! A complete log of this run can be found in:</ br>npm ERR!     C:\Users\asefk\AppData\Roaming\npm-cache\_logs\2020-09-05T03_35_16_942Z-debug.log</ br>
7.11.2	3.0.3	2.2.7	2.1.10	0.3.1	7.11.6	7.11.6	7.10.4	1.2.0	1.3.2	2.0.0	4.0.2-alpha.4	4.0.2-alpha.4	10.1.0	8.1.0	0.5.0	7.8.1	2.22.0	6.3.1	8.0.0	7.20.6	0.3.1	3.5.1	5.2.1	3.1.0	1.3.0	1.1.0	2.0.1	2.2.5	1.0.5	0.3.8	4.0.2	8.1.3	3.0.2	2.26.10	0.12.0	1.0.1	0.2.2	9.0.3	4.1.0-dev.20200821	4.44.1	</ br>> dom-helpers@5.2.0 build C:\Mahir\VT\Research\npm-package-coupling\sources\dataset\dom-helpers</ br>> rimraf lib && node_modules/.bin/build src && yarn build:pick</ br></ br>'node_modules' is not recognized as an internal or external command,</ br>operable program or batch file.</ br>npm ERR! code ELIFECYCLE</ br>npm ERR! errno 1</ br>npm ERR! dom-helpers@5.2.0 build: `rimraf lib && node_modules/.bin/build src && yarn build:pick`</ br>npm ERR! Exit status 1</ br>npm ERR! </ br>npm ERR! Failed at the dom-helpers@5.2.0 build script.</ br>npm ERR! This is probably not a problem with npm. There is likely additional logging output above.</ br></ br>npm ERR! A complete log of this run can be found in:</ br>npm ERR!     C:\Users\asefk\AppData\Roaming\npm-cache\_logs\2020-09-05T03_37_01_505Z-debug.log</ br>
7.11.2	3.0.3	2.2.7	2.1.10	0.3.1	7.11.6	7.11.6	7.10.4	1.2.0	1.3.2	2.0.0	4.0.2-alpha.4	4.0.2-alpha.4	10.1.0	8.1.0	0.5.0	7.8.1	2.22.0	6.3.1	8.0.0	7.20.6	0.3.1	3.5.1	5.2.1	3.1.0	1.3.0	1.1.0	2.0.1	2.2.5	1.0.5	0.3.8	4.0.2	8.1.3	3.0.2	2.26.10	0.12.0	1.0.1	0.2.2	9.0.3	4.1.0-dev.20200824	4.44.1	</ br>> dom-helpers@5.2.0 build C:\Mahir\VT\Research\npm-package-coupling\sources\dataset\dom-helpers</ br>> rimraf lib && node_modules/.bin/build src && yarn build:pick</ br></ br>'node_modules' is not recognized as an internal or external command,</ br>operable program or batch file.</ br>npm ERR! code ELIFECYCLE</ br>npm ERR! errno 1</ br>npm ERR! dom-helpers@5.2.0 build: `rimraf lib && node_modules/.bin/build src && yarn build:pick`</ br>npm ERR! Exit status 1</ br>npm ERR! </ br>npm ERR! Failed at the dom-helpers@5.2.0 build script.</ br>npm ERR! This is probably not a problem with npm. There is likely additional logging output above.</ br></ br>npm ERR! A complete log of this run can be found in:</ br>npm ERR!     C:\Users\asefk\AppData\Roaming\npm-cache\_logs\2020-09-05T03_38_44_788Z-debug.log</ br>
7.11.2	3.0.3	2.2.7	2.1.10	0.3.1	7.11.6	7.11.6	7.10.4	1.2.0	1.3.2	2.0.0	4.0.2-alpha.4	4.0.2-alpha.4	10.1.0	8.1.0	0.5.0	7.8.1	2.22.0	6.3.1	8.0.0	7.20.6	0.3.1	3.5.1	5.2.1	3.1.0	1.3.0	1.1.0	2.0.1	2.2.5	1.0.5	0.3.8	4.0.2	8.1.3	3.0.2	2.26.10	0.12.0	1.0.1	0.2.2	9.0.3	4.1.0-dev.20200809	4.44.1	</ br>> dom-helpers@5.2.0 build C:\Mahir\VT\Research\npm-package-coupling\sources\dataset\dom-helpers</ br>> rimraf lib && node_modules/.bin/build src && yarn build:pick</ br></ br>'node_modules' is not recognized as an internal or external command,</ br>operable program or batch file.</ br>npm ERR! code ELIFECYCLE</ br>npm ERR! errno 1</ br>npm ERR! dom-helpers@5.2.0 build: `rimraf lib && node_modules/.bin/build src && yarn build:pick`</ br>npm ERR! Exit status 1</ br>npm ERR! </ br>npm ERR! Failed at the dom-helpers@5.2.0 build script.</ br>npm ERR! This is probably not a problem with npm. There is likely additional logging output above.</ br></ br>npm ERR! A complete log of this run can be found in:</ br>npm ERR!     C:\Users\asefk\AppData\Roaming\npm-cache\_logs\2020-09-05T03_40_30_485Z-debug.log</ br>
7.11.2	3.0.3	2.2.7	2.1.10	0.3.1	7.11.6	7.11.6	7.10.4	1.2.0	1.3.2	2.0.0	4.0.1	4.0.2-alpha.4	10.1.0	8.1.0	0.5.0	7.8.1	2.22.0	6.3.1	8.0.0	7.20.6	0.3.1	3.5.1	5.2.1	3.1.0	1.3.0	1.1.0	2.0.1	2.2.5	1.0.5	0.3.8	4.0.2	8.1.3	3.0.2	2.26.10	0.12.0	1.0.1	0.2.2	9.0.3	4.1.0-dev.20200904	4.44.1	</ br>> dom-helpers@5.2.0 build C:\Mahir\VT\Research\npm-package-coupling\sources\dataset\dom-helpers</ br>> rimraf lib && node_modules/.bin/build src && yarn build:pick</ br></ br>'node_modules' is not recognized as an internal or external command,</ br>operable program or batch file.</ br>npm ERR! code ELIFECYCLE</ br>npm ERR! errno 1</ br>npm ERR! dom-helpers@5.2.0 build: `rimraf lib && node_modules/.bin/build src && yarn build:pick`</ br>npm ERR! Exit status 1</ br>npm ERR! </ br>npm ERR! Failed at the dom-helpers@5.2.0 build script.</ br>npm ERR! This is probably not a problem with npm. There is likely additional logging output above.</ br></ br>npm ERR! A complete log of this run can be found in:</ br>npm ERR!     C:\Users\asefk\AppData\Roaming\npm-cache\_logs\2020-09-05T03_42_17_444Z-debug.log</ br>
7.10.2	3.0.3	2.2.7	2.1.10	0.3.1	7.11.6	7.11.6	7.10.4	1.2.0	1.3.2	2.0.0	4.0.2-alpha.4	4.0.2-alpha.4	10.1.0	8.1.0	0.5.0	7.8.1	2.22.0	6.3.1	8.0.0	7.20.6	0.3.1	3.5.1	5.2.1	3.1.0	1.3.0	1.1.0	2.0.1	2.2.5	1.0.5	0.3.8	4.0.2	8.1.3	3.0.2	2.26.10	0.12.0	1.0.1	0.2.2	9.0.3	4.1.0-dev.20200904	4.44.1	</ br>> dom-helpers@5.2.0 build C:\Mahir\VT\Research\npm-package-coupling\sources\dataset\dom-helpers</ br>> rimraf lib && node_modules/.bin/build src && yarn build:pick</ br></ br>'node_modules' is not recognized as an internal or external command,</ br>operable program or batch file.</ br>npm ERR! code ELIFECYCLE</ br>npm ERR! errno 1</ br>npm ERR! dom-helpers@5.2.0 build: `rimraf lib && node_modules/.bin/build src && yarn build:pick`</ br>npm ERR! Exit status 1</ br>npm ERR! </ br>npm ERR! Failed at the dom-helpers@5.2.0 build script.</ br>npm ERR! This is probably not a problem with npm. There is likely additional logging output above.</ br></ br>npm ERR! A complete log of this run can be found in:</ br>npm ERR!     C:\Users\asefk\AppData\Roaming\npm-cache\_logs\2020-09-05T03_44_02_041Z-debug.log</ br>
7.11.2	3.0.3	2.2.7	2.1.10	0.3.1	7.11.6	7.11.6	7.10.4	1.2.0	1.3.2	2.0.0	4.0.2-alpha.4	4.0.2-alpha.4	10.1.0	8.1.0	0.5.0	7.8.1	2.22.0	6.3.1	8.0.0	7.20.6	0.3.1	3.5.1	5.2.1	3.1.0	1.3.0	1.1.0	2.0.1	2.2.5	1.0.5	0.3.8	4.0.2	8.1.3	3.0.2	2.26.10	0.12.0	1.0.1	0.2.2	9.0.3	4.1.0-dev.20200828	4.44.1	</ br>> dom-helpers@5.2.0 build C:\Mahir\VT\Research\npm-package-coupling\sources\dataset\dom-helpers</ br>> rimraf lib && node_modules/.bin/build src && yarn build:pick</ br></ br>'node_modules' is not recognized as an internal or external command,</ br>operable program or batch file.</ br>npm ERR! code ELIFECYCLE</ br>npm ERR! errno 1</ br>npm ERR! dom-helpers@5.2.0 build: `rimraf lib && node_modules/.bin/build src && yarn build:pick`</ br>npm ERR! Exit status 1</ br>npm ERR! </ br>npm ERR! Failed at the dom-helpers@5.2.0 build script.</ br>npm ERR! This is probably not a problem with npm. There is likely additional logging output above.</ br></ br>npm ERR! A complete log of this run can be found in:</ br>npm ERR!     C:\Users\asefk\AppData\Roaming\npm-cache\_logs\2020-09-05T03_45_48_145Z-debug.log</ br>
7.11.2	3.0.3	2.2.7	2.1.10	0.3.1	7.11.6	7.11.6	7.10.4	1.2.0	1.3.2	2.0.0	4.0.2-alpha.0	4.0.2-alpha.4	10.1.0	8.1.0	0.5.0	7.8.1	2.22.0	6.3.1	8.0.0	7.20.6	0.3.1	3.5.1	5.2.1	3.1.0	1.3.0	1.1.0	2.0.1	2.2.5	1.0.5	0.3.8	4.0.2	8.1.3	3.0.2	2.26.10	0.12.0	1.0.1	0.2.2	9.0.3	4.1.0-dev.20200904	4.44.1	</ br>> dom-helpers@5.2.0 build C:\Mahir\VT\Research\npm-package-coupling\sources\dataset\dom-helpers</ br>> rimraf lib && node_modules/.bin/build src && yarn build:pick</ br></ br>'node_modules' is not recognized as an internal or external command,</ br>operable program or batch file.</ br>npm ERR! code ELIFECYCLE</ br>npm ERR! errno 1</ br>npm ERR! dom-helpers@5.2.0 build: `rimraf lib && node_modules/.bin/build src && yarn build:pick`</ br>npm ERR! Exit status 1</ br>npm ERR! </ br>npm ERR! Failed at the dom-helpers@5.2.0 build script.</ br>npm ERR! This is probably not a problem with npm. There is likely additional logging output above.</ br></ br>npm ERR! A complete log of this run can be found in:</ br>npm ERR!     C:\Users\asefk\AppData\Roaming\npm-cache\_logs\2020-09-05T03_47_32_971Z-debug.log</ br>
7.11.2	3.0.3	2.2.7	2.1.10	0.3.1	7.11.6	7.11.6	7.10.4	1.2.0	1.3.2	2.0.0	4.0.2-alpha.4	4.0.2-alpha.4	10.1.0	8.1.0	0.5.0	7.8.1	2.22.0	6.3.1	8.0.0	7.20.6	0.3.1	3.5.1	5.2.1	3.1.0	1.3.0	1.1.0	2.0.1	2.2.5	1.0.5	0.3.8	4.0.2	8.1.3	3.0.2	2.26.10	0.12.0	1.0.1	0.2.2	9.0.3	4.0.2	4.44.1	</ br>> dom-helpers@5.2.0 build C:\Mahir\VT\Research\npm-package-coupling\sources\dataset\dom-helpers</ br>> rimraf lib && node_modules/.bin/build src && yarn build:pick</ br></ br>'node_modules' is not recognized as an internal or external command,</ br>operable program or batch file.</ br>npm ERR! code ELIFECYCLE</ br>npm ERR! errno 1</ br>npm ERR! dom-helpers@5.2.0 build: `rimraf lib && node_modules/.bin/build src && yarn build:pick`</ br>npm ERR! Exit status 1</ br>npm ERR! </ br>npm ERR! Failed at the dom-helpers@5.2.0 build script.</ br>npm ERR! This is probably not a problem with npm. There is likely additional logging output above.</ br></ br>npm ERR! A complete log of this run can be found in:</ br>npm ERR!     C:\Users\asefk\AppData\Roaming\npm-cache\_logs\2020-09-05T03_49_17_142Z-debug.log</ br>
7.11.2	3.0.2	2.2.7	2.1.10	0.3.1	7.11.6	7.11.6	7.10.4	1.2.0	1.3.2	2.0.0	4.0.2-alpha.4	4.0.2-alpha.4	10.1.0	8.1.0	0.5.0	7.8.1	2.22.0	6.3.1	8.0.0	7.20.6	0.3.1	3.5.1	5.2.1	3.1.0	1.3.0	1.1.0	2.0.1	2.2.5	1.0.5	0.3.8	4.0.2	8.1.3	3.0.2	2.26.10	0.12.0	1.0.1	0.2.2	9.0.3	4.1.0-dev.20200904	4.44.1	</ br>> dom-helpers@5.2.0 build C:\Mahir\VT\Research\npm-package-coupling\sources\dataset\dom-helpers</ br>> rimraf lib && node_modules/.bin/build src && yarn build:pick</ br></ br>'node_modules' is not recognized as an internal or external command,</ br>operable program or batch file.</ br>npm ERR! code ELIFECYCLE</ br>npm ERR! errno 1</ br>npm ERR! dom-helpers@5.2.0 build: `rimraf lib && node_modules/.bin/build src && yarn build:pick`</ br>npm ERR! Exit status 1</ br>npm ERR! </ br>npm ERR! Failed at the dom-helpers@5.2.0 build script.</ br>npm ERR! This is probably not a problem with npm. There is likely additional logging output above.</ br></ br>npm ERR! A complete log of this run can be found in:</ br>npm ERR!     C:\Users\asefk\AppData\Roaming\npm-cache\_logs\2020-09-05T03_51_02_702Z-debug.log</ br>
7.10.4	3.0.3	2.2.7	2.1.10	0.3.1	7.11.6	7.11.6	7.10.4	1.2.0	1.3.2	2.0.0	4.0.2-alpha.4	4.0.2-alpha.4	10.1.0	8.1.0	0.5.0	7.8.1	2.22.0	6.3.1	8.0.0	7.20.6	0.3.1	3.5.1	5.2.1	3.1.0	1.3.0	1.1.0	2.0.1	2.2.5	1.0.5	0.3.8	4.0.2	8.1.3	3.0.2	2.26.10	0.12.0	1.0.1	0.2.2	9.0.3	4.1.0-dev.20200904	4.44.1	</ br>> dom-helpers@5.2.0 build C:\Mahir\VT\Research\npm-package-coupling\sources\dataset\dom-helpers</ br>> rimraf lib && node_modules/.bin/build src && yarn build:pick</ br></ br>'node_modules' is not recognized as an internal or external command,</ br>operable program or batch file.</ br>npm ERR! code ELIFECYCLE</ br>npm ERR! errno 1</ br>npm ERR! dom-helpers@5.2.0 build: `rimraf lib && node_modules/.bin/build src && yarn build:pick`</ br>npm ERR! Exit status 1</ br>npm ERR! </ br>npm ERR! Failed at the dom-helpers@5.2.0 build script.</ br>npm ERR! This is probably not a problem with npm. There is likely additional logging output above.</ br></ br>npm ERR! A complete log of this run can be found in:</ br>npm ERR!     C:\Users\asefk\AppData\Roaming\npm-cache\_logs\2020-09-05T03_52_49_542Z-debug.log</ br>
