babel-plugin-transform-es2015-arrow-functions	babel-plugin-transform-es2015-block-scoping	babel-plugin-transform-es2015-classes	babel-plugin-transform-es2015-computed-properties	babel-plugin-transform-es2015-constants	babel-plugin-transform-es2015-destructuring	babel-plugin-transform-es2015-parameters	babel-plugin-transform-es2015-shorthand-properties	babel-plugin-transform-es2015-spread	babel-plugin-transform-es2015-template-literals	babel6-plugin-strip-class-callcheck	broccoli-babel-transpiler	broccoli-concat	broccoli-merge-trees	broccoli-rollup	broccoli-stew	broccoli-uglify-js	broccoli-watchify	ember-cli	ember-cli-dependency-checker	git-repo-version	json3	mocha	promises-aplus-tests-phantom	Reason
6.22.0	6.26.0	6.24.1	6.24.1	6.1.4	6.23.0	6.24.1	6.24.1	6.22.0	6.22.0	6.0.0	6.1.0	3.7.5	2.0.1	2.1.1	1.6.0	0.2.0	1.0.1	2.18.0-beta.2	2.2.1	1.0.1	3.3.3	4.1.0	2.1.0	</ br>> es6-promise@4.2.8 build C:\Mahir\VT\Research\npm-package-coupling\sources\dataset\es6-promise</ br>> ember build --environment production</ br></ br>WARNING: Node v12.18.2 is not tested against Ember CLI on your platform. We recommend that you use the most-recent "Active LTS" version of Node.js. See https://git.io/v7S5n for details.</ br></ br>Running without permission to symlink will degrade build performance.</ br>See http://ember-cli.com/user-guide/#windows for details.</ br></ br>DEPRECATION: Brocfile.js has been deprecated in favor of ember-cli-build.js. Please see the transition guide: https://github.com/ember-cli/ember-cli/blob/master/TRANSITION.md#user-content-brocfile-transition.</ br>Cannot find module './lib/parallel-api'</ br>Require stack:</ br>- C:\Mahir\VT\Research\npm-package-coupling\sources\dataset\es6-promise\node_modules\broccoli-babel-transpiler\index.js</ br>- C:\Mahir\VT\Research\npm-package-coupling\sources\dataset\es6-promise\Brocfile.js</ br>- C:\Mahir\VT\Research\npm-package-coupling\sources\dataset\es6-promise\node_modules\broccoli-brocfile-loader\lib\index.js</ br>- C:\Mahir\VT\Research\npm-package-coupling\sources\dataset\es6-promise\node_modules\ember-cli\lib\models\builder.js</ br>- C:\Mahir\VT\Research\npm-package-coupling\sources\dataset\es6-promise\node_modules\ember-cli\lib\tasks\build-watch.js</ br>- C:\Mahir\VT\Research\npm-package-coupling\sources\dataset\es6-promise\node_modules\ember-cli\lib\utilities\require-as-hash.js</ br>- C:\Mahir\VT\Research\npm-package-coupling\sources\dataset\es6-promise\node_modules\ember-cli\lib\cli\index.js</ br>- C:\Mahir\VT\Research\npm-package-coupling\sources\dataset\es6-promise\node_modules\ember-cli\bin\ember</ br></ br></ br>Stack Trace and Error Report: C:\Users\asefk\AppData\Local\Temp/error.dump.655048f8941137e446eeb09cd29617f9.log</ br>npm ERR! code ELIFECYCLE</ br>npm ERR! errno 1</ br>npm ERR! es6-promise@4.2.8 build: `ember build --environment production`</ br>npm ERR! Exit status 1</ br>npm ERR! </ br>npm ERR! Failed at the es6-promise@4.2.8 build script.</ br>npm ERR! This is probably not a problem with npm. There is likely additional logging output above.</ br></ br>npm ERR! A complete log of this run can be found in:</ br>npm ERR!     C:\Users\asefk\AppData\Roaming\npm-cache\_logs\2020-09-04T09_41_01_402Z-debug.log</ br>
6.22.0	6.26.0	6.24.1	6.24.1	6.1.4	6.23.0	6.24.1	6.24.1	6.22.0	6.22.0	6.0.0	6.5.1	3.1.0	2.0.1	2.1.1	1.6.0	0.2.0	1.0.1	2.18.0-beta.2	2.2.1	1.0.1	3.3.3	4.1.0	2.1.0	</ br>> es6-promise@4.2.8 build C:\Mahir\VT\Research\npm-package-coupling\sources\dataset\es6-promise</ br>> ember build --environment production</ br></ br>WARNING: Node v12.18.2 is not tested against Ember CLI on your platform. We recommend that you use the most-recent "Active LTS" version of Node.js. See https://git.io/v7S5n for details.</ br></ br>Running without permission to symlink will degrade build performance.</ br>See http://ember-cli.com/user-guide/#windows for details.</ br></ br>DEPRECATION: Brocfile.js has been deprecated in favor of ember-cli-build.js. Please see the transition guide: https://github.com/ember-cli/ember-cli/blob/master/TRANSITION.md#user-content-brocfile-transition.</ br>Cannot find module './lib/utils/ensure-no-glob'</ br>Require stack:</ br>- C:\Mahir\VT\Research\npm-package-coupling\sources\dataset\es6-promise\node_modules\broccoli-concat\concat.js</ br>- C:\Mahir\VT\Research\npm-package-coupling\sources\dataset\es6-promise\node_modules\broccoli-concat\index.js</ br>- C:\Mahir\VT\Research\npm-package-coupling\sources\dataset\es6-promise\Brocfile.js</ br>- C:\Mahir\VT\Research\npm-package-coupling\sources\dataset\es6-promise\node_modules\broccoli-brocfile-loader\lib\index.js</ br>- C:\Mahir\VT\Research\npm-package-coupling\sources\dataset\es6-promise\node_modules\ember-cli\lib\models\builder.js</ br>- C:\Mahir\VT\Research\npm-package-coupling\sources\dataset\es6-promise\node_modules\ember-cli\lib\tasks\build-watch.js</ br>- C:\Mahir\VT\Research\npm-package-coupling\sources\dataset\es6-promise\node_modules\ember-cli\lib\utilities\require-as-hash.js</ br>- C:\Mahir\VT\Research\npm-package-coupling\sources\dataset\es6-promise\node_modules\ember-cli\lib\cli\index.js</ br>- C:\Mahir\VT\Research\npm-package-coupling\sources\dataset\es6-promise\node_modules\ember-cli\bin\ember</ br></ br></ br>Stack Trace and Error Report: C:\Users\asefk\AppData\Local\Temp/error.dump.8c7a7035973b61c5d0e10a7e22c53044.log</ br>npm ERR! code ELIFECYCLE</ br>npm ERR! errno 1</ br>npm ERR! es6-promise@4.2.8 build: `ember build --environment production`</ br>npm ERR! Exit status 1</ br>npm ERR! </ br>npm ERR! Failed at the es6-promise@4.2.8 build script.</ br>npm ERR! This is probably not a problem with npm. There is likely additional logging output above.</ br></ br>npm ERR! A complete log of this run can be found in:</ br>npm ERR!     C:\Users\asefk\AppData\Roaming\npm-cache\_logs\2020-09-04T10_07_31_100Z-debug.log</ br>
