codecov.io	grunt	grunt-cli	grunt-shell	grunt-template	istanbul	jsesc	lodash	qunit-extras	qunitjs	regenerate	regexgen	requirejs	sort-object	Reason
0.1.6	0.4.5	1.3.2	1.3.1	0.2.3	0.4.5	1.3.0	4.11.1	1.5.0	1.11.0	1.4.1	1.3.0	2.3.6	3.0.3	</ br>> he@1.2.0 build C:\Mahir\VT\Research\npm-package-coupling\sources\dataset\he</ br>> grunt build</ br></ br>[4mRunning "shell:process-data" (shell) task[24m</ br>C:\Mahir\VT\Research\npm-package-coupling\sources\dataset\he\node_modules\sort-object\index.js:71</ br>    var k = get(sortBy, key)[j++];</ br>                            ^</ br></ br>TypeError: Cannot read property '0' of undefined</ br>    at sort (C:\Mahir\VT\Research\npm-package-coupling\sources\dataset\he\node_modules\sort-object\index.js:71:29)</ br>    at Object.<anonymous> (C:\Mahir\VT\Research\npm-package-coupling\sources\dataset\he\scripts\process-data.js:96:35)</ br>    at Module._compile (internal/modules/cjs/loader.js:1138:30)</ br>    at Object.Module._extensions..js (internal/modules/cjs/loader.js:1158:10)</ br>    at Module.load (internal/modules/cjs/loader.js:986:32)</ br>    at Function.Module._load (internal/modules/cjs/loader.js:879:14)</ br>    at Function.executeUserEntryPoint [as runMain] (internal/modules/run_main.js:71:12)</ br>    at internal/main/run_main_module.js:17:47</ br>[33mWarning: Command failed: node scripts/process-data.js</ br>C:\Mahir\VT\Research\npm-package-coupling\sources\dataset\he\node_modules\sort-object\index.js:71</ br>    var k = get(sortBy, key)[j++];</ br>                            ^</ br></ br>TypeError: Cannot read property '0' of undefined</ br>    at sort (C:\Mahir\VT\Research\npm-package-coupling\sources\dataset\he\node_modules\sort-object\index.js:71:29)</ br>    at Object.<anonymous> (C:\Mahir\VT\Research\npm-package-coupling\sources\dataset\he\scripts\process-data.js:96:35)</ br>    at Module._compile (internal/modules/cjs/loader.js:1138:30)</ br>    at Object.Module._extensions..js (internal/modules/cjs/loader.js:1158:10)</ br>    at Module.load (internal/modules/cjs/loader.js:986:32)</ br>    at Function.Module._load (internal/modules/cjs/loader.js:879:14)</ br>    at Function.executeUserEntryPoint [as runMain] (internal/modules/run_main.js:71:12)</ br>    at internal/main/run_main_module.js:17:47</ br> Use --force to continue.[39m</ br></ br>[31mAborted due to warnings.[39m</ br>npm ERR! code ELIFECYCLE</ br>npm ERR! errno 6</ br>npm ERR! he@1.2.0 build: `grunt build`</ br>npm ERR! Exit status 6</ br>npm ERR! </ br>npm ERR! Failed at the he@1.2.0 build script.</ br>npm ERR! This is probably not a problem with npm. There is likely additional logging output above.</ br></ br>npm ERR! A complete log of this run can be found in:</ br>npm ERR!     C:\Users\asefk\AppData\Roaming\npm-cache\_logs\2020-09-05T08_11_29_567Z-debug.log</ br>
0.1.6	0.4.5	1.3.2	1.3.1	0.2.3	0.4.5	1.3.0	4.17.20	1.5.0	1.11.0	1.4.1	1.3.0	2.3.0	3.0.3	</ br>> he@1.2.0 build C:\Mahir\VT\Research\npm-package-coupling\sources\dataset\he</ br>> grunt build</ br></ br>[4mRunning "shell:process-data" (shell) task[24m</ br>C:\Mahir\VT\Research\npm-package-coupling\sources\dataset\he\node_modules\sort-object\index.js:71</ br>    var k = get(sortBy, key)[j++];</ br>                            ^</ br></ br>TypeError: Cannot read property '0' of undefined</ br>    at sort (C:\Mahir\VT\Research\npm-package-coupling\sources\dataset\he\node_modules\sort-object\index.js:71:29)</ br>    at Object.<anonymous> (C:\Mahir\VT\Research\npm-package-coupling\sources\dataset\he\scripts\process-data.js:96:35)</ br>    at Module._compile (internal/modules/cjs/loader.js:1138:30)</ br>    at Object.Module._extensions..js (internal/modules/cjs/loader.js:1158:10)</ br>    at Module.load (internal/modules/cjs/loader.js:986:32)</ br>    at Function.Module._load (internal/modules/cjs/loader.js:879:14)</ br>    at Function.executeUserEntryPoint [as runMain] (internal/modules/run_main.js:71:12)</ br>    at internal/main/run_main_module.js:17:47</ br>[33mWarning: Command failed: node scripts/process-data.js</ br>C:\Mahir\VT\Research\npm-package-coupling\sources\dataset\he\node_modules\sort-object\index.js:71</ br>    var k = get(sortBy, key)[j++];</ br>                            ^</ br></ br>TypeError: Cannot read property '0' of undefined</ br>    at sort (C:\Mahir\VT\Research\npm-package-coupling\sources\dataset\he\node_modules\sort-object\index.js:71:29)</ br>    at Object.<anonymous> (C:\Mahir\VT\Research\npm-package-coupling\sources\dataset\he\scripts\process-data.js:96:35)</ br>    at Module._compile (internal/modules/cjs/loader.js:1138:30)</ br>    at Object.Module._extensions..js (internal/modules/cjs/loader.js:1158:10)</ br>    at Module.load (internal/modules/cjs/loader.js:986:32)</ br>    at Function.Module._load (internal/modules/cjs/loader.js:879:14)</ br>    at Function.executeUserEntryPoint [as runMain] (internal/modules/run_main.js:71:12)</ br>    at internal/main/run_main_module.js:17:47</ br> Use --force to continue.[39m</ br></ br>[31mAborted due to warnings.[39m</ br>npm ERR! code ELIFECYCLE</ br>npm ERR! errno 6</ br>npm ERR! he@1.2.0 build: `grunt build`</ br>npm ERR! Exit status 6</ br>npm ERR! </ br>npm ERR! Failed at the he@1.2.0 build script.</ br>npm ERR! This is probably not a problem with npm. There is likely additional logging output above.</ br></ br>npm ERR! A complete log of this run can be found in:</ br>npm ERR!     C:\Users\asefk\AppData\Roaming\npm-cache\_logs\2020-09-05T08_12_01_554Z-debug.log</ br>
0.1.6	0.4.5	1.3.2	1.3.1	0.2.3	0.4.5	1.3.0	4.17.20	1.5.0	1.11.0	1.4.1	1.3.0	2.3.4	3.0.3	</ br>> he@1.2.0 build C:\Mahir\VT\Research\npm-package-coupling\sources\dataset\he</ br>> grunt build</ br></ br>[4mRunning "shell:process-data" (shell) task[24m</ br>C:\Mahir\VT\Research\npm-package-coupling\sources\dataset\he\node_modules\sort-object\index.js:71</ br>    var k = get(sortBy, key)[j++];</ br>                            ^</ br></ br>TypeError: Cannot read property '0' of undefined</ br>    at sort (C:\Mahir\VT\Research\npm-package-coupling\sources\dataset\he\node_modules\sort-object\index.js:71:29)</ br>    at Object.<anonymous> (C:\Mahir\VT\Research\npm-package-coupling\sources\dataset\he\scripts\process-data.js:96:35)</ br>    at Module._compile (internal/modules/cjs/loader.js:1138:30)</ br>    at Object.Module._extensions..js (internal/modules/cjs/loader.js:1158:10)</ br>    at Module.load (internal/modules/cjs/loader.js:986:32)</ br>    at Function.Module._load (internal/modules/cjs/loader.js:879:14)</ br>    at Function.executeUserEntryPoint [as runMain] (internal/modules/run_main.js:71:12)</ br>    at internal/main/run_main_module.js:17:47</ br>[33mWarning: Command failed: node scripts/process-data.js</ br>C:\Mahir\VT\Research\npm-package-coupling\sources\dataset\he\node_modules\sort-object\index.js:71</ br>    var k = get(sortBy, key)[j++];</ br>                            ^</ br></ br>TypeError: Cannot read property '0' of undefined</ br>    at sort (C:\Mahir\VT\Research\npm-package-coupling\sources\dataset\he\node_modules\sort-object\index.js:71:29)</ br>    at Object.<anonymous> (C:\Mahir\VT\Research\npm-package-coupling\sources\dataset\he\scripts\process-data.js:96:35)</ br>    at Module._compile (internal/modules/cjs/loader.js:1138:30)</ br>    at Object.Module._extensions..js (internal/modules/cjs/loader.js:1158:10)</ br>    at Module.load (internal/modules/cjs/loader.js:986:32)</ br>    at Function.Module._load (internal/modules/cjs/loader.js:879:14)</ br>    at Function.executeUserEntryPoint [as runMain] (internal/modules/run_main.js:71:12)</ br>    at internal/main/run_main_module.js:17:47</ br> Use --force to continue.[39m</ br></ br>[31mAborted due to warnings.[39m</ br>npm ERR! code ELIFECYCLE</ br>npm ERR! errno 6</ br>npm ERR! he@1.2.0 build: `grunt build`</ br>npm ERR! Exit status 6</ br>npm ERR! </ br>npm ERR! Failed at the he@1.2.0 build script.</ br>npm ERR! This is probably not a problem with npm. There is likely additional logging output above.</ br></ br>npm ERR! A complete log of this run can be found in:</ br>npm ERR!     C:\Users\asefk\AppData\Roaming\npm-cache\_logs\2020-09-05T08_12_33_607Z-debug.log</ br>
0.1.6	0.4.5	1.3.2	1.3.1	0.2.3	0.4.5	1.3.0	4.16.1	1.5.0	1.11.0	1.4.1	1.3.0	2.3.6	3.0.3	</ br>> he@1.2.0 build C:\Mahir\VT\Research\npm-package-coupling\sources\dataset\he</ br>> grunt build</ br></ br>[4mRunning "shell:process-data" (shell) task[24m</ br>C:\Mahir\VT\Research\npm-package-coupling\sources\dataset\he\node_modules\sort-object\index.js:71</ br>    var k = get(sortBy, key)[j++];</ br>                            ^</ br></ br>TypeError: Cannot read property '0' of undefined</ br>    at sort (C:\Mahir\VT\Research\npm-package-coupling\sources\dataset\he\node_modules\sort-object\index.js:71:29)</ br>    at Object.<anonymous> (C:\Mahir\VT\Research\npm-package-coupling\sources\dataset\he\scripts\process-data.js:96:35)</ br>    at Module._compile (internal/modules/cjs/loader.js:1138:30)</ br>    at Object.Module._extensions..js (internal/modules/cjs/loader.js:1158:10)</ br>    at Module.load (internal/modules/cjs/loader.js:986:32)</ br>    at Function.Module._load (internal/modules/cjs/loader.js:879:14)</ br>    at Function.executeUserEntryPoint [as runMain] (internal/modules/run_main.js:71:12)</ br>    at internal/main/run_main_module.js:17:47</ br>[33mWarning: Command failed: node scripts/process-data.js</ br>C:\Mahir\VT\Research\npm-package-coupling\sources\dataset\he\node_modules\sort-object\index.js:71</ br>    var k = get(sortBy, key)[j++];</ br>                            ^</ br></ br>TypeError: Cannot read property '0' of undefined</ br>    at sort (C:\Mahir\VT\Research\npm-package-coupling\sources\dataset\he\node_modules\sort-object\index.js:71:29)</ br>    at Object.<anonymous> (C:\Mahir\VT\Research\npm-package-coupling\sources\dataset\he\scripts\process-data.js:96:35)</ br>    at Module._compile (internal/modules/cjs/loader.js:1138:30)</ br>    at Object.Module._extensions..js (internal/modules/cjs/loader.js:1158:10)</ br>    at Module.load (internal/modules/cjs/loader.js:986:32)</ br>    at Function.Module._load (internal/modules/cjs/loader.js:879:14)</ br>    at Function.executeUserEntryPoint [as runMain] (internal/modules/run_main.js:71:12)</ br>    at internal/main/run_main_module.js:17:47</ br> Use --force to continue.[39m</ br></ br>[31mAborted due to warnings.[39m</ br>npm ERR! code ELIFECYCLE</ br>npm ERR! errno 6</ br>npm ERR! he@1.2.0 build: `grunt build`</ br>npm ERR! Exit status 6</ br>npm ERR! </ br>npm ERR! Failed at the he@1.2.0 build script.</ br>npm ERR! This is probably not a problem with npm. There is likely additional logging output above.</ br></ br>npm ERR! A complete log of this run can be found in:</ br>npm ERR!     C:\Users\asefk\AppData\Roaming\npm-cache\_logs\2020-09-05T08_13_05_726Z-debug.log</ br>
0.1.6	0.4.5	1.3.2	1.3.1	0.2.3	0.4.5	1.3.0	4.17.1	1.5.0	1.11.0	1.4.1	1.3.0	2.3.6	3.0.3	</ br>> he@1.2.0 build C:\Mahir\VT\Research\npm-package-coupling\sources\dataset\he</ br>> grunt build</ br></ br>[4mRunning "shell:process-data" (shell) task[24m</ br>C:\Mahir\VT\Research\npm-package-coupling\sources\dataset\he\node_modules\sort-object\index.js:71</ br>    var k = get(sortBy, key)[j++];</ br>                            ^</ br></ br>TypeError: Cannot read property '0' of undefined</ br>    at sort (C:\Mahir\VT\Research\npm-package-coupling\sources\dataset\he\node_modules\sort-object\index.js:71:29)</ br>    at Object.<anonymous> (C:\Mahir\VT\Research\npm-package-coupling\sources\dataset\he\scripts\process-data.js:96:35)</ br>    at Module._compile (internal/modules/cjs/loader.js:1138:30)</ br>    at Object.Module._extensions..js (internal/modules/cjs/loader.js:1158:10)</ br>    at Module.load (internal/modules/cjs/loader.js:986:32)</ br>    at Function.Module._load (internal/modules/cjs/loader.js:879:14)</ br>    at Function.executeUserEntryPoint [as runMain] (internal/modules/run_main.js:71:12)</ br>    at internal/main/run_main_module.js:17:47</ br>[33mWarning: Command failed: node scripts/process-data.js</ br>C:\Mahir\VT\Research\npm-package-coupling\sources\dataset\he\node_modules\sort-object\index.js:71</ br>    var k = get(sortBy, key)[j++];</ br>                            ^</ br></ br>TypeError: Cannot read property '0' of undefined</ br>    at sort (C:\Mahir\VT\Research\npm-package-coupling\sources\dataset\he\node_modules\sort-object\index.js:71:29)</ br>    at Object.<anonymous> (C:\Mahir\VT\Research\npm-package-coupling\sources\dataset\he\scripts\process-data.js:96:35)</ br>    at Module._compile (internal/modules/cjs/loader.js:1138:30)</ br>    at Object.Module._extensions..js (internal/modules/cjs/loader.js:1158:10)</ br>    at Module.load (internal/modules/cjs/loader.js:986:32)</ br>    at Function.Module._load (internal/modules/cjs/loader.js:879:14)</ br>    at Function.executeUserEntryPoint [as runMain] (internal/modules/run_main.js:71:12)</ br>    at internal/main/run_main_module.js:17:47</ br> Use --force to continue.[39m</ br></ br>[31mAborted due to warnings.[39m</ br>npm ERR! code ELIFECYCLE</ br>npm ERR! errno 6</ br>npm ERR! he@1.2.0 build: `grunt build`</ br>npm ERR! Exit status 6</ br>npm ERR! </ br>npm ERR! Failed at the he@1.2.0 build script.</ br>npm ERR! This is probably not a problem with npm. There is likely additional logging output above.</ br></ br>npm ERR! A complete log of this run can be found in:</ br>npm ERR!     C:\Users\asefk\AppData\Roaming\npm-cache\_logs\2020-09-05T08_13_38_130Z-debug.log</ br>
0.1.6	0.4.5	1.3.2	1.3.1	0.2.3	0.4.3	1.3.0	4.17.20	1.5.0	1.11.0	1.4.1	1.3.0	2.3.6	3.0.3	</ br>> he@1.2.0 build C:\Mahir\VT\Research\npm-package-coupling\sources\dataset\he</ br>> grunt build</ br></ br>[4mRunning "shell:process-data" (shell) task[24m</ br>C:\Mahir\VT\Research\npm-package-coupling\sources\dataset\he\node_modules\sort-object\index.js:71</ br>    var k = get(sortBy, key)[j++];</ br>                            ^</ br></ br>TypeError: Cannot read property '0' of undefined</ br>    at sort (C:\Mahir\VT\Research\npm-package-coupling\sources\dataset\he\node_modules\sort-object\index.js:71:29)</ br>    at Object.<anonymous> (C:\Mahir\VT\Research\npm-package-coupling\sources\dataset\he\scripts\process-data.js:96:35)</ br>    at Module._compile (internal/modules/cjs/loader.js:1138:30)</ br>    at Object.Module._extensions..js (internal/modules/cjs/loader.js:1158:10)</ br>    at Module.load (internal/modules/cjs/loader.js:986:32)</ br>    at Function.Module._load (internal/modules/cjs/loader.js:879:14)</ br>    at Function.executeUserEntryPoint [as runMain] (internal/modules/run_main.js:71:12)</ br>    at internal/main/run_main_module.js:17:47</ br>[33mWarning: Command failed: node scripts/process-data.js</ br>C:\Mahir\VT\Research\npm-package-coupling\sources\dataset\he\node_modules\sort-object\index.js:71</ br>    var k = get(sortBy, key)[j++];</ br>                            ^</ br></ br>TypeError: Cannot read property '0' of undefined</ br>    at sort (C:\Mahir\VT\Research\npm-package-coupling\sources\dataset\he\node_modules\sort-object\index.js:71:29)</ br>    at Object.<anonymous> (C:\Mahir\VT\Research\npm-package-coupling\sources\dataset\he\scripts\process-data.js:96:35)</ br>    at Module._compile (internal/modules/cjs/loader.js:1138:30)</ br>    at Object.Module._extensions..js (internal/modules/cjs/loader.js:1158:10)</ br>    at Module.load (internal/modules/cjs/loader.js:986:32)</ br>    at Function.Module._load (internal/modules/cjs/loader.js:879:14)</ br>    at Function.executeUserEntryPoint [as runMain] (internal/modules/run_main.js:71:12)</ br>    at internal/main/run_main_module.js:17:47</ br> Use --force to continue.[39m</ br></ br>[31mAborted due to warnings.[39m</ br>npm ERR! code ELIFECYCLE</ br>npm ERR! errno 6</ br>npm ERR! he@1.2.0 build: `grunt build`</ br>npm ERR! Exit status 6</ br>npm ERR! </ br>npm ERR! Failed at the he@1.2.0 build script.</ br>npm ERR! This is probably not a problem with npm. There is likely additional logging output above.</ br></ br>npm ERR! A complete log of this run can be found in:</ br>npm ERR!     C:\Users\asefk\AppData\Roaming\npm-cache\_logs\2020-09-05T08_14_10_251Z-debug.log</ br>
0.1.6	0.4.5	1.3.2	1.3.1	0.2.3	0.4.5	1.3.0	4.17.20	1.5.0	1.11.0	1.4.1	1.3.0	2.2.0	3.0.3	</ br>> he@1.2.0 build C:\Mahir\VT\Research\npm-package-coupling\sources\dataset\he</ br>> grunt build</ br></ br>[4mRunning "shell:process-data" (shell) task[24m</ br>C:\Mahir\VT\Research\npm-package-coupling\sources\dataset\he\node_modules\sort-object\index.js:71</ br>    var k = get(sortBy, key)[j++];</ br>                            ^</ br></ br>TypeError: Cannot read property '0' of undefined</ br>    at sort (C:\Mahir\VT\Research\npm-package-coupling\sources\dataset\he\node_modules\sort-object\index.js:71:29)</ br>    at Object.<anonymous> (C:\Mahir\VT\Research\npm-package-coupling\sources\dataset\he\scripts\process-data.js:96:35)</ br>    at Module._compile (internal/modules/cjs/loader.js:1138:30)</ br>    at Object.Module._extensions..js (internal/modules/cjs/loader.js:1158:10)</ br>    at Module.load (internal/modules/cjs/loader.js:986:32)</ br>    at Function.Module._load (internal/modules/cjs/loader.js:879:14)</ br>    at Function.executeUserEntryPoint [as runMain] (internal/modules/run_main.js:71:12)</ br>    at internal/main/run_main_module.js:17:47</ br>[33mWarning: Command failed: node scripts/process-data.js</ br>C:\Mahir\VT\Research\npm-package-coupling\sources\dataset\he\node_modules\sort-object\index.js:71</ br>    var k = get(sortBy, key)[j++];</ br>                            ^</ br></ br>TypeError: Cannot read property '0' of undefined</ br>    at sort (C:\Mahir\VT\Research\npm-package-coupling\sources\dataset\he\node_modules\sort-object\index.js:71:29)</ br>    at Object.<anonymous> (C:\Mahir\VT\Research\npm-package-coupling\sources\dataset\he\scripts\process-data.js:96:35)</ br>    at Module._compile (internal/modules/cjs/loader.js:1138:30)</ br>    at Object.Module._extensions..js (internal/modules/cjs/loader.js:1158:10)</ br>    at Module.load (internal/modules/cjs/loader.js:986:32)</ br>    at Function.Module._load (internal/modules/cjs/loader.js:879:14)</ br>    at Function.executeUserEntryPoint [as runMain] (internal/modules/run_main.js:71:12)</ br>    at internal/main/run_main_module.js:17:47</ br> Use --force to continue.[39m</ br></ br>[31mAborted due to warnings.[39m</ br>npm ERR! code ELIFECYCLE</ br>npm ERR! errno 6</ br>npm ERR! he@1.2.0 build: `grunt build`</ br>npm ERR! Exit status 6</ br>npm ERR! </ br>npm ERR! Failed at the he@1.2.0 build script.</ br>npm ERR! This is probably not a problem with npm. There is likely additional logging output above.</ br></ br>npm ERR! A complete log of this run can be found in:</ br>npm ERR!     C:\Users\asefk\AppData\Roaming\npm-cache\_logs\2020-09-05T08_14_42_180Z-debug.log</ br>
0.1.6	0.4.5	1.3.2	1.3.1	0.2.3	0.4.5	1.3.0	4.17.14	1.5.0	1.11.0	1.4.1	1.3.0	2.3.6	3.0.3	</ br>> he@1.2.0 build C:\Mahir\VT\Research\npm-package-coupling\sources\dataset\he</ br>> grunt build</ br></ br>[4mRunning "shell:process-data" (shell) task[24m</ br>C:\Mahir\VT\Research\npm-package-coupling\sources\dataset\he\node_modules\sort-object\index.js:71</ br>    var k = get(sortBy, key)[j++];</ br>                            ^</ br></ br>TypeError: Cannot read property '0' of undefined</ br>    at sort (C:\Mahir\VT\Research\npm-package-coupling\sources\dataset\he\node_modules\sort-object\index.js:71:29)</ br>    at Object.<anonymous> (C:\Mahir\VT\Research\npm-package-coupling\sources\dataset\he\scripts\process-data.js:96:35)</ br>    at Module._compile (internal/modules/cjs/loader.js:1138:30)</ br>    at Object.Module._extensions..js (internal/modules/cjs/loader.js:1158:10)</ br>    at Module.load (internal/modules/cjs/loader.js:986:32)</ br>    at Function.Module._load (internal/modules/cjs/loader.js:879:14)</ br>    at Function.executeUserEntryPoint [as runMain] (internal/modules/run_main.js:71:12)</ br>    at internal/main/run_main_module.js:17:47</ br>[33mWarning: Command failed: node scripts/process-data.js</ br>C:\Mahir\VT\Research\npm-package-coupling\sources\dataset\he\node_modules\sort-object\index.js:71</ br>    var k = get(sortBy, key)[j++];</ br>                            ^</ br></ br>TypeError: Cannot read property '0' of undefined</ br>    at sort (C:\Mahir\VT\Research\npm-package-coupling\sources\dataset\he\node_modules\sort-object\index.js:71:29)</ br>    at Object.<anonymous> (C:\Mahir\VT\Research\npm-package-coupling\sources\dataset\he\scripts\process-data.js:96:35)</ br>    at Module._compile (internal/modules/cjs/loader.js:1138:30)</ br>    at Object.Module._extensions..js (internal/modules/cjs/loader.js:1158:10)</ br>    at Module.load (internal/modules/cjs/loader.js:986:32)</ br>    at Function.Module._load (internal/modules/cjs/loader.js:879:14)</ br>    at Function.executeUserEntryPoint [as runMain] (internal/modules/run_main.js:71:12)</ br>    at internal/main/run_main_module.js:17:47</ br> Use --force to continue.[39m</ br></ br>[31mAborted due to warnings.[39m</ br>npm ERR! code ELIFECYCLE</ br>npm ERR! errno 6</ br>npm ERR! he@1.2.0 build: `grunt build`</ br>npm ERR! Exit status 6</ br>npm ERR! </ br>npm ERR! Failed at the he@1.2.0 build script.</ br>npm ERR! This is probably not a problem with npm. There is likely additional logging output above.</ br></ br>npm ERR! A complete log of this run can be found in:</ br>npm ERR!     C:\Users\asefk\AppData\Roaming\npm-cache\_logs\2020-09-05T08_15_13_887Z-debug.log</ br>
0.1.6	0.4.5	1.3.2	1.3.1	0.2.3	0.4.5	1.3.0	4.14.0	1.5.0	1.11.0	1.4.1	1.3.0	2.3.6	3.0.3	</ br>> he@1.2.0 build C:\Mahir\VT\Research\npm-package-coupling\sources\dataset\he</ br>> grunt build</ br></ br>[4mRunning "shell:process-data" (shell) task[24m</ br>C:\Mahir\VT\Research\npm-package-coupling\sources\dataset\he\node_modules\sort-object\index.js:71</ br>    var k = get(sortBy, key)[j++];</ br>                            ^</ br></ br>TypeError: Cannot read property '0' of undefined</ br>    at sort (C:\Mahir\VT\Research\npm-package-coupling\sources\dataset\he\node_modules\sort-object\index.js:71:29)</ br>    at Object.<anonymous> (C:\Mahir\VT\Research\npm-package-coupling\sources\dataset\he\scripts\process-data.js:96:35)</ br>    at Module._compile (internal/modules/cjs/loader.js:1138:30)</ br>    at Object.Module._extensions..js (internal/modules/cjs/loader.js:1158:10)</ br>    at Module.load (internal/modules/cjs/loader.js:986:32)</ br>    at Function.Module._load (internal/modules/cjs/loader.js:879:14)</ br>    at Function.executeUserEntryPoint [as runMain] (internal/modules/run_main.js:71:12)</ br>    at internal/main/run_main_module.js:17:47</ br>[33mWarning: Command failed: node scripts/process-data.js</ br>C:\Mahir\VT\Research\npm-package-coupling\sources\dataset\he\node_modules\sort-object\index.js:71</ br>    var k = get(sortBy, key)[j++];</ br>                            ^</ br></ br>TypeError: Cannot read property '0' of undefined</ br>    at sort (C:\Mahir\VT\Research\npm-package-coupling\sources\dataset\he\node_modules\sort-object\index.js:71:29)</ br>    at Object.<anonymous> (C:\Mahir\VT\Research\npm-package-coupling\sources\dataset\he\scripts\process-data.js:96:35)</ br>    at Module._compile (internal/modules/cjs/loader.js:1138:30)</ br>    at Object.Module._extensions..js (internal/modules/cjs/loader.js:1158:10)</ br>    at Module.load (internal/modules/cjs/loader.js:986:32)</ br>    at Function.Module._load (internal/modules/cjs/loader.js:879:14)</ br>    at Function.executeUserEntryPoint [as runMain] (internal/modules/run_main.js:71:12)</ br>    at internal/main/run_main_module.js:17:47</ br> Use --force to continue.[39m</ br></ br>[31mAborted due to warnings.[39m</ br>npm ERR! code ELIFECYCLE</ br>npm ERR! errno 6</ br>npm ERR! he@1.2.0 build: `grunt build`</ br>npm ERR! Exit status 6</ br>npm ERR! </ br>npm ERR! Failed at the he@1.2.0 build script.</ br>npm ERR! This is probably not a problem with npm. There is likely additional logging output above.</ br></ br>npm ERR! A complete log of this run can be found in:</ br>npm ERR!     C:\Users\asefk\AppData\Roaming\npm-cache\_logs\2020-09-05T08_15_46_330Z-debug.log</ br>
0.1.6	0.4.5	1.3.2	1.3.1	0.2.3	0.4.5	1.3.0	4.17.20	1.5.0	1.11.0	1.4.1	1.3.0	2.3.2	3.0.3	</ br>> he@1.2.0 build C:\Mahir\VT\Research\npm-package-coupling\sources\dataset\he</ br>> grunt build</ br></ br>[4mRunning "shell:process-data" (shell) task[24m</ br>C:\Mahir\VT\Research\npm-package-coupling\sources\dataset\he\node_modules\sort-object\index.js:71</ br>    var k = get(sortBy, key)[j++];</ br>                            ^</ br></ br>TypeError: Cannot read property '0' of undefined</ br>    at sort (C:\Mahir\VT\Research\npm-package-coupling\sources\dataset\he\node_modules\sort-object\index.js:71:29)</ br>    at Object.<anonymous> (C:\Mahir\VT\Research\npm-package-coupling\sources\dataset\he\scripts\process-data.js:96:35)</ br>    at Module._compile (internal/modules/cjs/loader.js:1138:30)</ br>    at Object.Module._extensions..js (internal/modules/cjs/loader.js:1158:10)</ br>    at Module.load (internal/modules/cjs/loader.js:986:32)</ br>    at Function.Module._load (internal/modules/cjs/loader.js:879:14)</ br>    at Function.executeUserEntryPoint [as runMain] (internal/modules/run_main.js:71:12)</ br>    at internal/main/run_main_module.js:17:47</ br>[33mWarning: Command failed: node scripts/process-data.js</ br>C:\Mahir\VT\Research\npm-package-coupling\sources\dataset\he\node_modules\sort-object\index.js:71</ br>    var k = get(sortBy, key)[j++];</ br>                            ^</ br></ br>TypeError: Cannot read property '0' of undefined</ br>    at sort (C:\Mahir\VT\Research\npm-package-coupling\sources\dataset\he\node_modules\sort-object\index.js:71:29)</ br>    at Object.<anonymous> (C:\Mahir\VT\Research\npm-package-coupling\sources\dataset\he\scripts\process-data.js:96:35)</ br>    at Module._compile (internal/modules/cjs/loader.js:1138:30)</ br>    at Object.Module._extensions..js (internal/modules/cjs/loader.js:1158:10)</ br>    at Module.load (internal/modules/cjs/loader.js:986:32)</ br>    at Function.Module._load (internal/modules/cjs/loader.js:879:14)</ br>    at Function.executeUserEntryPoint [as runMain] (internal/modules/run_main.js:71:12)</ br>    at internal/main/run_main_module.js:17:47</ br> Use --force to continue.[39m</ br></ br>[31mAborted due to warnings.[39m</ br>npm ERR! code ELIFECYCLE</ br>npm ERR! errno 6</ br>npm ERR! he@1.2.0 build: `grunt build`</ br>npm ERR! Exit status 6</ br>npm ERR! </ br>npm ERR! Failed at the he@1.2.0 build script.</ br>npm ERR! This is probably not a problem with npm. There is likely additional logging output above.</ br></ br>npm ERR! A complete log of this run can be found in:</ br>npm ERR!     C:\Users\asefk\AppData\Roaming\npm-cache\_logs\2020-09-05T08_16_18_111Z-debug.log</ br>
0.1.6	0.4.5	1.3.2	1.3.1	0.2.3	0.4.5	1.3.0	4.14.1	1.5.0	1.11.0	1.4.1	1.3.0	2.3.6	3.0.3	</ br>> he@1.2.0 build C:\Mahir\VT\Research\npm-package-coupling\sources\dataset\he</ br>> grunt build</ br></ br>[4mRunning "shell:process-data" (shell) task[24m</ br>C:\Mahir\VT\Research\npm-package-coupling\sources\dataset\he\node_modules\sort-object\index.js:71</ br>    var k = get(sortBy, key)[j++];</ br>                            ^</ br></ br>TypeError: Cannot read property '0' of undefined</ br>    at sort (C:\Mahir\VT\Research\npm-package-coupling\sources\dataset\he\node_modules\sort-object\index.js:71:29)</ br>    at Object.<anonymous> (C:\Mahir\VT\Research\npm-package-coupling\sources\dataset\he\scripts\process-data.js:96:35)</ br>    at Module._compile (internal/modules/cjs/loader.js:1138:30)</ br>    at Object.Module._extensions..js (internal/modules/cjs/loader.js:1158:10)</ br>    at Module.load (internal/modules/cjs/loader.js:986:32)</ br>    at Function.Module._load (internal/modules/cjs/loader.js:879:14)</ br>    at Function.executeUserEntryPoint [as runMain] (internal/modules/run_main.js:71:12)</ br>    at internal/main/run_main_module.js:17:47</ br>[33mWarning: Command failed: node scripts/process-data.js</ br>C:\Mahir\VT\Research\npm-package-coupling\sources\dataset\he\node_modules\sort-object\index.js:71</ br>    var k = get(sortBy, key)[j++];</ br>                            ^</ br></ br>TypeError: Cannot read property '0' of undefined</ br>    at sort (C:\Mahir\VT\Research\npm-package-coupling\sources\dataset\he\node_modules\sort-object\index.js:71:29)</ br>    at Object.<anonymous> (C:\Mahir\VT\Research\npm-package-coupling\sources\dataset\he\scripts\process-data.js:96:35)</ br>    at Module._compile (internal/modules/cjs/loader.js:1138:30)</ br>    at Object.Module._extensions..js (internal/modules/cjs/loader.js:1158:10)</ br>    at Module.load (internal/modules/cjs/loader.js:986:32)</ br>    at Function.Module._load (internal/modules/cjs/loader.js:879:14)</ br>    at Function.executeUserEntryPoint [as runMain] (internal/modules/run_main.js:71:12)</ br>    at internal/main/run_main_module.js:17:47</ br> Use --force to continue.[39m</ br></ br>[31mAborted due to warnings.[39m</ br>npm ERR! code ELIFECYCLE</ br>npm ERR! errno 6</ br>npm ERR! he@1.2.0 build: `grunt build`</ br>npm ERR! Exit status 6</ br>npm ERR! </ br>npm ERR! Failed at the he@1.2.0 build script.</ br>npm ERR! This is probably not a problem with npm. There is likely additional logging output above.</ br></ br>npm ERR! A complete log of this run can be found in:</ br>npm ERR!     C:\Users\asefk\AppData\Roaming\npm-cache\_logs\2020-09-05T08_16_51_019Z-debug.log</ br>
0.1.6	0.4.5	1.3.2	1.2.1	0.2.3	0.4.5	1.3.0	4.17.20	1.5.0	1.11.0	1.4.1	1.3.0	2.3.6	3.0.3	</ br>> he@1.2.0 build C:\Mahir\VT\Research\npm-package-coupling\sources\dataset\he</ br>> grunt build</ br></ br>[4mRunning "shell:process-data" (shell) task[24m</ br>C:\Mahir\VT\Research\npm-package-coupling\sources\dataset\he\node_modules\sort-object\index.js:71</ br>    var k = get(sortBy, key)[j++];</ br>                            ^</ br></ br>TypeError: Cannot read property '0' of undefined</ br>    at sort (C:\Mahir\VT\Research\npm-package-coupling\sources\dataset\he\node_modules\sort-object\index.js:71:29)</ br>    at Object.<anonymous> (C:\Mahir\VT\Research\npm-package-coupling\sources\dataset\he\scripts\process-data.js:96:35)</ br>    at Module._compile (internal/modules/cjs/loader.js:1138:30)</ br>    at Object.Module._extensions..js (internal/modules/cjs/loader.js:1158:10)</ br>    at Module.load (internal/modules/cjs/loader.js:986:32)</ br>    at Function.Module._load (internal/modules/cjs/loader.js:879:14)</ br>    at Function.executeUserEntryPoint [as runMain] (internal/modules/run_main.js:71:12)</ br>    at internal/main/run_main_module.js:17:47</ br>[33mWarning: Command failed: node scripts/process-data.js</ br>C:\Mahir\VT\Research\npm-package-coupling\sources\dataset\he\node_modules\sort-object\index.js:71</ br>    var k = get(sortBy, key)[j++];</ br>                            ^</ br></ br>TypeError: Cannot read property '0' of undefined</ br>    at sort (C:\Mahir\VT\Research\npm-package-coupling\sources\dataset\he\node_modules\sort-object\index.js:71:29)</ br>    at Object.<anonymous> (C:\Mahir\VT\Research\npm-package-coupling\sources\dataset\he\scripts\process-data.js:96:35)</ br>    at Module._compile (internal/modules/cjs/loader.js:1138:30)</ br>    at Object.Module._extensions..js (internal/modules/cjs/loader.js:1158:10)</ br>    at Module.load (internal/modules/cjs/loader.js:986:32)</ br>    at Function.Module._load (internal/modules/cjs/loader.js:879:14)</ br>    at Function.executeUserEntryPoint [as runMain] (internal/modules/run_main.js:71:12)</ br>    at internal/main/run_main_module.js:17:47</ br> Use --force to continue.[39m</ br></ br>[31mAborted due to warnings.[39m</ br>npm ERR! code ELIFECYCLE</ br>npm ERR! errno 6</ br>npm ERR! he@1.2.0 build: `grunt build`</ br>npm ERR! Exit status 6</ br>npm ERR! </ br>npm ERR! Failed at the he@1.2.0 build script.</ br>npm ERR! This is probably not a problem with npm. There is likely additional logging output above.</ br></ br>npm ERR! A complete log of this run can be found in:</ br>npm ERR!     C:\Users\asefk\AppData\Roaming\npm-cache\_logs\2020-09-05T08_17_22_164Z-debug.log</ br>
0.1.6	0.4.5	1.3.2	1.1.1	0.2.3	0.4.5	1.3.0	4.17.20	1.5.0	1.11.0	1.4.1	1.3.0	2.3.6	3.0.3	</ br>> he@1.2.0 build C:\Mahir\VT\Research\npm-package-coupling\sources\dataset\he</ br>> grunt build</ br></ br>[4mRunning "shell:process-data" (shell) task[24m</ br>C:\Mahir\VT\Research\npm-package-coupling\sources\dataset\he\node_modules\sort-object\index.js:71</ br>    var k = get(sortBy, key)[j++];</ br>                            ^</ br></ br>TypeError: Cannot read property '0' of undefined</ br>    at sort (C:\Mahir\VT\Research\npm-package-coupling\sources\dataset\he\node_modules\sort-object\index.js:71:29)</ br>    at Object.<anonymous> (C:\Mahir\VT\Research\npm-package-coupling\sources\dataset\he\scripts\process-data.js:96:35)</ br>    at Module._compile (internal/modules/cjs/loader.js:1138:30)</ br>    at Object.Module._extensions..js (internal/modules/cjs/loader.js:1158:10)</ br>    at Module.load (internal/modules/cjs/loader.js:986:32)</ br>    at Function.Module._load (internal/modules/cjs/loader.js:879:14)</ br>    at Function.executeUserEntryPoint [as runMain] (internal/modules/run_main.js:71:12)</ br>    at internal/main/run_main_module.js:17:47</ br>[33mWarning: Command failed: node scripts/process-data.js</ br>C:\Mahir\VT\Research\npm-package-coupling\sources\dataset\he\node_modules\sort-object\index.js:71</ br>    var k = get(sortBy, key)[j++];</ br>                            ^</ br></ br>TypeError: Cannot read property '0' of undefined</ br>    at sort (C:\Mahir\VT\Research\npm-package-coupling\sources\dataset\he\node_modules\sort-object\index.js:71:29)</ br>    at Object.<anonymous> (C:\Mahir\VT\Research\npm-package-coupling\sources\dataset\he\scripts\process-data.js:96:35)</ br>    at Module._compile (internal/modules/cjs/loader.js:1138:30)</ br>    at Object.Module._extensions..js (internal/modules/cjs/loader.js:1158:10)</ br>    at Module.load (internal/modules/cjs/loader.js:986:32)</ br>    at Function.Module._load (internal/modules/cjs/loader.js:879:14)</ br>    at Function.executeUserEntryPoint [as runMain] (internal/modules/run_main.js:71:12)</ br>    at internal/main/run_main_module.js:17:47</ br> Use --force to continue.[39m</ br></ br>[31mAborted due to warnings.[39m</ br>npm ERR! code ELIFECYCLE</ br>npm ERR! errno 6</ br>npm ERR! he@1.2.0 build: `grunt build`</ br>npm ERR! Exit status 6</ br>npm ERR! </ br>npm ERR! Failed at the he@1.2.0 build script.</ br>npm ERR! This is probably not a problem with npm. There is likely additional logging output above.</ br></ br>npm ERR! A complete log of this run can be found in:</ br>npm ERR!     C:\Users\asefk\AppData\Roaming\npm-cache\_logs\2020-09-05T08_17_54_630Z-debug.log</ br>
0.1.6	0.4.5	1.3.2	1.3.1	0.2.3	0.4.5	1.3.0	4.17.17	1.5.0	1.11.0	1.4.1	1.3.0	2.3.6	3.0.3	</ br>> he@1.2.0 build C:\Mahir\VT\Research\npm-package-coupling\sources\dataset\he</ br>> grunt build</ br></ br>[4mRunning "shell:process-data" (shell) task[24m</ br>C:\Mahir\VT\Research\npm-package-coupling\sources\dataset\he\node_modules\sort-object\index.js:71</ br>    var k = get(sortBy, key)[j++];</ br>                            ^</ br></ br>TypeError: Cannot read property '0' of undefined</ br>    at sort (C:\Mahir\VT\Research\npm-package-coupling\sources\dataset\he\node_modules\sort-object\index.js:71:29)</ br>    at Object.<anonymous> (C:\Mahir\VT\Research\npm-package-coupling\sources\dataset\he\scripts\process-data.js:96:35)</ br>    at Module._compile (internal/modules/cjs/loader.js:1138:30)</ br>    at Object.Module._extensions..js (internal/modules/cjs/loader.js:1158:10)</ br>    at Module.load (internal/modules/cjs/loader.js:986:32)</ br>    at Function.Module._load (internal/modules/cjs/loader.js:879:14)</ br>    at Function.executeUserEntryPoint [as runMain] (internal/modules/run_main.js:71:12)</ br>    at internal/main/run_main_module.js:17:47</ br>[33mWarning: Command failed: node scripts/process-data.js</ br>C:\Mahir\VT\Research\npm-package-coupling\sources\dataset\he\node_modules\sort-object\index.js:71</ br>    var k = get(sortBy, key)[j++];</ br>                            ^</ br></ br>TypeError: Cannot read property '0' of undefined</ br>    at sort (C:\Mahir\VT\Research\npm-package-coupling\sources\dataset\he\node_modules\sort-object\index.js:71:29)</ br>    at Object.<anonymous> (C:\Mahir\VT\Research\npm-package-coupling\sources\dataset\he\scripts\process-data.js:96:35)</ br>    at Module._compile (internal/modules/cjs/loader.js:1138:30)</ br>    at Object.Module._extensions..js (internal/modules/cjs/loader.js:1158:10)</ br>    at Module.load (internal/modules/cjs/loader.js:986:32)</ br>    at Function.Module._load (internal/modules/cjs/loader.js:879:14)</ br>    at Function.executeUserEntryPoint [as runMain] (internal/modules/run_main.js:71:12)</ br>    at internal/main/run_main_module.js:17:47</ br> Use --force to continue.[39m</ br></ br>[31mAborted due to warnings.[39m</ br>npm ERR! code ELIFECYCLE</ br>npm ERR! errno 6</ br>npm ERR! he@1.2.0 build: `grunt build`</ br>npm ERR! Exit status 6</ br>npm ERR! </ br>npm ERR! Failed at the he@1.2.0 build script.</ br>npm ERR! This is probably not a problem with npm. There is likely additional logging output above.</ br></ br>npm ERR! A complete log of this run can be found in:</ br>npm ERR!     C:\Users\asefk\AppData\Roaming\npm-cache\_logs\2020-09-05T08_18_26_412Z-debug.log</ br>
0.1.6	0.4.5	1.3.2	1.3.1	0.2.3	0.4.5	1.3.0	4.17.16	1.5.0	1.11.0	1.4.1	1.3.0	2.3.6	3.0.3	</ br>> he@1.2.0 build C:\Mahir\VT\Research\npm-package-coupling\sources\dataset\he</ br>> grunt build</ br></ br>[4mRunning "shell:process-data" (shell) task[24m</ br>C:\Mahir\VT\Research\npm-package-coupling\sources\dataset\he\node_modules\sort-object\index.js:71</ br>    var k = get(sortBy, key)[j++];</ br>                            ^</ br></ br>TypeError: Cannot read property '0' of undefined</ br>    at sort (C:\Mahir\VT\Research\npm-package-coupling\sources\dataset\he\node_modules\sort-object\index.js:71:29)</ br>    at Object.<anonymous> (C:\Mahir\VT\Research\npm-package-coupling\sources\dataset\he\scripts\process-data.js:96:35)</ br>    at Module._compile (internal/modules/cjs/loader.js:1138:30)</ br>    at Object.Module._extensions..js (internal/modules/cjs/loader.js:1158:10)</ br>    at Module.load (internal/modules/cjs/loader.js:986:32)</ br>    at Function.Module._load (internal/modules/cjs/loader.js:879:14)</ br>    at Function.executeUserEntryPoint [as runMain] (internal/modules/run_main.js:71:12)</ br>    at internal/main/run_main_module.js:17:47</ br>[33mWarning: Command failed: node scripts/process-data.js</ br>C:\Mahir\VT\Research\npm-package-coupling\sources\dataset\he\node_modules\sort-object\index.js:71</ br>    var k = get(sortBy, key)[j++];</ br>                            ^</ br></ br>TypeError: Cannot read property '0' of undefined</ br>    at sort (C:\Mahir\VT\Research\npm-package-coupling\sources\dataset\he\node_modules\sort-object\index.js:71:29)</ br>    at Object.<anonymous> (C:\Mahir\VT\Research\npm-package-coupling\sources\dataset\he\scripts\process-data.js:96:35)</ br>    at Module._compile (internal/modules/cjs/loader.js:1138:30)</ br>    at Object.Module._extensions..js (internal/modules/cjs/loader.js:1158:10)</ br>    at Module.load (internal/modules/cjs/loader.js:986:32)</ br>    at Function.Module._load (internal/modules/cjs/loader.js:879:14)</ br>    at Function.executeUserEntryPoint [as runMain] (internal/modules/run_main.js:71:12)</ br>    at internal/main/run_main_module.js:17:47</ br> Use --force to continue.[39m</ br></ br>[31mAborted due to warnings.[39m</ br>npm ERR! code ELIFECYCLE</ br>npm ERR! errno 6</ br>npm ERR! he@1.2.0 build: `grunt build`</ br>npm ERR! Exit status 6</ br>npm ERR! </ br>npm ERR! Failed at the he@1.2.0 build script.</ br>npm ERR! This is probably not a problem with npm. There is likely additional logging output above.</ br></ br>npm ERR! A complete log of this run can be found in:</ br>npm ERR!     C:\Users\asefk\AppData\Roaming\npm-cache\_logs\2020-09-05T08_18_59_754Z-debug.log</ br>
0.1.6	0.4.5	1.3.2	1.3.1	0.2.3	0.4.5	1.2.1	4.17.20	1.5.0	1.11.0	1.4.1	1.3.0	2.3.6	3.0.3	</ br>> he@1.2.0 build C:\Mahir\VT\Research\npm-package-coupling\sources\dataset\he</ br>> grunt build</ br></ br>[4mRunning "shell:process-data" (shell) task[24m</ br>C:\Mahir\VT\Research\npm-package-coupling\sources\dataset\he\node_modules\sort-object\index.js:71</ br>    var k = get(sortBy, key)[j++];</ br>                            ^</ br></ br>TypeError: Cannot read property '0' of undefined</ br>    at sort (C:\Mahir\VT\Research\npm-package-coupling\sources\dataset\he\node_modules\sort-object\index.js:71:29)</ br>    at Object.<anonymous> (C:\Mahir\VT\Research\npm-package-coupling\sources\dataset\he\scripts\process-data.js:96:35)</ br>    at Module._compile (internal/modules/cjs/loader.js:1138:30)</ br>    at Object.Module._extensions..js (internal/modules/cjs/loader.js:1158:10)</ br>    at Module.load (internal/modules/cjs/loader.js:986:32)</ br>    at Function.Module._load (internal/modules/cjs/loader.js:879:14)</ br>    at Function.executeUserEntryPoint [as runMain] (internal/modules/run_main.js:71:12)</ br>    at internal/main/run_main_module.js:17:47</ br>[33mWarning: Command failed: node scripts/process-data.js</ br>C:\Mahir\VT\Research\npm-package-coupling\sources\dataset\he\node_modules\sort-object\index.js:71</ br>    var k = get(sortBy, key)[j++];</ br>                            ^</ br></ br>TypeError: Cannot read property '0' of undefined</ br>    at sort (C:\Mahir\VT\Research\npm-package-coupling\sources\dataset\he\node_modules\sort-object\index.js:71:29)</ br>    at Object.<anonymous> (C:\Mahir\VT\Research\npm-package-coupling\sources\dataset\he\scripts\process-data.js:96:35)</ br>    at Module._compile (internal/modules/cjs/loader.js:1138:30)</ br>    at Object.Module._extensions..js (internal/modules/cjs/loader.js:1158:10)</ br>    at Module.load (internal/modules/cjs/loader.js:986:32)</ br>    at Function.Module._load (internal/modules/cjs/loader.js:879:14)</ br>    at Function.executeUserEntryPoint [as runMain] (internal/modules/run_main.js:71:12)</ br>    at internal/main/run_main_module.js:17:47</ br> Use --force to continue.[39m</ br></ br>[31mAborted due to warnings.[39m</ br>npm ERR! code ELIFECYCLE</ br>npm ERR! errno 6</ br>npm ERR! he@1.2.0 build: `grunt build`</ br>npm ERR! Exit status 6</ br>npm ERR! </ br>npm ERR! Failed at the he@1.2.0 build script.</ br>npm ERR! This is probably not a problem with npm. There is likely additional logging output above.</ br></ br>npm ERR! A complete log of this run can be found in:</ br>npm ERR!     C:\Users\asefk\AppData\Roaming\npm-cache\_logs\2020-09-05T08_19_31_775Z-debug.log</ br>
0.1.6	0.4.5	1.3.2	1.3.1	0.2.3	0.4.5	1.3.0	4.16.4	1.5.0	1.11.0	1.4.1	1.3.0	2.3.6	3.0.3	</ br>> he@1.2.0 build C:\Mahir\VT\Research\npm-package-coupling\sources\dataset\he</ br>> grunt build</ br></ br>[4mRunning "shell:process-data" (shell) task[24m</ br>C:\Mahir\VT\Research\npm-package-coupling\sources\dataset\he\node_modules\sort-object\index.js:71</ br>    var k = get(sortBy, key)[j++];</ br>                            ^</ br></ br>TypeError: Cannot read property '0' of undefined</ br>    at sort (C:\Mahir\VT\Research\npm-package-coupling\sources\dataset\he\node_modules\sort-object\index.js:71:29)</ br>    at Object.<anonymous> (C:\Mahir\VT\Research\npm-package-coupling\sources\dataset\he\scripts\process-data.js:96:35)</ br>    at Module._compile (internal/modules/cjs/loader.js:1138:30)</ br>    at Object.Module._extensions..js (internal/modules/cjs/loader.js:1158:10)</ br>    at Module.load (internal/modules/cjs/loader.js:986:32)</ br>    at Function.Module._load (internal/modules/cjs/loader.js:879:14)</ br>    at Function.executeUserEntryPoint [as runMain] (internal/modules/run_main.js:71:12)</ br>    at internal/main/run_main_module.js:17:47</ br>[33mWarning: Command failed: node scripts/process-data.js</ br>C:\Mahir\VT\Research\npm-package-coupling\sources\dataset\he\node_modules\sort-object\index.js:71</ br>    var k = get(sortBy, key)[j++];</ br>                            ^</ br></ br>TypeError: Cannot read property '0' of undefined</ br>    at sort (C:\Mahir\VT\Research\npm-package-coupling\sources\dataset\he\node_modules\sort-object\index.js:71:29)</ br>    at Object.<anonymous> (C:\Mahir\VT\Research\npm-package-coupling\sources\dataset\he\scripts\process-data.js:96:35)</ br>    at Module._compile (internal/modules/cjs/loader.js:1138:30)</ br>    at Object.Module._extensions..js (internal/modules/cjs/loader.js:1158:10)</ br>    at Module.load (internal/modules/cjs/loader.js:986:32)</ br>    at Function.Module._load (internal/modules/cjs/loader.js:879:14)</ br>    at Function.executeUserEntryPoint [as runMain] (internal/modules/run_main.js:71:12)</ br>    at internal/main/run_main_module.js:17:47</ br> Use --force to continue.[39m</ br></ br>[31mAborted due to warnings.[39m</ br>npm ERR! code ELIFECYCLE</ br>npm ERR! errno 6</ br>npm ERR! he@1.2.0 build: `grunt build`</ br>npm ERR! Exit status 6</ br>npm ERR! </ br>npm ERR! Failed at the he@1.2.0 build script.</ br>npm ERR! This is probably not a problem with npm. There is likely additional logging output above.</ br></ br>npm ERR! A complete log of this run can be found in:</ br>npm ERR!     C:\Users\asefk\AppData\Roaming\npm-cache\_logs\2020-09-05T08_20_05_587Z-debug.log</ br>
0.1.6	0.4.5	1.3.2	1.3.1	0.2.3	0.4.5	1.3.0	4.17.5	1.5.0	1.11.0	1.4.1	1.3.0	2.3.6	3.0.3	</ br>> he@1.2.0 build C:\Mahir\VT\Research\npm-package-coupling\sources\dataset\he</ br>> grunt build</ br></ br>[4mRunning "shell:process-data" (shell) task[24m</ br>C:\Mahir\VT\Research\npm-package-coupling\sources\dataset\he\node_modules\sort-object\index.js:71</ br>    var k = get(sortBy, key)[j++];</ br>                            ^</ br></ br>TypeError: Cannot read property '0' of undefined</ br>    at sort (C:\Mahir\VT\Research\npm-package-coupling\sources\dataset\he\node_modules\sort-object\index.js:71:29)</ br>    at Object.<anonymous> (C:\Mahir\VT\Research\npm-package-coupling\sources\dataset\he\scripts\process-data.js:96:35)</ br>    at Module._compile (internal/modules/cjs/loader.js:1138:30)</ br>    at Object.Module._extensions..js (internal/modules/cjs/loader.js:1158:10)</ br>    at Module.load (internal/modules/cjs/loader.js:986:32)</ br>    at Function.Module._load (internal/modules/cjs/loader.js:879:14)</ br>    at Function.executeUserEntryPoint [as runMain] (internal/modules/run_main.js:71:12)</ br>    at internal/main/run_main_module.js:17:47</ br>[33mWarning: Command failed: node scripts/process-data.js</ br>C:\Mahir\VT\Research\npm-package-coupling\sources\dataset\he\node_modules\sort-object\index.js:71</ br>    var k = get(sortBy, key)[j++];</ br>                            ^</ br></ br>TypeError: Cannot read property '0' of undefined</ br>    at sort (C:\Mahir\VT\Research\npm-package-coupling\sources\dataset\he\node_modules\sort-object\index.js:71:29)</ br>    at Object.<anonymous> (C:\Mahir\VT\Research\npm-package-coupling\sources\dataset\he\scripts\process-data.js:96:35)</ br>    at Module._compile (internal/modules/cjs/loader.js:1138:30)</ br>    at Object.Module._extensions..js (internal/modules/cjs/loader.js:1158:10)</ br>    at Module.load (internal/modules/cjs/loader.js:986:32)</ br>    at Function.Module._load (internal/modules/cjs/loader.js:879:14)</ br>    at Function.executeUserEntryPoint [as runMain] (internal/modules/run_main.js:71:12)</ br>    at internal/main/run_main_module.js:17:47</ br> Use --force to continue.[39m</ br></ br>[31mAborted due to warnings.[39m</ br>npm ERR! code ELIFECYCLE</ br>npm ERR! errno 6</ br>npm ERR! he@1.2.0 build: `grunt build`</ br>npm ERR! Exit status 6</ br>npm ERR! </ br>npm ERR! Failed at the he@1.2.0 build script.</ br>npm ERR! This is probably not a problem with npm. There is likely additional logging output above.</ br></ br>npm ERR! A complete log of this run can be found in:</ br>npm ERR!     C:\Users\asefk\AppData\Roaming\npm-cache\_logs\2020-09-05T08_20_37_706Z-debug.log</ br>
0.1.6	0.4.5	1.3.2	1.3.1	0.2.3	0.4.5	1.3.0	4.11.2	1.5.0	1.11.0	1.4.1	1.3.0	2.3.6	3.0.3	</ br>> he@1.2.0 build C:\Mahir\VT\Research\npm-package-coupling\sources\dataset\he</ br>> grunt build</ br></ br>[4mRunning "shell:process-data" (shell) task[24m</ br>C:\Mahir\VT\Research\npm-package-coupling\sources\dataset\he\node_modules\sort-object\index.js:71</ br>    var k = get(sortBy, key)[j++];</ br>                            ^</ br></ br>TypeError: Cannot read property '0' of undefined</ br>    at sort (C:\Mahir\VT\Research\npm-package-coupling\sources\dataset\he\node_modules\sort-object\index.js:71:29)</ br>    at Object.<anonymous> (C:\Mahir\VT\Research\npm-package-coupling\sources\dataset\he\scripts\process-data.js:96:35)</ br>    at Module._compile (internal/modules/cjs/loader.js:1138:30)</ br>    at Object.Module._extensions..js (internal/modules/cjs/loader.js:1158:10)</ br>    at Module.load (internal/modules/cjs/loader.js:986:32)</ br>    at Function.Module._load (internal/modules/cjs/loader.js:879:14)</ br>    at Function.executeUserEntryPoint [as runMain] (internal/modules/run_main.js:71:12)</ br>    at internal/main/run_main_module.js:17:47</ br>[33mWarning: Command failed: node scripts/process-data.js</ br>C:\Mahir\VT\Research\npm-package-coupling\sources\dataset\he\node_modules\sort-object\index.js:71</ br>    var k = get(sortBy, key)[j++];</ br>                            ^</ br></ br>TypeError: Cannot read property '0' of undefined</ br>    at sort (C:\Mahir\VT\Research\npm-package-coupling\sources\dataset\he\node_modules\sort-object\index.js:71:29)</ br>    at Object.<anonymous> (C:\Mahir\VT\Research\npm-package-coupling\sources\dataset\he\scripts\process-data.js:96:35)</ br>    at Module._compile (internal/modules/cjs/loader.js:1138:30)</ br>    at Object.Module._extensions..js (internal/modules/cjs/loader.js:1158:10)</ br>    at Module.load (internal/modules/cjs/loader.js:986:32)</ br>    at Function.Module._load (internal/modules/cjs/loader.js:879:14)</ br>    at Function.executeUserEntryPoint [as runMain] (internal/modules/run_main.js:71:12)</ br>    at internal/main/run_main_module.js:17:47</ br> Use --force to continue.[39m</ br></ br>[31mAborted due to warnings.[39m</ br>npm ERR! code ELIFECYCLE</ br>npm ERR! errno 6</ br>npm ERR! he@1.2.0 build: `grunt build`</ br>npm ERR! Exit status 6</ br>npm ERR! </ br>npm ERR! Failed at the he@1.2.0 build script.</ br>npm ERR! This is probably not a problem with npm. There is likely additional logging output above.</ br></ br>npm ERR! A complete log of this run can be found in:</ br>npm ERR!     C:\Users\asefk\AppData\Roaming\npm-cache\_logs\2020-09-05T08_21_10_333Z-debug.log</ br>
0.1.6	0.4.5	1.3.2	1.3.1	0.2.3	0.4.5	1.1.0	4.17.20	1.5.0	1.11.0	1.4.1	1.3.0	2.3.6	3.0.3	</ br>> he@1.2.0 build C:\Mahir\VT\Research\npm-package-coupling\sources\dataset\he</ br>> grunt build</ br></ br>[4mRunning "shell:process-data" (shell) task[24m</ br>C:\Mahir\VT\Research\npm-package-coupling\sources\dataset\he\node_modules\sort-object\index.js:71</ br>    var k = get(sortBy, key)[j++];</ br>                            ^</ br></ br>TypeError: Cannot read property '0' of undefined</ br>    at sort (C:\Mahir\VT\Research\npm-package-coupling\sources\dataset\he\node_modules\sort-object\index.js:71:29)</ br>    at Object.<anonymous> (C:\Mahir\VT\Research\npm-package-coupling\sources\dataset\he\scripts\process-data.js:96:35)</ br>    at Module._compile (internal/modules/cjs/loader.js:1138:30)</ br>    at Object.Module._extensions..js (internal/modules/cjs/loader.js:1158:10)</ br>    at Module.load (internal/modules/cjs/loader.js:986:32)</ br>    at Function.Module._load (internal/modules/cjs/loader.js:879:14)</ br>    at Function.executeUserEntryPoint [as runMain] (internal/modules/run_main.js:71:12)</ br>    at internal/main/run_main_module.js:17:47</ br>[33mWarning: Command failed: node scripts/process-data.js</ br>C:\Mahir\VT\Research\npm-package-coupling\sources\dataset\he\node_modules\sort-object\index.js:71</ br>    var k = get(sortBy, key)[j++];</ br>                            ^</ br></ br>TypeError: Cannot read property '0' of undefined</ br>    at sort (C:\Mahir\VT\Research\npm-package-coupling\sources\dataset\he\node_modules\sort-object\index.js:71:29)</ br>    at Object.<anonymous> (C:\Mahir\VT\Research\npm-package-coupling\sources\dataset\he\scripts\process-data.js:96:35)</ br>    at Module._compile (internal/modules/cjs/loader.js:1138:30)</ br>    at Object.Module._extensions..js (internal/modules/cjs/loader.js:1158:10)</ br>    at Module.load (internal/modules/cjs/loader.js:986:32)</ br>    at Function.Module._load (internal/modules/cjs/loader.js:879:14)</ br>    at Function.executeUserEntryPoint [as runMain] (internal/modules/run_main.js:71:12)</ br>    at internal/main/run_main_module.js:17:47</ br> Use --force to continue.[39m</ br></ br>[31mAborted due to warnings.[39m</ br>npm ERR! code ELIFECYCLE</ br>npm ERR! errno 6</ br>npm ERR! he@1.2.0 build: `grunt build`</ br>npm ERR! Exit status 6</ br>npm ERR! </ br>npm ERR! Failed at the he@1.2.0 build script.</ br>npm ERR! This is probably not a problem with npm. There is likely additional logging output above.</ br></ br>npm ERR! A complete log of this run can be found in:</ br>npm ERR!     C:\Users\asefk\AppData\Roaming\npm-cache\_logs\2020-09-05T08_21_42_217Z-debug.log</ br>
0.1.6	0.4.5	1.3.1	1.3.1	0.2.3	0.4.5	1.3.0	4.17.20	1.5.0	1.11.0	1.4.1	1.3.0	2.3.6	3.0.3	</ br>> he@1.2.0 build C:\Mahir\VT\Research\npm-package-coupling\sources\dataset\he</ br>> grunt build</ br></ br>[4mRunning "shell:process-data" (shell) task[24m</ br>C:\Mahir\VT\Research\npm-package-coupling\sources\dataset\he\node_modules\sort-object\index.js:71</ br>    var k = get(sortBy, key)[j++];</ br>                            ^</ br></ br>TypeError: Cannot read property '0' of undefined</ br>    at sort (C:\Mahir\VT\Research\npm-package-coupling\sources\dataset\he\node_modules\sort-object\index.js:71:29)</ br>    at Object.<anonymous> (C:\Mahir\VT\Research\npm-package-coupling\sources\dataset\he\scripts\process-data.js:96:35)</ br>    at Module._compile (internal/modules/cjs/loader.js:1138:30)</ br>    at Object.Module._extensions..js (internal/modules/cjs/loader.js:1158:10)</ br>    at Module.load (internal/modules/cjs/loader.js:986:32)</ br>    at Function.Module._load (internal/modules/cjs/loader.js:879:14)</ br>    at Function.executeUserEntryPoint [as runMain] (internal/modules/run_main.js:71:12)</ br>    at internal/main/run_main_module.js:17:47</ br>[33mWarning: Command failed: node scripts/process-data.js</ br>C:\Mahir\VT\Research\npm-package-coupling\sources\dataset\he\node_modules\sort-object\index.js:71</ br>    var k = get(sortBy, key)[j++];</ br>                            ^</ br></ br>TypeError: Cannot read property '0' of undefined</ br>    at sort (C:\Mahir\VT\Research\npm-package-coupling\sources\dataset\he\node_modules\sort-object\index.js:71:29)</ br>    at Object.<anonymous> (C:\Mahir\VT\Research\npm-package-coupling\sources\dataset\he\scripts\process-data.js:96:35)</ br>    at Module._compile (internal/modules/cjs/loader.js:1138:30)</ br>    at Object.Module._extensions..js (internal/modules/cjs/loader.js:1158:10)</ br>    at Module.load (internal/modules/cjs/loader.js:986:32)</ br>    at Function.Module._load (internal/modules/cjs/loader.js:879:14)</ br>    at Function.executeUserEntryPoint [as runMain] (internal/modules/run_main.js:71:12)</ br>    at internal/main/run_main_module.js:17:47</ br> Use --force to continue.[39m</ br></ br>[31mAborted due to warnings.[39m</ br>npm ERR! code ELIFECYCLE</ br>npm ERR! errno 6</ br>npm ERR! he@1.2.0 build: `grunt build`</ br>npm ERR! Exit status 6</ br>npm ERR! </ br>npm ERR! Failed at the he@1.2.0 build script.</ br>npm ERR! This is probably not a problem with npm. There is likely additional logging output above.</ br></ br>npm ERR! A complete log of this run can be found in:</ br>npm ERR!     C:\Users\asefk\AppData\Roaming\npm-cache\_logs\2020-09-05T08_22_14_862Z-debug.log</ br>
0.1.6	0.4.5	1.3.2	1.3.1	0.2.3	0.4.5	1.3.0	4.16.2	1.5.0	1.11.0	1.4.1	1.3.0	2.3.6	3.0.3	</ br>> he@1.2.0 build C:\Mahir\VT\Research\npm-package-coupling\sources\dataset\he</ br>> grunt build</ br></ br>[4mRunning "shell:process-data" (shell) task[24m</ br>C:\Mahir\VT\Research\npm-package-coupling\sources\dataset\he\node_modules\sort-object\index.js:71</ br>    var k = get(sortBy, key)[j++];</ br>                            ^</ br></ br>TypeError: Cannot read property '0' of undefined</ br>    at sort (C:\Mahir\VT\Research\npm-package-coupling\sources\dataset\he\node_modules\sort-object\index.js:71:29)</ br>    at Object.<anonymous> (C:\Mahir\VT\Research\npm-package-coupling\sources\dataset\he\scripts\process-data.js:96:35)</ br>    at Module._compile (internal/modules/cjs/loader.js:1138:30)</ br>    at Object.Module._extensions..js (internal/modules/cjs/loader.js:1158:10)</ br>    at Module.load (internal/modules/cjs/loader.js:986:32)</ br>    at Function.Module._load (internal/modules/cjs/loader.js:879:14)</ br>    at Function.executeUserEntryPoint [as runMain] (internal/modules/run_main.js:71:12)</ br>    at internal/main/run_main_module.js:17:47</ br>[33mWarning: Command failed: node scripts/process-data.js</ br>C:\Mahir\VT\Research\npm-package-coupling\sources\dataset\he\node_modules\sort-object\index.js:71</ br>    var k = get(sortBy, key)[j++];</ br>                            ^</ br></ br>TypeError: Cannot read property '0' of undefined</ br>    at sort (C:\Mahir\VT\Research\npm-package-coupling\sources\dataset\he\node_modules\sort-object\index.js:71:29)</ br>    at Object.<anonymous> (C:\Mahir\VT\Research\npm-package-coupling\sources\dataset\he\scripts\process-data.js:96:35)</ br>    at Module._compile (internal/modules/cjs/loader.js:1138:30)</ br>    at Object.Module._extensions..js (internal/modules/cjs/loader.js:1158:10)</ br>    at Module.load (internal/modules/cjs/loader.js:986:32)</ br>    at Function.Module._load (internal/modules/cjs/loader.js:879:14)</ br>    at Function.executeUserEntryPoint [as runMain] (internal/modules/run_main.js:71:12)</ br>    at internal/main/run_main_module.js:17:47</ br> Use --force to continue.[39m</ br></ br>[31mAborted due to warnings.[39m</ br>npm ERR! code ELIFECYCLE</ br>npm ERR! errno 6</ br>npm ERR! he@1.2.0 build: `grunt build`</ br>npm ERR! Exit status 6</ br>npm ERR! </ br>npm ERR! Failed at the he@1.2.0 build script.</ br>npm ERR! This is probably not a problem with npm. There is likely additional logging output above.</ br></ br>npm ERR! A complete log of this run can be found in:</ br>npm ERR!     C:\Users\asefk\AppData\Roaming\npm-cache\_logs\2020-09-05T08_22_47_417Z-debug.log</ br>
0.1.6	0.4.5	1.3.2	1.3.1	0.2.3	0.4.5	1.3.0	4.16.0	1.5.0	1.11.0	1.4.1	1.3.0	2.3.6	3.0.3	</ br>> he@1.2.0 build C:\Mahir\VT\Research\npm-package-coupling\sources\dataset\he</ br>> grunt build</ br></ br>[4mRunning "shell:process-data" (shell) task[24m</ br>C:\Mahir\VT\Research\npm-package-coupling\sources\dataset\he\node_modules\sort-object\index.js:71</ br>    var k = get(sortBy, key)[j++];</ br>                            ^</ br></ br>TypeError: Cannot read property '0' of undefined</ br>    at sort (C:\Mahir\VT\Research\npm-package-coupling\sources\dataset\he\node_modules\sort-object\index.js:71:29)</ br>    at Object.<anonymous> (C:\Mahir\VT\Research\npm-package-coupling\sources\dataset\he\scripts\process-data.js:96:35)</ br>    at Module._compile (internal/modules/cjs/loader.js:1138:30)</ br>    at Object.Module._extensions..js (internal/modules/cjs/loader.js:1158:10)</ br>    at Module.load (internal/modules/cjs/loader.js:986:32)</ br>    at Function.Module._load (internal/modules/cjs/loader.js:879:14)</ br>    at Function.executeUserEntryPoint [as runMain] (internal/modules/run_main.js:71:12)</ br>    at internal/main/run_main_module.js:17:47</ br>[33mWarning: Command failed: node scripts/process-data.js</ br>C:\Mahir\VT\Research\npm-package-coupling\sources\dataset\he\node_modules\sort-object\index.js:71</ br>    var k = get(sortBy, key)[j++];</ br>                            ^</ br></ br>TypeError: Cannot read property '0' of undefined</ br>    at sort (C:\Mahir\VT\Research\npm-package-coupling\sources\dataset\he\node_modules\sort-object\index.js:71:29)</ br>    at Object.<anonymous> (C:\Mahir\VT\Research\npm-package-coupling\sources\dataset\he\scripts\process-data.js:96:35)</ br>    at Module._compile (internal/modules/cjs/loader.js:1138:30)</ br>    at Object.Module._extensions..js (internal/modules/cjs/loader.js:1158:10)</ br>    at Module.load (internal/modules/cjs/loader.js:986:32)</ br>    at Function.Module._load (internal/modules/cjs/loader.js:879:14)</ br>    at Function.executeUserEntryPoint [as runMain] (internal/modules/run_main.js:71:12)</ br>    at internal/main/run_main_module.js:17:47</ br> Use --force to continue.[39m</ br></ br>[31mAborted due to warnings.[39m</ br>npm ERR! code ELIFECYCLE</ br>npm ERR! errno 6</ br>npm ERR! he@1.2.0 build: `grunt build`</ br>npm ERR! Exit status 6</ br>npm ERR! </ br>npm ERR! Failed at the he@1.2.0 build script.</ br>npm ERR! This is probably not a problem with npm. There is likely additional logging output above.</ br></ br>npm ERR! A complete log of this run can be found in:</ br>npm ERR!     C:\Users\asefk\AppData\Roaming\npm-cache\_logs\2020-09-05T08_23_20_664Z-debug.log</ br>
0.1.6	0.4.5	1.3.2	1.3.1	0.2.3	0.4.5	1.3.0	4.17.20	1.5.0	1.11.0	1.4.1	1.3.0	2.3.6	3.0.3	</ br>> he@1.2.0 build C:\Mahir\VT\Research\npm-package-coupling\sources\dataset\he</ br>> grunt build</ br></ br>[4mRunning "shell:process-data" (shell) task[24m</ br>C:\Mahir\VT\Research\npm-package-coupling\sources\dataset\he\node_modules\sort-object\index.js:71</ br>    var k = get(sortBy, key)[j++];</ br>                            ^</ br></ br>TypeError: Cannot read property '0' of undefined</ br>    at sort (C:\Mahir\VT\Research\npm-package-coupling\sources\dataset\he\node_modules\sort-object\index.js:71:29)</ br>    at Object.<anonymous> (C:\Mahir\VT\Research\npm-package-coupling\sources\dataset\he\scripts\process-data.js:96:35)</ br>    at Module._compile (internal/modules/cjs/loader.js:1138:30)</ br>    at Object.Module._extensions..js (internal/modules/cjs/loader.js:1158:10)</ br>    at Module.load (internal/modules/cjs/loader.js:986:32)</ br>    at Function.Module._load (internal/modules/cjs/loader.js:879:14)</ br>    at Function.executeUserEntryPoint [as runMain] (internal/modules/run_main.js:71:12)</ br>    at internal/main/run_main_module.js:17:47</ br>[33mWarning: Command failed: node scripts/process-data.js</ br>C:\Mahir\VT\Research\npm-package-coupling\sources\dataset\he\node_modules\sort-object\index.js:71</ br>    var k = get(sortBy, key)[j++];</ br>                            ^</ br></ br>TypeError: Cannot read property '0' of undefined</ br>    at sort (C:\Mahir\VT\Research\npm-package-coupling\sources\dataset\he\node_modules\sort-object\index.js:71:29)</ br>    at Object.<anonymous> (C:\Mahir\VT\Research\npm-package-coupling\sources\dataset\he\scripts\process-data.js:96:35)</ br>    at Module._compile (internal/modules/cjs/loader.js:1138:30)</ br>    at Object.Module._extensions..js (internal/modules/cjs/loader.js:1158:10)</ br>    at Module.load (internal/modules/cjs/loader.js:986:32)</ br>    at Function.Module._load (internal/modules/cjs/loader.js:879:14)</ br>    at Function.executeUserEntryPoint [as runMain] (internal/modules/run_main.js:71:12)</ br>    at internal/main/run_main_module.js:17:47</ br> Use --force to continue.[39m</ br></ br>[31mAborted due to warnings.[39m</ br>npm ERR! code ELIFECYCLE</ br>npm ERR! errno 6</ br>npm ERR! he@1.2.0 build: `grunt build`</ br>npm ERR! Exit status 6</ br>npm ERR! </ br>npm ERR! Failed at the he@1.2.0 build script.</ br>npm ERR! This is probably not a problem with npm. There is likely additional logging output above.</ br></ br>npm ERR! A complete log of this run can be found in:</ br>npm ERR!     C:\Users\asefk\AppData\Roaming\npm-cache\_logs\2020-09-05T08_23_52_498Z-debug.log</ br>
0.1.6	0.4.5	1.3.2	1.3.1	0.2.3	0.4.5	1.3.0	4.17.20	1.5.0	1.11.0	1.3.3	1.3.0	2.3.6	3.0.3	</ br>> he@1.2.0 build C:\Mahir\VT\Research\npm-package-coupling\sources\dataset\he</ br>> grunt build</ br></ br>[4mRunning "shell:process-data" (shell) task[24m</ br>C:\Mahir\VT\Research\npm-package-coupling\sources\dataset\he\node_modules\sort-object\index.js:71</ br>    var k = get(sortBy, key)[j++];</ br>                            ^</ br></ br>TypeError: Cannot read property '0' of undefined</ br>    at sort (C:\Mahir\VT\Research\npm-package-coupling\sources\dataset\he\node_modules\sort-object\index.js:71:29)</ br>    at Object.<anonymous> (C:\Mahir\VT\Research\npm-package-coupling\sources\dataset\he\scripts\process-data.js:96:35)</ br>    at Module._compile (internal/modules/cjs/loader.js:1138:30)</ br>    at Object.Module._extensions..js (internal/modules/cjs/loader.js:1158:10)</ br>    at Module.load (internal/modules/cjs/loader.js:986:32)</ br>    at Function.Module._load (internal/modules/cjs/loader.js:879:14)</ br>    at Function.executeUserEntryPoint [as runMain] (internal/modules/run_main.js:71:12)</ br>    at internal/main/run_main_module.js:17:47</ br>[33mWarning: Command failed: node scripts/process-data.js</ br>C:\Mahir\VT\Research\npm-package-coupling\sources\dataset\he\node_modules\sort-object\index.js:71</ br>    var k = get(sortBy, key)[j++];</ br>                            ^</ br></ br>TypeError: Cannot read property '0' of undefined</ br>    at sort (C:\Mahir\VT\Research\npm-package-coupling\sources\dataset\he\node_modules\sort-object\index.js:71:29)</ br>    at Object.<anonymous> (C:\Mahir\VT\Research\npm-package-coupling\sources\dataset\he\scripts\process-data.js:96:35)</ br>    at Module._compile (internal/modules/cjs/loader.js:1138:30)</ br>    at Object.Module._extensions..js (internal/modules/cjs/loader.js:1158:10)</ br>    at Module.load (internal/modules/cjs/loader.js:986:32)</ br>    at Function.Module._load (internal/modules/cjs/loader.js:879:14)</ br>    at Function.executeUserEntryPoint [as runMain] (internal/modules/run_main.js:71:12)</ br>    at internal/main/run_main_module.js:17:47</ br> Use --force to continue.[39m</ br></ br>[31mAborted due to warnings.[39m</ br>npm ERR! code ELIFECYCLE</ br>npm ERR! errno 6</ br>npm ERR! he@1.2.0 build: `grunt build`</ br>npm ERR! Exit status 6</ br>npm ERR! </ br>npm ERR! Failed at the he@1.2.0 build script.</ br>npm ERR! This is probably not a problem with npm. There is likely additional logging output above.</ br></ br>npm ERR! A complete log of this run can be found in:</ br>npm ERR!     C:\Users\asefk\AppData\Roaming\npm-cache\_logs\2020-09-05T08_24_25_179Z-debug.log</ br>
0.1.6	0.4.5	1.3.2	1.3.1	0.2.3	0.4.5	1.3.0	4.17.20	1.5.0	1.11.0	1.3.1	1.3.0	2.3.6	3.0.3	</ br>> he@1.2.0 build C:\Mahir\VT\Research\npm-package-coupling\sources\dataset\he</ br>> grunt build</ br></ br>[4mRunning "shell:process-data" (shell) task[24m</ br>C:\Mahir\VT\Research\npm-package-coupling\sources\dataset\he\node_modules\sort-object\index.js:71</ br>    var k = get(sortBy, key)[j++];</ br>                            ^</ br></ br>TypeError: Cannot read property '0' of undefined</ br>    at sort (C:\Mahir\VT\Research\npm-package-coupling\sources\dataset\he\node_modules\sort-object\index.js:71:29)</ br>    at Object.<anonymous> (C:\Mahir\VT\Research\npm-package-coupling\sources\dataset\he\scripts\process-data.js:96:35)</ br>    at Module._compile (internal/modules/cjs/loader.js:1138:30)</ br>    at Object.Module._extensions..js (internal/modules/cjs/loader.js:1158:10)</ br>    at Module.load (internal/modules/cjs/loader.js:986:32)</ br>    at Function.Module._load (internal/modules/cjs/loader.js:879:14)</ br>    at Function.executeUserEntryPoint [as runMain] (internal/modules/run_main.js:71:12)</ br>    at internal/main/run_main_module.js:17:47</ br>[33mWarning: Command failed: node scripts/process-data.js</ br>C:\Mahir\VT\Research\npm-package-coupling\sources\dataset\he\node_modules\sort-object\index.js:71</ br>    var k = get(sortBy, key)[j++];</ br>                            ^</ br></ br>TypeError: Cannot read property '0' of undefined</ br>    at sort (C:\Mahir\VT\Research\npm-package-coupling\sources\dataset\he\node_modules\sort-object\index.js:71:29)</ br>    at Object.<anonymous> (C:\Mahir\VT\Research\npm-package-coupling\sources\dataset\he\scripts\process-data.js:96:35)</ br>    at Module._compile (internal/modules/cjs/loader.js:1138:30)</ br>    at Object.Module._extensions..js (internal/modules/cjs/loader.js:1158:10)</ br>    at Module.load (internal/modules/cjs/loader.js:986:32)</ br>    at Function.Module._load (internal/modules/cjs/loader.js:879:14)</ br>    at Function.executeUserEntryPoint [as runMain] (internal/modules/run_main.js:71:12)</ br>    at internal/main/run_main_module.js:17:47</ br> Use --force to continue.[39m</ br></ br>[31mAborted due to warnings.[39m</ br>npm ERR! code ELIFECYCLE</ br>npm ERR! errno 6</ br>npm ERR! he@1.2.0 build: `grunt build`</ br>npm ERR! Exit status 6</ br>npm ERR! </ br>npm ERR! Failed at the he@1.2.0 build script.</ br>npm ERR! This is probably not a problem with npm. There is likely additional logging output above.</ br></ br>npm ERR! A complete log of this run can be found in:</ br>npm ERR!     C:\Users\asefk\AppData\Roaming\npm-cache\_logs\2020-09-05T08_24_57_280Z-debug.log</ br>
0.1.6	0.4.5	1.3.2	1.3.1	0.2.3	0.4.5	1.3.0	4.16.6	1.5.0	1.11.0	1.4.1	1.3.0	2.3.6	3.0.3	</ br>> he@1.2.0 build C:\Mahir\VT\Research\npm-package-coupling\sources\dataset\he</ br>> grunt build</ br></ br>[4mRunning "shell:process-data" (shell) task[24m</ br>C:\Mahir\VT\Research\npm-package-coupling\sources\dataset\he\node_modules\sort-object\index.js:71</ br>    var k = get(sortBy, key)[j++];</ br>                            ^</ br></ br>TypeError: Cannot read property '0' of undefined</ br>    at sort (C:\Mahir\VT\Research\npm-package-coupling\sources\dataset\he\node_modules\sort-object\index.js:71:29)</ br>    at Object.<anonymous> (C:\Mahir\VT\Research\npm-package-coupling\sources\dataset\he\scripts\process-data.js:96:35)</ br>    at Module._compile (internal/modules/cjs/loader.js:1138:30)</ br>    at Object.Module._extensions..js (internal/modules/cjs/loader.js:1158:10)</ br>    at Module.load (internal/modules/cjs/loader.js:986:32)</ br>    at Function.Module._load (internal/modules/cjs/loader.js:879:14)</ br>    at Function.executeUserEntryPoint [as runMain] (internal/modules/run_main.js:71:12)</ br>    at internal/main/run_main_module.js:17:47</ br>[33mWarning: Command failed: node scripts/process-data.js</ br>C:\Mahir\VT\Research\npm-package-coupling\sources\dataset\he\node_modules\sort-object\index.js:71</ br>    var k = get(sortBy, key)[j++];</ br>                            ^</ br></ br>TypeError: Cannot read property '0' of undefined</ br>    at sort (C:\Mahir\VT\Research\npm-package-coupling\sources\dataset\he\node_modules\sort-object\index.js:71:29)</ br>    at Object.<anonymous> (C:\Mahir\VT\Research\npm-package-coupling\sources\dataset\he\scripts\process-data.js:96:35)</ br>    at Module._compile (internal/modules/cjs/loader.js:1138:30)</ br>    at Object.Module._extensions..js (internal/modules/cjs/loader.js:1158:10)</ br>    at Module.load (internal/modules/cjs/loader.js:986:32)</ br>    at Function.Module._load (internal/modules/cjs/loader.js:879:14)</ br>    at Function.executeUserEntryPoint [as runMain] (internal/modules/run_main.js:71:12)</ br>    at internal/main/run_main_module.js:17:47</ br> Use --force to continue.[39m</ br></ br>[31mAborted due to warnings.[39m</ br>npm ERR! code ELIFECYCLE</ br>npm ERR! errno 6</ br>npm ERR! he@1.2.0 build: `grunt build`</ br>npm ERR! Exit status 6</ br>npm ERR! </ br>npm ERR! Failed at the he@1.2.0 build script.</ br>npm ERR! This is probably not a problem with npm. There is likely additional logging output above.</ br></ br>npm ERR! A complete log of this run can be found in:</ br>npm ERR!     C:\Users\asefk\AppData\Roaming\npm-cache\_logs\2020-09-05T08_25_30_141Z-debug.log</ br>
0.1.6	0.4.5	1.3.2	1.3.1	0.2.3	0.4.5	1.3.0	4.13.0	1.5.0	1.11.0	1.4.1	1.3.0	2.3.6	3.0.3	</ br>> he@1.2.0 build C:\Mahir\VT\Research\npm-package-coupling\sources\dataset\he</ br>> grunt build</ br></ br>[4mRunning "shell:process-data" (shell) task[24m</ br>C:\Mahir\VT\Research\npm-package-coupling\sources\dataset\he\node_modules\sort-object\index.js:71</ br>    var k = get(sortBy, key)[j++];</ br>                            ^</ br></ br>TypeError: Cannot read property '0' of undefined</ br>    at sort (C:\Mahir\VT\Research\npm-package-coupling\sources\dataset\he\node_modules\sort-object\index.js:71:29)</ br>    at Object.<anonymous> (C:\Mahir\VT\Research\npm-package-coupling\sources\dataset\he\scripts\process-data.js:96:35)</ br>    at Module._compile (internal/modules/cjs/loader.js:1138:30)</ br>    at Object.Module._extensions..js (internal/modules/cjs/loader.js:1158:10)</ br>    at Module.load (internal/modules/cjs/loader.js:986:32)</ br>    at Function.Module._load (internal/modules/cjs/loader.js:879:14)</ br>    at Function.executeUserEntryPoint [as runMain] (internal/modules/run_main.js:71:12)</ br>    at internal/main/run_main_module.js:17:47</ br>[33mWarning: Command failed: node scripts/process-data.js</ br>C:\Mahir\VT\Research\npm-package-coupling\sources\dataset\he\node_modules\sort-object\index.js:71</ br>    var k = get(sortBy, key)[j++];</ br>                            ^</ br></ br>TypeError: Cannot read property '0' of undefined</ br>    at sort (C:\Mahir\VT\Research\npm-package-coupling\sources\dataset\he\node_modules\sort-object\index.js:71:29)</ br>    at Object.<anonymous> (C:\Mahir\VT\Research\npm-package-coupling\sources\dataset\he\scripts\process-data.js:96:35)</ br>    at Module._compile (internal/modules/cjs/loader.js:1138:30)</ br>    at Object.Module._extensions..js (internal/modules/cjs/loader.js:1158:10)</ br>    at Module.load (internal/modules/cjs/loader.js:986:32)</ br>    at Function.Module._load (internal/modules/cjs/loader.js:879:14)</ br>    at Function.executeUserEntryPoint [as runMain] (internal/modules/run_main.js:71:12)</ br>    at internal/main/run_main_module.js:17:47</ br> Use --force to continue.[39m</ br></ br>[31mAborted due to warnings.[39m</ br>npm ERR! code ELIFECYCLE</ br>npm ERR! errno 6</ br>npm ERR! he@1.2.0 build: `grunt build`</ br>npm ERR! Exit status 6</ br>npm ERR! </ br>npm ERR! Failed at the he@1.2.0 build script.</ br>npm ERR! This is probably not a problem with npm. There is likely additional logging output above.</ br></ br>npm ERR! A complete log of this run can be found in:</ br>npm ERR!     C:\Users\asefk\AppData\Roaming\npm-cache\_logs\2020-09-05T08_26_02_292Z-debug.log</ br>
0.1.6	0.4.5	1.3.2	1.3.1	0.2.3	0.4.5	1.3.0	4.17.20	1.5.0	1.11.0	1.4.1	1.3.0	2.3.6	3.0.2	</ br>> he@1.2.0 build C:\Mahir\VT\Research\npm-package-coupling\sources\dataset\he</ br>> grunt build</ br></ br>[4mRunning "shell:process-data" (shell) task[24m</ br></ br>[4mRunning "template:build-he" (template) task[24m</ br>File `he.js` created.</ br></ br>[4mRunning "template:build-tests" (template) task[24m</ br>File `tests/tests.js` created.</ br></ br>[4mRunning "shell:test-node" (shell) task[24m</ br>"Testing in Node..."; node "tests/tests.js"</ br></ br>[32mDone, without errors.[39m</ br>
0.1.6	0.4.5	1.3.2	1.3.1	0.2.3	0.4.5	1.2.0	4.17.20	1.5.0	1.11.0	1.4.1	1.3.0	2.3.6	3.0.3	</ br>> he@1.2.0 build C:\Mahir\VT\Research\npm-package-coupling\sources\dataset\he</ br>> grunt build</ br></ br>[4mRunning "shell:process-data" (shell) task[24m</ br>C:\Mahir\VT\Research\npm-package-coupling\sources\dataset\he\node_modules\sort-object\index.js:71</ br>    var k = get(sortBy, key)[j++];</ br>                            ^</ br></ br>TypeError: Cannot read property '0' of undefined</ br>    at sort (C:\Mahir\VT\Research\npm-package-coupling\sources\dataset\he\node_modules\sort-object\index.js:71:29)</ br>    at Object.<anonymous> (C:\Mahir\VT\Research\npm-package-coupling\sources\dataset\he\scripts\process-data.js:96:35)</ br>    at Module._compile (internal/modules/cjs/loader.js:1138:30)</ br>    at Object.Module._extensions..js (internal/modules/cjs/loader.js:1158:10)</ br>    at Module.load (internal/modules/cjs/loader.js:986:32)</ br>    at Function.Module._load (internal/modules/cjs/loader.js:879:14)</ br>    at Function.executeUserEntryPoint [as runMain] (internal/modules/run_main.js:71:12)</ br>    at internal/main/run_main_module.js:17:47</ br>[33mWarning: Command failed: node scripts/process-data.js</ br>C:\Mahir\VT\Research\npm-package-coupling\sources\dataset\he\node_modules\sort-object\index.js:71</ br>    var k = get(sortBy, key)[j++];</ br>                            ^</ br></ br>TypeError: Cannot read property '0' of undefined</ br>    at sort (C:\Mahir\VT\Research\npm-package-coupling\sources\dataset\he\node_modules\sort-object\index.js:71:29)</ br>    at Object.<anonymous> (C:\Mahir\VT\Research\npm-package-coupling\sources\dataset\he\scripts\process-data.js:96:35)</ br>    at Module._compile (internal/modules/cjs/loader.js:1138:30)</ br>    at Object.Module._extensions..js (internal/modules/cjs/loader.js:1158:10)</ br>    at Module.load (internal/modules/cjs/loader.js:986:32)</ br>    at Function.Module._load (internal/modules/cjs/loader.js:879:14)</ br>    at Function.executeUserEntryPoint [as runMain] (internal/modules/run_main.js:71:12)</ br>    at internal/main/run_main_module.js:17:47</ br> Use --force to continue.[39m</ br></ br>[31mAborted due to warnings.[39m</ br>npm ERR! code ELIFECYCLE</ br>npm ERR! errno 6</ br>npm ERR! he@1.2.0 build: `grunt build`</ br>npm ERR! Exit status 6</ br>npm ERR! </ br>npm ERR! Failed at the he@1.2.0 build script.</ br>npm ERR! This is probably not a problem with npm. There is likely additional logging output above.</ br></ br>npm ERR! A complete log of this run can be found in:</ br>npm ERR!     C:\Users\asefk\AppData\Roaming\npm-cache\_logs\2020-09-05T08_27_07_391Z-debug.log</ br>
0.1.6	0.4.5	1.3.2	1.3.1	0.2.3	0.4.5	1.3.0	4.17.15	1.5.0	1.11.0	1.4.1	1.3.0	2.3.6	3.0.3	</ br>> he@1.2.0 build C:\Mahir\VT\Research\npm-package-coupling\sources\dataset\he</ br>> grunt build</ br></ br>[4mRunning "shell:process-data" (shell) task[24m</ br>C:\Mahir\VT\Research\npm-package-coupling\sources\dataset\he\node_modules\sort-object\index.js:71</ br>    var k = get(sortBy, key)[j++];</ br>                            ^</ br></ br>TypeError: Cannot read property '0' of undefined</ br>    at sort (C:\Mahir\VT\Research\npm-package-coupling\sources\dataset\he\node_modules\sort-object\index.js:71:29)</ br>    at Object.<anonymous> (C:\Mahir\VT\Research\npm-package-coupling\sources\dataset\he\scripts\process-data.js:96:35)</ br>    at Module._compile (internal/modules/cjs/loader.js:1138:30)</ br>    at Object.Module._extensions..js (internal/modules/cjs/loader.js:1158:10)</ br>    at Module.load (internal/modules/cjs/loader.js:986:32)</ br>    at Function.Module._load (internal/modules/cjs/loader.js:879:14)</ br>    at Function.executeUserEntryPoint [as runMain] (internal/modules/run_main.js:71:12)</ br>    at internal/main/run_main_module.js:17:47</ br>[33mWarning: Command failed: node scripts/process-data.js</ br>C:\Mahir\VT\Research\npm-package-coupling\sources\dataset\he\node_modules\sort-object\index.js:71</ br>    var k = get(sortBy, key)[j++];</ br>                            ^</ br></ br>TypeError: Cannot read property '0' of undefined</ br>    at sort (C:\Mahir\VT\Research\npm-package-coupling\sources\dataset\he\node_modules\sort-object\index.js:71:29)</ br>    at Object.<anonymous> (C:\Mahir\VT\Research\npm-package-coupling\sources\dataset\he\scripts\process-data.js:96:35)</ br>    at Module._compile (internal/modules/cjs/loader.js:1138:30)</ br>    at Object.Module._extensions..js (internal/modules/cjs/loader.js:1158:10)</ br>    at Module.load (internal/modules/cjs/loader.js:986:32)</ br>    at Function.Module._load (internal/modules/cjs/loader.js:879:14)</ br>    at Function.executeUserEntryPoint [as runMain] (internal/modules/run_main.js:71:12)</ br>    at internal/main/run_main_module.js:17:47</ br> Use --force to continue.[39m</ br></ br>[31mAborted due to warnings.[39m</ br>npm ERR! code ELIFECYCLE</ br>npm ERR! errno 6</ br>npm ERR! he@1.2.0 build: `grunt build`</ br>npm ERR! Exit status 6</ br>npm ERR! </ br>npm ERR! Failed at the he@1.2.0 build script.</ br>npm ERR! This is probably not a problem with npm. There is likely additional logging output above.</ br></ br>npm ERR! A complete log of this run can be found in:</ br>npm ERR!     C:\Users\asefk\AppData\Roaming\npm-cache\_logs\2020-09-05T08_27_39_967Z-debug.log</ br>
0.1.6	0.4.5	1.3.2	1.3.1	0.2.3	0.4.5	1.3.0	4.17.19	1.5.0	1.11.0	1.4.1	1.3.0	2.3.6	3.0.3	</ br>> he@1.2.0 build C:\Mahir\VT\Research\npm-package-coupling\sources\dataset\he</ br>> grunt build</ br></ br>[4mRunning "shell:process-data" (shell) task[24m</ br>C:\Mahir\VT\Research\npm-package-coupling\sources\dataset\he\node_modules\sort-object\index.js:71</ br>    var k = get(sortBy, key)[j++];</ br>                            ^</ br></ br>TypeError: Cannot read property '0' of undefined</ br>    at sort (C:\Mahir\VT\Research\npm-package-coupling\sources\dataset\he\node_modules\sort-object\index.js:71:29)</ br>    at Object.<anonymous> (C:\Mahir\VT\Research\npm-package-coupling\sources\dataset\he\scripts\process-data.js:96:35)</ br>    at Module._compile (internal/modules/cjs/loader.js:1138:30)</ br>    at Object.Module._extensions..js (internal/modules/cjs/loader.js:1158:10)</ br>    at Module.load (internal/modules/cjs/loader.js:986:32)</ br>    at Function.Module._load (internal/modules/cjs/loader.js:879:14)</ br>    at Function.executeUserEntryPoint [as runMain] (internal/modules/run_main.js:71:12)</ br>    at internal/main/run_main_module.js:17:47</ br>[33mWarning: Command failed: node scripts/process-data.js</ br>C:\Mahir\VT\Research\npm-package-coupling\sources\dataset\he\node_modules\sort-object\index.js:71</ br>    var k = get(sortBy, key)[j++];</ br>                            ^</ br></ br>TypeError: Cannot read property '0' of undefined</ br>    at sort (C:\Mahir\VT\Research\npm-package-coupling\sources\dataset\he\node_modules\sort-object\index.js:71:29)</ br>    at Object.<anonymous> (C:\Mahir\VT\Research\npm-package-coupling\sources\dataset\he\scripts\process-data.js:96:35)</ br>    at Module._compile (internal/modules/cjs/loader.js:1138:30)</ br>    at Object.Module._extensions..js (internal/modules/cjs/loader.js:1158:10)</ br>    at Module.load (internal/modules/cjs/loader.js:986:32)</ br>    at Function.Module._load (internal/modules/cjs/loader.js:879:14)</ br>    at Function.executeUserEntryPoint [as runMain] (internal/modules/run_main.js:71:12)</ br>    at internal/main/run_main_module.js:17:47</ br> Use --force to continue.[39m</ br></ br>[31mAborted due to warnings.[39m</ br>npm ERR! code ELIFECYCLE</ br>npm ERR! errno 6</ br>npm ERR! he@1.2.0 build: `grunt build`</ br>npm ERR! Exit status 6</ br>npm ERR! </ br>npm ERR! Failed at the he@1.2.0 build script.</ br>npm ERR! This is probably not a problem with npm. There is likely additional logging output above.</ br></ br>npm ERR! A complete log of this run can be found in:</ br>npm ERR!     C:\Users\asefk\AppData\Roaming\npm-cache\_logs\2020-09-05T08_28_11_968Z-debug.log</ br>
0.1.6	0.4.5	1.3.2	1.3.1	0.2.3	0.4.5	1.3.0	4.16.5	1.5.0	1.11.0	1.4.1	1.3.0	2.3.6	3.0.3	</ br>> he@1.2.0 build C:\Mahir\VT\Research\npm-package-coupling\sources\dataset\he</ br>> grunt build</ br></ br>[4mRunning "shell:process-data" (shell) task[24m</ br>C:\Mahir\VT\Research\npm-package-coupling\sources\dataset\he\node_modules\sort-object\index.js:71</ br>    var k = get(sortBy, key)[j++];</ br>                            ^</ br></ br>TypeError: Cannot read property '0' of undefined</ br>    at sort (C:\Mahir\VT\Research\npm-package-coupling\sources\dataset\he\node_modules\sort-object\index.js:71:29)</ br>    at Object.<anonymous> (C:\Mahir\VT\Research\npm-package-coupling\sources\dataset\he\scripts\process-data.js:96:35)</ br>    at Module._compile (internal/modules/cjs/loader.js:1138:30)</ br>    at Object.Module._extensions..js (internal/modules/cjs/loader.js:1158:10)</ br>    at Module.load (internal/modules/cjs/loader.js:986:32)</ br>    at Function.Module._load (internal/modules/cjs/loader.js:879:14)</ br>    at Function.executeUserEntryPoint [as runMain] (internal/modules/run_main.js:71:12)</ br>    at internal/main/run_main_module.js:17:47</ br>[33mWarning: Command failed: node scripts/process-data.js</ br>C:\Mahir\VT\Research\npm-package-coupling\sources\dataset\he\node_modules\sort-object\index.js:71</ br>    var k = get(sortBy, key)[j++];</ br>                            ^</ br></ br>TypeError: Cannot read property '0' of undefined</ br>    at sort (C:\Mahir\VT\Research\npm-package-coupling\sources\dataset\he\node_modules\sort-object\index.js:71:29)</ br>    at Object.<anonymous> (C:\Mahir\VT\Research\npm-package-coupling\sources\dataset\he\scripts\process-data.js:96:35)</ br>    at Module._compile (internal/modules/cjs/loader.js:1138:30)</ br>    at Object.Module._extensions..js (internal/modules/cjs/loader.js:1158:10)</ br>    at Module.load (internal/modules/cjs/loader.js:986:32)</ br>    at Function.Module._load (internal/modules/cjs/loader.js:879:14)</ br>    at Function.executeUserEntryPoint [as runMain] (internal/modules/run_main.js:71:12)</ br>    at internal/main/run_main_module.js:17:47</ br> Use --force to continue.[39m</ br></ br>[31mAborted due to warnings.[39m</ br>npm ERR! code ELIFECYCLE</ br>npm ERR! errno 6</ br>npm ERR! he@1.2.0 build: `grunt build`</ br>npm ERR! Exit status 6</ br>npm ERR! </ br>npm ERR! Failed at the he@1.2.0 build script.</ br>npm ERR! This is probably not a problem with npm. There is likely additional logging output above.</ br></ br>npm ERR! A complete log of this run can be found in:</ br>npm ERR!     C:\Users\asefk\AppData\Roaming\npm-cache\_logs\2020-09-05T08_28_44_188Z-debug.log</ br>
0.1.6	0.4.5	1.3.2	1.3.1	0.2.3	0.4.5	1.3.0	4.17.11	1.5.0	1.11.0	1.4.1	1.3.0	2.3.6	3.0.3	</ br>> he@1.2.0 build C:\Mahir\VT\Research\npm-package-coupling\sources\dataset\he</ br>> grunt build</ br></ br>[4mRunning "shell:process-data" (shell) task[24m</ br>C:\Mahir\VT\Research\npm-package-coupling\sources\dataset\he\node_modules\sort-object\index.js:71</ br>    var k = get(sortBy, key)[j++];</ br>                            ^</ br></ br>TypeError: Cannot read property '0' of undefined</ br>    at sort (C:\Mahir\VT\Research\npm-package-coupling\sources\dataset\he\node_modules\sort-object\index.js:71:29)</ br>    at Object.<anonymous> (C:\Mahir\VT\Research\npm-package-coupling\sources\dataset\he\scripts\process-data.js:96:35)</ br>    at Module._compile (internal/modules/cjs/loader.js:1138:30)</ br>    at Object.Module._extensions..js (internal/modules/cjs/loader.js:1158:10)</ br>    at Module.load (internal/modules/cjs/loader.js:986:32)</ br>    at Function.Module._load (internal/modules/cjs/loader.js:879:14)</ br>    at Function.executeUserEntryPoint [as runMain] (internal/modules/run_main.js:71:12)</ br>    at internal/main/run_main_module.js:17:47</ br>[33mWarning: Command failed: node scripts/process-data.js</ br>C:\Mahir\VT\Research\npm-package-coupling\sources\dataset\he\node_modules\sort-object\index.js:71</ br>    var k = get(sortBy, key)[j++];</ br>                            ^</ br></ br>TypeError: Cannot read property '0' of undefined</ br>    at sort (C:\Mahir\VT\Research\npm-package-coupling\sources\dataset\he\node_modules\sort-object\index.js:71:29)</ br>    at Object.<anonymous> (C:\Mahir\VT\Research\npm-package-coupling\sources\dataset\he\scripts\process-data.js:96:35)</ br>    at Module._compile (internal/modules/cjs/loader.js:1138:30)</ br>    at Object.Module._extensions..js (internal/modules/cjs/loader.js:1158:10)</ br>    at Module.load (internal/modules/cjs/loader.js:986:32)</ br>    at Function.Module._load (internal/modules/cjs/loader.js:879:14)</ br>    at Function.executeUserEntryPoint [as runMain] (internal/modules/run_main.js:71:12)</ br>    at internal/main/run_main_module.js:17:47</ br> Use --force to continue.[39m</ br></ br>[31mAborted due to warnings.[39m</ br>npm ERR! code ELIFECYCLE</ br>npm ERR! errno 6</ br>npm ERR! he@1.2.0 build: `grunt build`</ br>npm ERR! Exit status 6</ br>npm ERR! </ br>npm ERR! Failed at the he@1.2.0 build script.</ br>npm ERR! This is probably not a problem with npm. There is likely additional logging output above.</ br></ br>npm ERR! A complete log of this run can be found in:</ br>npm ERR!     C:\Users\asefk\AppData\Roaming\npm-cache\_logs\2020-09-05T08_29_16_868Z-debug.log</ br>
0.1.6	0.4.5	1.3.2	1.3.1	0.2.3	0.4.5	1.3.0	4.10.0	1.5.0	1.11.0	1.4.1	1.3.0	2.3.6	3.0.3	</ br>> he@1.2.0 build C:\Mahir\VT\Research\npm-package-coupling\sources\dataset\he</ br>> grunt build</ br></ br>[4mRunning "shell:process-data" (shell) task[24m</ br>C:\Mahir\VT\Research\npm-package-coupling\sources\dataset\he\node_modules\sort-object\index.js:71</ br>    var k = get(sortBy, key)[j++];</ br>                            ^</ br></ br>TypeError: Cannot read property '0' of undefined</ br>    at sort (C:\Mahir\VT\Research\npm-package-coupling\sources\dataset\he\node_modules\sort-object\index.js:71:29)</ br>    at Object.<anonymous> (C:\Mahir\VT\Research\npm-package-coupling\sources\dataset\he\scripts\process-data.js:96:35)</ br>    at Module._compile (internal/modules/cjs/loader.js:1138:30)</ br>    at Object.Module._extensions..js (internal/modules/cjs/loader.js:1158:10)</ br>    at Module.load (internal/modules/cjs/loader.js:986:32)</ br>    at Function.Module._load (internal/modules/cjs/loader.js:879:14)</ br>    at Function.executeUserEntryPoint [as runMain] (internal/modules/run_main.js:71:12)</ br>    at internal/main/run_main_module.js:17:47</ br>[33mWarning: Command failed: node scripts/process-data.js</ br>C:\Mahir\VT\Research\npm-package-coupling\sources\dataset\he\node_modules\sort-object\index.js:71</ br>    var k = get(sortBy, key)[j++];</ br>                            ^</ br></ br>TypeError: Cannot read property '0' of undefined</ br>    at sort (C:\Mahir\VT\Research\npm-package-coupling\sources\dataset\he\node_modules\sort-object\index.js:71:29)</ br>    at Object.<anonymous> (C:\Mahir\VT\Research\npm-package-coupling\sources\dataset\he\scripts\process-data.js:96:35)</ br>    at Module._compile (internal/modules/cjs/loader.js:1138:30)</ br>    at Object.Module._extensions..js (internal/modules/cjs/loader.js:1158:10)</ br>    at Module.load (internal/modules/cjs/loader.js:986:32)</ br>    at Function.Module._load (internal/modules/cjs/loader.js:879:14)</ br>    at Function.executeUserEntryPoint [as runMain] (internal/modules/run_main.js:71:12)</ br>    at internal/main/run_main_module.js:17:47</ br> Use --force to continue.[39m</ br></ br>[31mAborted due to warnings.[39m</ br>npm ERR! code ELIFECYCLE</ br>npm ERR! errno 6</ br>npm ERR! he@1.2.0 build: `grunt build`</ br>npm ERR! Exit status 6</ br>npm ERR! </ br>npm ERR! Failed at the he@1.2.0 build script.</ br>npm ERR! This is probably not a problem with npm. There is likely additional logging output above.</ br></ br>npm ERR! A complete log of this run can be found in:</ br>npm ERR!     C:\Users\asefk\AppData\Roaming\npm-cache\_logs\2020-09-05T08_29_48_986Z-debug.log</ br>
0.1.6	0.4.5	1.3.2	1.3.1	0.2.3	0.4.5	1.3.0	4.17.4	1.5.0	1.11.0	1.4.1	1.3.0	2.3.6	3.0.3	</ br>> he@1.2.0 build C:\Mahir\VT\Research\npm-package-coupling\sources\dataset\he</ br>> grunt build</ br></ br>[4mRunning "shell:process-data" (shell) task[24m</ br>C:\Mahir\VT\Research\npm-package-coupling\sources\dataset\he\node_modules\sort-object\index.js:71</ br>    var k = get(sortBy, key)[j++];</ br>                            ^</ br></ br>TypeError: Cannot read property '0' of undefined</ br>    at sort (C:\Mahir\VT\Research\npm-package-coupling\sources\dataset\he\node_modules\sort-object\index.js:71:29)</ br>    at Object.<anonymous> (C:\Mahir\VT\Research\npm-package-coupling\sources\dataset\he\scripts\process-data.js:96:35)</ br>    at Module._compile (internal/modules/cjs/loader.js:1138:30)</ br>    at Object.Module._extensions..js (internal/modules/cjs/loader.js:1158:10)</ br>    at Module.load (internal/modules/cjs/loader.js:986:32)</ br>    at Function.Module._load (internal/modules/cjs/loader.js:879:14)</ br>    at Function.executeUserEntryPoint [as runMain] (internal/modules/run_main.js:71:12)</ br>    at internal/main/run_main_module.js:17:47</ br>[33mWarning: Command failed: node scripts/process-data.js</ br>C:\Mahir\VT\Research\npm-package-coupling\sources\dataset\he\node_modules\sort-object\index.js:71</ br>    var k = get(sortBy, key)[j++];</ br>                            ^</ br></ br>TypeError: Cannot read property '0' of undefined</ br>    at sort (C:\Mahir\VT\Research\npm-package-coupling\sources\dataset\he\node_modules\sort-object\index.js:71:29)</ br>    at Object.<anonymous> (C:\Mahir\VT\Research\npm-package-coupling\sources\dataset\he\scripts\process-data.js:96:35)</ br>    at Module._compile (internal/modules/cjs/loader.js:1138:30)</ br>    at Object.Module._extensions..js (internal/modules/cjs/loader.js:1158:10)</ br>    at Module.load (internal/modules/cjs/loader.js:986:32)</ br>    at Function.Module._load (internal/modules/cjs/loader.js:879:14)</ br>    at Function.executeUserEntryPoint [as runMain] (internal/modules/run_main.js:71:12)</ br>    at internal/main/run_main_module.js:17:47</ br> Use --force to continue.[39m</ br></ br>[31mAborted due to warnings.[39m</ br>npm ERR! code ELIFECYCLE</ br>npm ERR! errno 6</ br>npm ERR! he@1.2.0 build: `grunt build`</ br>npm ERR! Exit status 6</ br>npm ERR! </ br>npm ERR! Failed at the he@1.2.0 build script.</ br>npm ERR! This is probably not a problem with npm. There is likely additional logging output above.</ br></ br>npm ERR! A complete log of this run can be found in:</ br>npm ERR!     C:\Users\asefk\AppData\Roaming\npm-cache\_logs\2020-09-05T08_30_23_102Z-debug.log</ br>
0.1.6	0.4.5	1.3.2	1.3.1	0.2.3	0.4.5	1.3.0	4.15.0	1.5.0	1.11.0	1.4.1	1.3.0	2.3.6	3.0.3	</ br>> he@1.2.0 build C:\Mahir\VT\Research\npm-package-coupling\sources\dataset\he</ br>> grunt build</ br></ br>[4mRunning "shell:process-data" (shell) task[24m</ br>C:\Mahir\VT\Research\npm-package-coupling\sources\dataset\he\node_modules\sort-object\index.js:71</ br>    var k = get(sortBy, key)[j++];</ br>                            ^</ br></ br>TypeError: Cannot read property '0' of undefined</ br>    at sort (C:\Mahir\VT\Research\npm-package-coupling\sources\dataset\he\node_modules\sort-object\index.js:71:29)</ br>    at Object.<anonymous> (C:\Mahir\VT\Research\npm-package-coupling\sources\dataset\he\scripts\process-data.js:96:35)</ br>    at Module._compile (internal/modules/cjs/loader.js:1138:30)</ br>    at Object.Module._extensions..js (internal/modules/cjs/loader.js:1158:10)</ br>    at Module.load (internal/modules/cjs/loader.js:986:32)</ br>    at Function.Module._load (internal/modules/cjs/loader.js:879:14)</ br>    at Function.executeUserEntryPoint [as runMain] (internal/modules/run_main.js:71:12)</ br>    at internal/main/run_main_module.js:17:47</ br>[33mWarning: Command failed: node scripts/process-data.js</ br>C:\Mahir\VT\Research\npm-package-coupling\sources\dataset\he\node_modules\sort-object\index.js:71</ br>    var k = get(sortBy, key)[j++];</ br>                            ^</ br></ br>TypeError: Cannot read property '0' of undefined</ br>    at sort (C:\Mahir\VT\Research\npm-package-coupling\sources\dataset\he\node_modules\sort-object\index.js:71:29)</ br>    at Object.<anonymous> (C:\Mahir\VT\Research\npm-package-coupling\sources\dataset\he\scripts\process-data.js:96:35)</ br>    at Module._compile (internal/modules/cjs/loader.js:1138:30)</ br>    at Object.Module._extensions..js (internal/modules/cjs/loader.js:1158:10)</ br>    at Module.load (internal/modules/cjs/loader.js:986:32)</ br>    at Function.Module._load (internal/modules/cjs/loader.js:879:14)</ br>    at Function.executeUserEntryPoint [as runMain] (internal/modules/run_main.js:71:12)</ br>    at internal/main/run_main_module.js:17:47</ br> Use --force to continue.[39m</ br></ br>[31mAborted due to warnings.[39m</ br>npm ERR! code ELIFECYCLE</ br>npm ERR! errno 6</ br>npm ERR! he@1.2.0 build: `grunt build`</ br>npm ERR! Exit status 6</ br>npm ERR! </ br>npm ERR! Failed at the he@1.2.0 build script.</ br>npm ERR! This is probably not a problem with npm. There is likely additional logging output above.</ br></ br>npm ERR! A complete log of this run can be found in:</ br>npm ERR!     C:\Users\asefk\AppData\Roaming\npm-cache\_logs\2020-09-05T08_30_55_928Z-debug.log</ br>
0.1.6	0.4.5	1.3.2	1.3.1	0.2.3	0.4.5	1.3.0	4.17.13	1.5.0	1.11.0	1.4.1	1.3.0	2.3.6	3.0.3	</ br>> he@1.2.0 build C:\Mahir\VT\Research\npm-package-coupling\sources\dataset\he</ br>> grunt build</ br></ br>[4mRunning "shell:process-data" (shell) task[24m</ br>C:\Mahir\VT\Research\npm-package-coupling\sources\dataset\he\node_modules\sort-object\index.js:71</ br>    var k = get(sortBy, key)[j++];</ br>                            ^</ br></ br>TypeError: Cannot read property '0' of undefined</ br>    at sort (C:\Mahir\VT\Research\npm-package-coupling\sources\dataset\he\node_modules\sort-object\index.js:71:29)</ br>    at Object.<anonymous> (C:\Mahir\VT\Research\npm-package-coupling\sources\dataset\he\scripts\process-data.js:96:35)</ br>    at Module._compile (internal/modules/cjs/loader.js:1138:30)</ br>    at Object.Module._extensions..js (internal/modules/cjs/loader.js:1158:10)</ br>    at Module.load (internal/modules/cjs/loader.js:986:32)</ br>    at Function.Module._load (internal/modules/cjs/loader.js:879:14)</ br>    at Function.executeUserEntryPoint [as runMain] (internal/modules/run_main.js:71:12)</ br>    at internal/main/run_main_module.js:17:47</ br>[33mWarning: Command failed: node scripts/process-data.js</ br>C:\Mahir\VT\Research\npm-package-coupling\sources\dataset\he\node_modules\sort-object\index.js:71</ br>    var k = get(sortBy, key)[j++];</ br>                            ^</ br></ br>TypeError: Cannot read property '0' of undefined</ br>    at sort (C:\Mahir\VT\Research\npm-package-coupling\sources\dataset\he\node_modules\sort-object\index.js:71:29)</ br>    at Object.<anonymous> (C:\Mahir\VT\Research\npm-package-coupling\sources\dataset\he\scripts\process-data.js:96:35)</ br>    at Module._compile (internal/modules/cjs/loader.js:1138:30)</ br>    at Object.Module._extensions..js (internal/modules/cjs/loader.js:1158:10)</ br>    at Module.load (internal/modules/cjs/loader.js:986:32)</ br>    at Function.Module._load (internal/modules/cjs/loader.js:879:14)</ br>    at Function.executeUserEntryPoint [as runMain] (internal/modules/run_main.js:71:12)</ br>    at internal/main/run_main_module.js:17:47</ br> Use --force to continue.[39m</ br></ br>[31mAborted due to warnings.[39m</ br>npm ERR! code ELIFECYCLE</ br>npm ERR! errno 6</ br>npm ERR! he@1.2.0 build: `grunt build`</ br>npm ERR! Exit status 6</ br>npm ERR! </ br>npm ERR! Failed at the he@1.2.0 build script.</ br>npm ERR! This is probably not a problem with npm. There is likely additional logging output above.</ br></ br>npm ERR! A complete log of this run can be found in:</ br>npm ERR!     C:\Users\asefk\AppData\Roaming\npm-cache\_logs\2020-09-05T08_31_28_514Z-debug.log</ br>
0.1.6	0.4.5	1.3.2	1.3.1	0.2.3	0.4.5	1.3.0	4.17.20	1.5.0	1.11.0	1.4.1	1.3.0	2.1.22	3.0.3	</ br>> he@1.2.0 build C:\Mahir\VT\Research\npm-package-coupling\sources\dataset\he</ br>> grunt build</ br></ br>[4mRunning "shell:process-data" (shell) task[24m</ br>C:\Mahir\VT\Research\npm-package-coupling\sources\dataset\he\node_modules\sort-object\index.js:71</ br>    var k = get(sortBy, key)[j++];</ br>                            ^</ br></ br>TypeError: Cannot read property '0' of undefined</ br>    at sort (C:\Mahir\VT\Research\npm-package-coupling\sources\dataset\he\node_modules\sort-object\index.js:71:29)</ br>    at Object.<anonymous> (C:\Mahir\VT\Research\npm-package-coupling\sources\dataset\he\scripts\process-data.js:96:35)</ br>    at Module._compile (internal/modules/cjs/loader.js:1138:30)</ br>    at Object.Module._extensions..js (internal/modules/cjs/loader.js:1158:10)</ br>    at Module.load (internal/modules/cjs/loader.js:986:32)</ br>    at Function.Module._load (internal/modules/cjs/loader.js:879:14)</ br>    at Function.executeUserEntryPoint [as runMain] (internal/modules/run_main.js:71:12)</ br>    at internal/main/run_main_module.js:17:47</ br>[33mWarning: Command failed: node scripts/process-data.js</ br>C:\Mahir\VT\Research\npm-package-coupling\sources\dataset\he\node_modules\sort-object\index.js:71</ br>    var k = get(sortBy, key)[j++];</ br>                            ^</ br></ br>TypeError: Cannot read property '0' of undefined</ br>    at sort (C:\Mahir\VT\Research\npm-package-coupling\sources\dataset\he\node_modules\sort-object\index.js:71:29)</ br>    at Object.<anonymous> (C:\Mahir\VT\Research\npm-package-coupling\sources\dataset\he\scripts\process-data.js:96:35)</ br>    at Module._compile (internal/modules/cjs/loader.js:1138:30)</ br>    at Object.Module._extensions..js (internal/modules/cjs/loader.js:1158:10)</ br>    at Module.load (internal/modules/cjs/loader.js:986:32)</ br>    at Function.Module._load (internal/modules/cjs/loader.js:879:14)</ br>    at Function.executeUserEntryPoint [as runMain] (internal/modules/run_main.js:71:12)</ br>    at internal/main/run_main_module.js:17:47</ br> Use --force to continue.[39m</ br></ br>[31mAborted due to warnings.[39m</ br>npm ERR! code ELIFECYCLE</ br>npm ERR! errno 6</ br>npm ERR! he@1.2.0 build: `grunt build`</ br>npm ERR! Exit status 6</ br>npm ERR! </ br>npm ERR! Failed at the he@1.2.0 build script.</ br>npm ERR! This is probably not a problem with npm. There is likely additional logging output above.</ br></ br>npm ERR! A complete log of this run can be found in:</ br>npm ERR!     C:\Users\asefk\AppData\Roaming\npm-cache\_logs\2020-09-05T08_32_00_714Z-debug.log</ br>
0.1.6	0.4.5	1.3.2	1.3.1	0.2.3	0.4.5	1.3.0	4.17.20	1.5.0	1.11.0	1.3.2	1.3.0	2.3.6	3.0.3	</ br>> he@1.2.0 build C:\Mahir\VT\Research\npm-package-coupling\sources\dataset\he</ br>> grunt build</ br></ br>[4mRunning "shell:process-data" (shell) task[24m</ br>C:\Mahir\VT\Research\npm-package-coupling\sources\dataset\he\node_modules\sort-object\index.js:71</ br>    var k = get(sortBy, key)[j++];</ br>                            ^</ br></ br>TypeError: Cannot read property '0' of undefined</ br>    at sort (C:\Mahir\VT\Research\npm-package-coupling\sources\dataset\he\node_modules\sort-object\index.js:71:29)</ br>    at Object.<anonymous> (C:\Mahir\VT\Research\npm-package-coupling\sources\dataset\he\scripts\process-data.js:96:35)</ br>    at Module._compile (internal/modules/cjs/loader.js:1138:30)</ br>    at Object.Module._extensions..js (internal/modules/cjs/loader.js:1158:10)</ br>    at Module.load (internal/modules/cjs/loader.js:986:32)</ br>    at Function.Module._load (internal/modules/cjs/loader.js:879:14)</ br>    at Function.executeUserEntryPoint [as runMain] (internal/modules/run_main.js:71:12)</ br>    at internal/main/run_main_module.js:17:47</ br>[33mWarning: Command failed: node scripts/process-data.js</ br>C:\Mahir\VT\Research\npm-package-coupling\sources\dataset\he\node_modules\sort-object\index.js:71</ br>    var k = get(sortBy, key)[j++];</ br>                            ^</ br></ br>TypeError: Cannot read property '0' of undefined</ br>    at sort (C:\Mahir\VT\Research\npm-package-coupling\sources\dataset\he\node_modules\sort-object\index.js:71:29)</ br>    at Object.<anonymous> (C:\Mahir\VT\Research\npm-package-coupling\sources\dataset\he\scripts\process-data.js:96:35)</ br>    at Module._compile (internal/modules/cjs/loader.js:1138:30)</ br>    at Object.Module._extensions..js (internal/modules/cjs/loader.js:1158:10)</ br>    at Module.load (internal/modules/cjs/loader.js:986:32)</ br>    at Function.Module._load (internal/modules/cjs/loader.js:879:14)</ br>    at Function.executeUserEntryPoint [as runMain] (internal/modules/run_main.js:71:12)</ br>    at internal/main/run_main_module.js:17:47</ br> Use --force to continue.[39m</ br></ br>[31mAborted due to warnings.[39m</ br>npm ERR! code ELIFECYCLE</ br>npm ERR! errno 6</ br>npm ERR! he@1.2.0 build: `grunt build`</ br>npm ERR! Exit status 6</ br>npm ERR! </ br>npm ERR! Failed at the he@1.2.0 build script.</ br>npm ERR! This is probably not a problem with npm. There is likely additional logging output above.</ br></ br>npm ERR! A complete log of this run can be found in:</ br>npm ERR!     C:\Users\asefk\AppData\Roaming\npm-cache\_logs\2020-09-05T08_32_33_255Z-debug.log</ br>
0.1.6	0.4.5	1.3.2	1.3.1	0.2.3	0.4.5	1.3.0	4.11.0	1.5.0	1.11.0	1.4.1	1.3.0	2.3.6	3.0.3	</ br>> he@1.2.0 build C:\Mahir\VT\Research\npm-package-coupling\sources\dataset\he</ br>> grunt build</ br></ br>[4mRunning "shell:process-data" (shell) task[24m</ br>C:\Mahir\VT\Research\npm-package-coupling\sources\dataset\he\node_modules\sort-object\index.js:71</ br>    var k = get(sortBy, key)[j++];</ br>                            ^</ br></ br>TypeError: Cannot read property '0' of undefined</ br>    at sort (C:\Mahir\VT\Research\npm-package-coupling\sources\dataset\he\node_modules\sort-object\index.js:71:29)</ br>    at Object.<anonymous> (C:\Mahir\VT\Research\npm-package-coupling\sources\dataset\he\scripts\process-data.js:96:35)</ br>    at Module._compile (internal/modules/cjs/loader.js:1138:30)</ br>    at Object.Module._extensions..js (internal/modules/cjs/loader.js:1158:10)</ br>    at Module.load (internal/modules/cjs/loader.js:986:32)</ br>    at Function.Module._load (internal/modules/cjs/loader.js:879:14)</ br>    at Function.executeUserEntryPoint [as runMain] (internal/modules/run_main.js:71:12)</ br>    at internal/main/run_main_module.js:17:47</ br>[33mWarning: Command failed: node scripts/process-data.js</ br>C:\Mahir\VT\Research\npm-package-coupling\sources\dataset\he\node_modules\sort-object\index.js:71</ br>    var k = get(sortBy, key)[j++];</ br>                            ^</ br></ br>TypeError: Cannot read property '0' of undefined</ br>    at sort (C:\Mahir\VT\Research\npm-package-coupling\sources\dataset\he\node_modules\sort-object\index.js:71:29)</ br>    at Object.<anonymous> (C:\Mahir\VT\Research\npm-package-coupling\sources\dataset\he\scripts\process-data.js:96:35)</ br>    at Module._compile (internal/modules/cjs/loader.js:1138:30)</ br>    at Object.Module._extensions..js (internal/modules/cjs/loader.js:1158:10)</ br>    at Module.load (internal/modules/cjs/loader.js:986:32)</ br>    at Function.Module._load (internal/modules/cjs/loader.js:879:14)</ br>    at Function.executeUserEntryPoint [as runMain] (internal/modules/run_main.js:71:12)</ br>    at internal/main/run_main_module.js:17:47</ br> Use --force to continue.[39m</ br></ br>[31mAborted due to warnings.[39m</ br>npm ERR! code ELIFECYCLE</ br>npm ERR! errno 6</ br>npm ERR! he@1.2.0 build: `grunt build`</ br>npm ERR! Exit status 6</ br>npm ERR! </ br>npm ERR! Failed at the he@1.2.0 build script.</ br>npm ERR! This is probably not a problem with npm. There is likely additional logging output above.</ br></ br>npm ERR! A complete log of this run can be found in:</ br>npm ERR!     C:\Users\asefk\AppData\Roaming\npm-cache\_logs\2020-09-05T08_33_05_529Z-debug.log</ br>
0.1.6	0.4.5	1.3.2	1.3.1	0.2.3	0.4.5	1.3.0	4.17.2	1.5.0	1.11.0	1.4.1	1.3.0	2.3.6	3.0.3	</ br>> he@1.2.0 build C:\Mahir\VT\Research\npm-package-coupling\sources\dataset\he</ br>> grunt build</ br></ br>[4mRunning "shell:process-data" (shell) task[24m</ br>C:\Mahir\VT\Research\npm-package-coupling\sources\dataset\he\node_modules\sort-object\index.js:71</ br>    var k = get(sortBy, key)[j++];</ br>                            ^</ br></ br>TypeError: Cannot read property '0' of undefined</ br>    at sort (C:\Mahir\VT\Research\npm-package-coupling\sources\dataset\he\node_modules\sort-object\index.js:71:29)</ br>    at Object.<anonymous> (C:\Mahir\VT\Research\npm-package-coupling\sources\dataset\he\scripts\process-data.js:96:35)</ br>    at Module._compile (internal/modules/cjs/loader.js:1138:30)</ br>    at Object.Module._extensions..js (internal/modules/cjs/loader.js:1158:10)</ br>    at Module.load (internal/modules/cjs/loader.js:986:32)</ br>    at Function.Module._load (internal/modules/cjs/loader.js:879:14)</ br>    at Function.executeUserEntryPoint [as runMain] (internal/modules/run_main.js:71:12)</ br>    at internal/main/run_main_module.js:17:47</ br>[33mWarning: Command failed: node scripts/process-data.js</ br>C:\Mahir\VT\Research\npm-package-coupling\sources\dataset\he\node_modules\sort-object\index.js:71</ br>    var k = get(sortBy, key)[j++];</ br>                            ^</ br></ br>TypeError: Cannot read property '0' of undefined</ br>    at sort (C:\Mahir\VT\Research\npm-package-coupling\sources\dataset\he\node_modules\sort-object\index.js:71:29)</ br>    at Object.<anonymous> (C:\Mahir\VT\Research\npm-package-coupling\sources\dataset\he\scripts\process-data.js:96:35)</ br>    at Module._compile (internal/modules/cjs/loader.js:1138:30)</ br>    at Object.Module._extensions..js (internal/modules/cjs/loader.js:1158:10)</ br>    at Module.load (internal/modules/cjs/loader.js:986:32)</ br>    at Function.Module._load (internal/modules/cjs/loader.js:879:14)</ br>    at Function.executeUserEntryPoint [as runMain] (internal/modules/run_main.js:71:12)</ br>    at internal/main/run_main_module.js:17:47</ br> Use --force to continue.[39m</ br></ br>[31mAborted due to warnings.[39m</ br>npm ERR! code ELIFECYCLE</ br>npm ERR! errno 6</ br>npm ERR! he@1.2.0 build: `grunt build`</ br>npm ERR! Exit status 6</ br>npm ERR! </ br>npm ERR! Failed at the he@1.2.0 build script.</ br>npm ERR! This is probably not a problem with npm. There is likely additional logging output above.</ br></ br>npm ERR! A complete log of this run can be found in:</ br>npm ERR!     C:\Users\asefk\AppData\Roaming\npm-cache\_logs\2020-09-05T08_33_37_815Z-debug.log</ br>
0.1.6	0.4.5	1.3.2	1.3.1	0.2.3	0.4.5	1.3.0	4.17.9	1.5.0	1.11.0	1.4.1	1.3.0	2.3.6	3.0.3	</ br>> he@1.2.0 build C:\Mahir\VT\Research\npm-package-coupling\sources\dataset\he</ br>> grunt build</ br></ br>[4mRunning "shell:process-data" (shell) task[24m</ br>C:\Mahir\VT\Research\npm-package-coupling\sources\dataset\he\node_modules\sort-object\index.js:71</ br>    var k = get(sortBy, key)[j++];</ br>                            ^</ br></ br>TypeError: Cannot read property '0' of undefined</ br>    at sort (C:\Mahir\VT\Research\npm-package-coupling\sources\dataset\he\node_modules\sort-object\index.js:71:29)</ br>    at Object.<anonymous> (C:\Mahir\VT\Research\npm-package-coupling\sources\dataset\he\scripts\process-data.js:96:35)</ br>    at Module._compile (internal/modules/cjs/loader.js:1138:30)</ br>    at Object.Module._extensions..js (internal/modules/cjs/loader.js:1158:10)</ br>    at Module.load (internal/modules/cjs/loader.js:986:32)</ br>    at Function.Module._load (internal/modules/cjs/loader.js:879:14)</ br>    at Function.executeUserEntryPoint [as runMain] (internal/modules/run_main.js:71:12)</ br>    at internal/main/run_main_module.js:17:47</ br>[33mWarning: Command failed: node scripts/process-data.js</ br>C:\Mahir\VT\Research\npm-package-coupling\sources\dataset\he\node_modules\sort-object\index.js:71</ br>    var k = get(sortBy, key)[j++];</ br>                            ^</ br></ br>TypeError: Cannot read property '0' of undefined</ br>    at sort (C:\Mahir\VT\Research\npm-package-coupling\sources\dataset\he\node_modules\sort-object\index.js:71:29)</ br>    at Object.<anonymous> (C:\Mahir\VT\Research\npm-package-coupling\sources\dataset\he\scripts\process-data.js:96:35)</ br>    at Module._compile (internal/modules/cjs/loader.js:1138:30)</ br>    at Object.Module._extensions..js (internal/modules/cjs/loader.js:1158:10)</ br>    at Module.load (internal/modules/cjs/loader.js:986:32)</ br>    at Function.Module._load (internal/modules/cjs/loader.js:879:14)</ br>    at Function.executeUserEntryPoint [as runMain] (internal/modules/run_main.js:71:12)</ br>    at internal/main/run_main_module.js:17:47</ br> Use --force to continue.[39m</ br></ br>[31mAborted due to warnings.[39m</ br>npm ERR! code ELIFECYCLE</ br>npm ERR! errno 6</ br>npm ERR! he@1.2.0 build: `grunt build`</ br>npm ERR! Exit status 6</ br>npm ERR! </ br>npm ERR! Failed at the he@1.2.0 build script.</ br>npm ERR! This is probably not a problem with npm. There is likely additional logging output above.</ br></ br>npm ERR! A complete log of this run can be found in:</ br>npm ERR!     C:\Users\asefk\AppData\Roaming\npm-cache\_logs\2020-09-05T08_34_10_354Z-debug.log</ br>
0.1.6	0.4.5	1.3.2	1.3.1	0.2.3	0.4.5	1.3.0	4.17.12	1.5.0	1.11.0	1.4.1	1.3.0	2.3.6	3.0.3	</ br>> he@1.2.0 build C:\Mahir\VT\Research\npm-package-coupling\sources\dataset\he</ br>> grunt build</ br></ br>[4mRunning "shell:process-data" (shell) task[24m</ br>C:\Mahir\VT\Research\npm-package-coupling\sources\dataset\he\node_modules\sort-object\index.js:71</ br>    var k = get(sortBy, key)[j++];</ br>                            ^</ br></ br>TypeError: Cannot read property '0' of undefined</ br>    at sort (C:\Mahir\VT\Research\npm-package-coupling\sources\dataset\he\node_modules\sort-object\index.js:71:29)</ br>    at Object.<anonymous> (C:\Mahir\VT\Research\npm-package-coupling\sources\dataset\he\scripts\process-data.js:96:35)</ br>    at Module._compile (internal/modules/cjs/loader.js:1138:30)</ br>    at Object.Module._extensions..js (internal/modules/cjs/loader.js:1158:10)</ br>    at Module.load (internal/modules/cjs/loader.js:986:32)</ br>    at Function.Module._load (internal/modules/cjs/loader.js:879:14)</ br>    at Function.executeUserEntryPoint [as runMain] (internal/modules/run_main.js:71:12)</ br>    at internal/main/run_main_module.js:17:47</ br>[33mWarning: Command failed: node scripts/process-data.js</ br>C:\Mahir\VT\Research\npm-package-coupling\sources\dataset\he\node_modules\sort-object\index.js:71</ br>    var k = get(sortBy, key)[j++];</ br>                            ^</ br></ br>TypeError: Cannot read property '0' of undefined</ br>    at sort (C:\Mahir\VT\Research\npm-package-coupling\sources\dataset\he\node_modules\sort-object\index.js:71:29)</ br>    at Object.<anonymous> (C:\Mahir\VT\Research\npm-package-coupling\sources\dataset\he\scripts\process-data.js:96:35)</ br>    at Module._compile (internal/modules/cjs/loader.js:1138:30)</ br>    at Object.Module._extensions..js (internal/modules/cjs/loader.js:1158:10)</ br>    at Module.load (internal/modules/cjs/loader.js:986:32)</ br>    at Function.Module._load (internal/modules/cjs/loader.js:879:14)</ br>    at Function.executeUserEntryPoint [as runMain] (internal/modules/run_main.js:71:12)</ br>    at internal/main/run_main_module.js:17:47</ br> Use --force to continue.[39m</ br></ br>[31mAborted due to warnings.[39m</ br>npm ERR! code ELIFECYCLE</ br>npm ERR! errno 6</ br>npm ERR! he@1.2.0 build: `grunt build`</ br>npm ERR! Exit status 6</ br>npm ERR! </ br>npm ERR! Failed at the he@1.2.0 build script.</ br>npm ERR! This is probably not a problem with npm. There is likely additional logging output above.</ br></ br>npm ERR! A complete log of this run can be found in:</ br>npm ERR!     C:\Users\asefk\AppData\Roaming\npm-cache\_logs\2020-09-05T08_34_42_121Z-debug.log</ br>
0.1.6	0.4.5	1.3.2	1.2.0	0.2.3	0.4.5	1.3.0	4.17.20	1.5.0	1.11.0	1.4.1	1.3.0	2.3.6	3.0.3	</ br>> he@1.2.0 build C:\Mahir\VT\Research\npm-package-coupling\sources\dataset\he</ br>> grunt build</ br></ br>[31m>> [39mLocal Npm module "grunt-shell" not found. Is it installed?</ br>[33mWarning: Task "shell:process-data" not found. Use --force to continue.[39m</ br></ br>[31mAborted due to warnings.[39m</ br>npm ERR! code ELIFECYCLE</ br>npm ERR! errno 3</ br>npm ERR! he@1.2.0 build: `grunt build`</ br>npm ERR! Exit status 3</ br>npm ERR! </ br>npm ERR! Failed at the he@1.2.0 build script.</ br>npm ERR! This is probably not a problem with npm. There is likely additional logging output above.</ br></ br>npm ERR! A complete log of this run can be found in:</ br>npm ERR!     C:\Users\asefk\AppData\Roaming\npm-cache\_logs\2020-09-05T08_35_13_828Z-debug.log</ br>
0.1.6	0.4.5	1.3.2	1.3.1	0.2.3	0.4.5	1.3.0	4.17.20	1.5.0	1.11.0	1.4.0	1.3.0	2.3.6	3.0.3	</ br>> he@1.2.0 build C:\Mahir\VT\Research\npm-package-coupling\sources\dataset\he</ br>> grunt build</ br></ br>[4mRunning "shell:process-data" (shell) task[24m</ br>C:\Mahir\VT\Research\npm-package-coupling\sources\dataset\he\node_modules\sort-object\index.js:71</ br>    var k = get(sortBy, key)[j++];</ br>                            ^</ br></ br>TypeError: Cannot read property '0' of undefined</ br>    at sort (C:\Mahir\VT\Research\npm-package-coupling\sources\dataset\he\node_modules\sort-object\index.js:71:29)</ br>    at Object.<anonymous> (C:\Mahir\VT\Research\npm-package-coupling\sources\dataset\he\scripts\process-data.js:96:35)</ br>    at Module._compile (internal/modules/cjs/loader.js:1138:30)</ br>    at Object.Module._extensions..js (internal/modules/cjs/loader.js:1158:10)</ br>    at Module.load (internal/modules/cjs/loader.js:986:32)</ br>    at Function.Module._load (internal/modules/cjs/loader.js:879:14)</ br>    at Function.executeUserEntryPoint [as runMain] (internal/modules/run_main.js:71:12)</ br>    at internal/main/run_main_module.js:17:47</ br>[33mWarning: Command failed: node scripts/process-data.js</ br>C:\Mahir\VT\Research\npm-package-coupling\sources\dataset\he\node_modules\sort-object\index.js:71</ br>    var k = get(sortBy, key)[j++];</ br>                            ^</ br></ br>TypeError: Cannot read property '0' of undefined</ br>    at sort (C:\Mahir\VT\Research\npm-package-coupling\sources\dataset\he\node_modules\sort-object\index.js:71:29)</ br>    at Object.<anonymous> (C:\Mahir\VT\Research\npm-package-coupling\sources\dataset\he\scripts\process-data.js:96:35)</ br>    at Module._compile (internal/modules/cjs/loader.js:1138:30)</ br>    at Object.Module._extensions..js (internal/modules/cjs/loader.js:1158:10)</ br>    at Module.load (internal/modules/cjs/loader.js:986:32)</ br>    at Function.Module._load (internal/modules/cjs/loader.js:879:14)</ br>    at Function.executeUserEntryPoint [as runMain] (internal/modules/run_main.js:71:12)</ br>    at internal/main/run_main_module.js:17:47</ br> Use --force to continue.[39m</ br></ br>[31mAborted due to warnings.[39m</ br>npm ERR! code ELIFECYCLE</ br>npm ERR! errno 6</ br>npm ERR! he@1.2.0 build: `grunt build`</ br>npm ERR! Exit status 6</ br>npm ERR! </ br>npm ERR! Failed at the he@1.2.0 build script.</ br>npm ERR! This is probably not a problem with npm. There is likely additional logging output above.</ br></ br>npm ERR! A complete log of this run can be found in:</ br>npm ERR!     C:\Users\asefk\AppData\Roaming\npm-cache\_logs\2020-09-05T08_35_46_454Z-debug.log</ br>
0.1.6	0.4.5	1.3.2	1.3.1	0.2.3	0.4.5	1.3.0	4.12.0	1.5.0	1.11.0	1.4.1	1.3.0	2.3.6	3.0.3	</ br>> he@1.2.0 build C:\Mahir\VT\Research\npm-package-coupling\sources\dataset\he</ br>> grunt build</ br></ br>[4mRunning "shell:process-data" (shell) task[24m</ br>C:\Mahir\VT\Research\npm-package-coupling\sources\dataset\he\node_modules\sort-object\index.js:71</ br>    var k = get(sortBy, key)[j++];</ br>                            ^</ br></ br>TypeError: Cannot read property '0' of undefined</ br>    at sort (C:\Mahir\VT\Research\npm-package-coupling\sources\dataset\he\node_modules\sort-object\index.js:71:29)</ br>    at Object.<anonymous> (C:\Mahir\VT\Research\npm-package-coupling\sources\dataset\he\scripts\process-data.js:96:35)</ br>    at Module._compile (internal/modules/cjs/loader.js:1138:30)</ br>    at Object.Module._extensions..js (internal/modules/cjs/loader.js:1158:10)</ br>    at Module.load (internal/modules/cjs/loader.js:986:32)</ br>    at Function.Module._load (internal/modules/cjs/loader.js:879:14)</ br>    at Function.executeUserEntryPoint [as runMain] (internal/modules/run_main.js:71:12)</ br>    at internal/main/run_main_module.js:17:47</ br>[33mWarning: Command failed: node scripts/process-data.js</ br>C:\Mahir\VT\Research\npm-package-coupling\sources\dataset\he\node_modules\sort-object\index.js:71</ br>    var k = get(sortBy, key)[j++];</ br>                            ^</ br></ br>TypeError: Cannot read property '0' of undefined</ br>    at sort (C:\Mahir\VT\Research\npm-package-coupling\sources\dataset\he\node_modules\sort-object\index.js:71:29)</ br>    at Object.<anonymous> (C:\Mahir\VT\Research\npm-package-coupling\sources\dataset\he\scripts\process-data.js:96:35)</ br>    at Module._compile (internal/modules/cjs/loader.js:1138:30)</ br>    at Object.Module._extensions..js (internal/modules/cjs/loader.js:1158:10)</ br>    at Module.load (internal/modules/cjs/loader.js:986:32)</ br>    at Function.Module._load (internal/modules/cjs/loader.js:879:14)</ br>    at Function.executeUserEntryPoint [as runMain] (internal/modules/run_main.js:71:12)</ br>    at internal/main/run_main_module.js:17:47</ br> Use --force to continue.[39m</ br></ br>[31mAborted due to warnings.[39m</ br>npm ERR! code ELIFECYCLE</ br>npm ERR! errno 6</ br>npm ERR! he@1.2.0 build: `grunt build`</ br>npm ERR! Exit status 6</ br>npm ERR! </ br>npm ERR! Failed at the he@1.2.0 build script.</ br>npm ERR! This is probably not a problem with npm. There is likely additional logging output above.</ br></ br>npm ERR! A complete log of this run can be found in:</ br>npm ERR!     C:\Users\asefk\AppData\Roaming\npm-cache\_logs\2020-09-05T08_36_18_125Z-debug.log</ br>
0.1.6	0.4.5	1.3.2	1.3.1	0.2.3	0.4.5	1.3.0	4.14.2	1.5.0	1.11.0	1.4.1	1.3.0	2.3.6	3.0.3	</ br>> he@1.2.0 build C:\Mahir\VT\Research\npm-package-coupling\sources\dataset\he</ br>> grunt build</ br></ br>[4mRunning "shell:process-data" (shell) task[24m</ br>C:\Mahir\VT\Research\npm-package-coupling\sources\dataset\he\node_modules\sort-object\index.js:71</ br>    var k = get(sortBy, key)[j++];</ br>                            ^</ br></ br>TypeError: Cannot read property '0' of undefined</ br>    at sort (C:\Mahir\VT\Research\npm-package-coupling\sources\dataset\he\node_modules\sort-object\index.js:71:29)</ br>    at Object.<anonymous> (C:\Mahir\VT\Research\npm-package-coupling\sources\dataset\he\scripts\process-data.js:96:35)</ br>    at Module._compile (internal/modules/cjs/loader.js:1138:30)</ br>    at Object.Module._extensions..js (internal/modules/cjs/loader.js:1158:10)</ br>    at Module.load (internal/modules/cjs/loader.js:986:32)</ br>    at Function.Module._load (internal/modules/cjs/loader.js:879:14)</ br>    at Function.executeUserEntryPoint [as runMain] (internal/modules/run_main.js:71:12)</ br>    at internal/main/run_main_module.js:17:47</ br>[33mWarning: Command failed: node scripts/process-data.js</ br>C:\Mahir\VT\Research\npm-package-coupling\sources\dataset\he\node_modules\sort-object\index.js:71</ br>    var k = get(sortBy, key)[j++];</ br>                            ^</ br></ br>TypeError: Cannot read property '0' of undefined</ br>    at sort (C:\Mahir\VT\Research\npm-package-coupling\sources\dataset\he\node_modules\sort-object\index.js:71:29)</ br>    at Object.<anonymous> (C:\Mahir\VT\Research\npm-package-coupling\sources\dataset\he\scripts\process-data.js:96:35)</ br>    at Module._compile (internal/modules/cjs/loader.js:1138:30)</ br>    at Object.Module._extensions..js (internal/modules/cjs/loader.js:1158:10)</ br>    at Module.load (internal/modules/cjs/loader.js:986:32)</ br>    at Function.Module._load (internal/modules/cjs/loader.js:879:14)</ br>    at Function.executeUserEntryPoint [as runMain] (internal/modules/run_main.js:71:12)</ br>    at internal/main/run_main_module.js:17:47</ br> Use --force to continue.[39m</ br></ br>[31mAborted due to warnings.[39m</ br>npm ERR! code ELIFECYCLE</ br>npm ERR! errno 6</ br>npm ERR! he@1.2.0 build: `grunt build`</ br>npm ERR! Exit status 6</ br>npm ERR! </ br>npm ERR! Failed at the he@1.2.0 build script.</ br>npm ERR! This is probably not a problem with npm. There is likely additional logging output above.</ br></ br>npm ERR! A complete log of this run can be found in:</ br>npm ERR!     C:\Users\asefk\AppData\Roaming\npm-cache\_logs\2020-09-05T08_36_50_584Z-debug.log</ br>
0.1.6	0.4.5	1.3.2	1.3.1	0.2.3	0.4.5	1.3.0	4.17.3	1.5.0	1.11.0	1.4.1	1.3.0	2.3.6	3.0.3	</ br>> he@1.2.0 build C:\Mahir\VT\Research\npm-package-coupling\sources\dataset\he</ br>> grunt build</ br></ br>[4mRunning "shell:process-data" (shell) task[24m</ br>C:\Mahir\VT\Research\npm-package-coupling\sources\dataset\he\node_modules\sort-object\index.js:71</ br>    var k = get(sortBy, key)[j++];</ br>                            ^</ br></ br>TypeError: Cannot read property '0' of undefined</ br>    at sort (C:\Mahir\VT\Research\npm-package-coupling\sources\dataset\he\node_modules\sort-object\index.js:71:29)</ br>    at Object.<anonymous> (C:\Mahir\VT\Research\npm-package-coupling\sources\dataset\he\scripts\process-data.js:96:35)</ br>    at Module._compile (internal/modules/cjs/loader.js:1138:30)</ br>    at Object.Module._extensions..js (internal/modules/cjs/loader.js:1158:10)</ br>    at Module.load (internal/modules/cjs/loader.js:986:32)</ br>    at Function.Module._load (internal/modules/cjs/loader.js:879:14)</ br>    at Function.executeUserEntryPoint [as runMain] (internal/modules/run_main.js:71:12)</ br>    at internal/main/run_main_module.js:17:47</ br>[33mWarning: Command failed: node scripts/process-data.js</ br>C:\Mahir\VT\Research\npm-package-coupling\sources\dataset\he\node_modules\sort-object\index.js:71</ br>    var k = get(sortBy, key)[j++];</ br>                            ^</ br></ br>TypeError: Cannot read property '0' of undefined</ br>    at sort (C:\Mahir\VT\Research\npm-package-coupling\sources\dataset\he\node_modules\sort-object\index.js:71:29)</ br>    at Object.<anonymous> (C:\Mahir\VT\Research\npm-package-coupling\sources\dataset\he\scripts\process-data.js:96:35)</ br>    at Module._compile (internal/modules/cjs/loader.js:1138:30)</ br>    at Object.Module._extensions..js (internal/modules/cjs/loader.js:1158:10)</ br>    at Module.load (internal/modules/cjs/loader.js:986:32)</ br>    at Function.Module._load (internal/modules/cjs/loader.js:879:14)</ br>    at Function.executeUserEntryPoint [as runMain] (internal/modules/run_main.js:71:12)</ br>    at internal/main/run_main_module.js:17:47</ br> Use --force to continue.[39m</ br></ br>[31mAborted due to warnings.[39m</ br>npm ERR! code ELIFECYCLE</ br>npm ERR! errno 6</ br>npm ERR! he@1.2.0 build: `grunt build`</ br>npm ERR! Exit status 6</ br>npm ERR! </ br>npm ERR! Failed at the he@1.2.0 build script.</ br>npm ERR! This is probably not a problem with npm. There is likely additional logging output above.</ br></ br>npm ERR! A complete log of this run can be found in:</ br>npm ERR!     C:\Users\asefk\AppData\Roaming\npm-cache\_logs\2020-09-05T08_37_22_804Z-debug.log</ br>
0.1.6	0.4.5	1.3.2	1.3.1	0.2.3	0.4.5	1.3.0	4.9.0	1.5.0	1.11.0	1.4.1	1.3.0	2.3.6	3.0.3	</ br>> he@1.2.0 build C:\Mahir\VT\Research\npm-package-coupling\sources\dataset\he</ br>> grunt build</ br></ br>[4mRunning "shell:process-data" (shell) task[24m</ br>C:\Mahir\VT\Research\npm-package-coupling\sources\dataset\he\node_modules\sort-object\index.js:71</ br>    var k = get(sortBy, key)[j++];</ br>                            ^</ br></ br>TypeError: Cannot read property '0' of undefined</ br>    at sort (C:\Mahir\VT\Research\npm-package-coupling\sources\dataset\he\node_modules\sort-object\index.js:71:29)</ br>    at Object.<anonymous> (C:\Mahir\VT\Research\npm-package-coupling\sources\dataset\he\scripts\process-data.js:96:35)</ br>    at Module._compile (internal/modules/cjs/loader.js:1138:30)</ br>    at Object.Module._extensions..js (internal/modules/cjs/loader.js:1158:10)</ br>    at Module.load (internal/modules/cjs/loader.js:986:32)</ br>    at Function.Module._load (internal/modules/cjs/loader.js:879:14)</ br>    at Function.executeUserEntryPoint [as runMain] (internal/modules/run_main.js:71:12)</ br>    at internal/main/run_main_module.js:17:47</ br>[33mWarning: Command failed: node scripts/process-data.js</ br>C:\Mahir\VT\Research\npm-package-coupling\sources\dataset\he\node_modules\sort-object\index.js:71</ br>    var k = get(sortBy, key)[j++];</ br>                            ^</ br></ br>TypeError: Cannot read property '0' of undefined</ br>    at sort (C:\Mahir\VT\Research\npm-package-coupling\sources\dataset\he\node_modules\sort-object\index.js:71:29)</ br>    at Object.<anonymous> (C:\Mahir\VT\Research\npm-package-coupling\sources\dataset\he\scripts\process-data.js:96:35)</ br>    at Module._compile (internal/modules/cjs/loader.js:1138:30)</ br>    at Object.Module._extensions..js (internal/modules/cjs/loader.js:1158:10)</ br>    at Module.load (internal/modules/cjs/loader.js:986:32)</ br>    at Function.Module._load (internal/modules/cjs/loader.js:879:14)</ br>    at Function.executeUserEntryPoint [as runMain] (internal/modules/run_main.js:71:12)</ br>    at internal/main/run_main_module.js:17:47</ br> Use --force to continue.[39m</ br></ br>[31mAborted due to warnings.[39m</ br>npm ERR! code ELIFECYCLE</ br>npm ERR! errno 6</ br>npm ERR! he@1.2.0 build: `grunt build`</ br>npm ERR! Exit status 6</ br>npm ERR! </ br>npm ERR! Failed at the he@1.2.0 build script.</ br>npm ERR! This is probably not a problem with npm. There is likely additional logging output above.</ br></ br>npm ERR! A complete log of this run can be found in:</ br>npm ERR!     C:\Users\asefk\AppData\Roaming\npm-cache\_logs\2020-09-05T08_37_55_214Z-debug.log</ br>
0.1.6	0.4.5	1.3.2	1.3.1	0.2.3	0.4.5	1.3.0	4.17.20	1.5.0	1.11.0	1.3.0	1.3.0	2.3.6	3.0.3	</ br>> he@1.2.0 build C:\Mahir\VT\Research\npm-package-coupling\sources\dataset\he</ br>> grunt build</ br></ br>[4mRunning "shell:process-data" (shell) task[24m</ br>C:\Mahir\VT\Research\npm-package-coupling\sources\dataset\he\node_modules\sort-object\index.js:71</ br>    var k = get(sortBy, key)[j++];</ br>                            ^</ br></ br>TypeError: Cannot read property '0' of undefined</ br>    at sort (C:\Mahir\VT\Research\npm-package-coupling\sources\dataset\he\node_modules\sort-object\index.js:71:29)</ br>    at Object.<anonymous> (C:\Mahir\VT\Research\npm-package-coupling\sources\dataset\he\scripts\process-data.js:96:35)</ br>    at Module._compile (internal/modules/cjs/loader.js:1138:30)</ br>    at Object.Module._extensions..js (internal/modules/cjs/loader.js:1158:10)</ br>    at Module.load (internal/modules/cjs/loader.js:986:32)</ br>    at Function.Module._load (internal/modules/cjs/loader.js:879:14)</ br>    at Function.executeUserEntryPoint [as runMain] (internal/modules/run_main.js:71:12)</ br>    at internal/main/run_main_module.js:17:47</ br>[33mWarning: Command failed: node scripts/process-data.js</ br>C:\Mahir\VT\Research\npm-package-coupling\sources\dataset\he\node_modules\sort-object\index.js:71</ br>    var k = get(sortBy, key)[j++];</ br>                            ^</ br></ br>TypeError: Cannot read property '0' of undefined</ br>    at sort (C:\Mahir\VT\Research\npm-package-coupling\sources\dataset\he\node_modules\sort-object\index.js:71:29)</ br>    at Object.<anonymous> (C:\Mahir\VT\Research\npm-package-coupling\sources\dataset\he\scripts\process-data.js:96:35)</ br>    at Module._compile (internal/modules/cjs/loader.js:1138:30)</ br>    at Object.Module._extensions..js (internal/modules/cjs/loader.js:1158:10)</ br>    at Module.load (internal/modules/cjs/loader.js:986:32)</ br>    at Function.Module._load (internal/modules/cjs/loader.js:879:14)</ br>    at Function.executeUserEntryPoint [as runMain] (internal/modules/run_main.js:71:12)</ br>    at internal/main/run_main_module.js:17:47</ br> Use --force to continue.[39m</ br></ br>[31mAborted due to warnings.[39m</ br>npm ERR! code ELIFECYCLE</ br>npm ERR! errno 6</ br>npm ERR! he@1.2.0 build: `grunt build`</ br>npm ERR! Exit status 6</ br>npm ERR! </ br>npm ERR! Failed at the he@1.2.0 build script.</ br>npm ERR! This is probably not a problem with npm. There is likely additional logging output above.</ br></ br>npm ERR! A complete log of this run can be found in:</ br>npm ERR!     C:\Users\asefk\AppData\Roaming\npm-cache\_logs\2020-09-05T08_38_27_513Z-debug.log</ br>
0.1.6	0.4.5	1.3.2	1.3.1	0.2.3	0.4.5	1.3.0	4.17.10	1.5.0	1.11.0	1.4.1	1.3.0	2.3.6	3.0.3	</ br>> he@1.2.0 build C:\Mahir\VT\Research\npm-package-coupling\sources\dataset\he</ br>> grunt build</ br></ br>[4mRunning "shell:process-data" (shell) task[24m</ br>C:\Mahir\VT\Research\npm-package-coupling\sources\dataset\he\node_modules\sort-object\index.js:71</ br>    var k = get(sortBy, key)[j++];</ br>                            ^</ br></ br>TypeError: Cannot read property '0' of undefined</ br>    at sort (C:\Mahir\VT\Research\npm-package-coupling\sources\dataset\he\node_modules\sort-object\index.js:71:29)</ br>    at Object.<anonymous> (C:\Mahir\VT\Research\npm-package-coupling\sources\dataset\he\scripts\process-data.js:96:35)</ br>    at Module._compile (internal/modules/cjs/loader.js:1138:30)</ br>    at Object.Module._extensions..js (internal/modules/cjs/loader.js:1158:10)</ br>    at Module.load (internal/modules/cjs/loader.js:986:32)</ br>    at Function.Module._load (internal/modules/cjs/loader.js:879:14)</ br>    at Function.executeUserEntryPoint [as runMain] (internal/modules/run_main.js:71:12)</ br>    at internal/main/run_main_module.js:17:47</ br>[33mWarning: Command failed: node scripts/process-data.js</ br>C:\Mahir\VT\Research\npm-package-coupling\sources\dataset\he\node_modules\sort-object\index.js:71</ br>    var k = get(sortBy, key)[j++];</ br>                            ^</ br></ br>TypeError: Cannot read property '0' of undefined</ br>    at sort (C:\Mahir\VT\Research\npm-package-coupling\sources\dataset\he\node_modules\sort-object\index.js:71:29)</ br>    at Object.<anonymous> (C:\Mahir\VT\Research\npm-package-coupling\sources\dataset\he\scripts\process-data.js:96:35)</ br>    at Module._compile (internal/modules/cjs/loader.js:1138:30)</ br>    at Object.Module._extensions..js (internal/modules/cjs/loader.js:1158:10)</ br>    at Module.load (internal/modules/cjs/loader.js:986:32)</ br>    at Function.Module._load (internal/modules/cjs/loader.js:879:14)</ br>    at Function.executeUserEntryPoint [as runMain] (internal/modules/run_main.js:71:12)</ br>    at internal/main/run_main_module.js:17:47</ br> Use --force to continue.[39m</ br></ br>[31mAborted due to warnings.[39m</ br>npm ERR! code ELIFECYCLE</ br>npm ERR! errno 6</ br>npm ERR! he@1.2.0 build: `grunt build`</ br>npm ERR! Exit status 6</ br>npm ERR! </ br>npm ERR! Failed at the he@1.2.0 build script.</ br>npm ERR! This is probably not a problem with npm. There is likely additional logging output above.</ br></ br>npm ERR! A complete log of this run can be found in:</ br>npm ERR!     C:\Users\asefk\AppData\Roaming\npm-cache\_logs\2020-09-05T08_38_59_934Z-debug.log</ br>
0.1.6	0.4.5	1.3.2	1.3.1	0.2.3	0.4.5	1.3.0	4.17.20	1.5.0	1.11.0	1.2.1	1.3.0	2.3.6	3.0.3	</ br>> he@1.2.0 build C:\Mahir\VT\Research\npm-package-coupling\sources\dataset\he</ br>> grunt build</ br></ br>[4mRunning "shell:process-data" (shell) task[24m</ br>C:\Mahir\VT\Research\npm-package-coupling\sources\dataset\he\node_modules\sort-object\index.js:71</ br>    var k = get(sortBy, key)[j++];</ br>                            ^</ br></ br>TypeError: Cannot read property '0' of undefined</ br>    at sort (C:\Mahir\VT\Research\npm-package-coupling\sources\dataset\he\node_modules\sort-object\index.js:71:29)</ br>    at Object.<anonymous> (C:\Mahir\VT\Research\npm-package-coupling\sources\dataset\he\scripts\process-data.js:96:35)</ br>    at Module._compile (internal/modules/cjs/loader.js:1138:30)</ br>    at Object.Module._extensions..js (internal/modules/cjs/loader.js:1158:10)</ br>    at Module.load (internal/modules/cjs/loader.js:986:32)</ br>    at Function.Module._load (internal/modules/cjs/loader.js:879:14)</ br>    at Function.executeUserEntryPoint [as runMain] (internal/modules/run_main.js:71:12)</ br>    at internal/main/run_main_module.js:17:47</ br>[33mWarning: Command failed: node scripts/process-data.js</ br>C:\Mahir\VT\Research\npm-package-coupling\sources\dataset\he\node_modules\sort-object\index.js:71</ br>    var k = get(sortBy, key)[j++];</ br>                            ^</ br></ br>TypeError: Cannot read property '0' of undefined</ br>    at sort (C:\Mahir\VT\Research\npm-package-coupling\sources\dataset\he\node_modules\sort-object\index.js:71:29)</ br>    at Object.<anonymous> (C:\Mahir\VT\Research\npm-package-coupling\sources\dataset\he\scripts\process-data.js:96:35)</ br>    at Module._compile (internal/modules/cjs/loader.js:1138:30)</ br>    at Object.Module._extensions..js (internal/modules/cjs/loader.js:1158:10)</ br>    at Module.load (internal/modules/cjs/loader.js:986:32)</ br>    at Function.Module._load (internal/modules/cjs/loader.js:879:14)</ br>    at Function.executeUserEntryPoint [as runMain] (internal/modules/run_main.js:71:12)</ br>    at internal/main/run_main_module.js:17:47</ br> Use --force to continue.[39m</ br></ br>[31mAborted due to warnings.[39m</ br>npm ERR! code ELIFECYCLE</ br>npm ERR! errno 6</ br>npm ERR! he@1.2.0 build: `grunt build`</ br>npm ERR! Exit status 6</ br>npm ERR! </ br>npm ERR! Failed at the he@1.2.0 build script.</ br>npm ERR! This is probably not a problem with npm. There is likely additional logging output above.</ br></ br>npm ERR! A complete log of this run can be found in:</ br>npm ERR!     C:\Users\asefk\AppData\Roaming\npm-cache\_logs\2020-09-05T08_39_30_961Z-debug.log</ br>
0.1.6	0.4.5	1.3.2	1.3.1	0.2.3	0.4.5	1.3.0	4.17.20	1.5.0	1.11.0	1.4.1	1.3.0	2.3.3	3.0.3	</ br>> he@1.2.0 build C:\Mahir\VT\Research\npm-package-coupling\sources\dataset\he</ br>> grunt build</ br></ br>[4mRunning "shell:process-data" (shell) task[24m</ br>C:\Mahir\VT\Research\npm-package-coupling\sources\dataset\he\node_modules\sort-object\index.js:71</ br>    var k = get(sortBy, key)[j++];</ br>                            ^</ br></ br>TypeError: Cannot read property '0' of undefined</ br>    at sort (C:\Mahir\VT\Research\npm-package-coupling\sources\dataset\he\node_modules\sort-object\index.js:71:29)</ br>    at Object.<anonymous> (C:\Mahir\VT\Research\npm-package-coupling\sources\dataset\he\scripts\process-data.js:96:35)</ br>    at Module._compile (internal/modules/cjs/loader.js:1138:30)</ br>    at Object.Module._extensions..js (internal/modules/cjs/loader.js:1158:10)</ br>    at Module.load (internal/modules/cjs/loader.js:986:32)</ br>    at Function.Module._load (internal/modules/cjs/loader.js:879:14)</ br>    at Function.executeUserEntryPoint [as runMain] (internal/modules/run_main.js:71:12)</ br>    at internal/main/run_main_module.js:17:47</ br>[33mWarning: Command failed: node scripts/process-data.js</ br>C:\Mahir\VT\Research\npm-package-coupling\sources\dataset\he\node_modules\sort-object\index.js:71</ br>    var k = get(sortBy, key)[j++];</ br>                            ^</ br></ br>TypeError: Cannot read property '0' of undefined</ br>    at sort (C:\Mahir\VT\Research\npm-package-coupling\sources\dataset\he\node_modules\sort-object\index.js:71:29)</ br>    at Object.<anonymous> (C:\Mahir\VT\Research\npm-package-coupling\sources\dataset\he\scripts\process-data.js:96:35)</ br>    at Module._compile (internal/modules/cjs/loader.js:1138:30)</ br>    at Object.Module._extensions..js (internal/modules/cjs/loader.js:1158:10)</ br>    at Module.load (internal/modules/cjs/loader.js:986:32)</ br>    at Function.Module._load (internal/modules/cjs/loader.js:879:14)</ br>    at Function.executeUserEntryPoint [as runMain] (internal/modules/run_main.js:71:12)</ br>    at internal/main/run_main_module.js:17:47</ br> Use --force to continue.[39m</ br></ br>[31mAborted due to warnings.[39m</ br>npm ERR! code ELIFECYCLE</ br>npm ERR! errno 6</ br>npm ERR! he@1.2.0 build: `grunt build`</ br>npm ERR! Exit status 6</ br>npm ERR! </ br>npm ERR! Failed at the he@1.2.0 build script.</ br>npm ERR! This is probably not a problem with npm. There is likely additional logging output above.</ br></ br>npm ERR! A complete log of this run can be found in:</ br>npm ERR!     C:\Users\asefk\AppData\Roaming\npm-cache\_logs\2020-09-05T08_40_03_051Z-debug.log</ br>
0.1.6	0.4.5	1.3.2	1.3.1	0.2.3	0.4.5	1.3.0	4.13.1	1.5.0	1.11.0	1.4.1	1.3.0	2.3.6	3.0.3	</ br>> he@1.2.0 build C:\Mahir\VT\Research\npm-package-coupling\sources\dataset\he</ br>> grunt build</ br></ br>[4mRunning "shell:process-data" (shell) task[24m</ br>C:\Mahir\VT\Research\npm-package-coupling\sources\dataset\he\node_modules\sort-object\index.js:71</ br>    var k = get(sortBy, key)[j++];</ br>                            ^</ br></ br>TypeError: Cannot read property '0' of undefined</ br>    at sort (C:\Mahir\VT\Research\npm-package-coupling\sources\dataset\he\node_modules\sort-object\index.js:71:29)</ br>    at Object.<anonymous> (C:\Mahir\VT\Research\npm-package-coupling\sources\dataset\he\scripts\process-data.js:96:35)</ br>    at Module._compile (internal/modules/cjs/loader.js:1138:30)</ br>    at Object.Module._extensions..js (internal/modules/cjs/loader.js:1158:10)</ br>    at Module.load (internal/modules/cjs/loader.js:986:32)</ br>    at Function.Module._load (internal/modules/cjs/loader.js:879:14)</ br>    at Function.executeUserEntryPoint [as runMain] (internal/modules/run_main.js:71:12)</ br>    at internal/main/run_main_module.js:17:47</ br>[33mWarning: Command failed: node scripts/process-data.js</ br>C:\Mahir\VT\Research\npm-package-coupling\sources\dataset\he\node_modules\sort-object\index.js:71</ br>    var k = get(sortBy, key)[j++];</ br>                            ^</ br></ br>TypeError: Cannot read property '0' of undefined</ br>    at sort (C:\Mahir\VT\Research\npm-package-coupling\sources\dataset\he\node_modules\sort-object\index.js:71:29)</ br>    at Object.<anonymous> (C:\Mahir\VT\Research\npm-package-coupling\sources\dataset\he\scripts\process-data.js:96:35)</ br>    at Module._compile (internal/modules/cjs/loader.js:1138:30)</ br>    at Object.Module._extensions..js (internal/modules/cjs/loader.js:1158:10)</ br>    at Module.load (internal/modules/cjs/loader.js:986:32)</ br>    at Function.Module._load (internal/modules/cjs/loader.js:879:14)</ br>    at Function.executeUserEntryPoint [as runMain] (internal/modules/run_main.js:71:12)</ br>    at internal/main/run_main_module.js:17:47</ br> Use --force to continue.[39m</ br></ br>[31mAborted due to warnings.[39m</ br>npm ERR! code ELIFECYCLE</ br>npm ERR! errno 6</ br>npm ERR! he@1.2.0 build: `grunt build`</ br>npm ERR! Exit status 6</ br>npm ERR! </ br>npm ERR! Failed at the he@1.2.0 build script.</ br>npm ERR! This is probably not a problem with npm. There is likely additional logging output above.</ br></ br>npm ERR! A complete log of this run can be found in:</ br>npm ERR!     C:\Users\asefk\AppData\Roaming\npm-cache\_logs\2020-09-05T08_40_34_617Z-debug.log</ br>
0.1.6	0.4.5	1.3.2	1.3.1	0.2.3	0.4.2	1.3.0	4.17.20	1.5.0	1.11.0	1.4.1	1.3.0	2.3.6	3.0.3	</ br>> he@1.2.0 build C:\Mahir\VT\Research\npm-package-coupling\sources\dataset\he</ br>> grunt build</ br></ br>[4mRunning "shell:process-data" (shell) task[24m</ br>C:\Mahir\VT\Research\npm-package-coupling\sources\dataset\he\node_modules\sort-object\index.js:71</ br>    var k = get(sortBy, key)[j++];</ br>                            ^</ br></ br>TypeError: Cannot read property '0' of undefined</ br>    at sort (C:\Mahir\VT\Research\npm-package-coupling\sources\dataset\he\node_modules\sort-object\index.js:71:29)</ br>    at Object.<anonymous> (C:\Mahir\VT\Research\npm-package-coupling\sources\dataset\he\scripts\process-data.js:96:35)</ br>    at Module._compile (internal/modules/cjs/loader.js:1138:30)</ br>    at Object.Module._extensions..js (internal/modules/cjs/loader.js:1158:10)</ br>    at Module.load (internal/modules/cjs/loader.js:986:32)</ br>    at Function.Module._load (internal/modules/cjs/loader.js:879:14)</ br>    at Function.executeUserEntryPoint [as runMain] (internal/modules/run_main.js:71:12)</ br>    at internal/main/run_main_module.js:17:47</ br>[33mWarning: Command failed: node scripts/process-data.js</ br>C:\Mahir\VT\Research\npm-package-coupling\sources\dataset\he\node_modules\sort-object\index.js:71</ br>    var k = get(sortBy, key)[j++];</ br>                            ^</ br></ br>TypeError: Cannot read property '0' of undefined</ br>    at sort (C:\Mahir\VT\Research\npm-package-coupling\sources\dataset\he\node_modules\sort-object\index.js:71:29)</ br>    at Object.<anonymous> (C:\Mahir\VT\Research\npm-package-coupling\sources\dataset\he\scripts\process-data.js:96:35)</ br>    at Module._compile (internal/modules/cjs/loader.js:1138:30)</ br>    at Object.Module._extensions..js (internal/modules/cjs/loader.js:1158:10)</ br>    at Module.load (internal/modules/cjs/loader.js:986:32)</ br>    at Function.Module._load (internal/modules/cjs/loader.js:879:14)</ br>    at Function.executeUserEntryPoint [as runMain] (internal/modules/run_main.js:71:12)</ br>    at internal/main/run_main_module.js:17:47</ br> Use --force to continue.[39m</ br></ br>[31mAborted due to warnings.[39m</ br>npm ERR! code ELIFECYCLE</ br>npm ERR! errno 6</ br>npm ERR! he@1.2.0 build: `grunt build`</ br>npm ERR! Exit status 6</ br>npm ERR! </ br>npm ERR! Failed at the he@1.2.0 build script.</ br>npm ERR! This is probably not a problem with npm. There is likely additional logging output above.</ br></ br>npm ERR! A complete log of this run can be found in:</ br>npm ERR!     C:\Users\asefk\AppData\Roaming\npm-cache\_logs\2020-09-05T08_41_06_716Z-debug.log</ br>
0.1.6	0.4.5	1.3.2	1.3.1	0.2.3	0.4.5	1.3.0	4.8.2	1.5.0	1.11.0	1.4.1	1.3.0	2.3.6	3.0.3	</ br>> he@1.2.0 build C:\Mahir\VT\Research\npm-package-coupling\sources\dataset\he</ br>> grunt build</ br></ br>[4mRunning "shell:process-data" (shell) task[24m</ br>C:\Mahir\VT\Research\npm-package-coupling\sources\dataset\he\node_modules\sort-object\index.js:71</ br>    var k = get(sortBy, key)[j++];</ br>                            ^</ br></ br>TypeError: Cannot read property '0' of undefined</ br>    at sort (C:\Mahir\VT\Research\npm-package-coupling\sources\dataset\he\node_modules\sort-object\index.js:71:29)</ br>    at Object.<anonymous> (C:\Mahir\VT\Research\npm-package-coupling\sources\dataset\he\scripts\process-data.js:96:35)</ br>    at Module._compile (internal/modules/cjs/loader.js:1138:30)</ br>    at Object.Module._extensions..js (internal/modules/cjs/loader.js:1158:10)</ br>    at Module.load (internal/modules/cjs/loader.js:986:32)</ br>    at Function.Module._load (internal/modules/cjs/loader.js:879:14)</ br>    at Function.executeUserEntryPoint [as runMain] (internal/modules/run_main.js:71:12)</ br>    at internal/main/run_main_module.js:17:47</ br>[33mWarning: Command failed: node scripts/process-data.js</ br>C:\Mahir\VT\Research\npm-package-coupling\sources\dataset\he\node_modules\sort-object\index.js:71</ br>    var k = get(sortBy, key)[j++];</ br>                            ^</ br></ br>TypeError: Cannot read property '0' of undefined</ br>    at sort (C:\Mahir\VT\Research\npm-package-coupling\sources\dataset\he\node_modules\sort-object\index.js:71:29)</ br>    at Object.<anonymous> (C:\Mahir\VT\Research\npm-package-coupling\sources\dataset\he\scripts\process-data.js:96:35)</ br>    at Module._compile (internal/modules/cjs/loader.js:1138:30)</ br>    at Object.Module._extensions..js (internal/modules/cjs/loader.js:1158:10)</ br>    at Module.load (internal/modules/cjs/loader.js:986:32)</ br>    at Function.Module._load (internal/modules/cjs/loader.js:879:14)</ br>    at Function.executeUserEntryPoint [as runMain] (internal/modules/run_main.js:71:12)</ br>    at internal/main/run_main_module.js:17:47</ br> Use --force to continue.[39m</ br></ br>[31mAborted due to warnings.[39m</ br>npm ERR! code ELIFECYCLE</ br>npm ERR! errno 6</ br>npm ERR! he@1.2.0 build: `grunt build`</ br>npm ERR! Exit status 6</ br>npm ERR! </ br>npm ERR! Failed at the he@1.2.0 build script.</ br>npm ERR! This is probably not a problem with npm. There is likely additional logging output above.</ br></ br>npm ERR! A complete log of this run can be found in:</ br>npm ERR!     C:\Users\asefk\AppData\Roaming\npm-cache\_logs\2020-09-05T08_41_37_531Z-debug.log</ br>
0.1.6	0.4.5	1.3.2	1.3.1	0.2.3	0.4.5	1.3.0	4.17.20	1.5.0	1.11.0	1.4.1	1.3.0	2.3.1	3.0.3	</ br>> he@1.2.0 build C:\Mahir\VT\Research\npm-package-coupling\sources\dataset\he</ br>> grunt build</ br></ br>[4mRunning "shell:process-data" (shell) task[24m</ br>C:\Mahir\VT\Research\npm-package-coupling\sources\dataset\he\node_modules\sort-object\index.js:71</ br>    var k = get(sortBy, key)[j++];</ br>                            ^</ br></ br>TypeError: Cannot read property '0' of undefined</ br>    at sort (C:\Mahir\VT\Research\npm-package-coupling\sources\dataset\he\node_modules\sort-object\index.js:71:29)</ br>    at Object.<anonymous> (C:\Mahir\VT\Research\npm-package-coupling\sources\dataset\he\scripts\process-data.js:96:35)</ br>    at Module._compile (internal/modules/cjs/loader.js:1138:30)</ br>    at Object.Module._extensions..js (internal/modules/cjs/loader.js:1158:10)</ br>    at Module.load (internal/modules/cjs/loader.js:986:32)</ br>    at Function.Module._load (internal/modules/cjs/loader.js:879:14)</ br>    at Function.executeUserEntryPoint [as runMain] (internal/modules/run_main.js:71:12)</ br>    at internal/main/run_main_module.js:17:47</ br>[33mWarning: Command failed: node scripts/process-data.js</ br>C:\Mahir\VT\Research\npm-package-coupling\sources\dataset\he\node_modules\sort-object\index.js:71</ br>    var k = get(sortBy, key)[j++];</ br>                            ^</ br></ br>TypeError: Cannot read property '0' of undefined</ br>    at sort (C:\Mahir\VT\Research\npm-package-coupling\sources\dataset\he\node_modules\sort-object\index.js:71:29)</ br>    at Object.<anonymous> (C:\Mahir\VT\Research\npm-package-coupling\sources\dataset\he\scripts\process-data.js:96:35)</ br>    at Module._compile (internal/modules/cjs/loader.js:1138:30)</ br>    at Object.Module._extensions..js (internal/modules/cjs/loader.js:1158:10)</ br>    at Module.load (internal/modules/cjs/loader.js:986:32)</ br>    at Function.Module._load (internal/modules/cjs/loader.js:879:14)</ br>    at Function.executeUserEntryPoint [as runMain] (internal/modules/run_main.js:71:12)</ br>    at internal/main/run_main_module.js:17:47</ br> Use --force to continue.[39m</ br></ br>[31mAborted due to warnings.[39m</ br>npm ERR! code ELIFECYCLE</ br>npm ERR! errno 6</ br>npm ERR! he@1.2.0 build: `grunt build`</ br>npm ERR! Exit status 6</ br>npm ERR! </ br>npm ERR! Failed at the he@1.2.0 build script.</ br>npm ERR! This is probably not a problem with npm. There is likely additional logging output above.</ br></ br>npm ERR! A complete log of this run can be found in:</ br>npm ERR!     C:\Users\asefk\AppData\Roaming\npm-cache\_logs\2020-09-05T08_42_08_961Z-debug.log</ br>
0.1.6	0.4.5	1.3.2	1.3.1	0.2.3	0.4.5	1.3.0	4.17.0	1.5.0	1.11.0	1.4.1	1.3.0	2.3.6	3.0.3	</ br>> he@1.2.0 build C:\Mahir\VT\Research\npm-package-coupling\sources\dataset\he</ br>> grunt build</ br></ br>[4mRunning "shell:process-data" (shell) task[24m</ br>C:\Mahir\VT\Research\npm-package-coupling\sources\dataset\he\node_modules\sort-object\index.js:71</ br>    var k = get(sortBy, key)[j++];</ br>                            ^</ br></ br>TypeError: Cannot read property '0' of undefined</ br>    at sort (C:\Mahir\VT\Research\npm-package-coupling\sources\dataset\he\node_modules\sort-object\index.js:71:29)</ br>    at Object.<anonymous> (C:\Mahir\VT\Research\npm-package-coupling\sources\dataset\he\scripts\process-data.js:96:35)</ br>    at Module._compile (internal/modules/cjs/loader.js:1138:30)</ br>    at Object.Module._extensions..js (internal/modules/cjs/loader.js:1158:10)</ br>    at Module.load (internal/modules/cjs/loader.js:986:32)</ br>    at Function.Module._load (internal/modules/cjs/loader.js:879:14)</ br>    at Function.executeUserEntryPoint [as runMain] (internal/modules/run_main.js:71:12)</ br>    at internal/main/run_main_module.js:17:47</ br>[33mWarning: Command failed: node scripts/process-data.js</ br>C:\Mahir\VT\Research\npm-package-coupling\sources\dataset\he\node_modules\sort-object\index.js:71</ br>    var k = get(sortBy, key)[j++];</ br>                            ^</ br></ br>TypeError: Cannot read property '0' of undefined</ br>    at sort (C:\Mahir\VT\Research\npm-package-coupling\sources\dataset\he\node_modules\sort-object\index.js:71:29)</ br>    at Object.<anonymous> (C:\Mahir\VT\Research\npm-package-coupling\sources\dataset\he\scripts\process-data.js:96:35)</ br>    at Module._compile (internal/modules/cjs/loader.js:1138:30)</ br>    at Object.Module._extensions..js (internal/modules/cjs/loader.js:1158:10)</ br>    at Module.load (internal/modules/cjs/loader.js:986:32)</ br>    at Function.Module._load (internal/modules/cjs/loader.js:879:14)</ br>    at Function.executeUserEntryPoint [as runMain] (internal/modules/run_main.js:71:12)</ br>    at internal/main/run_main_module.js:17:47</ br> Use --force to continue.[39m</ br></ br>[31mAborted due to warnings.[39m</ br>npm ERR! code ELIFECYCLE</ br>npm ERR! errno 6</ br>npm ERR! he@1.2.0 build: `grunt build`</ br>npm ERR! Exit status 6</ br>npm ERR! </ br>npm ERR! Failed at the he@1.2.0 build script.</ br>npm ERR! This is probably not a problem with npm. There is likely additional logging output above.</ br></ br>npm ERR! A complete log of this run can be found in:</ br>npm ERR!     C:\Users\asefk\AppData\Roaming\npm-cache\_logs\2020-09-05T08_42_39_783Z-debug.log</ br>
0.1.6	0.4.5	1.3.2	1.1.2	0.2.3	0.4.5	1.3.0	4.17.20	1.5.0	1.11.0	1.4.1	1.3.0	2.3.6	3.0.3	</ br>> he@1.2.0 build C:\Mahir\VT\Research\npm-package-coupling\sources\dataset\he</ br>> grunt build</ br></ br>[4mRunning "shell:process-data" (shell) task[24m</ br>C:\Mahir\VT\Research\npm-package-coupling\sources\dataset\he\node_modules\sort-object\index.js:71</ br>    var k = get(sortBy, key)[j++];</ br>                            ^</ br></ br>TypeError: Cannot read property '0' of undefined</ br>    at sort (C:\Mahir\VT\Research\npm-package-coupling\sources\dataset\he\node_modules\sort-object\index.js:71:29)</ br>    at Object.<anonymous> (C:\Mahir\VT\Research\npm-package-coupling\sources\dataset\he\scripts\process-data.js:96:35)</ br>    at Module._compile (internal/modules/cjs/loader.js:1138:30)</ br>    at Object.Module._extensions..js (internal/modules/cjs/loader.js:1158:10)</ br>    at Module.load (internal/modules/cjs/loader.js:986:32)</ br>    at Function.Module._load (internal/modules/cjs/loader.js:879:14)</ br>    at Function.executeUserEntryPoint [as runMain] (internal/modules/run_main.js:71:12)</ br>    at internal/main/run_main_module.js:17:47</ br>[33mWarning: Command failed: node scripts/process-data.js</ br>C:\Mahir\VT\Research\npm-package-coupling\sources\dataset\he\node_modules\sort-object\index.js:71</ br>    var k = get(sortBy, key)[j++];</ br>                            ^</ br></ br>TypeError: Cannot read property '0' of undefined</ br>    at sort (C:\Mahir\VT\Research\npm-package-coupling\sources\dataset\he\node_modules\sort-object\index.js:71:29)</ br>    at Object.<anonymous> (C:\Mahir\VT\Research\npm-package-coupling\sources\dataset\he\scripts\process-data.js:96:35)</ br>    at Module._compile (internal/modules/cjs/loader.js:1138:30)</ br>    at Object.Module._extensions..js (internal/modules/cjs/loader.js:1158:10)</ br>    at Module.load (internal/modules/cjs/loader.js:986:32)</ br>    at Function.Module._load (internal/modules/cjs/loader.js:879:14)</ br>    at Function.executeUserEntryPoint [as runMain] (internal/modules/run_main.js:71:12)</ br>    at internal/main/run_main_module.js:17:47</ br> Use --force to continue.[39m</ br></ br>[31mAborted due to warnings.[39m</ br>npm ERR! code ELIFECYCLE</ br>npm ERR! errno 6</ br>npm ERR! he@1.2.0 build: `grunt build`</ br>npm ERR! Exit status 6</ br>npm ERR! </ br>npm ERR! Failed at the he@1.2.0 build script.</ br>npm ERR! This is probably not a problem with npm. There is likely additional logging output above.</ br></ br>npm ERR! A complete log of this run can be found in:</ br>npm ERR!     C:\Users\asefk\AppData\Roaming\npm-cache\_logs\2020-09-05T08_43_10_435Z-debug.log</ br>
0.1.6	0.4.5	1.3.2	1.3.0	0.2.3	0.4.5	1.3.0	4.17.20	1.5.0	1.11.0	1.4.1	1.3.0	2.3.6	3.0.3	</ br>> he@1.2.0 build C:\Mahir\VT\Research\npm-package-coupling\sources\dataset\he</ br>> grunt build</ br></ br>[4mRunning "shell:process-data" (shell) task[24m</ br>C:\Mahir\VT\Research\npm-package-coupling\sources\dataset\he\node_modules\sort-object\index.js:71</ br>    var k = get(sortBy, key)[j++];</ br>                            ^</ br></ br>TypeError: Cannot read property '0' of undefined</ br>    at sort (C:\Mahir\VT\Research\npm-package-coupling\sources\dataset\he\node_modules\sort-object\index.js:71:29)</ br>    at Object.<anonymous> (C:\Mahir\VT\Research\npm-package-coupling\sources\dataset\he\scripts\process-data.js:96:35)</ br>    at Module._compile (internal/modules/cjs/loader.js:1138:30)</ br>    at Object.Module._extensions..js (internal/modules/cjs/loader.js:1158:10)</ br>    at Module.load (internal/modules/cjs/loader.js:986:32)</ br>    at Function.Module._load (internal/modules/cjs/loader.js:879:14)</ br>    at Function.executeUserEntryPoint [as runMain] (internal/modules/run_main.js:71:12)</ br>    at internal/main/run_main_module.js:17:47</ br>[33mWarning: Command failed: node scripts/process-data.js</ br>C:\Mahir\VT\Research\npm-package-coupling\sources\dataset\he\node_modules\sort-object\index.js:71</ br>    var k = get(sortBy, key)[j++];</ br>                            ^</ br></ br>TypeError: Cannot read property '0' of undefined</ br>    at sort (C:\Mahir\VT\Research\npm-package-coupling\sources\dataset\he\node_modules\sort-object\index.js:71:29)</ br>    at Object.<anonymous> (C:\Mahir\VT\Research\npm-package-coupling\sources\dataset\he\scripts\process-data.js:96:35)</ br>    at Module._compile (internal/modules/cjs/loader.js:1138:30)</ br>    at Object.Module._extensions..js (internal/modules/cjs/loader.js:1158:10)</ br>    at Module.load (internal/modules/cjs/loader.js:986:32)</ br>    at Function.Module._load (internal/modules/cjs/loader.js:879:14)</ br>    at Function.executeUserEntryPoint [as runMain] (internal/modules/run_main.js:71:12)</ br>    at internal/main/run_main_module.js:17:47</ br> Use --force to continue.[39m</ br></ br>[31mAborted due to warnings.[39m</ br>npm ERR! code ELIFECYCLE</ br>npm ERR! errno 6</ br>npm ERR! he@1.2.0 build: `grunt build`</ br>npm ERR! Exit status 6</ br>npm ERR! </ br>npm ERR! Failed at the he@1.2.0 build script.</ br>npm ERR! This is probably not a problem with npm. There is likely additional logging output above.</ br></ br>npm ERR! A complete log of this run can be found in:</ br>npm ERR!     C:\Users\asefk\AppData\Roaming\npm-cache\_logs\2020-09-05T08_43_42_664Z-debug.log</ br>
0.1.6	0.4.5	1.3.2	1.3.1	0.2.3	0.4.5	1.3.0	4.17.18	1.5.0	1.11.0	1.4.1	1.3.0	2.3.6	3.0.3	</ br>> he@1.2.0 build C:\Mahir\VT\Research\npm-package-coupling\sources\dataset\he</ br>> grunt build</ br></ br>[4mRunning "shell:process-data" (shell) task[24m</ br>C:\Mahir\VT\Research\npm-package-coupling\sources\dataset\he\node_modules\sort-object\index.js:71</ br>    var k = get(sortBy, key)[j++];</ br>                            ^</ br></ br>TypeError: Cannot read property '0' of undefined</ br>    at sort (C:\Mahir\VT\Research\npm-package-coupling\sources\dataset\he\node_modules\sort-object\index.js:71:29)</ br>    at Object.<anonymous> (C:\Mahir\VT\Research\npm-package-coupling\sources\dataset\he\scripts\process-data.js:96:35)</ br>    at Module._compile (internal/modules/cjs/loader.js:1138:30)</ br>    at Object.Module._extensions..js (internal/modules/cjs/loader.js:1158:10)</ br>    at Module.load (internal/modules/cjs/loader.js:986:32)</ br>    at Function.Module._load (internal/modules/cjs/loader.js:879:14)</ br>    at Function.executeUserEntryPoint [as runMain] (internal/modules/run_main.js:71:12)</ br>    at internal/main/run_main_module.js:17:47</ br>[33mWarning: Command failed: node scripts/process-data.js</ br>C:\Mahir\VT\Research\npm-package-coupling\sources\dataset\he\node_modules\sort-object\index.js:71</ br>    var k = get(sortBy, key)[j++];</ br>                            ^</ br></ br>TypeError: Cannot read property '0' of undefined</ br>    at sort (C:\Mahir\VT\Research\npm-package-coupling\sources\dataset\he\node_modules\sort-object\index.js:71:29)</ br>    at Object.<anonymous> (C:\Mahir\VT\Research\npm-package-coupling\sources\dataset\he\scripts\process-data.js:96:35)</ br>    at Module._compile (internal/modules/cjs/loader.js:1138:30)</ br>    at Object.Module._extensions..js (internal/modules/cjs/loader.js:1158:10)</ br>    at Module.load (internal/modules/cjs/loader.js:986:32)</ br>    at Function.Module._load (internal/modules/cjs/loader.js:879:14)</ br>    at Function.executeUserEntryPoint [as runMain] (internal/modules/run_main.js:71:12)</ br>    at internal/main/run_main_module.js:17:47</ br> Use --force to continue.[39m</ br></ br>[31mAborted due to warnings.[39m</ br>npm ERR! code ELIFECYCLE</ br>npm ERR! errno 6</ br>npm ERR! he@1.2.0 build: `grunt build`</ br>npm ERR! Exit status 6</ br>npm ERR! </ br>npm ERR! Failed at the he@1.2.0 build script.</ br>npm ERR! This is probably not a problem with npm. There is likely additional logging output above.</ br></ br>npm ERR! A complete log of this run can be found in:</ br>npm ERR!     C:\Users\asefk\AppData\Roaming\npm-cache\_logs\2020-09-05T08_44_14_774Z-debug.log</ br>
0.1.6	0.4.5	1.3.2	1.3.1	0.2.3	0.4.5	1.3.0	4.17.20	1.5.0	1.11.0	1.4.1	1.3.0	2.3.5	3.0.3	</ br>> he@1.2.0 build C:\Mahir\VT\Research\npm-package-coupling\sources\dataset\he</ br>> grunt build</ br></ br>[4mRunning "shell:process-data" (shell) task[24m</ br>C:\Mahir\VT\Research\npm-package-coupling\sources\dataset\he\node_modules\sort-object\index.js:71</ br>    var k = get(sortBy, key)[j++];</ br>                            ^</ br></ br>TypeError: Cannot read property '0' of undefined</ br>    at sort (C:\Mahir\VT\Research\npm-package-coupling\sources\dataset\he\node_modules\sort-object\index.js:71:29)</ br>    at Object.<anonymous> (C:\Mahir\VT\Research\npm-package-coupling\sources\dataset\he\scripts\process-data.js:96:35)</ br>    at Module._compile (internal/modules/cjs/loader.js:1138:30)</ br>    at Object.Module._extensions..js (internal/modules/cjs/loader.js:1158:10)</ br>    at Module.load (internal/modules/cjs/loader.js:986:32)</ br>    at Function.Module._load (internal/modules/cjs/loader.js:879:14)</ br>    at Function.executeUserEntryPoint [as runMain] (internal/modules/run_main.js:71:12)</ br>    at internal/main/run_main_module.js:17:47</ br>[33mWarning: Command failed: node scripts/process-data.js</ br>C:\Mahir\VT\Research\npm-package-coupling\sources\dataset\he\node_modules\sort-object\index.js:71</ br>    var k = get(sortBy, key)[j++];</ br>                            ^</ br></ br>TypeError: Cannot read property '0' of undefined</ br>    at sort (C:\Mahir\VT\Research\npm-package-coupling\sources\dataset\he\node_modules\sort-object\index.js:71:29)</ br>    at Object.<anonymous> (C:\Mahir\VT\Research\npm-package-coupling\sources\dataset\he\scripts\process-data.js:96:35)</ br>    at Module._compile (internal/modules/cjs/loader.js:1138:30)</ br>    at Object.Module._extensions..js (internal/modules/cjs/loader.js:1158:10)</ br>    at Module.load (internal/modules/cjs/loader.js:986:32)</ br>    at Function.Module._load (internal/modules/cjs/loader.js:879:14)</ br>    at Function.executeUserEntryPoint [as runMain] (internal/modules/run_main.js:71:12)</ br>    at internal/main/run_main_module.js:17:47</ br> Use --force to continue.[39m</ br></ br>[31mAborted due to warnings.[39m</ br>npm ERR! code ELIFECYCLE</ br>npm ERR! errno 6</ br>npm ERR! he@1.2.0 build: `grunt build`</ br>npm ERR! Exit status 6</ br>npm ERR! </ br>npm ERR! Failed at the he@1.2.0 build script.</ br>npm ERR! This is probably not a problem with npm. There is likely additional logging output above.</ br></ br>npm ERR! A complete log of this run can be found in:</ br>npm ERR!     C:\Users\asefk\AppData\Roaming\npm-cache\_logs\2020-09-05T08_44_45_908Z-debug.log</ br>
0.1.6	0.4.5	1.3.2	1.3.1	0.2.3	0.4.5	1.0.0	4.17.20	1.5.0	1.11.0	1.4.1	1.3.0	2.3.6	3.0.3	</ br>> he@1.2.0 build C:\Mahir\VT\Research\npm-package-coupling\sources\dataset\he</ br>> grunt build</ br></ br>[4mRunning "shell:process-data" (shell) task[24m</ br>C:\Mahir\VT\Research\npm-package-coupling\sources\dataset\he\node_modules\sort-object\index.js:71</ br>    var k = get(sortBy, key)[j++];</ br>                            ^</ br></ br>TypeError: Cannot read property '0' of undefined</ br>    at sort (C:\Mahir\VT\Research\npm-package-coupling\sources\dataset\he\node_modules\sort-object\index.js:71:29)</ br>    at Object.<anonymous> (C:\Mahir\VT\Research\npm-package-coupling\sources\dataset\he\scripts\process-data.js:96:35)</ br>    at Module._compile (internal/modules/cjs/loader.js:1138:30)</ br>    at Object.Module._extensions..js (internal/modules/cjs/loader.js:1158:10)</ br>    at Module.load (internal/modules/cjs/loader.js:986:32)</ br>    at Function.Module._load (internal/modules/cjs/loader.js:879:14)</ br>    at Function.executeUserEntryPoint [as runMain] (internal/modules/run_main.js:71:12)</ br>    at internal/main/run_main_module.js:17:47</ br>[33mWarning: Command failed: node scripts/process-data.js</ br>C:\Mahir\VT\Research\npm-package-coupling\sources\dataset\he\node_modules\sort-object\index.js:71</ br>    var k = get(sortBy, key)[j++];</ br>                            ^</ br></ br>TypeError: Cannot read property '0' of undefined</ br>    at sort (C:\Mahir\VT\Research\npm-package-coupling\sources\dataset\he\node_modules\sort-object\index.js:71:29)</ br>    at Object.<anonymous> (C:\Mahir\VT\Research\npm-package-coupling\sources\dataset\he\scripts\process-data.js:96:35)</ br>    at Module._compile (internal/modules/cjs/loader.js:1138:30)</ br>    at Object.Module._extensions..js (internal/modules/cjs/loader.js:1158:10)</ br>    at Module.load (internal/modules/cjs/loader.js:986:32)</ br>    at Function.Module._load (internal/modules/cjs/loader.js:879:14)</ br>    at Function.executeUserEntryPoint [as runMain] (internal/modules/run_main.js:71:12)</ br>    at internal/main/run_main_module.js:17:47</ br> Use --force to continue.[39m</ br></ br>[31mAborted due to warnings.[39m</ br>npm ERR! code ELIFECYCLE</ br>npm ERR! errno 6</ br>npm ERR! he@1.2.0 build: `grunt build`</ br>npm ERR! Exit status 6</ br>npm ERR! </ br>npm ERR! Failed at the he@1.2.0 build script.</ br>npm ERR! This is probably not a problem with npm. There is likely additional logging output above.</ br></ br>npm ERR! A complete log of this run can be found in:</ br>npm ERR!     C:\Users\asefk\AppData\Roaming\npm-cache\_logs\2020-09-05T08_45_17_017Z-debug.log</ br>
0.1.6	0.4.5	1.3.2	1.3.1	0.2.3	0.4.4	1.3.0	4.17.20	1.5.0	1.11.0	1.4.1	1.3.0	2.3.6	3.0.3	</ br>> he@1.2.0 build C:\Mahir\VT\Research\npm-package-coupling\sources\dataset\he</ br>> grunt build</ br></ br>[4mRunning "shell:process-data" (shell) task[24m</ br>C:\Mahir\VT\Research\npm-package-coupling\sources\dataset\he\node_modules\sort-object\index.js:71</ br>    var k = get(sortBy, key)[j++];</ br>                            ^</ br></ br>TypeError: Cannot read property '0' of undefined</ br>    at sort (C:\Mahir\VT\Research\npm-package-coupling\sources\dataset\he\node_modules\sort-object\index.js:71:29)</ br>    at Object.<anonymous> (C:\Mahir\VT\Research\npm-package-coupling\sources\dataset\he\scripts\process-data.js:96:35)</ br>    at Module._compile (internal/modules/cjs/loader.js:1138:30)</ br>    at Object.Module._extensions..js (internal/modules/cjs/loader.js:1158:10)</ br>    at Module.load (internal/modules/cjs/loader.js:986:32)</ br>    at Function.Module._load (internal/modules/cjs/loader.js:879:14)</ br>    at Function.executeUserEntryPoint [as runMain] (internal/modules/run_main.js:71:12)</ br>    at internal/main/run_main_module.js:17:47</ br>[33mWarning: Command failed: node scripts/process-data.js</ br>C:\Mahir\VT\Research\npm-package-coupling\sources\dataset\he\node_modules\sort-object\index.js:71</ br>    var k = get(sortBy, key)[j++];</ br>                            ^</ br></ br>TypeError: Cannot read property '0' of undefined</ br>    at sort (C:\Mahir\VT\Research\npm-package-coupling\sources\dataset\he\node_modules\sort-object\index.js:71:29)</ br>    at Object.<anonymous> (C:\Mahir\VT\Research\npm-package-coupling\sources\dataset\he\scripts\process-data.js:96:35)</ br>    at Module._compile (internal/modules/cjs/loader.js:1138:30)</ br>    at Object.Module._extensions..js (internal/modules/cjs/loader.js:1158:10)</ br>    at Module.load (internal/modules/cjs/loader.js:986:32)</ br>    at Function.Module._load (internal/modules/cjs/loader.js:879:14)</ br>    at Function.executeUserEntryPoint [as runMain] (internal/modules/run_main.js:71:12)</ br>    at internal/main/run_main_module.js:17:47</ br> Use --force to continue.[39m</ br></ br>[31mAborted due to warnings.[39m</ br>npm ERR! code ELIFECYCLE</ br>npm ERR! errno 6</ br>npm ERR! he@1.2.0 build: `grunt build`</ br>npm ERR! Exit status 6</ br>npm ERR! </ br>npm ERR! Failed at the he@1.2.0 build script.</ br>npm ERR! This is probably not a problem with npm. There is likely additional logging output above.</ br></ br>npm ERR! A complete log of this run can be found in:</ br>npm ERR!     C:\Users\asefk\AppData\Roaming\npm-cache\_logs\2020-09-05T08_45_48_131Z-debug.log</ br>
0.1.6	0.4.5	1.3.2	1.3.1	0.2.3	0.4.5	1.3.0	4.17.20	1.4.5	1.11.0	1.4.1	1.3.0	2.3.6	3.0.3	</ br>> he@1.2.0 build C:\Mahir\VT\Research\npm-package-coupling\sources\dataset\he</ br>> grunt build</ br></ br>[4mRunning "shell:process-data" (shell) task[24m</ br>C:\Mahir\VT\Research\npm-package-coupling\sources\dataset\he\node_modules\sort-object\index.js:71</ br>    var k = get(sortBy, key)[j++];</ br>                            ^</ br></ br>TypeError: Cannot read property '0' of undefined</ br>    at sort (C:\Mahir\VT\Research\npm-package-coupling\sources\dataset\he\node_modules\sort-object\index.js:71:29)</ br>    at Object.<anonymous> (C:\Mahir\VT\Research\npm-package-coupling\sources\dataset\he\scripts\process-data.js:96:35)</ br>    at Module._compile (internal/modules/cjs/loader.js:1138:30)</ br>    at Object.Module._extensions..js (internal/modules/cjs/loader.js:1158:10)</ br>    at Module.load (internal/modules/cjs/loader.js:986:32)</ br>    at Function.Module._load (internal/modules/cjs/loader.js:879:14)</ br>    at Function.executeUserEntryPoint [as runMain] (internal/modules/run_main.js:71:12)</ br>    at internal/main/run_main_module.js:17:47</ br>[33mWarning: Command failed: node scripts/process-data.js</ br>C:\Mahir\VT\Research\npm-package-coupling\sources\dataset\he\node_modules\sort-object\index.js:71</ br>    var k = get(sortBy, key)[j++];</ br>                            ^</ br></ br>TypeError: Cannot read property '0' of undefined</ br>    at sort (C:\Mahir\VT\Research\npm-package-coupling\sources\dataset\he\node_modules\sort-object\index.js:71:29)</ br>    at Object.<anonymous> (C:\Mahir\VT\Research\npm-package-coupling\sources\dataset\he\scripts\process-data.js:96:35)</ br>    at Module._compile (internal/modules/cjs/loader.js:1138:30)</ br>    at Object.Module._extensions..js (internal/modules/cjs/loader.js:1158:10)</ br>    at Module.load (internal/modules/cjs/loader.js:986:32)</ br>    at Function.Module._load (internal/modules/cjs/loader.js:879:14)</ br>    at Function.executeUserEntryPoint [as runMain] (internal/modules/run_main.js:71:12)</ br>    at internal/main/run_main_module.js:17:47</ br> Use --force to continue.[39m</ br></ br>[31mAborted due to warnings.[39m</ br>npm ERR! code ELIFECYCLE</ br>npm ERR! errno 6</ br>npm ERR! he@1.2.0 build: `grunt build`</ br>npm ERR! Exit status 6</ br>npm ERR! </ br>npm ERR! Failed at the he@1.2.0 build script.</ br>npm ERR! This is probably not a problem with npm. There is likely additional logging output above.</ br></ br>npm ERR! A complete log of this run can be found in:</ br>npm ERR!     C:\Users\asefk\AppData\Roaming\npm-cache\_logs\2020-09-05T08_46_18_930Z-debug.log</ br>
0.1.6	0.4.5	1.3.2	1.3.1	0.2.3	0.4.5	1.3.0	4.16.3	1.5.0	1.11.0	1.4.1	1.3.0	2.3.6	3.0.3	</ br>> he@1.2.0 build C:\Mahir\VT\Research\npm-package-coupling\sources\dataset\he</ br>> grunt build</ br></ br>[4mRunning "shell:process-data" (shell) task[24m</ br>C:\Mahir\VT\Research\npm-package-coupling\sources\dataset\he\node_modules\sort-object\index.js:71</ br>    var k = get(sortBy, key)[j++];</ br>                            ^</ br></ br>TypeError: Cannot read property '0' of undefined</ br>    at sort (C:\Mahir\VT\Research\npm-package-coupling\sources\dataset\he\node_modules\sort-object\index.js:71:29)</ br>    at Object.<anonymous> (C:\Mahir\VT\Research\npm-package-coupling\sources\dataset\he\scripts\process-data.js:96:35)</ br>    at Module._compile (internal/modules/cjs/loader.js:1138:30)</ br>    at Object.Module._extensions..js (internal/modules/cjs/loader.js:1158:10)</ br>    at Module.load (internal/modules/cjs/loader.js:986:32)</ br>    at Function.Module._load (internal/modules/cjs/loader.js:879:14)</ br>    at Function.executeUserEntryPoint [as runMain] (internal/modules/run_main.js:71:12)</ br>    at internal/main/run_main_module.js:17:47</ br>[33mWarning: Command failed: node scripts/process-data.js</ br>C:\Mahir\VT\Research\npm-package-coupling\sources\dataset\he\node_modules\sort-object\index.js:71</ br>    var k = get(sortBy, key)[j++];</ br>                            ^</ br></ br>TypeError: Cannot read property '0' of undefined</ br>    at sort (C:\Mahir\VT\Research\npm-package-coupling\sources\dataset\he\node_modules\sort-object\index.js:71:29)</ br>    at Object.<anonymous> (C:\Mahir\VT\Research\npm-package-coupling\sources\dataset\he\scripts\process-data.js:96:35)</ br>    at Module._compile (internal/modules/cjs/loader.js:1138:30)</ br>    at Object.Module._extensions..js (internal/modules/cjs/loader.js:1158:10)</ br>    at Module.load (internal/modules/cjs/loader.js:986:32)</ br>    at Function.Module._load (internal/modules/cjs/loader.js:879:14)</ br>    at Function.executeUserEntryPoint [as runMain] (internal/modules/run_main.js:71:12)</ br>    at internal/main/run_main_module.js:17:47</ br> Use --force to continue.[39m</ br></ br>[31mAborted due to warnings.[39m</ br>npm ERR! code ELIFECYCLE</ br>npm ERR! errno 6</ br>npm ERR! he@1.2.0 build: `grunt build`</ br>npm ERR! Exit status 6</ br>npm ERR! </ br>npm ERR! Failed at the he@1.2.0 build script.</ br>npm ERR! This is probably not a problem with npm. There is likely additional logging output above.</ br></ br>npm ERR! A complete log of this run can be found in:</ br>npm ERR!     C:\Users\asefk\AppData\Roaming\npm-cache\_logs\2020-09-05T08_46_50_138Z-debug.log</ br>
