@types/chai	@types/mocha	@types/node	chai	coveralls	entities	mocha	node-html-encoder	ts-node	typescript	Reason
4.2.12	7.0.2	13.13.17	4.2.0	3.1.0	2.0.3	7.2.0	0.0.2	8.10.2	3.9.0-dev.20200305	</ br>> html-entities@1.3.1 build C:\Mahir\VT\Research\npm-package-coupling\sources\dataset\html-entities</ br>> tsc</ br></ br>node_modules/@types/node/base.d.ts(13,21): error TS2727: Cannot find lib definition for 'esnext.bigint'. Did you mean 'esnext.intl'?</ br>node_modules/@types/node/ts3.4/base.d.ts(13,21): error TS2727: Cannot find lib definition for 'esnext.bigint'. Did you mean 'esnext.intl'?</ br>node_modules/@types/node/ts3.4/util.d.ts(6,56): error TS2304: Cannot find name 'BigInt64Array'.</ br>node_modules/@types/node/ts3.4/util.d.ts(7,57): error TS2304: Cannot find name 'BigUint64Array'.</ br>node_modules/@types/node/ts3.6/base.d.ts(13,21): error TS2727: Cannot find lib definition for 'esnext.bigint'. Did you mean 'esnext.intl'?</ br>npm ERR! code ELIFECYCLE</ br>npm ERR! errno 2</ br>npm ERR! html-entities@1.3.1 build: `tsc`</ br>npm ERR! Exit status 2</ br>npm ERR! </ br>npm ERR! Failed at the html-entities@1.3.1 build script.</ br>npm ERR! This is probably not a problem with npm. There is likely additional logging output above.</ br></ br>npm ERR! A complete log of this run can be found in:</ br>npm ERR!     C:\Users\asefk\AppData\Roaming\npm-cache\_logs\2020-09-09T09_09_00_652Z-debug.log</ br>
