async-foreach	chalk	cross-spawn	gaze	get-stdin	glob	in-publish	lodash	meow	mkdirp	nan	node-gyp	npmlog	request	sass-graph	stdout-stream	true-case-path	coveralls	eslint	fs-extra	istanbul	mocha	mocha-lcov-reporter	object-merge	read-yaml	rimraf	sass-spec	unique-temp-dir	Reason
0.1.3	1.1.3	3.0.1	1.1.3	4.0.1	7.1.5	2.0.1	4.17.20	3.7.0	0.5.5	2.14.1	3.8.0	4.1.2	2.88.2	2.2.5	1.4.1	1.0.3	3.1.0	3.19.0	0.30.0	0.4.5	3.5.3	1.3.0	2.5.1	1.1.0	2.7.1	https://github.com/sass/sass-spec.git#dc2d573	1.0.0	</ br>> node-sass@4.14.1 build C:\Mahir\VT\Research\npm-package-coupling\sources\dataset\node-sass</ br>> node scripts/build.js --force</ br></ br>Building: C:\Program Files\nodejs\node.exe C:\Mahir\VT\Research\npm-package-coupling\sources\dataset\node-sass\node_modules\node-gyp\bin\node-gyp.js rebuild --verbose --libsass_ext= --libsass_cflags= --libsass_ldflags= --libsass_library=</ br>gyp info it worked if it ends with ok</ br>gyp verb cli [</ br>gyp verb cli   'C:\\Program Files\\nodejs\\node.exe',</ br>gyp verb cli   'C:\\Mahir\\VT\\Research\\npm-package-coupling\\sources\\dataset\\node-sass\\node_modules\\node-gyp\\bin\\node-gyp.js',</ br>gyp verb cli   'rebuild',</ br>gyp verb cli   '--verbose',</ br>gyp verb cli   '--libsass_ext=',</ br>gyp verb cli   '--libsass_cflags=',</ br>gyp verb cli   '--libsass_ldflags=',</ br>gyp verb cli   '--libsass_library='</ br>gyp verb cli ]</ br>gyp info using node-gyp@3.8.0</ br>gyp info using node@12.18.2 | win32 | x64</ br>gyp verb command rebuild []</ br>gyp verb command clean []</ br>gyp verb clean removing "build" directory</ br>gyp verb command configure []</ br>gyp verb check python checking for Python executable "python2" in the PATH</ br>gyp verb `which` failed Error: not found: python2</ br>gyp verb `which` failed     at getNotFoundError (C:\Mahir\VT\Research\npm-package-coupling\sources\dataset\node-sass\node_modules\which\which.js:13:12)</ br>gyp verb `which` failed     at F (C:\Mahir\VT\Research\npm-package-coupling\sources\dataset\node-sass\node_modules\which\which.js:68:19)</ br>gyp verb `which` failed     at E (C:\Mahir\VT\Research\npm-package-coupling\sources\dataset\node-sass\node_modules\which\which.js:80:29)</ br>gyp verb `which` failed     at C:\Mahir\VT\Research\npm-package-coupling\sources\dataset\node-sass\node_modules\which\which.js:89:16</ br>gyp verb `which` failed     at C:\Mahir\VT\Research\npm-package-coupling\sources\dataset\node-sass\node_modules\isexe\index.js:42:5</ br>gyp verb `which` failed     at C:\Mahir\VT\Research\npm-package-coupling\sources\dataset\node-sass\node_modules\isexe\windows.js:36:5</ br>gyp verb `which` failed     at FSReqCallback.oncomplete (fs.js:167:21)</ br>gyp verb `which` failed  python2 Error: not found: python2</ br>gyp verb `which` failed     at getNotFoundError (C:\Mahir\VT\Research\npm-package-coupling\sources\dataset\node-sass\node_modules\which\which.js:13:12)</ br>gyp verb `which` failed     at F (C:\Mahir\VT\Research\npm-package-coupling\sources\dataset\node-sass\node_modules\which\which.js:68:19)</ br>gyp verb `which` failed     at E (C:\Mahir\VT\Research\npm-package-coupling\sources\dataset\node-sass\node_modules\which\which.js:80:29)</ br>gyp verb `which` failed     at C:\Mahir\VT\Research\npm-package-coupling\sources\dataset\node-sass\node_modules\which\which.js:89:16</ br>gyp verb `which` failed     at C:\Mahir\VT\Research\npm-package-coupling\sources\dataset\node-sass\node_modules\isexe\index.js:42:5</ br>gyp verb `which` failed     at C:\Mahir\VT\Research\npm-package-coupling\sources\dataset\node-sass\node_modules\isexe\windows.js:36:5</ br>gyp verb `which` failed     at FSReqCallback.oncomplete (fs.js:167:21) {</ br>gyp verb `which` failed   code: 'ENOENT'</ br>gyp verb `which` failed }</ br>gyp verb check python checking for Python executable "python" in the PATH</ br>gyp verb `which` failed Error: not found: python</ br>gyp verb `which` failed     at getNotFoundError (C:\Mahir\VT\Research\npm-package-coupling\sources\dataset\node-sass\node_modules\which\which.js:13:12)</ br>gyp verb `which` failed     at F (C:\Mahir\VT\Research\npm-package-coupling\sources\dataset\node-sass\node_modules\which\which.js:68:19)</ br>gyp verb `which` failed     at E (C:\Mahir\VT\Research\npm-package-coupling\sources\dataset\node-sass\node_modules\which\which.js:80:29)</ br>gyp verb `which` failed     at C:\Mahir\VT\Research\npm-package-coupling\sources\dataset\node-sass\node_modules\which\which.js:89:16</ br>gyp verb `which` failed     at C:\Mahir\VT\Research\npm-package-coupling\sources\dataset\node-sass\node_modules\isexe\index.js:42:5</ br>gyp verb `which` failed     at C:\Mahir\VT\Research\npm-package-coupling\sources\dataset\node-sass\node_modules\isexe\windows.js:36:5</ br>gyp verb `which` failed     at FSReqCallback.oncomplete (fs.js:167:21)</ br>gyp verb `which` failed  python Error: not found: python</ br>gyp verb `which` failed     at getNotFoundError (C:\Mahir\VT\Research\npm-package-coupling\sources\dataset\node-sass\node_modules\which\which.js:13:12)</ br>gyp verb `which` failed     at F (C:\Mahir\VT\Research\npm-package-coupling\sources\dataset\node-sass\node_modules\which\which.js:68:19)</ br>gyp verb `which` failed     at E (C:\Mahir\VT\Research\npm-package-coupling\sources\dataset\node-sass\node_modules\which\which.js:80:29)</ br>gyp verb `which` failed     at C:\Mahir\VT\Research\npm-package-coupling\sources\dataset\node-sass\node_modules\which\which.js:89:16</ br>gyp verb `which` failed     at C:\Mahir\VT\Research\npm-package-coupling\sources\dataset\node-sass\node_modules\isexe\index.js:42:5</ br>gyp verb `which` failed     at C:\Mahir\VT\Research\npm-package-coupling\sources\dataset\node-sass\node_modules\isexe\windows.js:36:5</ br>gyp verb `which` failed     at FSReqCallback.oncomplete (fs.js:167:21) {</ br>gyp verb `which` failed   code: 'ENOENT'</ br>gyp verb `which` failed }</ br>gyp verb could not find "python". checking python launcher </ br>gyp verb could not find "python". guessing location </ br>gyp verb ensuring that file exists: C:\Python27\python.exe</ br>gyp ERR! configure error </ br>gyp ERR! stack Error: Can't find Python executable "python", you can set the PYTHON env variable.</ br>gyp ERR! stack     at PythonFinder.failNoPython (C:\Mahir\VT\Research\npm-package-coupling\sources\dataset\node-sass\node_modules\node-gyp\lib\configure.js:484:19)</ br>gyp ERR! stack     at PythonFinder.<anonymous> (C:\Mahir\VT\Research\npm-package-coupling\sources\dataset\node-sass\node_modules\node-gyp\lib\configure.js:509:16)</ br>gyp ERR! stack     at callback (C:\Mahir\VT\Research\npm-package-coupling\sources\dataset\node-sass\node_modules\graceful-fs\polyfills.js:295:20)</ br>gyp ERR! stack     at FSReqCallback.oncomplete (fs.js:167:21)</ br>gyp ERR! System Windows_NT 10.0.19041</ br>gyp ERR! command "C:\\Program Files\\nodejs\\node.exe" "C:\\Mahir\\VT\\Research\\npm-package-coupling\\sources\\dataset\\node-sass\\node_modules\\node-gyp\\bin\\node-gyp.js" "rebuild" "--verbose" "--libsass_ext=" "--libsass_cflags=" "--libsass_ldflags=" "--libsass_library="</ br>gyp ERR! cwd C:\Mahir\VT\Research\npm-package-coupling\sources\dataset\node-sass</ br>gyp ERR! node -v v12.18.2</ br>gyp ERR! node-gyp -v v3.8.0</ br>gyp ERR! not ok </ br>Build failed with error code: 1</ br>npm ERR! code ELIFECYCLE</ br>npm ERR! errno 1</ br>npm ERR! node-sass@4.14.1 build: `node scripts/build.js --force`</ br>npm ERR! Exit status 1</ br>npm ERR! </ br>npm ERR! Failed at the node-sass@4.14.1 build script.</ br>npm ERR! This is probably not a problem with npm. There is likely additional logging output above.</ br></ br>npm ERR! A complete log of this run can be found in:</ br>npm ERR!     C:\Users\asefk\AppData\Roaming\npm-cache\_logs\2020-09-09T13_53_32_019Z-debug.log</ br>
0.1.3	1.1.3	3.0.1	1.1.3	4.0.1	7.1.6	2.0.1	4.17.20	3.7.0	0.5.5	2.14.1	3.8.0	4.1.2	2.88.2	2.2.5	1.4.1	1.0.3	3.1.0	3.19.0	0.30.0	0.4.5	3.5.3	1.3.0	2.5.1	1.1.0	2.7.1	https://github.com/sass/sass-spec.git#dc2d573	1.0.0	</ br>> node-sass@4.14.1 build C:\Mahir\VT\Research\npm-package-coupling\sources\dataset\node-sass</ br>> node scripts/build.js --force</ br></ br>Building: C:\Program Files\nodejs\node.exe C:\Mahir\VT\Research\npm-package-coupling\sources\dataset\node-sass\node_modules\node-gyp\bin\node-gyp.js rebuild --verbose --libsass_ext= --libsass_cflags= --libsass_ldflags= --libsass_library=</ br>gyp info it worked if it ends with ok</ br>gyp verb cli [</ br>gyp verb cli   'C:\\Program Files\\nodejs\\node.exe',</ br>gyp verb cli   'C:\\Mahir\\VT\\Research\\npm-package-coupling\\sources\\dataset\\node-sass\\node_modules\\node-gyp\\bin\\node-gyp.js',</ br>gyp verb cli   'rebuild',</ br>gyp verb cli   '--verbose',</ br>gyp verb cli   '--libsass_ext=',</ br>gyp verb cli   '--libsass_cflags=',</ br>gyp verb cli   '--libsass_ldflags=',</ br>gyp verb cli   '--libsass_library='</ br>gyp verb cli ]</ br>gyp info using node-gyp@3.8.0</ br>gyp info using node@12.18.2 | win32 | x64</ br>gyp verb command rebuild []</ br>gyp verb command clean []</ br>gyp verb clean removing "build" directory</ br>gyp verb command configure []</ br>gyp verb check python checking for Python executable "python2" in the PATH</ br>gyp verb `which` failed Error: not found: python2</ br>gyp verb `which` failed     at getNotFoundError (C:\Mahir\VT\Research\npm-package-coupling\sources\dataset\node-sass\node_modules\which\which.js:13:12)</ br>gyp verb `which` failed     at F (C:\Mahir\VT\Research\npm-package-coupling\sources\dataset\node-sass\node_modules\which\which.js:68:19)</ br>gyp verb `which` failed     at E (C:\Mahir\VT\Research\npm-package-coupling\sources\dataset\node-sass\node_modules\which\which.js:80:29)</ br>gyp verb `which` failed     at C:\Mahir\VT\Research\npm-package-coupling\sources\dataset\node-sass\node_modules\which\which.js:89:16</ br>gyp verb `which` failed     at C:\Mahir\VT\Research\npm-package-coupling\sources\dataset\node-sass\node_modules\isexe\index.js:42:5</ br>gyp verb `which` failed     at C:\Mahir\VT\Research\npm-package-coupling\sources\dataset\node-sass\node_modules\isexe\windows.js:36:5</ br>gyp verb `which` failed     at FSReqCallback.oncomplete (fs.js:167:21)</ br>gyp verb `which` failed  python2 Error: not found: python2</ br>gyp verb `which` failed     at getNotFoundError (C:\Mahir\VT\Research\npm-package-coupling\sources\dataset\node-sass\node_modules\which\which.js:13:12)</ br>gyp verb `which` failed     at F (C:\Mahir\VT\Research\npm-package-coupling\sources\dataset\node-sass\node_modules\which\which.js:68:19)</ br>gyp verb `which` failed     at E (C:\Mahir\VT\Research\npm-package-coupling\sources\dataset\node-sass\node_modules\which\which.js:80:29)</ br>gyp verb `which` failed     at C:\Mahir\VT\Research\npm-package-coupling\sources\dataset\node-sass\node_modules\which\which.js:89:16</ br>gyp verb `which` failed     at C:\Mahir\VT\Research\npm-package-coupling\sources\dataset\node-sass\node_modules\isexe\index.js:42:5</ br>gyp verb `which` failed     at C:\Mahir\VT\Research\npm-package-coupling\sources\dataset\node-sass\node_modules\isexe\windows.js:36:5</ br>gyp verb `which` failed     at FSReqCallback.oncomplete (fs.js:167:21) {</ br>gyp verb `which` failed   code: 'ENOENT'</ br>gyp verb `which` failed }</ br>gyp verb check python checking for Python executable "python" in the PATH</ br>gyp verb `which` failed Error: not found: python</ br>gyp verb `which` failed     at getNotFoundError (C:\Mahir\VT\Research\npm-package-coupling\sources\dataset\node-sass\node_modules\which\which.js:13:12)</ br>gyp verb `which` failed     at F (C:\Mahir\VT\Research\npm-package-coupling\sources\dataset\node-sass\node_modules\which\which.js:68:19)</ br>gyp verb `which` failed     at E (C:\Mahir\VT\Research\npm-package-coupling\sources\dataset\node-sass\node_modules\which\which.js:80:29)</ br>gyp verb `which` failed     at C:\Mahir\VT\Research\npm-package-coupling\sources\dataset\node-sass\node_modules\which\which.js:89:16</ br>gyp verb `which` failed     at C:\Mahir\VT\Research\npm-package-coupling\sources\dataset\node-sass\node_modules\isexe\index.js:42:5</ br>gyp verb `which` failed     at C:\Mahir\VT\Research\npm-package-coupling\sources\dataset\node-sass\node_modules\isexe\windows.js:36:5</ br>gyp verb `which` failed     at FSReqCallback.oncomplete (fs.js:167:21)</ br>gyp verb `which` failed  python Error: not found: python</ br>gyp verb `which` failed     at getNotFoundError (C:\Mahir\VT\Research\npm-package-coupling\sources\dataset\node-sass\node_modules\which\which.js:13:12)</ br>gyp verb `which` failed     at F (C:\Mahir\VT\Research\npm-package-coupling\sources\dataset\node-sass\node_modules\which\which.js:68:19)</ br>gyp verb `which` failed     at E (C:\Mahir\VT\Research\npm-package-coupling\sources\dataset\node-sass\node_modules\which\which.js:80:29)</ br>gyp verb `which` failed     at C:\Mahir\VT\Research\npm-package-coupling\sources\dataset\node-sass\node_modules\which\which.js:89:16</ br>gyp verb `which` failed     at C:\Mahir\VT\Research\npm-package-coupling\sources\dataset\node-sass\node_modules\isexe\index.js:42:5</ br>gyp verb `which` failed     at C:\Mahir\VT\Research\npm-package-coupling\sources\dataset\node-sass\node_modules\isexe\windows.js:36:5</ br>gyp verb `which` failed     at FSReqCallback.oncomplete (fs.js:167:21) {</ br>gyp verb `which` failed   code: 'ENOENT'</ br>gyp verb `which` failed }</ br>gyp verb could not find "python". checking python launcher </ br>gyp verb could not find "python". guessing location </ br>gyp verb ensuring that file exists: C:\Python27\python.exe</ br>gyp ERR! configure error </ br>gyp ERR! stack Error: Can't find Python executable "python", you can set the PYTHON env variable.</ br>gyp ERR! stack     at PythonFinder.failNoPython (C:\Mahir\VT\Research\npm-package-coupling\sources\dataset\node-sass\node_modules\node-gyp\lib\configure.js:484:19)</ br>gyp ERR! stack     at PythonFinder.<anonymous> (C:\Mahir\VT\Research\npm-package-coupling\sources\dataset\node-sass\node_modules\node-gyp\lib\configure.js:509:16)</ br>gyp ERR! stack     at callback (C:\Mahir\VT\Research\npm-package-coupling\sources\dataset\node-sass\node_modules\graceful-fs\polyfills.js:295:20)</ br>gyp ERR! stack     at FSReqCallback.oncomplete (fs.js:167:21)</ br>gyp ERR! System Windows_NT 10.0.19041</ br>gyp ERR! command "C:\\Program Files\\nodejs\\node.exe" "C:\\Mahir\\VT\\Research\\npm-package-coupling\\sources\\dataset\\node-sass\\node_modules\\node-gyp\\bin\\node-gyp.js" "rebuild" "--verbose" "--libsass_ext=" "--libsass_cflags=" "--libsass_ldflags=" "--libsass_library="</ br>gyp ERR! cwd C:\Mahir\VT\Research\npm-package-coupling\sources\dataset\node-sass</ br>gyp ERR! node -v v12.18.2</ br>gyp ERR! node-gyp -v v3.8.0</ br>gyp ERR! not ok </ br>Build failed with error code: 1</ br>npm ERR! code ELIFECYCLE</ br>npm ERR! errno 1</ br>npm ERR! node-sass@4.14.1 build: `node scripts/build.js --force`</ br>npm ERR! Exit status 1</ br>npm ERR! </ br>npm ERR! Failed at the node-sass@4.14.1 build script.</ br>npm ERR! This is probably not a problem with npm. There is likely additional logging output above.</ br></ br>npm ERR! A complete log of this run can be found in:</ br>npm ERR!     C:\Users\asefk\AppData\Roaming\npm-cache\_logs\2020-09-09T13_55_24_443Z-debug.log</ br>
