@google-cloud/storage	@size-limit/preset-small-lib	@strictsoftware/typedoc-plugin-monorepo	@types/chai	@types/jest	@types/mocha	@types/node	@types/sinon	chai	codecov	jest	karma-browserstack-launcher	karma-firefox-launcher	lerna	mocha	npm-run-all	prettier	replace-in-file	rimraf	sinon	size-limit	ts-jest	typedoc	typescript	Reason
2.5.0	4.6.0	0.3.1	4.2.12	24.9.1	5.2.7	11.15.23	7.5.2	4.2.0	3.7.2	24.9.0	1.6.0	1.3.0	3.13.4	6.2.3	4.1.5	1.19.0	4.1.3	2.7.1	7.5.0	4.6.0	24.3.0	0.18.0	3.7.5	</ br>> @0.0.0 build C:\Mahir\VT\Research\npm-package-coupling\sources\dataset\raven</ br>> node ./scripts/verify-packages-versions.js && lerna run --stream --concurrency 1 --sort build</ br></ br>lerna notice cli v3.13.4</ br>lerna info Executing command in 15 packages: "yarn run build"</ br>@sentry/types: 'yarn' is not recognized as an internal or external command,</ br>@sentry/types: operable program or batch file.</ br>lerna ERR! yarn run build exited 2 in '@sentry/types'</ br>npm ERR! code ELIFECYCLE</ br>npm ERR! errno 2</ br>npm ERR! @0.0.0 build: `node ./scripts/verify-packages-versions.js && lerna run --stream --concurrency 1 --sort build`</ br>npm ERR! Exit status 2</ br>npm ERR! </ br>npm ERR! Failed at the @0.0.0 build script.</ br>npm ERR! This is probably not a problem with npm. There is likely additional logging output above.</ br></ br>npm ERR! A complete log of this run can be found in:</ br>npm ERR!     C:\Users\asefk\AppData\Roaming\npm-cache\_logs\2020-09-11T09_07_25_163Z-debug.log</ br>
2.5.0	4.6.0	0.3.1	4.2.12	24.9.1	5.2.7	11.15.0	7.5.2	4.2.0	3.7.2	24.9.0	1.6.0	1.3.0	3.13.4	6.2.3	4.1.5	1.19.0	4.3.1	2.7.1	7.5.0	4.6.0	24.3.0	0.18.0	3.7.5	</ br>> @0.0.0 build C:\Mahir\VT\Research\npm-package-coupling\sources\dataset\raven</ br>> node ./scripts/verify-packages-versions.js && lerna run --stream --concurrency 1 --sort build</ br></ br>lerna notice cli v3.13.4</ br>lerna info Executing command in 15 packages: "yarn run build"</ br>@sentry/types: 'yarn' is not recognized as an internal or external command,</ br>@sentry/types: operable program or batch file.</ br>lerna ERR! yarn run build exited 2 in '@sentry/types'</ br>npm ERR! code ELIFECYCLE</ br>npm ERR! errno 2</ br>npm ERR! @0.0.0 build: `node ./scripts/verify-packages-versions.js && lerna run --stream --concurrency 1 --sort build`</ br>npm ERR! Exit status 2</ br>npm ERR! </ br>npm ERR! Failed at the @0.0.0 build script.</ br>npm ERR! This is probably not a problem with npm. There is likely additional logging output above.</ br></ br>npm ERR! A complete log of this run can be found in:</ br>npm ERR!     C:\Users\asefk\AppData\Roaming\npm-cache\_logs\2020-09-11T09_10_02_349Z-debug.log</ br>
2.5.0	4.6.0	0.3.1	4.2.12	24.0.17	5.2.7	11.15.23	7.5.2	4.2.0	3.7.2	24.9.0	1.6.0	1.3.0	3.13.4	6.2.3	4.1.5	1.19.0	4.3.1	2.7.1	7.5.0	4.6.0	24.3.0	0.18.0	3.7.5	</ br>> @0.0.0 build C:\Mahir\VT\Research\npm-package-coupling\sources\dataset\raven</ br>> node ./scripts/verify-packages-versions.js && lerna run --stream --concurrency 1 --sort build</ br></ br>lerna notice cli v3.13.4</ br>lerna info Executing command in 15 packages: "yarn run build"</ br>@sentry/types: 'yarn' is not recognized as an internal or external command,</ br>@sentry/types: operable program or batch file.</ br>lerna ERR! yarn run build exited 2 in '@sentry/types'</ br>npm ERR! code ELIFECYCLE</ br>npm ERR! errno 2</ br>npm ERR! @0.0.0 build: `node ./scripts/verify-packages-versions.js && lerna run --stream --concurrency 1 --sort build`</ br>npm ERR! Exit status 2</ br>npm ERR! </ br>npm ERR! Failed at the @0.0.0 build script.</ br>npm ERR! This is probably not a problem with npm. There is likely additional logging output above.</ br></ br>npm ERR! A complete log of this run can be found in:</ br>npm ERR!     C:\Users\asefk\AppData\Roaming\npm-cache\_logs\2020-09-11T09_12_43_996Z-debug.log</ br>
2.5.0	4.6.0	0.3.1	4.2.12	24.9.1	5.2.7	11.13.18	7.5.2	4.2.0	3.7.2	24.9.0	1.6.0	1.3.0	3.13.4	6.2.3	4.1.5	1.19.0	4.3.1	2.7.1	7.5.0	4.6.0	24.3.0	0.18.0	3.7.5	</ br>> @0.0.0 build C:\Mahir\VT\Research\npm-package-coupling\sources\dataset\raven</ br>> node ./scripts/verify-packages-versions.js && lerna run --stream --concurrency 1 --sort build</ br></ br>lerna notice cli v3.13.4</ br>lerna info Executing command in 15 packages: "yarn run build"</ br>@sentry/types: 'yarn' is not recognized as an internal or external command,</ br>@sentry/types: operable program or batch file.</ br>lerna ERR! yarn run build exited 2 in '@sentry/types'</ br>npm ERR! code ELIFECYCLE</ br>npm ERR! errno 2</ br>npm ERR! @0.0.0 build: `node ./scripts/verify-packages-versions.js && lerna run --stream --concurrency 1 --sort build`</ br>npm ERR! Exit status 2</ br>npm ERR! </ br>npm ERR! Failed at the @0.0.0 build script.</ br>npm ERR! This is probably not a problem with npm. There is likely additional logging output above.</ br></ br>npm ERR! A complete log of this run can be found in:</ br>npm ERR!     C:\Users\asefk\AppData\Roaming\npm-cache\_logs\2020-09-11T09_15_22_985Z-debug.log</ br>
2.5.0	4.6.0	0.3.1	4.2.12	24.9.1	5.2.7	11.15.23	7.5.1	4.2.0	3.7.2	24.9.0	1.6.0	1.3.0	3.13.4	6.2.3	4.1.5	1.19.0	4.3.1	2.7.1	7.5.0	4.6.0	24.3.0	0.18.0	3.7.5	</ br>> @0.0.0 build C:\Mahir\VT\Research\npm-package-coupling\sources\dataset\raven</ br>> node ./scripts/verify-packages-versions.js && lerna run --stream --concurrency 1 --sort build</ br></ br>lerna notice cli v3.13.4</ br>lerna info Executing command in 15 packages: "yarn run build"</ br>@sentry/types: 'yarn' is not recognized as an internal or external command,</ br>@sentry/types: operable program or batch file.</ br>lerna ERR! yarn run build exited 2 in '@sentry/types'</ br>npm ERR! code ELIFECYCLE</ br>npm ERR! errno 2</ br>npm ERR! @0.0.0 build: `node ./scripts/verify-packages-versions.js && lerna run --stream --concurrency 1 --sort build`</ br>npm ERR! Exit status 2</ br>npm ERR! </ br>npm ERR! Failed at the @0.0.0 build script.</ br>npm ERR! This is probably not a problem with npm. There is likely additional logging output above.</ br></ br>npm ERR! A complete log of this run can be found in:</ br>npm ERR!     C:\Users\asefk\AppData\Roaming\npm-cache\_logs\2020-09-11T09_18_02_668Z-debug.log</ br>
2.5.0	4.6.0	0.3.1	4.2.12	24.9.1	5.2.7	11.15.23	7.5.2	4.2.0	3.7.2	24.9.0	1.6.0	1.3.0	3.13.4	6.2.3	4.1.5	1.19.0	4.3.1	2.7.1	7.5.0	4.6.0	24.2.0	0.18.0	3.7.5	</ br>> @0.0.0 build C:\Mahir\VT\Research\npm-package-coupling\sources\dataset\raven</ br>> node ./scripts/verify-packages-versions.js && lerna run --stream --concurrency 1 --sort build</ br></ br>lerna notice cli v3.13.4</ br>lerna info Executing command in 15 packages: "yarn run build"</ br>@sentry/types: 'yarn' is not recognized as an internal or external command,</ br>@sentry/types: operable program or batch file.</ br>lerna ERR! yarn run build exited 2 in '@sentry/types'</ br>npm ERR! code ELIFECYCLE</ br>npm ERR! errno 2</ br>npm ERR! @0.0.0 build: `node ./scripts/verify-packages-versions.js && lerna run --stream --concurrency 1 --sort build`</ br>npm ERR! Exit status 2</ br>npm ERR! </ br>npm ERR! Failed at the @0.0.0 build script.</ br>npm ERR! This is probably not a problem with npm. There is likely additional logging output above.</ br></ br>npm ERR! A complete log of this run can be found in:</ br>npm ERR!     C:\Users\asefk\AppData\Roaming\npm-cache\_logs\2020-09-11T09_20_39_391Z-debug.log</ br>
2.5.0	4.6.0	0.3.1	4.2.12	24.9.1	5.2.7	11.15.23	7.5.2	4.2.0	3.7.2	24.9.0	1.6.0	1.3.0	3.13.4	6.2.3	4.1.3	1.19.0	4.3.1	2.7.1	7.5.0	4.6.0	24.3.0	0.18.0	3.7.5	</ br>> @0.0.0 build C:\Mahir\VT\Research\npm-package-coupling\sources\dataset\raven</ br>> node ./scripts/verify-packages-versions.js && lerna run --stream --concurrency 1 --sort build</ br></ br>lerna notice cli v3.13.4</ br>lerna info Executing command in 15 packages: "yarn run build"</ br>@sentry/types: 'yarn' is not recognized as an internal or external command,</ br>@sentry/types: operable program or batch file.</ br>lerna ERR! yarn run build exited 2 in '@sentry/types'</ br>npm ERR! code ELIFECYCLE</ br>npm ERR! errno 2</ br>npm ERR! @0.0.0 build: `node ./scripts/verify-packages-versions.js && lerna run --stream --concurrency 1 --sort build`</ br>npm ERR! Exit status 2</ br>npm ERR! </ br>npm ERR! Failed at the @0.0.0 build script.</ br>npm ERR! This is probably not a problem with npm. There is likely additional logging output above.</ br></ br>npm ERR! A complete log of this run can be found in:</ br>npm ERR!     C:\Users\asefk\AppData\Roaming\npm-cache\_logs\2020-09-11T09_23_21_135Z-debug.log</ br>
2.5.0	4.6.0	0.3.1	4.2.12	24.9.1	5.2.7	11.15.19	7.5.2	4.2.0	3.7.2	24.9.0	1.6.0	1.3.0	3.13.4	6.2.3	4.1.5	1.19.0	4.3.1	2.7.1	7.5.0	4.6.0	24.3.0	0.18.0	3.7.5	</ br>> @0.0.0 build C:\Mahir\VT\Research\npm-package-coupling\sources\dataset\raven</ br>> node ./scripts/verify-packages-versions.js && lerna run --stream --concurrency 1 --sort build</ br></ br>lerna notice cli v3.13.4</ br>lerna info Executing command in 15 packages: "yarn run build"</ br>@sentry/types: 'yarn' is not recognized as an internal or external command,</ br>@sentry/types: operable program or batch file.</ br>lerna ERR! yarn run build exited 2 in '@sentry/types'</ br>npm ERR! code ELIFECYCLE</ br>npm ERR! errno 2</ br>npm ERR! @0.0.0 build: `node ./scripts/verify-packages-versions.js && lerna run --stream --concurrency 1 --sort build`</ br>npm ERR! Exit status 2</ br>npm ERR! </ br>npm ERR! Failed at the @0.0.0 build script.</ br>npm ERR! This is probably not a problem with npm. There is likely additional logging output above.</ br></ br>npm ERR! A complete log of this run can be found in:</ br>npm ERR!     C:\Users\asefk\AppData\Roaming\npm-cache\_logs\2020-09-11T09_25_56_027Z-debug.log</ br>
2.5.0	4.6.0	0.3.1	4.2.12	24.9.1	5.2.7	11.15.23	7.5.2	4.2.0	3.7.2	24.9.0	1.6.0	1.3.0	3.13.4	6.2.0	4.1.5	1.19.0	4.3.1	2.7.1	7.5.0	4.6.0	24.3.0	0.18.0	3.7.5	</ br>> @0.0.0 build C:\Mahir\VT\Research\npm-package-coupling\sources\dataset\raven</ br>> node ./scripts/verify-packages-versions.js && lerna run --stream --concurrency 1 --sort build</ br></ br>lerna notice cli v3.13.4</ br>lerna info Executing command in 15 packages: "yarn run build"</ br>@sentry/types: 'yarn' is not recognized as an internal or external command,</ br>@sentry/types: operable program or batch file.</ br>lerna ERR! yarn run build exited 2 in '@sentry/types'</ br>npm ERR! code ELIFECYCLE</ br>npm ERR! errno 2</ br>npm ERR! @0.0.0 build: `node ./scripts/verify-packages-versions.js && lerna run --stream --concurrency 1 --sort build`</ br>npm ERR! Exit status 2</ br>npm ERR! </ br>npm ERR! Failed at the @0.0.0 build script.</ br>npm ERR! This is probably not a problem with npm. There is likely additional logging output above.</ br></ br>npm ERR! A complete log of this run can be found in:</ br>npm ERR!     C:\Users\asefk\AppData\Roaming\npm-cache\_logs\2020-09-11T09_28_36_272Z-debug.log</ br>
2.5.0	4.6.0	0.3.1	4.2.1	24.9.1	5.2.7	11.15.23	7.5.2	4.2.0	3.7.2	24.9.0	1.6.0	1.3.0	3.13.4	6.2.3	4.1.5	1.19.0	4.3.1	2.7.1	7.5.0	4.6.0	24.3.0	0.18.0	3.7.5	</ br>> @0.0.0 build C:\Mahir\VT\Research\npm-package-coupling\sources\dataset\raven</ br>> node ./scripts/verify-packages-versions.js && lerna run --stream --concurrency 1 --sort build</ br></ br>lerna notice cli v3.13.4</ br>lerna info Executing command in 15 packages: "yarn run build"</ br>@sentry/types: 'yarn' is not recognized as an internal or external command,</ br>@sentry/types: operable program or batch file.</ br>lerna ERR! yarn run build exited 2 in '@sentry/types'</ br>npm ERR! code ELIFECYCLE</ br>npm ERR! errno 2</ br>npm ERR! @0.0.0 build: `node ./scripts/verify-packages-versions.js && lerna run --stream --concurrency 1 --sort build`</ br>npm ERR! Exit status 2</ br>npm ERR! </ br>npm ERR! Failed at the @0.0.0 build script.</ br>npm ERR! This is probably not a problem with npm. There is likely additional logging output above.</ br></ br>npm ERR! A complete log of this run can be found in:</ br>npm ERR!     C:\Users\asefk\AppData\Roaming\npm-cache\_logs\2020-09-11T09_31_13_806Z-debug.log</ br>
2.5.0	4.6.0	0.3.1	4.2.12	24.9.1	5.2.7	11.15.23	7.0.12	4.2.0	3.7.2	24.9.0	1.6.0	1.3.0	3.13.4	6.2.3	4.1.5	1.19.0	4.3.1	2.7.1	7.5.0	4.6.0	24.3.0	0.18.0	3.7.5	</ br>> @0.0.0 build C:\Mahir\VT\Research\npm-package-coupling\sources\dataset\raven</ br>> node ./scripts/verify-packages-versions.js && lerna run --stream --concurrency 1 --sort build</ br></ br>lerna notice cli v3.13.4</ br>lerna info Executing command in 15 packages: "yarn run build"</ br>@sentry/types: 'yarn' is not recognized as an internal or external command,</ br>@sentry/types: operable program or batch file.</ br>lerna ERR! yarn run build exited 2 in '@sentry/types'</ br>npm ERR! code ELIFECYCLE</ br>npm ERR! errno 2</ br>npm ERR! @0.0.0 build: `node ./scripts/verify-packages-versions.js && lerna run --stream --concurrency 1 --sort build`</ br>npm ERR! Exit status 2</ br>npm ERR! </ br>npm ERR! Failed at the @0.0.0 build script.</ br>npm ERR! This is probably not a problem with npm. There is likely additional logging output above.</ br></ br>npm ERR! A complete log of this run can be found in:</ br>npm ERR!     C:\Users\asefk\AppData\Roaming\npm-cache\_logs\2020-09-11T09_33_52_152Z-debug.log</ br>
2.5.0	4.6.0	0.3.1	4.2.12	24.0.23	5.2.7	11.15.23	7.5.2	4.2.0	3.7.2	24.9.0	1.6.0	1.3.0	3.13.4	6.2.3	4.1.5	1.19.0	4.3.1	2.7.1	7.5.0	4.6.0	24.3.0	0.18.0	3.7.5	</ br>> @0.0.0 build C:\Mahir\VT\Research\npm-package-coupling\sources\dataset\raven</ br>> node ./scripts/verify-packages-versions.js && lerna run --stream --concurrency 1 --sort build</ br></ br>lerna notice cli v3.13.4</ br>lerna info Executing command in 15 packages: "yarn run build"</ br>@sentry/types: 'yarn' is not recognized as an internal or external command,</ br>@sentry/types: operable program or batch file.</ br>lerna ERR! yarn run build exited 2 in '@sentry/types'</ br>npm ERR! code ELIFECYCLE</ br>npm ERR! errno 2</ br>npm ERR! @0.0.0 build: `node ./scripts/verify-packages-versions.js && lerna run --stream --concurrency 1 --sort build`</ br>npm ERR! Exit status 2</ br>npm ERR! </ br>npm ERR! Failed at the @0.0.0 build script.</ br>npm ERR! This is probably not a problem with npm. There is likely additional logging output above.</ br></ br>npm ERR! A complete log of this run can be found in:</ br>npm ERR!     C:\Users\asefk\AppData\Roaming\npm-cache\_logs\2020-09-11T09_36_27_678Z-debug.log</ br>
2.5.0	4.6.0	0.3.1	4.2.6	24.9.1	5.2.7	11.15.23	7.5.2	4.2.0	3.7.2	24.9.0	1.6.0	1.3.0	3.13.4	6.2.3	4.1.5	1.19.0	4.3.1	2.7.1	7.5.0	4.6.0	24.3.0	0.18.0	3.7.5	</ br>> @0.0.0 build C:\Mahir\VT\Research\npm-package-coupling\sources\dataset\raven</ br>> node ./scripts/verify-packages-versions.js && lerna run --stream --concurrency 1 --sort build</ br></ br>lerna notice cli v3.13.4</ br>lerna info Executing command in 15 packages: "yarn run build"</ br>@sentry/types: 'yarn' is not recognized as an internal or external command,</ br>@sentry/types: operable program or batch file.</ br>lerna ERR! yarn run build exited 2 in '@sentry/types'</ br>npm ERR! code ELIFECYCLE</ br>npm ERR! errno 2</ br>npm ERR! @0.0.0 build: `node ./scripts/verify-packages-versions.js && lerna run --stream --concurrency 1 --sort build`</ br>npm ERR! Exit status 2</ br>npm ERR! </ br>npm ERR! Failed at the @0.0.0 build script.</ br>npm ERR! This is probably not a problem with npm. There is likely additional logging output above.</ br></ br>npm ERR! A complete log of this run can be found in:</ br>npm ERR!     C:\Users\asefk\AppData\Roaming\npm-cache\_logs\2020-09-11T09_39_09_413Z-debug.log</ br>
2.5.0	4.6.0	0.3.1	4.2.12	24.9.1	5.2.3	11.15.23	7.5.2	4.2.0	3.7.2	24.9.0	1.6.0	1.3.0	3.13.4	6.2.3	4.1.5	1.19.0	4.3.1	2.7.1	7.5.0	4.6.0	24.3.0	0.18.0	3.7.5	</ br>> @0.0.0 build C:\Mahir\VT\Research\npm-package-coupling\sources\dataset\raven</ br>> node ./scripts/verify-packages-versions.js && lerna run --stream --concurrency 1 --sort build</ br></ br>lerna notice cli v3.13.4</ br>lerna info Executing command in 15 packages: "yarn run build"</ br>@sentry/types: 'yarn' is not recognized as an internal or external command,</ br>@sentry/types: operable program or batch file.</ br>lerna ERR! yarn run build exited 2 in '@sentry/types'</ br>npm ERR! code ELIFECYCLE</ br>npm ERR! errno 2</ br>npm ERR! @0.0.0 build: `node ./scripts/verify-packages-versions.js && lerna run --stream --concurrency 1 --sort build`</ br>npm ERR! Exit status 2</ br>npm ERR! </ br>npm ERR! Failed at the @0.0.0 build script.</ br>npm ERR! This is probably not a problem with npm. There is likely additional logging output above.</ br></ br>npm ERR! A complete log of this run can be found in:</ br>npm ERR!     C:\Users\asefk\AppData\Roaming\npm-cache\_logs\2020-09-11T09_41_54_083Z-debug.log</ br>
2.5.0	4.6.0	0.3.1	4.2.12	24.0.20	5.2.7	11.15.23	7.5.2	4.2.0	3.7.2	24.9.0	1.6.0	1.3.0	3.13.4	6.2.3	4.1.5	1.19.0	4.3.1	2.7.1	7.5.0	4.6.0	24.3.0	0.18.0	3.7.5	</ br>> @0.0.0 build C:\Mahir\VT\Research\npm-package-coupling\sources\dataset\raven</ br>> node ./scripts/verify-packages-versions.js && lerna run --stream --concurrency 1 --sort build</ br></ br>lerna notice cli v3.13.4</ br>lerna info Executing command in 15 packages: "yarn run build"</ br>@sentry/types: 'yarn' is not recognized as an internal or external command,</ br>@sentry/types: operable program or batch file.</ br>lerna ERR! yarn run build exited 2 in '@sentry/types'</ br>npm ERR! code ELIFECYCLE</ br>npm ERR! errno 2</ br>npm ERR! @0.0.0 build: `node ./scripts/verify-packages-versions.js && lerna run --stream --concurrency 1 --sort build`</ br>npm ERR! Exit status 2</ br>npm ERR! </ br>npm ERR! Failed at the @0.0.0 build script.</ br>npm ERR! This is probably not a problem with npm. There is likely additional logging output above.</ br></ br>npm ERR! A complete log of this run can be found in:</ br>npm ERR!     C:\Users\asefk\AppData\Roaming\npm-cache\_logs\2020-09-11T09_44_36_158Z-debug.log</ br>
2.5.0	4.6.0	0.3.1	4.2.0	24.9.1	5.2.7	11.15.23	7.5.2	4.2.0	3.7.2	24.9.0	1.6.0	1.3.0	3.13.4	6.2.3	4.1.5	1.19.0	4.3.1	2.7.1	7.5.0	4.6.0	24.3.0	0.18.0	3.7.5	</ br>> @0.0.0 build C:\Mahir\VT\Research\npm-package-coupling\sources\dataset\raven</ br>> node ./scripts/verify-packages-versions.js && lerna run --stream --concurrency 1 --sort build</ br></ br>lerna notice cli v3.13.4</ br>lerna info Executing command in 15 packages: "yarn run build"</ br>@sentry/types: 'yarn' is not recognized as an internal or external command,</ br>@sentry/types: operable program or batch file.</ br>lerna ERR! yarn run build exited 2 in '@sentry/types'</ br>npm ERR! code ELIFECYCLE</ br>npm ERR! errno 2</ br>npm ERR! @0.0.0 build: `node ./scripts/verify-packages-versions.js && lerna run --stream --concurrency 1 --sort build`</ br>npm ERR! Exit status 2</ br>npm ERR! </ br>npm ERR! Failed at the @0.0.0 build script.</ br>npm ERR! This is probably not a problem with npm. There is likely additional logging output above.</ br></ br>npm ERR! A complete log of this run can be found in:</ br>npm ERR!     C:\Users\asefk\AppData\Roaming\npm-cache\_logs\2020-09-11T09_47_15_223Z-debug.log</ br>
2.5.0	4.6.0	0.3.1	4.2.12	24.9.1	5.2.7	11.15.23	7.5.2	4.2.0	3.7.2	24.7.1	1.6.0	1.3.0	3.13.4	6.2.3	4.1.5	1.19.0	4.3.1	2.7.1	7.5.0	4.6.0	24.3.0	0.18.0	3.7.5	</ br>> @0.0.0 build C:\Mahir\VT\Research\npm-package-coupling\sources\dataset\raven</ br>> node ./scripts/verify-packages-versions.js && lerna run --stream --concurrency 1 --sort build</ br></ br>lerna notice cli v3.13.4</ br>lerna info Executing command in 15 packages: "yarn run build"</ br>@sentry/types: 'yarn' is not recognized as an internal or external command,</ br>@sentry/types: operable program or batch file.</ br>lerna ERR! yarn run build exited 2 in '@sentry/types'</ br>npm ERR! code ELIFECYCLE</ br>npm ERR! errno 2</ br>npm ERR! @0.0.0 build: `node ./scripts/verify-packages-versions.js && lerna run --stream --concurrency 1 --sort build`</ br>npm ERR! Exit status 2</ br>npm ERR! </ br>npm ERR! Failed at the @0.0.0 build script.</ br>npm ERR! This is probably not a problem with npm. There is likely additional logging output above.</ br></ br>npm ERR! A complete log of this run can be found in:</ br>npm ERR!     C:\Users\asefk\AppData\Roaming\npm-cache\_logs\2020-09-11T09_49_53_700Z-debug.log</ br>
2.5.0	4.6.0	0.3.1	4.2.12	24.9.1	5.2.7	11.13.19	7.5.2	4.2.0	3.7.2	24.9.0	1.6.0	1.3.0	3.13.4	6.2.3	4.1.5	1.19.0	4.3.1	2.7.1	7.5.0	4.6.0	24.3.0	0.18.0	3.7.5	</ br>> @0.0.0 build C:\Mahir\VT\Research\npm-package-coupling\sources\dataset\raven</ br>> node ./scripts/verify-packages-versions.js && lerna run --stream --concurrency 1 --sort build</ br></ br>lerna notice cli v3.13.4</ br>lerna info Executing command in 15 packages: "yarn run build"</ br>@sentry/types: 'yarn' is not recognized as an internal or external command,</ br>@sentry/types: operable program or batch file.</ br>lerna ERR! yarn run build exited 2 in '@sentry/types'</ br>npm ERR! code ELIFECYCLE</ br>npm ERR! errno 2</ br>npm ERR! @0.0.0 build: `node ./scripts/verify-packages-versions.js && lerna run --stream --concurrency 1 --sort build`</ br>npm ERR! Exit status 2</ br>npm ERR! </ br>npm ERR! Failed at the @0.0.0 build script.</ br>npm ERR! This is probably not a problem with npm. There is likely additional logging output above.</ br></ br>npm ERR! A complete log of this run can be found in:</ br>npm ERR!     C:\Users\asefk\AppData\Roaming\npm-cache\_logs\2020-09-11T09_52_33_026Z-debug.log</ br>
2.5.0	4.6.0	0.3.1	4.2.12	24.9.1	5.2.7	11.13.22	7.5.2	4.2.0	3.7.2	24.9.0	1.6.0	1.3.0	3.13.4	6.2.3	4.1.5	1.19.0	4.3.1	2.7.1	7.5.0	4.6.0	24.3.0	0.18.0	3.7.5	</ br>> @0.0.0 build C:\Mahir\VT\Research\npm-package-coupling\sources\dataset\raven</ br>> node ./scripts/verify-packages-versions.js && lerna run --stream --concurrency 1 --sort build</ br></ br>lerna notice cli v3.13.4</ br>lerna info Executing command in 15 packages: "yarn run build"</ br>@sentry/types: 'yarn' is not recognized as an internal or external command,</ br>@sentry/types: operable program or batch file.</ br>lerna ERR! yarn run build exited 2 in '@sentry/types'</ br>npm ERR! code ELIFECYCLE</ br>npm ERR! errno 2</ br>npm ERR! @0.0.0 build: `node ./scripts/verify-packages-versions.js && lerna run --stream --concurrency 1 --sort build`</ br>npm ERR! Exit status 2</ br>npm ERR! </ br>npm ERR! Failed at the @0.0.0 build script.</ br>npm ERR! This is probably not a problem with npm. There is likely additional logging output above.</ br></ br>npm ERR! A complete log of this run can be found in:</ br>npm ERR!     C:\Users\asefk\AppData\Roaming\npm-cache\_logs\2020-09-11T09_55_13_626Z-debug.log</ br>
2.5.0	4.6.0	0.3.1	4.2.12	24.9.1	5.2.4	11.15.23	7.5.2	4.2.0	3.7.2	24.9.0	1.6.0	1.3.0	3.13.4	6.2.3	4.1.5	1.19.0	4.3.1	2.7.1	7.5.0	4.6.0	24.3.0	0.18.0	3.7.5	</ br>> @0.0.0 build C:\Mahir\VT\Research\npm-package-coupling\sources\dataset\raven</ br>> node ./scripts/verify-packages-versions.js && lerna run --stream --concurrency 1 --sort build</ br></ br>lerna notice cli v3.13.4</ br>lerna info Executing command in 15 packages: "yarn run build"</ br>@sentry/types: 'yarn' is not recognized as an internal or external command,</ br>@sentry/types: operable program or batch file.</ br>lerna ERR! yarn run build exited 2 in '@sentry/types'</ br>npm ERR! code ELIFECYCLE</ br>npm ERR! errno 2</ br>npm ERR! @0.0.0 build: `node ./scripts/verify-packages-versions.js && lerna run --stream --concurrency 1 --sort build`</ br>npm ERR! Exit status 2</ br>npm ERR! </ br>npm ERR! Failed at the @0.0.0 build script.</ br>npm ERR! This is probably not a problem with npm. There is likely additional logging output above.</ br></ br>npm ERR! A complete log of this run can be found in:</ br>npm ERR!     C:\Users\asefk\AppData\Roaming\npm-cache\_logs\2020-09-11T09_57_51_772Z-debug.log</ br>
2.5.0	4.6.0	0.3.1	4.1.5	24.9.1	5.2.7	11.15.23	7.5.2	4.2.0	3.7.2	24.9.0	1.6.0	1.3.0	3.13.4	6.2.3	4.1.5	1.19.0	4.3.1	2.7.1	7.5.0	4.6.0	24.3.0	0.18.0	3.7.5	</ br>> @0.0.0 build C:\Mahir\VT\Research\npm-package-coupling\sources\dataset\raven</ br>> node ./scripts/verify-packages-versions.js && lerna run --stream --concurrency 1 --sort build</ br></ br>lerna notice cli v3.13.4</ br>lerna info Executing command in 15 packages: "yarn run build"</ br>@sentry/types: 'yarn' is not recognized as an internal or external command,</ br>@sentry/types: operable program or batch file.</ br>lerna ERR! yarn run build exited 2 in '@sentry/types'</ br>npm ERR! code ELIFECYCLE</ br>npm ERR! errno 2</ br>npm ERR! @0.0.0 build: `node ./scripts/verify-packages-versions.js && lerna run --stream --concurrency 1 --sort build`</ br>npm ERR! Exit status 2</ br>npm ERR! </ br>npm ERR! Failed at the @0.0.0 build script.</ br>npm ERR! This is probably not a problem with npm. There is likely additional logging output above.</ br></ br>npm ERR! A complete log of this run can be found in:</ br>npm ERR!     C:\Users\asefk\AppData\Roaming\npm-cache\_logs\2020-09-11T10_00_28_318Z-debug.log</ br>
2.5.0	4.6.0	0.3.1	4.2.12	24.9.1	5.2.7	11.15.2	7.5.2	4.2.0	3.7.2	24.9.0	1.6.0	1.3.0	3.13.4	6.2.3	4.1.5	1.19.0	4.3.1	2.7.1	7.5.0	4.6.0	24.3.0	0.18.0	3.7.5	</ br>> @0.0.0 build C:\Mahir\VT\Research\npm-package-coupling\sources\dataset\raven</ br>> node ./scripts/verify-packages-versions.js && lerna run --stream --concurrency 1 --sort build</ br></ br>lerna notice cli v3.13.4</ br>lerna info Executing command in 15 packages: "yarn run build"</ br>@sentry/types: 'yarn' is not recognized as an internal or external command,</ br>@sentry/types: operable program or batch file.</ br>lerna ERR! yarn run build exited 2 in '@sentry/types'</ br>npm ERR! code ELIFECYCLE</ br>npm ERR! errno 2</ br>npm ERR! @0.0.0 build: `node ./scripts/verify-packages-versions.js && lerna run --stream --concurrency 1 --sort build`</ br>npm ERR! Exit status 2</ br>npm ERR! </ br>npm ERR! Failed at the @0.0.0 build script.</ br>npm ERR! This is probably not a problem with npm. There is likely additional logging output above.</ br></ br>npm ERR! A complete log of this run can be found in:</ br>npm ERR!     C:\Users\asefk\AppData\Roaming\npm-cache\_logs\2020-09-11T10_03_05_778Z-debug.log</ br>
2.5.0	4.6.0	0.3.1	4.2.12	24.9.1	5.2.7	11.13.7	7.5.2	4.2.0	3.7.2	24.9.0	1.6.0	1.3.0	3.13.4	6.2.3	4.1.5	1.19.0	4.3.1	2.7.1	7.5.0	4.6.0	24.3.0	0.18.0	3.7.5	</ br>> @0.0.0 build C:\Mahir\VT\Research\npm-package-coupling\sources\dataset\raven</ br>> node ./scripts/verify-packages-versions.js && lerna run --stream --concurrency 1 --sort build</ br></ br>lerna notice cli v3.13.4</ br>lerna info Executing command in 15 packages: "yarn run build"</ br>@sentry/types: 'yarn' is not recognized as an internal or external command,</ br>@sentry/types: operable program or batch file.</ br>lerna ERR! yarn run build exited 2 in '@sentry/types'</ br>npm ERR! code ELIFECYCLE</ br>npm ERR! errno 2</ br>npm ERR! @0.0.0 build: `node ./scripts/verify-packages-versions.js && lerna run --stream --concurrency 1 --sort build`</ br>npm ERR! Exit status 2</ br>npm ERR! </ br>npm ERR! Failed at the @0.0.0 build script.</ br>npm ERR! This is probably not a problem with npm. There is likely additional logging output above.</ br></ br>npm ERR! A complete log of this run can be found in:</ br>npm ERR!     C:\Users\asefk\AppData\Roaming\npm-cache\_logs\2020-09-11T10_05_44_556Z-debug.log</ br>
2.5.0	4.6.0	0.3.1	4.2.11	24.9.1	5.2.7	11.15.23	7.5.2	4.2.0	3.7.2	24.9.0	1.6.0	1.3.0	3.13.4	6.2.3	4.1.5	1.19.0	4.3.1	2.7.1	7.5.0	4.6.0	24.3.0	0.18.0	3.7.5	</ br>> @0.0.0 build C:\Mahir\VT\Research\npm-package-coupling\sources\dataset\raven</ br>> node ./scripts/verify-packages-versions.js && lerna run --stream --concurrency 1 --sort build</ br></ br>lerna notice cli v3.13.4</ br>lerna info Executing command in 15 packages: "yarn run build"</ br>@sentry/types: 'yarn' is not recognized as an internal or external command,</ br>@sentry/types: operable program or batch file.</ br>lerna ERR! yarn run build exited 2 in '@sentry/types'</ br>npm ERR! code ELIFECYCLE</ br>npm ERR! errno 2</ br>npm ERR! @0.0.0 build: `node ./scripts/verify-packages-versions.js && lerna run --stream --concurrency 1 --sort build`</ br>npm ERR! Exit status 2</ br>npm ERR! </ br>npm ERR! Failed at the @0.0.0 build script.</ br>npm ERR! This is probably not a problem with npm. There is likely additional logging output above.</ br></ br>npm ERR! A complete log of this run can be found in:</ br>npm ERR!     C:\Users\asefk\AppData\Roaming\npm-cache\_logs\2020-09-11T10_08_24_209Z-debug.log</ br>
2.5.0	4.6.0	0.3.1	4.2.12	24.9.1	5.2.7	11.15.23	7.5.2	4.2.0	3.7.2	24.9.0	1.6.0	1.3.0	3.13.4	6.2.3	4.1.5	1.19.0	4.2.0	2.7.1	7.5.0	4.6.0	24.3.0	0.18.0	3.7.5	</ br>> @0.0.0 build C:\Mahir\VT\Research\npm-package-coupling\sources\dataset\raven</ br>> node ./scripts/verify-packages-versions.js && lerna run --stream --concurrency 1 --sort build</ br></ br>lerna notice cli v3.13.4</ br>lerna info Executing command in 15 packages: "yarn run build"</ br>@sentry/types: 'yarn' is not recognized as an internal or external command,</ br>@sentry/types: operable program or batch file.</ br>lerna ERR! yarn run build exited 2 in '@sentry/types'</ br>npm ERR! code ELIFECYCLE</ br>npm ERR! errno 2</ br>npm ERR! @0.0.0 build: `node ./scripts/verify-packages-versions.js && lerna run --stream --concurrency 1 --sort build`</ br>npm ERR! Exit status 2</ br>npm ERR! </ br>npm ERR! Failed at the @0.0.0 build script.</ br>npm ERR! This is probably not a problem with npm. There is likely additional logging output above.</ br></ br>npm ERR! A complete log of this run can be found in:</ br>npm ERR!     C:\Users\asefk\AppData\Roaming\npm-cache\_logs\2020-09-11T10_11_00_987Z-debug.log</ br>
2.5.0	4.6.0	0.3.1	4.2.12	24.9.1	5.2.7	11.15.3	7.5.2	4.2.0	3.7.2	24.9.0	1.6.0	1.3.0	3.13.4	6.2.3	4.1.5	1.19.0	4.3.1	2.7.1	7.5.0	4.6.0	24.3.0	0.18.0	3.7.5	</ br>> @0.0.0 build C:\Mahir\VT\Research\npm-package-coupling\sources\dataset\raven</ br>> node ./scripts/verify-packages-versions.js && lerna run --stream --concurrency 1 --sort build</ br></ br>lerna notice cli v3.13.4</ br>lerna info Executing command in 15 packages: "yarn run build"</ br>@sentry/types: 'yarn' is not recognized as an internal or external command,</ br>@sentry/types: operable program or batch file.</ br>lerna ERR! yarn run build exited 2 in '@sentry/types'</ br>npm ERR! code ELIFECYCLE</ br>npm ERR! errno 2</ br>npm ERR! @0.0.0 build: `node ./scripts/verify-packages-versions.js && lerna run --stream --concurrency 1 --sort build`</ br>npm ERR! Exit status 2</ br>npm ERR! </ br>npm ERR! Failed at the @0.0.0 build script.</ br>npm ERR! This is probably not a problem with npm. There is likely additional logging output above.</ br></ br>npm ERR! A complete log of this run can be found in:</ br>npm ERR!     C:\Users\asefk\AppData\Roaming\npm-cache\_logs\2020-09-11T10_13_41_683Z-debug.log</ br>
2.5.0	4.6.0	0.3.1	4.2.12	24.9.1	5.2.5	11.15.23	7.5.2	4.2.0	3.7.2	24.9.0	1.6.0	1.3.0	3.13.4	6.2.3	4.1.5	1.19.0	4.3.1	2.7.1	7.5.0	4.6.0	24.3.0	0.18.0	3.7.5	</ br>> @0.0.0 build C:\Mahir\VT\Research\npm-package-coupling\sources\dataset\raven</ br>> node ./scripts/verify-packages-versions.js && lerna run --stream --concurrency 1 --sort build</ br></ br>lerna notice cli v3.13.4</ br>lerna info Executing command in 15 packages: "yarn run build"</ br>@sentry/types: 'yarn' is not recognized as an internal or external command,</ br>@sentry/types: operable program or batch file.</ br>lerna ERR! yarn run build exited 2 in '@sentry/types'</ br>npm ERR! code ELIFECYCLE</ br>npm ERR! errno 2</ br>npm ERR! @0.0.0 build: `node ./scripts/verify-packages-versions.js && lerna run --stream --concurrency 1 --sort build`</ br>npm ERR! Exit status 2</ br>npm ERR! </ br>npm ERR! Failed at the @0.0.0 build script.</ br>npm ERR! This is probably not a problem with npm. There is likely additional logging output above.</ br></ br>npm ERR! A complete log of this run can be found in:</ br>npm ERR!     C:\Users\asefk\AppData\Roaming\npm-cache\_logs\2020-09-11T10_16_19_224Z-debug.log</ br>
2.5.0	4.6.0	0.3.1	4.2.12	24.9.1	5.2.7	11.15.23	7.5.2	4.2.0	3.7.2	24.9.0	1.6.0	1.3.0	3.13.4	6.2.2	4.1.5	1.19.0	4.3.1	2.7.1	7.5.0	4.6.0	24.3.0	0.18.0	3.7.5	</ br>> @0.0.0 build C:\Mahir\VT\Research\npm-package-coupling\sources\dataset\raven</ br>> node ./scripts/verify-packages-versions.js && lerna run --stream --concurrency 1 --sort build</ br></ br>lerna notice cli v3.13.4</ br>lerna info Executing command in 15 packages: "yarn run build"</ br>@sentry/types: 'yarn' is not recognized as an internal or external command,</ br>@sentry/types: operable program or batch file.</ br>lerna ERR! yarn run build exited 2 in '@sentry/types'</ br>npm ERR! code ELIFECYCLE</ br>npm ERR! errno 2</ br>npm ERR! @0.0.0 build: `node ./scripts/verify-packages-versions.js && lerna run --stream --concurrency 1 --sort build`</ br>npm ERR! Exit status 2</ br>npm ERR! </ br>npm ERR! Failed at the @0.0.0 build script.</ br>npm ERR! This is probably not a problem with npm. There is likely additional logging output above.</ br></ br>npm ERR! A complete log of this run can be found in:</ br>npm ERR!     C:\Users\asefk\AppData\Roaming\npm-cache\_logs\2020-09-11T10_18_59_066Z-debug.log</ br>
2.5.0	4.6.0	0.3.1	4.2.12	24.9.1	5.2.7	11.15.23	7.5.2	4.2.0	3.7.0	24.9.0	1.6.0	1.3.0	3.13.4	6.2.3	4.1.5	1.19.0	4.3.1	2.7.1	7.5.0	4.6.0	24.3.0	0.18.0	3.7.5	</ br>> @0.0.0 build C:\Mahir\VT\Research\npm-package-coupling\sources\dataset\raven</ br>> node ./scripts/verify-packages-versions.js && lerna run --stream --concurrency 1 --sort build</ br></ br>lerna notice cli v3.13.4</ br>lerna info Executing command in 15 packages: "yarn run build"</ br>@sentry/types: 'yarn' is not recognized as an internal or external command,</ br>@sentry/types: operable program or batch file.</ br>lerna ERR! yarn run build exited 2 in '@sentry/types'</ br>npm ERR! code ELIFECYCLE</ br>npm ERR! errno 2</ br>npm ERR! @0.0.0 build: `node ./scripts/verify-packages-versions.js && lerna run --stream --concurrency 1 --sort build`</ br>npm ERR! Exit status 2</ br>npm ERR! </ br>npm ERR! Failed at the @0.0.0 build script.</ br>npm ERR! This is probably not a problem with npm. There is likely additional logging output above.</ br></ br>npm ERR! A complete log of this run can be found in:</ br>npm ERR!     C:\Users\asefk\AppData\Roaming\npm-cache\_logs\2020-09-11T10_21_37_721Z-debug.log</ br>
2.5.0	4.6.0	0.3.1	4.2.9	24.9.1	5.2.7	11.15.23	7.5.2	4.2.0	3.7.2	24.9.0	1.6.0	1.3.0	3.13.4	6.2.3	4.1.5	1.19.0	4.3.1	2.7.1	7.5.0	4.6.0	24.3.0	0.18.0	3.7.5	</ br>> @0.0.0 build C:\Mahir\VT\Research\npm-package-coupling\sources\dataset\raven</ br>> node ./scripts/verify-packages-versions.js && lerna run --stream --concurrency 1 --sort build</ br></ br>lerna notice cli v3.13.4</ br>lerna info Executing command in 15 packages: "yarn run build"</ br>@sentry/types: 'yarn' is not recognized as an internal or external command,</ br>@sentry/types: operable program or batch file.</ br>lerna ERR! yarn run build exited 2 in '@sentry/types'</ br>npm ERR! code ELIFECYCLE</ br>npm ERR! errno 2</ br>npm ERR! @0.0.0 build: `node ./scripts/verify-packages-versions.js && lerna run --stream --concurrency 1 --sort build`</ br>npm ERR! Exit status 2</ br>npm ERR! </ br>npm ERR! Failed at the @0.0.0 build script.</ br>npm ERR! This is probably not a problem with npm. There is likely additional logging output above.</ br></ br>npm ERR! A complete log of this run can be found in:</ br>npm ERR!     C:\Users\asefk\AppData\Roaming\npm-cache\_logs\2020-09-11T10_24_25_785Z-debug.log</ br>
2.5.0	4.6.0	0.3.1	4.2.7	24.9.1	5.2.7	11.15.23	7.5.2	4.2.0	3.7.2	24.9.0	1.6.0	1.3.0	3.13.4	6.2.3	4.1.5	1.19.0	4.3.1	2.7.1	7.5.0	4.6.0	24.3.0	0.18.0	3.7.5	</ br>> @0.0.0 build C:\Mahir\VT\Research\npm-package-coupling\sources\dataset\raven</ br>> node ./scripts/verify-packages-versions.js && lerna run --stream --concurrency 1 --sort build</ br></ br>lerna notice cli v3.13.4</ br>lerna info Executing command in 15 packages: "yarn run build"</ br>@sentry/types: 'yarn' is not recognized as an internal or external command,</ br>@sentry/types: operable program or batch file.</ br>lerna ERR! yarn run build exited 2 in '@sentry/types'</ br>npm ERR! code ELIFECYCLE</ br>npm ERR! errno 2</ br>npm ERR! @0.0.0 build: `node ./scripts/verify-packages-versions.js && lerna run --stream --concurrency 1 --sort build`</ br>npm ERR! Exit status 2</ br>npm ERR! </ br>npm ERR! Failed at the @0.0.0 build script.</ br>npm ERR! This is probably not a problem with npm. There is likely additional logging output above.</ br></ br>npm ERR! A complete log of this run can be found in:</ br>npm ERR!     C:\Users\asefk\AppData\Roaming\npm-cache\_logs\2020-09-11T10_27_03_778Z-debug.log</ br>
2.5.0	4.6.0	0.3.1	4.2.12	24.9.1	5.2.7	11.15.23	7.5.2	4.1.2	3.7.2	24.9.0	1.6.0	1.3.0	3.13.4	6.2.3	4.1.5	1.19.0	4.3.1	2.7.1	7.5.0	4.6.0	24.3.0	0.18.0	3.7.5	</ br>> @0.0.0 build C:\Mahir\VT\Research\npm-package-coupling\sources\dataset\raven</ br>> node ./scripts/verify-packages-versions.js && lerna run --stream --concurrency 1 --sort build</ br></ br>lerna notice cli v3.13.4</ br>lerna info Executing command in 15 packages: "yarn run build"</ br>@sentry/types: 'yarn' is not recognized as an internal or external command,</ br>@sentry/types: operable program or batch file.</ br>lerna ERR! yarn run build exited 2 in '@sentry/types'</ br>npm ERR! code ELIFECYCLE</ br>npm ERR! errno 2</ br>npm ERR! @0.0.0 build: `node ./scripts/verify-packages-versions.js && lerna run --stream --concurrency 1 --sort build`</ br>npm ERR! Exit status 2</ br>npm ERR! </ br>npm ERR! Failed at the @0.0.0 build script.</ br>npm ERR! This is probably not a problem with npm. There is likely additional logging output above.</ br></ br>npm ERR! A complete log of this run can be found in:</ br>npm ERR!     C:\Users\asefk\AppData\Roaming\npm-cache\_logs\2020-09-11T10_29_43_545Z-debug.log</ br>
2.5.0	4.6.0	0.3.1	4.2.12	24.9.1	5.2.7	11.13.10	7.5.2	4.2.0	3.7.2	24.9.0	1.6.0	1.3.0	3.13.4	6.2.3	4.1.5	1.19.0	4.3.1	2.7.1	7.5.0	4.6.0	24.3.0	0.18.0	3.7.5	</ br>> @0.0.0 build C:\Mahir\VT\Research\npm-package-coupling\sources\dataset\raven</ br>> node ./scripts/verify-packages-versions.js && lerna run --stream --concurrency 1 --sort build</ br></ br>lerna notice cli v3.13.4</ br>lerna info Executing command in 15 packages: "yarn run build"</ br>@sentry/types: 'yarn' is not recognized as an internal or external command,</ br>@sentry/types: operable program or batch file.</ br>lerna ERR! yarn run build exited 2 in '@sentry/types'</ br>npm ERR! code ELIFECYCLE</ br>npm ERR! errno 2</ br>npm ERR! @0.0.0 build: `node ./scripts/verify-packages-versions.js && lerna run --stream --concurrency 1 --sort build`</ br>npm ERR! Exit status 2</ br>npm ERR! </ br>npm ERR! Failed at the @0.0.0 build script.</ br>npm ERR! This is probably not a problem with npm. There is likely additional logging output above.</ br></ br>npm ERR! A complete log of this run can be found in:</ br>npm ERR!     C:\Users\asefk\AppData\Roaming\npm-cache\_logs\2020-09-11T10_32_22_570Z-debug.log</ br>
2.5.0	4.6.0	0.3.1	4.2.12	24.9.1	5.2.7	11.13.12	7.5.2	4.2.0	3.7.2	24.9.0	1.6.0	1.3.0	3.13.4	6.2.3	4.1.5	1.19.0	4.3.1	2.7.1	7.5.0	4.6.0	24.3.0	0.18.0	3.7.5	</ br>> @0.0.0 build C:\Mahir\VT\Research\npm-package-coupling\sources\dataset\raven</ br>> node ./scripts/verify-packages-versions.js && lerna run --stream --concurrency 1 --sort build</ br></ br>lerna notice cli v3.13.4</ br>lerna info Executing command in 15 packages: "yarn run build"</ br>@sentry/types: 'yarn' is not recognized as an internal or external command,</ br>@sentry/types: operable program or batch file.</ br>lerna ERR! yarn run build exited 2 in '@sentry/types'</ br>npm ERR! code ELIFECYCLE</ br>npm ERR! errno 2</ br>npm ERR! @0.0.0 build: `node ./scripts/verify-packages-versions.js && lerna run --stream --concurrency 1 --sort build`</ br>npm ERR! Exit status 2</ br>npm ERR! </ br>npm ERR! Failed at the @0.0.0 build script.</ br>npm ERR! This is probably not a problem with npm. There is likely additional logging output above.</ br></ br>npm ERR! A complete log of this run can be found in:</ br>npm ERR!     C:\Users\asefk\AppData\Roaming\npm-cache\_logs\2020-09-11T10_35_02_177Z-debug.log</ br>
2.5.0	4.6.0	0.3.1	4.2.12	24.9.1	5.2.7	11.15.1	7.5.2	4.2.0	3.7.2	24.9.0	1.6.0	1.3.0	3.13.4	6.2.3	4.1.5	1.19.0	4.3.1	2.7.1	7.5.0	4.6.0	24.3.0	0.18.0	3.7.5	</ br>> @0.0.0 build C:\Mahir\VT\Research\npm-package-coupling\sources\dataset\raven</ br>> node ./scripts/verify-packages-versions.js && lerna run --stream --concurrency 1 --sort build</ br></ br>lerna notice cli v3.13.4</ br>lerna info Executing command in 15 packages: "yarn run build"</ br>@sentry/types: 'yarn' is not recognized as an internal or external command,</ br>@sentry/types: operable program or batch file.</ br>lerna ERR! yarn run build exited 2 in '@sentry/types'</ br>npm ERR! code ELIFECYCLE</ br>npm ERR! errno 2</ br>npm ERR! @0.0.0 build: `node ./scripts/verify-packages-versions.js && lerna run --stream --concurrency 1 --sort build`</ br>npm ERR! Exit status 2</ br>npm ERR! </ br>npm ERR! Failed at the @0.0.0 build script.</ br>npm ERR! This is probably not a problem with npm. There is likely additional logging output above.</ br></ br>npm ERR! A complete log of this run can be found in:</ br>npm ERR!     C:\Users\asefk\AppData\Roaming\npm-cache\_logs\2020-09-11T10_37_43_381Z-debug.log</ br>
2.5.0	4.6.0	0.3.1	4.2.12	24.9.1	5.2.7	11.15.23	7.5.2	4.2.0	3.7.2	24.9.0	1.6.0	1.3.0	3.13.4	6.2.3	4.1.4	1.19.0	4.3.1	2.7.1	7.5.0	4.6.0	24.3.0	0.18.0	3.7.5	</ br>> @0.0.0 build C:\Mahir\VT\Research\npm-package-coupling\sources\dataset\raven</ br>> node ./scripts/verify-packages-versions.js && lerna run --stream --concurrency 1 --sort build</ br></ br>lerna notice cli v3.13.4</ br>lerna info Executing command in 15 packages: "yarn run build"</ br>@sentry/types: 'yarn' is not recognized as an internal or external command,</ br>@sentry/types: operable program or batch file.</ br>lerna ERR! yarn run build exited 2 in '@sentry/types'</ br>npm ERR! code ELIFECYCLE</ br>npm ERR! errno 2</ br>npm ERR! @0.0.0 build: `node ./scripts/verify-packages-versions.js && lerna run --stream --concurrency 1 --sort build`</ br>npm ERR! Exit status 2</ br>npm ERR! </ br>npm ERR! Failed at the @0.0.0 build script.</ br>npm ERR! This is probably not a problem with npm. There is likely additional logging output above.</ br></ br>npm ERR! A complete log of this run can be found in:</ br>npm ERR!     C:\Users\asefk\AppData\Roaming\npm-cache\_logs\2020-09-11T10_40_28_298Z-debug.log</ br>
2.5.0	4.6.0	0.3.1	4.2.12	24.9.1	5.2.7	11.15.23	7.5.2	4.2.0	3.7.2	24.9.0	1.6.0	1.3.0	3.13.4	6.2.3	4.1.5	1.19.0	4.3.1	2.7.1	7.5.0	4.5.7	24.3.0	0.18.0	3.7.5	</ br>> @0.0.0 build C:\Mahir\VT\Research\npm-package-coupling\sources\dataset\raven</ br>> node ./scripts/verify-packages-versions.js && lerna run --stream --concurrency 1 --sort build</ br></ br>lerna notice cli v3.13.4</ br>lerna info Executing command in 15 packages: "yarn run build"</ br>@sentry/types: 'yarn' is not recognized as an internal or external command,</ br>@sentry/types: operable program or batch file.</ br>lerna ERR! yarn run build exited 2 in '@sentry/types'</ br>npm ERR! code ELIFECYCLE</ br>npm ERR! errno 2</ br>npm ERR! @0.0.0 build: `node ./scripts/verify-packages-versions.js && lerna run --stream --concurrency 1 --sort build`</ br>npm ERR! Exit status 2</ br>npm ERR! </ br>npm ERR! Failed at the @0.0.0 build script.</ br>npm ERR! This is probably not a problem with npm. There is likely additional logging output above.</ br></ br>npm ERR! A complete log of this run can be found in:</ br>npm ERR!     C:\Users\asefk\AppData\Roaming\npm-cache\_logs\2020-09-11T10_43_11_804Z-debug.log</ br>
2.5.0	4.6.0	0.3.1	4.2.12	24.9.1	5.2.7	11.15.23	7.5.2	4.2.0	3.7.2	24.9.0	1.5.2	1.3.0	3.13.4	6.2.3	4.1.5	1.19.0	4.3.1	2.7.1	7.5.0	4.6.0	24.3.0	0.18.0	3.7.5	</ br>> @0.0.0 build C:\Mahir\VT\Research\npm-package-coupling\sources\dataset\raven</ br>> node ./scripts/verify-packages-versions.js && lerna run --stream --concurrency 1 --sort build</ br></ br>lerna notice cli v3.13.4</ br>lerna info Executing command in 15 packages: "yarn run build"</ br>@sentry/types: 'yarn' is not recognized as an internal or external command,</ br>@sentry/types: operable program or batch file.</ br>lerna ERR! yarn run build exited 2 in '@sentry/types'</ br>npm ERR! code ELIFECYCLE</ br>npm ERR! errno 2</ br>npm ERR! @0.0.0 build: `node ./scripts/verify-packages-versions.js && lerna run --stream --concurrency 1 --sort build`</ br>npm ERR! Exit status 2</ br>npm ERR! </ br>npm ERR! Failed at the @0.0.0 build script.</ br>npm ERR! This is probably not a problem with npm. There is likely additional logging output above.</ br></ br>npm ERR! A complete log of this run can be found in:</ br>npm ERR!     C:\Users\asefk\AppData\Roaming\npm-cache\_logs\2020-09-11T10_45_55_984Z-debug.log</ br>
2.5.0	4.6.0	0.3.1	4.2.12	24.0.25	5.2.7	11.15.23	7.5.2	4.2.0	3.7.2	24.9.0	1.6.0	1.3.0	3.13.4	6.2.3	4.1.5	1.19.0	4.3.1	2.7.1	7.5.0	4.6.0	24.3.0	0.18.0	3.7.5	</ br>> @0.0.0 build C:\Mahir\VT\Research\npm-package-coupling\sources\dataset\raven</ br>> node ./scripts/verify-packages-versions.js && lerna run --stream --concurrency 1 --sort build</ br></ br>lerna notice cli v3.13.4</ br>lerna info Executing command in 15 packages: "yarn run build"</ br>@sentry/types: 'yarn' is not recognized as an internal or external command,</ br>@sentry/types: operable program or batch file.</ br>lerna ERR! yarn run build exited 2 in '@sentry/types'</ br>npm ERR! code ELIFECYCLE</ br>npm ERR! errno 2</ br>npm ERR! @0.0.0 build: `node ./scripts/verify-packages-versions.js && lerna run --stream --concurrency 1 --sort build`</ br>npm ERR! Exit status 2</ br>npm ERR! </ br>npm ERR! Failed at the @0.0.0 build script.</ br>npm ERR! This is probably not a problem with npm. There is likely additional logging output above.</ br></ br>npm ERR! A complete log of this run can be found in:</ br>npm ERR!     C:\Users\asefk\AppData\Roaming\npm-cache\_logs\2020-09-11T10_48_38_239Z-debug.log</ br>
2.5.0	4.6.0	0.3.1	4.2.12	24.9.1	5.2.7	11.15.4	7.5.2	4.2.0	3.7.2	24.9.0	1.6.0	1.3.0	3.13.4	6.2.3	4.1.5	1.19.0	4.3.1	2.7.1	7.5.0	4.6.0	24.3.0	0.18.0	3.7.5	</ br>> @0.0.0 build C:\Mahir\VT\Research\npm-package-coupling\sources\dataset\raven</ br>> node ./scripts/verify-packages-versions.js && lerna run --stream --concurrency 1 --sort build</ br></ br>lerna notice cli v3.13.4</ br>lerna info Executing command in 15 packages: "yarn run build"</ br>@sentry/types: 'yarn' is not recognized as an internal or external command,</ br>@sentry/types: operable program or batch file.</ br>lerna ERR! yarn run build exited 2 in '@sentry/types'</ br>npm ERR! code ELIFECYCLE</ br>npm ERR! errno 2</ br>npm ERR! @0.0.0 build: `node ./scripts/verify-packages-versions.js && lerna run --stream --concurrency 1 --sort build`</ br>npm ERR! Exit status 2</ br>npm ERR! </ br>npm ERR! Failed at the @0.0.0 build script.</ br>npm ERR! This is probably not a problem with npm. There is likely additional logging output above.</ br></ br>npm ERR! A complete log of this run can be found in:</ br>npm ERR!     C:\Users\asefk\AppData\Roaming\npm-cache\_logs\2020-09-11T10_51_18_471Z-debug.log</ br>
2.5.0	4.6.0	0.3.1	4.2.12	24.9.1	5.2.7	11.15.23	7.5.2	4.2.0	3.7.2	24.9.0	1.5.1	1.3.0	3.13.4	6.2.3	4.1.5	1.19.0	4.3.1	2.7.1	7.5.0	4.6.0	24.3.0	0.18.0	3.7.5	</ br>> @0.0.0 build C:\Mahir\VT\Research\npm-package-coupling\sources\dataset\raven</ br>> node ./scripts/verify-packages-versions.js && lerna run --stream --concurrency 1 --sort build</ br></ br>lerna notice cli v3.13.4</ br>lerna info Executing command in 15 packages: "yarn run build"</ br>@sentry/types: 'yarn' is not recognized as an internal or external command,</ br>@sentry/types: operable program or batch file.</ br>lerna ERR! yarn run build exited 2 in '@sentry/types'</ br>npm ERR! code ELIFECYCLE</ br>npm ERR! errno 2</ br>npm ERR! @0.0.0 build: `node ./scripts/verify-packages-versions.js && lerna run --stream --concurrency 1 --sort build`</ br>npm ERR! Exit status 2</ br>npm ERR! </ br>npm ERR! Failed at the @0.0.0 build script.</ br>npm ERR! This is probably not a problem with npm. There is likely additional logging output above.</ br></ br>npm ERR! A complete log of this run can be found in:</ br>npm ERR!     C:\Users\asefk\AppData\Roaming\npm-cache\_logs\2020-09-11T10_54_04_950Z-debug.log</ br>
2.5.0	4.6.0	0.3.1	4.2.12	24.9.1	5.2.7	11.13.15	7.5.2	4.2.0	3.7.2	24.9.0	1.6.0	1.3.0	3.13.4	6.2.3	4.1.5	1.19.0	4.3.1	2.7.1	7.5.0	4.6.0	24.3.0	0.18.0	3.7.5	</ br>> @0.0.0 build C:\Mahir\VT\Research\npm-package-coupling\sources\dataset\raven</ br>> node ./scripts/verify-packages-versions.js && lerna run --stream --concurrency 1 --sort build</ br></ br>lerna notice cli v3.13.4</ br>lerna info Executing command in 15 packages: "yarn run build"</ br>@sentry/types: 'yarn' is not recognized as an internal or external command,</ br>@sentry/types: operable program or batch file.</ br>lerna ERR! yarn run build exited 2 in '@sentry/types'</ br>npm ERR! code ELIFECYCLE</ br>npm ERR! errno 2</ br>npm ERR! @0.0.0 build: `node ./scripts/verify-packages-versions.js && lerna run --stream --concurrency 1 --sort build`</ br>npm ERR! Exit status 2</ br>npm ERR! </ br>npm ERR! Failed at the @0.0.0 build script.</ br>npm ERR! This is probably not a problem with npm. There is likely additional logging output above.</ br></ br>npm ERR! A complete log of this run can be found in:</ br>npm ERR!     C:\Users\asefk\AppData\Roaming\npm-cache\_logs\2020-09-11T10_56_47_953Z-debug.log</ br>
2.5.0	4.6.0	0.3.1	4.2.12	24.9.1	5.2.7	11.15.13	7.5.2	4.2.0	3.7.2	24.9.0	1.6.0	1.3.0	3.13.4	6.2.3	4.1.5	1.19.0	4.3.1	2.7.1	7.5.0	4.6.0	24.3.0	0.18.0	3.7.5	</ br>> @0.0.0 build C:\Mahir\VT\Research\npm-package-coupling\sources\dataset\raven</ br>> node ./scripts/verify-packages-versions.js && lerna run --stream --concurrency 1 --sort build</ br></ br>lerna notice cli v3.13.4</ br>lerna info Executing command in 15 packages: "yarn run build"</ br>@sentry/types: 'yarn' is not recognized as an internal or external command,</ br>@sentry/types: operable program or batch file.</ br>lerna ERR! yarn run build exited 2 in '@sentry/types'</ br>npm ERR! code ELIFECYCLE</ br>npm ERR! errno 2</ br>npm ERR! @0.0.0 build: `node ./scripts/verify-packages-versions.js && lerna run --stream --concurrency 1 --sort build`</ br>npm ERR! Exit status 2</ br>npm ERR! </ br>npm ERR! Failed at the @0.0.0 build script.</ br>npm ERR! This is probably not a problem with npm. There is likely additional logging output above.</ br></ br>npm ERR! A complete log of this run can be found in:</ br>npm ERR!     C:\Users\asefk\AppData\Roaming\npm-cache\_logs\2020-09-11T10_59_31_560Z-debug.log</ br>
2.5.0	4.6.0	0.3.1	4.2.12	24.9.1	5.2.7	11.15.23	7.5.2	4.2.0	3.6.5	24.9.0	1.6.0	1.3.0	3.13.4	6.2.3	4.1.5	1.19.0	4.3.1	2.7.1	7.5.0	4.6.0	24.3.0	0.18.0	3.7.5	</ br>> @0.0.0 build C:\Mahir\VT\Research\npm-package-coupling\sources\dataset\raven</ br>> node ./scripts/verify-packages-versions.js && lerna run --stream --concurrency 1 --sort build</ br></ br>lerna notice cli v3.13.4</ br>lerna info Executing command in 15 packages: "yarn run build"</ br>@sentry/types: 'yarn' is not recognized as an internal or external command,</ br>@sentry/types: operable program or batch file.</ br>lerna ERR! yarn run build exited 2 in '@sentry/types'</ br>npm ERR! code ELIFECYCLE</ br>npm ERR! errno 2</ br>npm ERR! @0.0.0 build: `node ./scripts/verify-packages-versions.js && lerna run --stream --concurrency 1 --sort build`</ br>npm ERR! Exit status 2</ br>npm ERR! </ br>npm ERR! Failed at the @0.0.0 build script.</ br>npm ERR! This is probably not a problem with npm. There is likely additional logging output above.</ br></ br>npm ERR! A complete log of this run can be found in:</ br>npm ERR!     C:\Users\asefk\AppData\Roaming\npm-cache\_logs\2020-09-11T11_02_15_180Z-debug.log</ br>
2.5.0	4.6.0	0.3.1	4.1.7	24.9.1	5.2.7	11.15.23	7.5.2	4.2.0	3.7.2	24.9.0	1.6.0	1.3.0	3.13.4	6.2.3	4.1.5	1.19.0	4.3.1	2.7.1	7.5.0	4.6.0	24.3.0	0.18.0	3.7.5	</ br>> @0.0.0 build C:\Mahir\VT\Research\npm-package-coupling\sources\dataset\raven</ br>> node ./scripts/verify-packages-versions.js && lerna run --stream --concurrency 1 --sort build</ br></ br>lerna notice cli v3.13.4</ br>lerna info Executing command in 15 packages: "yarn run build"</ br>@sentry/types: 'yarn' is not recognized as an internal or external command,</ br>@sentry/types: operable program or batch file.</ br>lerna ERR! yarn run build exited 2 in '@sentry/types'</ br>npm ERR! code ELIFECYCLE</ br>npm ERR! errno 2</ br>npm ERR! @0.0.0 build: `node ./scripts/verify-packages-versions.js && lerna run --stream --concurrency 1 --sort build`</ br>npm ERR! Exit status 2</ br>npm ERR! </ br>npm ERR! Failed at the @0.0.0 build script.</ br>npm ERR! This is probably not a problem with npm. There is likely additional logging output above.</ br></ br>npm ERR! A complete log of this run can be found in:</ br>npm ERR!     C:\Users\asefk\AppData\Roaming\npm-cache\_logs\2020-09-11T11_04_55_725Z-debug.log</ br>
2.5.0	4.6.0	0.3.1	4.2.12	24.9.1	5.2.7	11.15.23	7.5.2	4.2.0	3.7.2	24.9.0	1.6.0	1.3.0	3.13.4	6.2.3	4.1.5	1.19.0	4.3.1	2.7.1	7.5.0	4.6.0	24.1.0	0.18.0	3.7.5	</ br>> @0.0.0 build C:\Mahir\VT\Research\npm-package-coupling\sources\dataset\raven</ br>> node ./scripts/verify-packages-versions.js && lerna run --stream --concurrency 1 --sort build</ br></ br>lerna notice cli v3.13.4</ br>lerna info Executing command in 15 packages: "yarn run build"</ br>@sentry/types: 'yarn' is not recognized as an internal or external command,</ br>@sentry/types: operable program or batch file.</ br>lerna ERR! yarn run build exited 2 in '@sentry/types'</ br>npm ERR! code ELIFECYCLE</ br>npm ERR! errno 2</ br>npm ERR! @0.0.0 build: `node ./scripts/verify-packages-versions.js && lerna run --stream --concurrency 1 --sort build`</ br>npm ERR! Exit status 2</ br>npm ERR! </ br>npm ERR! Failed at the @0.0.0 build script.</ br>npm ERR! This is probably not a problem with npm. There is likely additional logging output above.</ br></ br>npm ERR! A complete log of this run can be found in:</ br>npm ERR!     C:\Users\asefk\AppData\Roaming\npm-cache\_logs\2020-09-11T11_07_42_796Z-debug.log</ br>
2.5.0	4.6.0	0.3.1	4.2.12	24.9.1	5.2.7	11.15.22	7.5.2	4.2.0	3.7.2	24.9.0	1.6.0	1.3.0	3.13.4	6.2.3	4.1.5	1.19.0	4.3.1	2.7.1	7.5.0	4.6.0	24.3.0	0.18.0	3.7.5	</ br>> @0.0.0 build C:\Mahir\VT\Research\npm-package-coupling\sources\dataset\raven</ br>> node ./scripts/verify-packages-versions.js && lerna run --stream --concurrency 1 --sort build</ br></ br>lerna notice cli v3.13.4</ br>lerna info Executing command in 15 packages: "yarn run build"</ br>@sentry/types: 'yarn' is not recognized as an internal or external command,</ br>@sentry/types: operable program or batch file.</ br>lerna ERR! yarn run build exited 2 in '@sentry/types'</ br>npm ERR! code ELIFECYCLE</ br>npm ERR! errno 2</ br>npm ERR! @0.0.0 build: `node ./scripts/verify-packages-versions.js && lerna run --stream --concurrency 1 --sort build`</ br>npm ERR! Exit status 2</ br>npm ERR! </ br>npm ERR! Failed at the @0.0.0 build script.</ br>npm ERR! This is probably not a problem with npm. There is likely additional logging output above.</ br></ br>npm ERR! A complete log of this run can be found in:</ br>npm ERR!     C:\Users\asefk\AppData\Roaming\npm-cache\_logs\2020-09-11T11_10_22_224Z-debug.log</ br>
2.5.0	4.6.0	0.3.1	4.2.12	24.9.1	5.2.7	11.15.23	7.5.2	4.2.0	3.7.2	24.9.0	1.6.0	1.3.0	3.13.4	6.2.3	4.1.5	1.19.0	4.3.1	2.7.1	7.4.2	4.6.0	24.3.0	0.18.0	3.7.5	</ br>> @0.0.0 build C:\Mahir\VT\Research\npm-package-coupling\sources\dataset\raven</ br>> node ./scripts/verify-packages-versions.js && lerna run --stream --concurrency 1 --sort build</ br></ br>lerna notice cli v3.13.4</ br>lerna info Executing command in 15 packages: "yarn run build"</ br>@sentry/types: 'yarn' is not recognized as an internal or external command,</ br>@sentry/types: operable program or batch file.</ br>lerna ERR! yarn run build exited 2 in '@sentry/types'</ br>npm ERR! code ELIFECYCLE</ br>npm ERR! errno 2</ br>npm ERR! @0.0.0 build: `node ./scripts/verify-packages-versions.js && lerna run --stream --concurrency 1 --sort build`</ br>npm ERR! Exit status 2</ br>npm ERR! </ br>npm ERR! Failed at the @0.0.0 build script.</ br>npm ERR! This is probably not a problem with npm. There is likely additional logging output above.</ br></ br>npm ERR! A complete log of this run can be found in:</ br>npm ERR!     C:\Users\asefk\AppData\Roaming\npm-cache\_logs\2020-09-11T11_13_08_914Z-debug.log</ br>
2.5.0	4.6.0	0.3.1	4.2.12	24.9.1	5.2.7	11.15.6	7.5.2	4.2.0	3.7.2	24.9.0	1.6.0	1.3.0	3.13.4	6.2.3	4.1.5	1.19.0	4.3.1	2.7.1	7.5.0	4.6.0	24.3.0	0.18.0	3.7.5	</ br>> @0.0.0 build C:\Mahir\VT\Research\npm-package-coupling\sources\dataset\raven</ br>> node ./scripts/verify-packages-versions.js && lerna run --stream --concurrency 1 --sort build</ br></ br>lerna notice cli v3.13.4</ br>lerna info Executing command in 15 packages: "yarn run build"</ br>@sentry/types: 'yarn' is not recognized as an internal or external command,</ br>@sentry/types: operable program or batch file.</ br>lerna ERR! yarn run build exited 2 in '@sentry/types'</ br>npm ERR! code ELIFECYCLE</ br>npm ERR! errno 2</ br>npm ERR! @0.0.0 build: `node ./scripts/verify-packages-versions.js && lerna run --stream --concurrency 1 --sort build`</ br>npm ERR! Exit status 2</ br>npm ERR! </ br>npm ERR! Failed at the @0.0.0 build script.</ br>npm ERR! This is probably not a problem with npm. There is likely additional logging output above.</ br></ br>npm ERR! A complete log of this run can be found in:</ br>npm ERR!     C:\Users\asefk\AppData\Roaming\npm-cache\_logs\2020-09-11T11_15_47_999Z-debug.log</ br>
2.5.0	4.6.0	0.3.1	4.2.12	24.9.1	5.2.7	11.13.8	7.5.2	4.2.0	3.7.2	24.9.0	1.6.0	1.3.0	3.13.4	6.2.3	4.1.5	1.19.0	4.3.1	2.7.1	7.5.0	4.6.0	24.3.0	0.18.0	3.7.5	</ br>> @0.0.0 build C:\Mahir\VT\Research\npm-package-coupling\sources\dataset\raven</ br>> node ./scripts/verify-packages-versions.js && lerna run --stream --concurrency 1 --sort build</ br></ br>lerna notice cli v3.13.4</ br>lerna info Executing command in 15 packages: "yarn run build"</ br>@sentry/types: 'yarn' is not recognized as an internal or external command,</ br>@sentry/types: operable program or batch file.</ br>lerna ERR! yarn run build exited 2 in '@sentry/types'</ br>npm ERR! code ELIFECYCLE</ br>npm ERR! errno 2</ br>npm ERR! @0.0.0 build: `node ./scripts/verify-packages-versions.js && lerna run --stream --concurrency 1 --sort build`</ br>npm ERR! Exit status 2</ br>npm ERR! </ br>npm ERR! Failed at the @0.0.0 build script.</ br>npm ERR! This is probably not a problem with npm. There is likely additional logging output above.</ br></ br>npm ERR! A complete log of this run can be found in:</ br>npm ERR!     C:\Users\asefk\AppData\Roaming\npm-cache\_logs\2020-09-11T11_18_28_177Z-debug.log</ br>
2.5.0	4.6.0	0.3.1	4.2.8	24.9.1	5.2.7	11.15.23	7.5.2	4.2.0	3.7.2	24.9.0	1.6.0	1.3.0	3.13.4	6.2.3	4.1.5	1.19.0	4.3.1	2.7.1	7.5.0	4.6.0	24.3.0	0.18.0	3.7.5	</ br>> @0.0.0 build C:\Mahir\VT\Research\npm-package-coupling\sources\dataset\raven</ br>> node ./scripts/verify-packages-versions.js && lerna run --stream --concurrency 1 --sort build</ br></ br>lerna notice cli v3.13.4</ br>lerna info Executing command in 15 packages: "yarn run build"</ br>@sentry/types: 'yarn' is not recognized as an internal or external command,</ br>@sentry/types: operable program or batch file.</ br>lerna ERR! yarn run build exited 2 in '@sentry/types'</ br>npm ERR! code ELIFECYCLE</ br>npm ERR! errno 2</ br>npm ERR! @0.0.0 build: `node ./scripts/verify-packages-versions.js && lerna run --stream --concurrency 1 --sort build`</ br>npm ERR! Exit status 2</ br>npm ERR! </ br>npm ERR! Failed at the @0.0.0 build script.</ br>npm ERR! This is probably not a problem with npm. There is likely additional logging output above.</ br></ br>npm ERR! A complete log of this run can be found in:</ br>npm ERR!     C:\Users\asefk\AppData\Roaming\npm-cache\_logs\2020-09-11T11_21_06_096Z-debug.log</ br>
2.5.0	4.6.0	0.3.1	4.1.6	24.9.1	5.2.7	11.15.23	7.5.2	4.2.0	3.7.2	24.9.0	1.6.0	1.3.0	3.13.4	6.2.3	4.1.5	1.19.0	4.3.1	2.7.1	7.5.0	4.6.0	24.3.0	0.18.0	3.7.5	</ br>> @0.0.0 build C:\Mahir\VT\Research\npm-package-coupling\sources\dataset\raven</ br>> node ./scripts/verify-packages-versions.js && lerna run --stream --concurrency 1 --sort build</ br></ br>lerna notice cli v3.13.4</ br>lerna info Executing command in 15 packages: "yarn run build"</ br>@sentry/types: 'yarn' is not recognized as an internal or external command,</ br>@sentry/types: operable program or batch file.</ br>lerna ERR! yarn run build exited 2 in '@sentry/types'</ br>npm ERR! code ELIFECYCLE</ br>npm ERR! errno 2</ br>npm ERR! @0.0.0 build: `node ./scripts/verify-packages-versions.js && lerna run --stream --concurrency 1 --sort build`</ br>npm ERR! Exit status 2</ br>npm ERR! </ br>npm ERR! Failed at the @0.0.0 build script.</ br>npm ERR! This is probably not a problem with npm. There is likely additional logging output above.</ br></ br>npm ERR! A complete log of this run can be found in:</ br>npm ERR!     C:\Users\asefk\AppData\Roaming\npm-cache\_logs\2020-09-11T11_23_47_955Z-debug.log</ br>
2.5.0	4.6.0	0.3.1	4.1.3	24.9.1	5.2.7	11.15.23	7.5.2	4.2.0	3.7.2	24.9.0	1.6.0	1.3.0	3.13.4	6.2.3	4.1.5	1.19.0	4.3.1	2.7.1	7.5.0	4.6.0	24.3.0	0.18.0	3.7.5	</ br>> @0.0.0 build C:\Mahir\VT\Research\npm-package-coupling\sources\dataset\raven</ br>> node ./scripts/verify-packages-versions.js && lerna run --stream --concurrency 1 --sort build</ br></ br>lerna notice cli v3.13.4</ br>lerna info Executing command in 15 packages: "yarn run build"</ br>@sentry/types: 'yarn' is not recognized as an internal or external command,</ br>@sentry/types: operable program or batch file.</ br>lerna ERR! yarn run build exited 2 in '@sentry/types'</ br>npm ERR! code ELIFECYCLE</ br>npm ERR! errno 2</ br>npm ERR! @0.0.0 build: `node ./scripts/verify-packages-versions.js && lerna run --stream --concurrency 1 --sort build`</ br>npm ERR! Exit status 2</ br>npm ERR! </ br>npm ERR! Failed at the @0.0.0 build script.</ br>npm ERR! This is probably not a problem with npm. There is likely additional logging output above.</ br></ br>npm ERR! A complete log of this run can be found in:</ br>npm ERR!     C:\Users\asefk\AppData\Roaming\npm-cache\_logs\2020-09-11T11_26_27_654Z-debug.log</ br>
2.5.0	4.6.0	0.3.1	4.2.12	24.9.1	5.2.7	11.15.7	7.5.2	4.2.0	3.7.2	24.9.0	1.6.0	1.3.0	3.13.4	6.2.3	4.1.5	1.19.0	4.3.1	2.7.1	7.5.0	4.6.0	24.3.0	0.18.0	3.7.5	</ br>> @0.0.0 build C:\Mahir\VT\Research\npm-package-coupling\sources\dataset\raven</ br>> node ./scripts/verify-packages-versions.js && lerna run --stream --concurrency 1 --sort build</ br></ br>lerna notice cli v3.13.4</ br>lerna info Executing command in 15 packages: "yarn run build"</ br>@sentry/types: 'yarn' is not recognized as an internal or external command,</ br>@sentry/types: operable program or batch file.</ br>lerna ERR! yarn run build exited 2 in '@sentry/types'</ br>npm ERR! code ELIFECYCLE</ br>npm ERR! errno 2</ br>npm ERR! @0.0.0 build: `node ./scripts/verify-packages-versions.js && lerna run --stream --concurrency 1 --sort build`</ br>npm ERR! Exit status 2</ br>npm ERR! </ br>npm ERR! Failed at the @0.0.0 build script.</ br>npm ERR! This is probably not a problem with npm. There is likely additional logging output above.</ br></ br>npm ERR! A complete log of this run can be found in:</ br>npm ERR!     C:\Users\asefk\AppData\Roaming\npm-cache\_logs\2020-09-11T11_29_10_494Z-debug.log</ br>
2.5.0	4.6.0	0.3.1	4.2.12	24.9.1	5.2.7	11.15.23	7.0.13	4.2.0	3.7.2	24.9.0	1.6.0	1.3.0	3.13.4	6.2.3	4.1.5	1.19.0	4.3.1	2.7.1	7.5.0	4.6.0	24.3.0	0.18.0	3.7.5	</ br>> @0.0.0 build C:\Mahir\VT\Research\npm-package-coupling\sources\dataset\raven</ br>> node ./scripts/verify-packages-versions.js && lerna run --stream --concurrency 1 --sort build</ br></ br>lerna notice cli v3.13.4</ br>lerna info Executing command in 15 packages: "yarn run build"</ br>@sentry/types: 'yarn' is not recognized as an internal or external command,</ br>@sentry/types: operable program or batch file.</ br>lerna ERR! yarn run build exited 2 in '@sentry/types'</ br>npm ERR! code ELIFECYCLE</ br>npm ERR! errno 2</ br>npm ERR! @0.0.0 build: `node ./scripts/verify-packages-versions.js && lerna run --stream --concurrency 1 --sort build`</ br>npm ERR! Exit status 2</ br>npm ERR! </ br>npm ERR! Failed at the @0.0.0 build script.</ br>npm ERR! This is probably not a problem with npm. There is likely additional logging output above.</ br></ br>npm ERR! A complete log of this run can be found in:</ br>npm ERR!     C:\Users\asefk\AppData\Roaming\npm-cache\_logs\2020-09-11T11_31_50_630Z-debug.log</ br>
2.5.0	4.6.0	0.3.1	4.2.2	24.9.1	5.2.7	11.15.23	7.5.2	4.2.0	3.7.2	24.9.0	1.6.0	1.3.0	3.13.4	6.2.3	4.1.5	1.19.0	4.3.1	2.7.1	7.5.0	4.6.0	24.3.0	0.18.0	3.7.5	</ br>> @0.0.0 build C:\Mahir\VT\Research\npm-package-coupling\sources\dataset\raven</ br>> node ./scripts/verify-packages-versions.js && lerna run --stream --concurrency 1 --sort build</ br></ br>lerna notice cli v3.13.4</ br>lerna info Executing command in 15 packages: "yarn run build"</ br>@sentry/types: 'yarn' is not recognized as an internal or external command,</ br>@sentry/types: operable program or batch file.</ br>lerna ERR! yarn run build exited 2 in '@sentry/types'</ br>npm ERR! code ELIFECYCLE</ br>npm ERR! errno 2</ br>npm ERR! @0.0.0 build: `node ./scripts/verify-packages-versions.js && lerna run --stream --concurrency 1 --sort build`</ br>npm ERR! Exit status 2</ br>npm ERR! </ br>npm ERR! Failed at the @0.0.0 build script.</ br>npm ERR! This is probably not a problem with npm. There is likely additional logging output above.</ br></ br>npm ERR! A complete log of this run can be found in:</ br>npm ERR!     C:\Users\asefk\AppData\Roaming\npm-cache\_logs\2020-09-11T11_34_30_826Z-debug.log</ br>
2.5.0	4.6.0	0.3.1	4.2.12	24.9.1	5.2.7	11.13.13	7.5.2	4.2.0	3.7.2	24.9.0	1.6.0	1.3.0	3.13.4	6.2.3	4.1.5	1.19.0	4.3.1	2.7.1	7.5.0	4.6.0	24.3.0	0.18.0	3.7.5	</ br>> @0.0.0 build C:\Mahir\VT\Research\npm-package-coupling\sources\dataset\raven</ br>> node ./scripts/verify-packages-versions.js && lerna run --stream --concurrency 1 --sort build</ br></ br>lerna notice cli v3.13.4</ br>lerna info Executing command in 15 packages: "yarn run build"</ br>@sentry/types: 'yarn' is not recognized as an internal or external command,</ br>@sentry/types: operable program or batch file.</ br>lerna ERR! yarn run build exited 2 in '@sentry/types'</ br>npm ERR! code ELIFECYCLE</ br>npm ERR! errno 2</ br>npm ERR! @0.0.0 build: `node ./scripts/verify-packages-versions.js && lerna run --stream --concurrency 1 --sort build`</ br>npm ERR! Exit status 2</ br>npm ERR! </ br>npm ERR! Failed at the @0.0.0 build script.</ br>npm ERR! This is probably not a problem with npm. There is likely additional logging output above.</ br></ br>npm ERR! A complete log of this run can be found in:</ br>npm ERR!     C:\Users\asefk\AppData\Roaming\npm-cache\_logs\2020-09-11T11_37_10_069Z-debug.log</ br>
2.5.0	4.6.0	0.3.1	4.2.12	24.9.0	5.2.7	11.15.23	7.5.2	4.2.0	3.7.2	24.9.0	1.6.0	1.3.0	3.13.4	6.2.3	4.1.5	1.19.0	4.3.1	2.7.1	7.5.0	4.6.0	24.3.0	0.18.0	3.7.5	</ br>> @0.0.0 build C:\Mahir\VT\Research\npm-package-coupling\sources\dataset\raven</ br>> node ./scripts/verify-packages-versions.js && lerna run --stream --concurrency 1 --sort build</ br></ br>lerna notice cli v3.13.4</ br>lerna info Executing command in 15 packages: "yarn run build"</ br>@sentry/types: 'yarn' is not recognized as an internal or external command,</ br>@sentry/types: operable program or batch file.</ br>lerna ERR! yarn run build exited 2 in '@sentry/types'</ br>npm ERR! code ELIFECYCLE</ br>npm ERR! errno 2</ br>npm ERR! @0.0.0 build: `node ./scripts/verify-packages-versions.js && lerna run --stream --concurrency 1 --sort build`</ br>npm ERR! Exit status 2</ br>npm ERR! </ br>npm ERR! Failed at the @0.0.0 build script.</ br>npm ERR! This is probably not a problem with npm. There is likely additional logging output above.</ br></ br>npm ERR! A complete log of this run can be found in:</ br>npm ERR!     C:\Users\asefk\AppData\Roaming\npm-cache\_logs\2020-09-11T11_39_48_793Z-debug.log</ br>
2.5.0	4.6.0	0.3.1	4.2.12	24.0.11	5.2.7	11.15.23	7.5.2	4.2.0	3.7.2	24.9.0	1.6.0	1.3.0	3.13.4	6.2.3	4.1.5	1.19.0	4.3.1	2.7.1	7.5.0	4.6.0	24.3.0	0.18.0	3.7.5	</ br>> @0.0.0 build C:\Mahir\VT\Research\npm-package-coupling\sources\dataset\raven</ br>> node ./scripts/verify-packages-versions.js && lerna run --stream --concurrency 1 --sort build</ br></ br>lerna notice cli v3.13.4</ br>lerna info Executing command in 15 packages: "yarn run build"</ br>@sentry/types: 'yarn' is not recognized as an internal or external command,</ br>@sentry/types: operable program or batch file.</ br>lerna ERR! yarn run build exited 2 in '@sentry/types'</ br>npm ERR! code ELIFECYCLE</ br>npm ERR! errno 2</ br>npm ERR! @0.0.0 build: `node ./scripts/verify-packages-versions.js && lerna run --stream --concurrency 1 --sort build`</ br>npm ERR! Exit status 2</ br>npm ERR! </ br>npm ERR! Failed at the @0.0.0 build script.</ br>npm ERR! This is probably not a problem with npm. There is likely additional logging output above.</ br></ br>npm ERR! A complete log of this run can be found in:</ br>npm ERR!     C:\Users\asefk\AppData\Roaming\npm-cache\_logs\2020-09-11T11_42_30_060Z-debug.log</ br>
2.5.0	4.6.0	0.3.1	4.2.12	24.9.1	5.2.7	11.13.23	7.5.2	4.2.0	3.7.2	24.9.0	1.6.0	1.3.0	3.13.4	6.2.3	4.1.5	1.19.0	4.3.1	2.7.1	7.5.0	4.6.0	24.3.0	0.18.0	3.7.5	</ br>> @0.0.0 build C:\Mahir\VT\Research\npm-package-coupling\sources\dataset\raven</ br>> node ./scripts/verify-packages-versions.js && lerna run --stream --concurrency 1 --sort build</ br></ br>lerna notice cli v3.13.4</ br>lerna info Executing command in 15 packages: "yarn run build"</ br>@sentry/types: 'yarn' is not recognized as an internal or external command,</ br>@sentry/types: operable program or batch file.</ br>lerna ERR! yarn run build exited 2 in '@sentry/types'</ br>npm ERR! code ELIFECYCLE</ br>npm ERR! errno 2</ br>npm ERR! @0.0.0 build: `node ./scripts/verify-packages-versions.js && lerna run --stream --concurrency 1 --sort build`</ br>npm ERR! Exit status 2</ br>npm ERR! </ br>npm ERR! Failed at the @0.0.0 build script.</ br>npm ERR! This is probably not a problem with npm. There is likely additional logging output above.</ br></ br>npm ERR! A complete log of this run can be found in:</ br>npm ERR!     C:\Users\asefk\AppData\Roaming\npm-cache\_logs\2020-09-11T11_45_11_032Z-debug.log</ br>
2.5.0	4.6.0	0.3.1	4.2.12	24.9.1	5.2.7	11.15.23	7.5.2	4.2.0	3.7.2	24.9.0	1.6.0	1.3.0	3.13.4	6.2.3	4.1.5	1.19.0	4.3.1	2.7.1	7.3.2	4.6.0	24.3.0	0.18.0	3.7.5	</ br>> @0.0.0 build C:\Mahir\VT\Research\npm-package-coupling\sources\dataset\raven</ br>> node ./scripts/verify-packages-versions.js && lerna run --stream --concurrency 1 --sort build</ br></ br>lerna notice cli v3.13.4</ br>lerna info Executing command in 15 packages: "yarn run build"</ br>@sentry/types: 'yarn' is not recognized as an internal or external command,</ br>@sentry/types: operable program or batch file.</ br>lerna ERR! yarn run build exited 2 in '@sentry/types'</ br>npm ERR! code ELIFECYCLE</ br>npm ERR! errno 2</ br>npm ERR! @0.0.0 build: `node ./scripts/verify-packages-versions.js && lerna run --stream --concurrency 1 --sort build`</ br>npm ERR! Exit status 2</ br>npm ERR! </ br>npm ERR! Failed at the @0.0.0 build script.</ br>npm ERR! This is probably not a problem with npm. There is likely additional logging output above.</ br></ br>npm ERR! A complete log of this run can be found in:</ br>npm ERR!     C:\Users\asefk\AppData\Roaming\npm-cache\_logs\2020-09-11T11_47_53_174Z-debug.log</ br>
2.5.0	4.6.0	0.3.1	4.2.12	24.9.1	5.2.7	11.15.14	7.5.2	4.2.0	3.7.2	24.9.0	1.6.0	1.3.0	3.13.4	6.2.3	4.1.5	1.19.0	4.3.1	2.7.1	7.5.0	4.6.0	24.3.0	0.18.0	3.7.5	</ br>> @0.0.0 build C:\Mahir\VT\Research\npm-package-coupling\sources\dataset\raven</ br>> node ./scripts/verify-packages-versions.js && lerna run --stream --concurrency 1 --sort build</ br></ br>lerna notice cli v3.13.4</ br>lerna info Executing command in 15 packages: "yarn run build"</ br>@sentry/types: 'yarn' is not recognized as an internal or external command,</ br>@sentry/types: operable program or batch file.</ br>lerna ERR! yarn run build exited 2 in '@sentry/types'</ br>npm ERR! code ELIFECYCLE</ br>npm ERR! errno 2</ br>npm ERR! @0.0.0 build: `node ./scripts/verify-packages-versions.js && lerna run --stream --concurrency 1 --sort build`</ br>npm ERR! Exit status 2</ br>npm ERR! </ br>npm ERR! Failed at the @0.0.0 build script.</ br>npm ERR! This is probably not a problem with npm. There is likely additional logging output above.</ br></ br>npm ERR! A complete log of this run can be found in:</ br>npm ERR!     C:\Users\asefk\AppData\Roaming\npm-cache\_logs\2020-09-11T11_50_32_038Z-debug.log</ br>
2.5.0	4.6.0	0.3.1	4.2.12	24.9.1	5.2.7	11.15.23	7.5.2	4.2.0	3.7.2	24.8.0	1.6.0	1.3.0	3.13.4	6.2.3	4.1.5	1.19.0	4.3.1	2.7.1	7.5.0	4.6.0	24.3.0	0.18.0	3.7.5	</ br>> @0.0.0 build C:\Mahir\VT\Research\npm-package-coupling\sources\dataset\raven</ br>> node ./scripts/verify-packages-versions.js && lerna run --stream --concurrency 1 --sort build</ br></ br>lerna notice cli v3.13.4</ br>lerna info Executing command in 15 packages: "yarn run build"</ br>@sentry/types: 'yarn' is not recognized as an internal or external command,</ br>@sentry/types: operable program or batch file.</ br>lerna ERR! yarn run build exited 2 in '@sentry/types'</ br>npm ERR! code ELIFECYCLE</ br>npm ERR! errno 2</ br>npm ERR! @0.0.0 build: `node ./scripts/verify-packages-versions.js && lerna run --stream --concurrency 1 --sort build`</ br>npm ERR! Exit status 2</ br>npm ERR! </ br>npm ERR! Failed at the @0.0.0 build script.</ br>npm ERR! This is probably not a problem with npm. There is likely additional logging output above.</ br></ br>npm ERR! A complete log of this run can be found in:</ br>npm ERR!     C:\Users\asefk\AppData\Roaming\npm-cache\_logs\2020-09-11T11_53_14_755Z-debug.log</ br>
2.5.0	4.6.0	0.3.1	4.2.12	24.9.1	5.2.7	11.13.21	7.5.2	4.2.0	3.7.2	24.9.0	1.6.0	1.3.0	3.13.4	6.2.3	4.1.5	1.19.0	4.3.1	2.7.1	7.5.0	4.6.0	24.3.0	0.18.0	3.7.5	</ br>> @0.0.0 build C:\Mahir\VT\Research\npm-package-coupling\sources\dataset\raven</ br>> node ./scripts/verify-packages-versions.js && lerna run --stream --concurrency 1 --sort build</ br></ br>lerna notice cli v3.13.4</ br>lerna info Executing command in 15 packages: "yarn run build"</ br>@sentry/types: 'yarn' is not recognized as an internal or external command,</ br>@sentry/types: operable program or batch file.</ br>lerna ERR! yarn run build exited 2 in '@sentry/types'</ br>npm ERR! code ELIFECYCLE</ br>npm ERR! errno 2</ br>npm ERR! @0.0.0 build: `node ./scripts/verify-packages-versions.js && lerna run --stream --concurrency 1 --sort build`</ br>npm ERR! Exit status 2</ br>npm ERR! </ br>npm ERR! Failed at the @0.0.0 build script.</ br>npm ERR! This is probably not a problem with npm. There is likely additional logging output above.</ br></ br>npm ERR! A complete log of this run can be found in:</ br>npm ERR!     C:\Users\asefk\AppData\Roaming\npm-cache\_logs\2020-09-11T11_55_54_113Z-debug.log</ br>
2.5.0	4.6.0	0.3.1	4.2.12	24.9.1	5.2.7	11.15.23	7.5.2	4.2.0	3.7.1	24.9.0	1.6.0	1.3.0	3.13.4	6.2.3	4.1.5	1.19.0	4.3.1	2.7.1	7.5.0	4.6.0	24.3.0	0.18.0	3.7.5	</ br>> @0.0.0 build C:\Mahir\VT\Research\npm-package-coupling\sources\dataset\raven</ br>> node ./scripts/verify-packages-versions.js && lerna run --stream --concurrency 1 --sort build</ br></ br>lerna notice cli v3.13.4</ br>lerna info Executing command in 15 packages: "yarn run build"</ br>@sentry/types: 'yarn' is not recognized as an internal or external command,</ br>@sentry/types: operable program or batch file.</ br>lerna ERR! yarn run build exited 2 in '@sentry/types'</ br>npm ERR! code ELIFECYCLE</ br>npm ERR! errno 2</ br>npm ERR! @0.0.0 build: `node ./scripts/verify-packages-versions.js && lerna run --stream --concurrency 1 --sort build`</ br>npm ERR! Exit status 2</ br>npm ERR! </ br>npm ERR! Failed at the @0.0.0 build script.</ br>npm ERR! This is probably not a problem with npm. There is likely additional logging output above.</ br></ br>npm ERR! A complete log of this run can be found in:</ br>npm ERR!     C:\Users\asefk\AppData\Roaming\npm-cache\_logs\2020-09-11T11_58_36_996Z-debug.log</ br>
2.5.0	4.6.0	0.3.1	4.2.12	24.9.1	5.2.7	11.15.23	7.5.2	4.2.0	3.7.2	24.9.0	1.6.0	1.3.0	3.13.4	6.2.3	4.1.5	1.19.0	4.1.2	2.7.1	7.5.0	4.6.0	24.3.0	0.18.0	3.7.5	</ br>> @0.0.0 build C:\Mahir\VT\Research\npm-package-coupling\sources\dataset\raven</ br>> node ./scripts/verify-packages-versions.js && lerna run --stream --concurrency 1 --sort build</ br></ br>lerna notice cli v3.13.4</ br>lerna info Executing command in 15 packages: "yarn run build"</ br>@sentry/types: 'yarn' is not recognized as an internal or external command,</ br>@sentry/types: operable program or batch file.</ br>lerna ERR! yarn run build exited 2 in '@sentry/types'</ br>npm ERR! code ELIFECYCLE</ br>npm ERR! errno 2</ br>npm ERR! @0.0.0 build: `node ./scripts/verify-packages-versions.js && lerna run --stream --concurrency 1 --sort build`</ br>npm ERR! Exit status 2</ br>npm ERR! </ br>npm ERR! Failed at the @0.0.0 build script.</ br>npm ERR! This is probably not a problem with npm. There is likely additional logging output above.</ br></ br>npm ERR! A complete log of this run can be found in:</ br>npm ERR!     C:\Users\asefk\AppData\Roaming\npm-cache\_logs\2020-09-11T12_01_12_828Z-debug.log</ br>
2.5.0	4.6.0	0.3.1	4.2.12	24.9.1	5.2.7	11.15.21	7.5.2	4.2.0	3.7.2	24.9.0	1.6.0	1.3.0	3.13.4	6.2.3	4.1.5	1.19.0	4.3.1	2.7.1	7.5.0	4.6.0	24.3.0	0.18.0	3.7.5	</ br>> @0.0.0 build C:\Mahir\VT\Research\npm-package-coupling\sources\dataset\raven</ br>> node ./scripts/verify-packages-versions.js && lerna run --stream --concurrency 1 --sort build</ br></ br>lerna notice cli v3.13.4</ br>lerna info Executing command in 15 packages: "yarn run build"</ br>@sentry/types: 'yarn' is not recognized as an internal or external command,</ br>@sentry/types: operable program or batch file.</ br>lerna ERR! yarn run build exited 2 in '@sentry/types'</ br>npm ERR! code ELIFECYCLE</ br>npm ERR! errno 2</ br>npm ERR! @0.0.0 build: `node ./scripts/verify-packages-versions.js && lerna run --stream --concurrency 1 --sort build`</ br>npm ERR! Exit status 2</ br>npm ERR! </ br>npm ERR! Failed at the @0.0.0 build script.</ br>npm ERR! This is probably not a problem with npm. There is likely additional logging output above.</ br></ br>npm ERR! A complete log of this run can be found in:</ br>npm ERR!     C:\Users\asefk\AppData\Roaming\npm-cache\_logs\2020-09-11T12_03_55_532Z-debug.log</ br>
2.5.0	4.6.0	0.3.1	4.2.12	24.9.1	5.2.7	11.15.23	7.5.2	4.2.0	3.7.2	24.9.0	1.6.0	1.3.0	3.13.4	6.2.3	4.1.5	1.19.0	4.3.1	2.7.1	7.5.0	4.6.0	24.0.2	0.18.0	3.7.5	</ br>> @0.0.0 build C:\Mahir\VT\Research\npm-package-coupling\sources\dataset\raven</ br>> node ./scripts/verify-packages-versions.js && lerna run --stream --concurrency 1 --sort build</ br></ br>lerna notice cli v3.13.4</ br>lerna info Executing command in 15 packages: "yarn run build"</ br>@sentry/types: 'yarn' is not recognized as an internal or external command,</ br>@sentry/types: operable program or batch file.</ br>lerna ERR! yarn run build exited 2 in '@sentry/types'</ br>npm ERR! code ELIFECYCLE</ br>npm ERR! errno 2</ br>npm ERR! @0.0.0 build: `node ./scripts/verify-packages-versions.js && lerna run --stream --concurrency 1 --sort build`</ br>npm ERR! Exit status 2</ br>npm ERR! </ br>npm ERR! Failed at the @0.0.0 build script.</ br>npm ERR! This is probably not a problem with npm. There is likely additional logging output above.</ br></ br>npm ERR! A complete log of this run can be found in:</ br>npm ERR!     C:\Users\asefk\AppData\Roaming\npm-cache\_logs\2020-09-11T12_06_34_991Z-debug.log</ br>
2.5.0	4.6.0	0.3.1	4.2.12	24.9.1	5.2.7	11.13.17	7.5.2	4.2.0	3.7.2	24.9.0	1.6.0	1.3.0	3.13.4	6.2.3	4.1.5	1.19.0	4.3.1	2.7.1	7.5.0	4.6.0	24.3.0	0.18.0	3.7.5	</ br>> @0.0.0 build C:\Mahir\VT\Research\npm-package-coupling\sources\dataset\raven</ br>> node ./scripts/verify-packages-versions.js && lerna run --stream --concurrency 1 --sort build</ br></ br>lerna notice cli v3.13.4</ br>lerna info Executing command in 15 packages: "yarn run build"</ br>@sentry/types: 'yarn' is not recognized as an internal or external command,</ br>@sentry/types: operable program or batch file.</ br>lerna ERR! yarn run build exited 2 in '@sentry/types'</ br>npm ERR! code ELIFECYCLE</ br>npm ERR! errno 2</ br>npm ERR! @0.0.0 build: `node ./scripts/verify-packages-versions.js && lerna run --stream --concurrency 1 --sort build`</ br>npm ERR! Exit status 2</ br>npm ERR! </ br>npm ERR! Failed at the @0.0.0 build script.</ br>npm ERR! This is probably not a problem with npm. There is likely additional logging output above.</ br></ br>npm ERR! A complete log of this run can be found in:</ br>npm ERR!     C:\Users\asefk\AppData\Roaming\npm-cache\_logs\2020-09-11T12_09_18_339Z-debug.log</ br>
2.5.0	4.6.0	0.3.1	4.2.12	24.9.1	5.2.7	11.15.17	7.5.2	4.2.0	3.7.2	24.9.0	1.6.0	1.3.0	3.13.4	6.2.3	4.1.5	1.19.0	4.3.1	2.7.1	7.5.0	4.6.0	24.3.0	0.18.0	3.7.5	</ br>> @0.0.0 build C:\Mahir\VT\Research\npm-package-coupling\sources\dataset\raven</ br>> node ./scripts/verify-packages-versions.js && lerna run --stream --concurrency 1 --sort build</ br></ br>lerna notice cli v3.13.4</ br>lerna info Executing command in 15 packages: "yarn run build"</ br>@sentry/types: 'yarn' is not recognized as an internal or external command,</ br>@sentry/types: operable program or batch file.</ br>lerna ERR! yarn run build exited 2 in '@sentry/types'</ br>npm ERR! code ELIFECYCLE</ br>npm ERR! errno 2</ br>npm ERR! @0.0.0 build: `node ./scripts/verify-packages-versions.js && lerna run --stream --concurrency 1 --sort build`</ br>npm ERR! Exit status 2</ br>npm ERR! </ br>npm ERR! Failed at the @0.0.0 build script.</ br>npm ERR! This is probably not a problem with npm. There is likely additional logging output above.</ br></ br>npm ERR! A complete log of this run can be found in:</ br>npm ERR!     C:\Users\asefk\AppData\Roaming\npm-cache\_logs\2020-09-11T12_11_58_141Z-debug.log</ br>
2.5.0	4.6.0	0.3.1	4.2.12	24.0.18	5.2.7	11.15.23	7.5.2	4.2.0	3.7.2	24.9.0	1.6.0	1.3.0	3.13.4	6.2.3	4.1.5	1.19.0	4.3.1	2.7.1	7.5.0	4.6.0	24.3.0	0.18.0	3.7.5	</ br>> @0.0.0 build C:\Mahir\VT\Research\npm-package-coupling\sources\dataset\raven</ br>> node ./scripts/verify-packages-versions.js && lerna run --stream --concurrency 1 --sort build</ br></ br>lerna notice cli v3.13.4</ br>lerna info Executing command in 15 packages: "yarn run build"</ br>@sentry/types: 'yarn' is not recognized as an internal or external command,</ br>@sentry/types: operable program or batch file.</ br>lerna ERR! yarn run build exited 2 in '@sentry/types'</ br>npm ERR! code ELIFECYCLE</ br>npm ERR! errno 2</ br>npm ERR! @0.0.0 build: `node ./scripts/verify-packages-versions.js && lerna run --stream --concurrency 1 --sort build`</ br>npm ERR! Exit status 2</ br>npm ERR! </ br>npm ERR! Failed at the @0.0.0 build script.</ br>npm ERR! This is probably not a problem with npm. There is likely additional logging output above.</ br></ br>npm ERR! A complete log of this run can be found in:</ br>npm ERR!     C:\Users\asefk\AppData\Roaming\npm-cache\_logs\2020-09-11T12_14_42_328Z-debug.log</ br>
2.5.0	4.6.0	0.3.1	4.2.12	24.0.14	5.2.7	11.15.23	7.5.2	4.2.0	3.7.2	24.9.0	1.6.0	1.3.0	3.13.4	6.2.3	4.1.5	1.19.0	4.3.1	2.7.1	7.5.0	4.6.0	24.3.0	0.18.0	3.7.5	</ br>> @0.0.0 build C:\Mahir\VT\Research\npm-package-coupling\sources\dataset\raven</ br>> node ./scripts/verify-packages-versions.js && lerna run --stream --concurrency 1 --sort build</ br></ br>lerna notice cli v3.13.4</ br>lerna info Executing command in 15 packages: "yarn run build"</ br>@sentry/types: 'yarn' is not recognized as an internal or external command,</ br>@sentry/types: operable program or batch file.</ br>lerna ERR! yarn run build exited 2 in '@sentry/types'</ br>npm ERR! code ELIFECYCLE</ br>npm ERR! errno 2</ br>npm ERR! @0.0.0 build: `node ./scripts/verify-packages-versions.js && lerna run --stream --concurrency 1 --sort build`</ br>npm ERR! Exit status 2</ br>npm ERR! </ br>npm ERR! Failed at the @0.0.0 build script.</ br>npm ERR! This is probably not a problem with npm. There is likely additional logging output above.</ br></ br>npm ERR! A complete log of this run can be found in:</ br>npm ERR!     C:\Users\asefk\AppData\Roaming\npm-cache\_logs\2020-09-11T12_17_25_959Z-debug.log</ br>
2.5.0	4.6.0	0.3.1	4.2.3	24.9.1	5.2.7	11.15.23	7.5.2	4.2.0	3.7.2	24.9.0	1.6.0	1.3.0	3.13.4	6.2.3	4.1.5	1.19.0	4.3.1	2.7.1	7.5.0	4.6.0	24.3.0	0.18.0	3.7.5	</ br>> @0.0.0 build C:\Mahir\VT\Research\npm-package-coupling\sources\dataset\raven</ br>> node ./scripts/verify-packages-versions.js && lerna run --stream --concurrency 1 --sort build</ br></ br>lerna notice cli v3.13.4</ br>lerna info Executing command in 15 packages: "yarn run build"</ br>@sentry/types: 'yarn' is not recognized as an internal or external command,</ br>@sentry/types: operable program or batch file.</ br>lerna ERR! yarn run build exited 2 in '@sentry/types'</ br>npm ERR! code ELIFECYCLE</ br>npm ERR! errno 2</ br>npm ERR! @0.0.0 build: `node ./scripts/verify-packages-versions.js && lerna run --stream --concurrency 1 --sort build`</ br>npm ERR! Exit status 2</ br>npm ERR! </ br>npm ERR! Failed at the @0.0.0 build script.</ br>npm ERR! This is probably not a problem with npm. There is likely additional logging output above.</ br></ br>npm ERR! A complete log of this run can be found in:</ br>npm ERR!     C:\Users\asefk\AppData\Roaming\npm-cache\_logs\2020-09-11T12_20_08_886Z-debug.log</ br>
2.5.0	4.6.0	0.3.1	4.2.12	24.9.1	5.2.7	11.15.15	7.5.2	4.2.0	3.7.2	24.9.0	1.6.0	1.3.0	3.13.4	6.2.3	4.1.5	1.19.0	4.3.1	2.7.1	7.5.0	4.6.0	24.3.0	0.18.0	3.7.5	</ br>> @0.0.0 build C:\Mahir\VT\Research\npm-package-coupling\sources\dataset\raven</ br>> node ./scripts/verify-packages-versions.js && lerna run --stream --concurrency 1 --sort build</ br></ br>lerna notice cli v3.13.4</ br>lerna info Executing command in 15 packages: "yarn run build"</ br>@sentry/types: 'yarn' is not recognized as an internal or external command,</ br>@sentry/types: operable program or batch file.</ br>lerna ERR! yarn run build exited 2 in '@sentry/types'</ br>npm ERR! code ELIFECYCLE</ br>npm ERR! errno 2</ br>npm ERR! @0.0.0 build: `node ./scripts/verify-packages-versions.js && lerna run --stream --concurrency 1 --sort build`</ br>npm ERR! Exit status 2</ br>npm ERR! </ br>npm ERR! Failed at the @0.0.0 build script.</ br>npm ERR! This is probably not a problem with npm. There is likely additional logging output above.</ br></ br>npm ERR! A complete log of this run can be found in:</ br>npm ERR!     C:\Users\asefk\AppData\Roaming\npm-cache\_logs\2020-09-11T12_22_50_778Z-debug.log</ br>
2.5.0	4.6.0	0.3.1	4.2.12	24.9.1	5.2.7	11.15.5	7.5.2	4.2.0	3.7.2	24.9.0	1.6.0	1.3.0	3.13.4	6.2.3	4.1.5	1.19.0	4.3.1	2.7.1	7.5.0	4.6.0	24.3.0	0.18.0	3.7.5	</ br>> @0.0.0 build C:\Mahir\VT\Research\npm-package-coupling\sources\dataset\raven</ br>> node ./scripts/verify-packages-versions.js && lerna run --stream --concurrency 1 --sort build</ br></ br>lerna notice cli v3.13.4</ br>lerna info Executing command in 15 packages: "yarn run build"</ br>@sentry/types: 'yarn' is not recognized as an internal or external command,</ br>@sentry/types: operable program or batch file.</ br>lerna ERR! yarn run build exited 2 in '@sentry/types'</ br>npm ERR! code ELIFECYCLE</ br>npm ERR! errno 2</ br>npm ERR! @0.0.0 build: `node ./scripts/verify-packages-versions.js && lerna run --stream --concurrency 1 --sort build`</ br>npm ERR! Exit status 2</ br>npm ERR! </ br>npm ERR! Failed at the @0.0.0 build script.</ br>npm ERR! This is probably not a problem with npm. There is likely additional logging output above.</ br></ br>npm ERR! A complete log of this run can be found in:</ br>npm ERR!     C:\Users\asefk\AppData\Roaming\npm-cache\_logs\2020-09-11T12_25_35_013Z-debug.log</ br>
2.5.0	4.6.0	0.3.1	4.2.12	24.9.1	5.2.7	11.13.14	7.5.2	4.2.0	3.7.2	24.9.0	1.6.0	1.3.0	3.13.4	6.2.3	4.1.5	1.19.0	4.3.1	2.7.1	7.5.0	4.6.0	24.3.0	0.18.0	3.7.5	</ br>> @0.0.0 build C:\Mahir\VT\Research\npm-package-coupling\sources\dataset\raven</ br>> node ./scripts/verify-packages-versions.js && lerna run --stream --concurrency 1 --sort build</ br></ br>lerna notice cli v3.13.4</ br>lerna info Executing command in 15 packages: "yarn run build"</ br>@sentry/types: 'yarn' is not recognized as an internal or external command,</ br>@sentry/types: operable program or batch file.</ br>lerna ERR! yarn run build exited 2 in '@sentry/types'</ br>npm ERR! code ELIFECYCLE</ br>npm ERR! errno 2</ br>npm ERR! @0.0.0 build: `node ./scripts/verify-packages-versions.js && lerna run --stream --concurrency 1 --sort build`</ br>npm ERR! Exit status 2</ br>npm ERR! </ br>npm ERR! Failed at the @0.0.0 build script.</ br>npm ERR! This is probably not a problem with npm. There is likely additional logging output above.</ br></ br>npm ERR! A complete log of this run can be found in:</ br>npm ERR!     C:\Users\asefk\AppData\Roaming\npm-cache\_logs\2020-09-11T12_28_15_739Z-debug.log</ br>
2.5.0	4.6.0	0.3.1	4.2.12	24.9.1	5.2.7	11.15.10	7.5.2	4.2.0	3.7.2	24.9.0	1.6.0	1.3.0	3.13.4	6.2.3	4.1.5	1.19.0	4.3.1	2.7.1	7.5.0	4.6.0	24.3.0	0.18.0	3.7.5	</ br>> @0.0.0 build C:\Mahir\VT\Research\npm-package-coupling\sources\dataset\raven</ br>> node ./scripts/verify-packages-versions.js && lerna run --stream --concurrency 1 --sort build</ br></ br>lerna notice cli v3.13.4</ br>lerna info Executing command in 15 packages: "yarn run build"</ br>@sentry/types: 'yarn' is not recognized as an internal or external command,</ br>@sentry/types: operable program or batch file.</ br>lerna ERR! yarn run build exited 2 in '@sentry/types'</ br>npm ERR! code ELIFECYCLE</ br>npm ERR! errno 2</ br>npm ERR! @0.0.0 build: `node ./scripts/verify-packages-versions.js && lerna run --stream --concurrency 1 --sort build`</ br>npm ERR! Exit status 2</ br>npm ERR! </ br>npm ERR! Failed at the @0.0.0 build script.</ br>npm ERR! This is probably not a problem with npm. There is likely additional logging output above.</ br></ br>npm ERR! A complete log of this run can be found in:</ br>npm ERR!     C:\Users\asefk\AppData\Roaming\npm-cache\_logs\2020-09-11T12_30_58_352Z-debug.log</ br>
2.5.0	4.6.0	0.3.1	4.2.12	24.9.1	5.2.7	11.13.11	7.5.2	4.2.0	3.7.2	24.9.0	1.6.0	1.3.0	3.13.4	6.2.3	4.1.5	1.19.0	4.3.1	2.7.1	7.5.0	4.6.0	24.3.0	0.18.0	3.7.5	</ br>> @0.0.0 build C:\Mahir\VT\Research\npm-package-coupling\sources\dataset\raven</ br>> node ./scripts/verify-packages-versions.js && lerna run --stream --concurrency 1 --sort build</ br></ br>lerna notice cli v3.13.4</ br>lerna info Executing command in 15 packages: "yarn run build"</ br>@sentry/types: 'yarn' is not recognized as an internal or external command,</ br>@sentry/types: operable program or batch file.</ br>lerna ERR! yarn run build exited 2 in '@sentry/types'</ br>npm ERR! code ELIFECYCLE</ br>npm ERR! errno 2</ br>npm ERR! @0.0.0 build: `node ./scripts/verify-packages-versions.js && lerna run --stream --concurrency 1 --sort build`</ br>npm ERR! Exit status 2</ br>npm ERR! </ br>npm ERR! Failed at the @0.0.0 build script.</ br>npm ERR! This is probably not a problem with npm. There is likely additional logging output above.</ br></ br>npm ERR! A complete log of this run can be found in:</ br>npm ERR!     C:\Users\asefk\AppData\Roaming\npm-cache\_logs\2020-09-11T12_33_39_889Z-debug.log</ br>
2.5.0	4.6.0	0.3.1	4.2.12	24.9.1	5.2.7	11.15.23	7.5.2	4.2.0	3.7.2	24.9.0	1.6.0	1.1.0	3.13.4	6.2.3	4.1.5	1.19.0	4.3.1	2.7.1	7.5.0	4.6.0	24.3.0	0.18.0	3.7.5	</ br>> @0.0.0 build C:\Mahir\VT\Research\npm-package-coupling\sources\dataset\raven</ br>> node ./scripts/verify-packages-versions.js && lerna run --stream --concurrency 1 --sort build</ br></ br>lerna notice cli v3.13.4</ br>lerna info Executing command in 15 packages: "yarn run build"</ br>@sentry/types: 'yarn' is not recognized as an internal or external command,</ br>@sentry/types: operable program or batch file.</ br>lerna ERR! yarn run build exited 2 in '@sentry/types'</ br>npm ERR! code ELIFECYCLE</ br>npm ERR! errno 2</ br>npm ERR! @0.0.0 build: `node ./scripts/verify-packages-versions.js && lerna run --stream --concurrency 1 --sort build`</ br>npm ERR! Exit status 2</ br>npm ERR! </ br>npm ERR! Failed at the @0.0.0 build script.</ br>npm ERR! This is probably not a problem with npm. There is likely additional logging output above.</ br></ br>npm ERR! A complete log of this run can be found in:</ br>npm ERR!     C:\Users\asefk\AppData\Roaming\npm-cache\_logs\2020-09-11T12_36_22_653Z-debug.log</ br>
2.5.0	4.6.0	0.3.1	4.2.12	24.9.1	5.2.7	11.15.23	7.5.2	4.2.0	3.7.2	24.9.0	1.6.0	1.3.0	3.13.4	6.2.3	4.1.5	1.19.0	4.3.1	2.6.3	7.5.0	4.6.0	24.3.0	0.18.0	3.7.5	</ br>> @0.0.0 build C:\Mahir\VT\Research\npm-package-coupling\sources\dataset\raven</ br>> node ./scripts/verify-packages-versions.js && lerna run --stream --concurrency 1 --sort build</ br></ br>lerna notice cli v3.13.4</ br>lerna info Executing command in 15 packages: "yarn run build"</ br>@sentry/types: 'yarn' is not recognized as an internal or external command,</ br>@sentry/types: operable program or batch file.</ br>lerna ERR! yarn run build exited 2 in '@sentry/types'</ br>npm ERR! code ELIFECYCLE</ br>npm ERR! errno 2</ br>npm ERR! @0.0.0 build: `node ./scripts/verify-packages-versions.js && lerna run --stream --concurrency 1 --sort build`</ br>npm ERR! Exit status 2</ br>npm ERR! </ br>npm ERR! Failed at the @0.0.0 build script.</ br>npm ERR! This is probably not a problem with npm. There is likely additional logging output above.</ br></ br>npm ERR! A complete log of this run can be found in:</ br>npm ERR!     C:\Users\asefk\AppData\Roaming\npm-cache\_logs\2020-09-11T12_39_06_118Z-debug.log</ br>
2.5.0	4.6.0	0.3.1	4.2.12	24.9.1	5.2.7	11.15.18	7.5.2	4.2.0	3.7.2	24.9.0	1.6.0	1.3.0	3.13.4	6.2.3	4.1.5	1.19.0	4.3.1	2.7.1	7.5.0	4.6.0	24.3.0	0.18.0	3.7.5	</ br>> @0.0.0 build C:\Mahir\VT\Research\npm-package-coupling\sources\dataset\raven</ br>> node ./scripts/verify-packages-versions.js && lerna run --stream --concurrency 1 --sort build</ br></ br>lerna notice cli v3.13.4</ br>lerna info Executing command in 15 packages: "yarn run build"</ br>@sentry/types: 'yarn' is not recognized as an internal or external command,</ br>@sentry/types: operable program or batch file.</ br>lerna ERR! yarn run build exited 2 in '@sentry/types'</ br>npm ERR! code ELIFECYCLE</ br>npm ERR! errno 2</ br>npm ERR! @0.0.0 build: `node ./scripts/verify-packages-versions.js && lerna run --stream --concurrency 1 --sort build`</ br>npm ERR! Exit status 2</ br>npm ERR! </ br>npm ERR! Failed at the @0.0.0 build script.</ br>npm ERR! This is probably not a problem with npm. There is likely additional logging output above.</ br></ br>npm ERR! A complete log of this run can be found in:</ br>npm ERR!     C:\Users\asefk\AppData\Roaming\npm-cache\_logs\2020-09-11T12_41_48_751Z-debug.log</ br>
2.5.0	4.6.0	0.3.1	4.2.12	24.9.1	5.2.7	11.15.9	7.5.2	4.2.0	3.7.2	24.9.0	1.6.0	1.3.0	3.13.4	6.2.3	4.1.5	1.19.0	4.3.1	2.7.1	7.5.0	4.6.0	24.3.0	0.18.0	3.7.5	</ br>> @0.0.0 build C:\Mahir\VT\Research\npm-package-coupling\sources\dataset\raven</ br>> node ./scripts/verify-packages-versions.js && lerna run --stream --concurrency 1 --sort build</ br></ br>lerna notice cli v3.13.4</ br>lerna info Executing command in 15 packages: "yarn run build"</ br>@sentry/types: 'yarn' is not recognized as an internal or external command,</ br>@sentry/types: operable program or batch file.</ br>lerna ERR! yarn run build exited 2 in '@sentry/types'</ br>npm ERR! code ELIFECYCLE</ br>npm ERR! errno 2</ br>npm ERR! @0.0.0 build: `node ./scripts/verify-packages-versions.js && lerna run --stream --concurrency 1 --sort build`</ br>npm ERR! Exit status 2</ br>npm ERR! </ br>npm ERR! Failed at the @0.0.0 build script.</ br>npm ERR! This is probably not a problem with npm. There is likely additional logging output above.</ br></ br>npm ERR! A complete log of this run can be found in:</ br>npm ERR!     C:\Users\asefk\AppData\Roaming\npm-cache\_logs\2020-09-11T12_44_35_506Z-debug.log</ br>
2.5.0	4.6.0	0.3.1	4.2.12	24.9.1	5.2.7	11.15.11	7.5.2	4.2.0	3.7.2	24.9.0	1.6.0	1.3.0	3.13.4	6.2.3	4.1.5	1.19.0	4.3.1	2.7.1	7.5.0	4.6.0	24.3.0	0.18.0	3.7.5	</ br>> @0.0.0 build C:\Mahir\VT\Research\npm-package-coupling\sources\dataset\raven</ br>> node ./scripts/verify-packages-versions.js && lerna run --stream --concurrency 1 --sort build</ br></ br>lerna notice cli v3.13.4</ br>lerna info Executing command in 15 packages: "yarn run build"</ br>@sentry/types: 'yarn' is not recognized as an internal or external command,</ br>@sentry/types: operable program or batch file.</ br>lerna ERR! yarn run build exited 2 in '@sentry/types'</ br>npm ERR! code ELIFECYCLE</ br>npm ERR! errno 2</ br>npm ERR! @0.0.0 build: `node ./scripts/verify-packages-versions.js && lerna run --stream --concurrency 1 --sort build`</ br>npm ERR! Exit status 2</ br>npm ERR! </ br>npm ERR! Failed at the @0.0.0 build script.</ br>npm ERR! This is probably not a problem with npm. There is likely additional logging output above.</ br></ br>npm ERR! A complete log of this run can be found in:</ br>npm ERR!     C:\Users\asefk\AppData\Roaming\npm-cache\_logs\2020-09-11T12_47_16_593Z-debug.log</ br>
2.5.0	4.6.0	0.3.1	4.2.12	24.9.1	5.2.7	11.15.23	7.5.2	4.2.0	3.7.2	24.9.0	1.6.0	1.2.0	3.13.4	6.2.3	4.1.5	1.19.0	4.3.1	2.7.1	7.5.0	4.6.0	24.3.0	0.18.0	3.7.5	</ br>> @0.0.0 build C:\Mahir\VT\Research\npm-package-coupling\sources\dataset\raven</ br>> node ./scripts/verify-packages-versions.js && lerna run --stream --concurrency 1 --sort build</ br></ br>lerna notice cli v3.13.4</ br>lerna info Executing command in 15 packages: "yarn run build"</ br>@sentry/types: 'yarn' is not recognized as an internal or external command,</ br>@sentry/types: operable program or batch file.</ br>lerna ERR! yarn run build exited 2 in '@sentry/types'</ br>npm ERR! code ELIFECYCLE</ br>npm ERR! errno 2</ br>npm ERR! @0.0.0 build: `node ./scripts/verify-packages-versions.js && lerna run --stream --concurrency 1 --sort build`</ br>npm ERR! Exit status 2</ br>npm ERR! </ br>npm ERR! Failed at the @0.0.0 build script.</ br>npm ERR! This is probably not a problem with npm. There is likely additional logging output above.</ br></ br>npm ERR! A complete log of this run can be found in:</ br>npm ERR!     C:\Users\asefk\AppData\Roaming\npm-cache\_logs\2020-09-11T12_50_00_025Z-debug.log</ br>
2.5.0	4.6.0	0.3.1	4.2.12	24.9.1	5.2.7	11.13.9	7.5.2	4.2.0	3.7.2	24.9.0	1.6.0	1.3.0	3.13.4	6.2.3	4.1.5	1.19.0	4.3.1	2.7.1	7.5.0	4.6.0	24.3.0	0.18.0	3.7.5	</ br>> @0.0.0 build C:\Mahir\VT\Research\npm-package-coupling\sources\dataset\raven</ br>> node ./scripts/verify-packages-versions.js && lerna run --stream --concurrency 1 --sort build</ br></ br>lerna notice cli v3.13.4</ br>lerna info Executing command in 15 packages: "yarn run build"</ br>@sentry/types: 'yarn' is not recognized as an internal or external command,</ br>@sentry/types: operable program or batch file.</ br>lerna ERR! yarn run build exited 2 in '@sentry/types'</ br>npm ERR! code ELIFECYCLE</ br>npm ERR! errno 2</ br>npm ERR! @0.0.0 build: `node ./scripts/verify-packages-versions.js && lerna run --stream --concurrency 1 --sort build`</ br>npm ERR! Exit status 2</ br>npm ERR! </ br>npm ERR! Failed at the @0.0.0 build script.</ br>npm ERR! This is probably not a problem with npm. There is likely additional logging output above.</ br></ br>npm ERR! A complete log of this run can be found in:</ br>npm ERR!     C:\Users\asefk\AppData\Roaming\npm-cache\_logs\2020-09-11T12_52_45_445Z-debug.log</ br>
2.5.0	4.6.0	0.3.1	4.2.12	24.9.1	5.2.7	11.15.23	7.5.0	4.2.0	3.7.2	24.9.0	1.6.0	1.3.0	3.13.4	6.2.3	4.1.5	1.19.0	4.3.1	2.7.1	7.5.0	4.6.0	24.3.0	0.18.0	3.7.5	</ br>> @0.0.0 build C:\Mahir\VT\Research\npm-package-coupling\sources\dataset\raven</ br>> node ./scripts/verify-packages-versions.js && lerna run --stream --concurrency 1 --sort build</ br></ br>lerna notice cli v3.13.4</ br>lerna info Executing command in 15 packages: "yarn run build"</ br>@sentry/types: 'yarn' is not recognized as an internal or external command,</ br>@sentry/types: operable program or batch file.</ br>lerna ERR! yarn run build exited 2 in '@sentry/types'</ br>npm ERR! code ELIFECYCLE</ br>npm ERR! errno 2</ br>npm ERR! @0.0.0 build: `node ./scripts/verify-packages-versions.js && lerna run --stream --concurrency 1 --sort build`</ br>npm ERR! Exit status 2</ br>npm ERR! </ br>npm ERR! Failed at the @0.0.0 build script.</ br>npm ERR! This is probably not a problem with npm. There is likely additional logging output above.</ br></ br>npm ERR! A complete log of this run can be found in:</ br>npm ERR!     C:\Users\asefk\AppData\Roaming\npm-cache\_logs\2020-09-11T12_55_26_752Z-debug.log</ br>
2.5.0	4.6.0	0.3.1	4.2.5	24.9.1	5.2.7	11.15.23	7.5.2	4.2.0	3.7.2	24.9.0	1.6.0	1.3.0	3.13.4	6.2.3	4.1.5	1.19.0	4.3.1	2.7.1	7.5.0	4.6.0	24.3.0	0.18.0	3.7.5	</ br>> @0.0.0 build C:\Mahir\VT\Research\npm-package-coupling\sources\dataset\raven</ br>> node ./scripts/verify-packages-versions.js && lerna run --stream --concurrency 1 --sort build</ br></ br>lerna notice cli v3.13.4</ br>lerna info Executing command in 15 packages: "yarn run build"</ br>@sentry/types: 'yarn' is not recognized as an internal or external command,</ br>@sentry/types: operable program or batch file.</ br>lerna ERR! yarn run build exited 2 in '@sentry/types'</ br>npm ERR! code ELIFECYCLE</ br>npm ERR! errno 2</ br>npm ERR! @0.0.0 build: `node ./scripts/verify-packages-versions.js && lerna run --stream --concurrency 1 --sort build`</ br>npm ERR! Exit status 2</ br>npm ERR! </ br>npm ERR! Failed at the @0.0.0 build script.</ br>npm ERR! This is probably not a problem with npm. There is likely additional logging output above.</ br></ br>npm ERR! A complete log of this run can be found in:</ br>npm ERR!     C:\Users\asefk\AppData\Roaming\npm-cache\_logs\2020-09-11T12_58_13_656Z-debug.log</ br>
2.5.0	4.6.0	0.3.1	4.1.4	24.9.1	5.2.7	11.15.23	7.5.2	4.2.0	3.7.2	24.9.0	1.6.0	1.3.0	3.13.4	6.2.3	4.1.5	1.19.0	4.3.1	2.7.1	7.5.0	4.6.0	24.3.0	0.18.0	3.7.5	</ br>> @0.0.0 build C:\Mahir\VT\Research\npm-package-coupling\sources\dataset\raven</ br>> node ./scripts/verify-packages-versions.js && lerna run --stream --concurrency 1 --sort build</ br></ br>lerna notice cli v3.13.4</ br>lerna info Executing command in 15 packages: "yarn run build"</ br>@sentry/types: 'yarn' is not recognized as an internal or external command,</ br>@sentry/types: operable program or batch file.</ br>lerna ERR! yarn run build exited 2 in '@sentry/types'</ br>npm ERR! code ELIFECYCLE</ br>npm ERR! errno 2</ br>npm ERR! @0.0.0 build: `node ./scripts/verify-packages-versions.js && lerna run --stream --concurrency 1 --sort build`</ br>npm ERR! Exit status 2</ br>npm ERR! </ br>npm ERR! Failed at the @0.0.0 build script.</ br>npm ERR! This is probably not a problem with npm. There is likely additional logging output above.</ br></ br>npm ERR! A complete log of this run can be found in:</ br>npm ERR!     C:\Users\asefk\AppData\Roaming\npm-cache\_logs\2020-09-11T13_00_59_381Z-debug.log</ br>
2.5.0	4.6.0	0.3.1	4.2.12	24.9.1	5.2.7	11.15.23	7.5.2	4.2.0	3.7.2	24.9.0	1.6.0	1.3.0	3.13.4	6.2.3	4.1.5	1.19.0	4.3.1	2.7.0	7.5.0	4.6.0	24.3.0	0.18.0	3.7.5	</ br>> @0.0.0 build C:\Mahir\VT\Research\npm-package-coupling\sources\dataset\raven</ br>> node ./scripts/verify-packages-versions.js && lerna run --stream --concurrency 1 --sort build</ br></ br>lerna notice cli v3.13.4</ br>lerna info Executing command in 15 packages: "yarn run build"</ br>@sentry/types: 'yarn' is not recognized as an internal or external command,</ br>@sentry/types: operable program or batch file.</ br>lerna ERR! yarn run build exited 2 in '@sentry/types'</ br>npm ERR! code ELIFECYCLE</ br>npm ERR! errno 2</ br>npm ERR! @0.0.0 build: `node ./scripts/verify-packages-versions.js && lerna run --stream --concurrency 1 --sort build`</ br>npm ERR! Exit status 2</ br>npm ERR! </ br>npm ERR! Failed at the @0.0.0 build script.</ br>npm ERR! This is probably not a problem with npm. There is likely additional logging output above.</ br></ br>npm ERR! A complete log of this run can be found in:</ br>npm ERR!     C:\Users\asefk\AppData\Roaming\npm-cache\_logs\2020-09-11T13_03_42_755Z-debug.log</ br>
2.5.0	4.6.0	0.3.1	4.2.12	24.0.12	5.2.7	11.15.23	7.5.2	4.2.0	3.7.2	24.9.0	1.6.0	1.3.0	3.13.4	6.2.3	4.1.5	1.19.0	4.3.1	2.7.1	7.5.0	4.6.0	24.3.0	0.18.0	3.7.5	</ br>> @0.0.0 build C:\Mahir\VT\Research\npm-package-coupling\sources\dataset\raven</ br>> node ./scripts/verify-packages-versions.js && lerna run --stream --concurrency 1 --sort build</ br></ br>lerna notice cli v3.13.4</ br>lerna info Executing command in 15 packages: "yarn run build"</ br>@sentry/types: 'yarn' is not recognized as an internal or external command,</ br>@sentry/types: operable program or batch file.</ br>lerna ERR! yarn run build exited 2 in '@sentry/types'</ br>npm ERR! code ELIFECYCLE</ br>npm ERR! errno 2</ br>npm ERR! @0.0.0 build: `node ./scripts/verify-packages-versions.js && lerna run --stream --concurrency 1 --sort build`</ br>npm ERR! Exit status 2</ br>npm ERR! </ br>npm ERR! Failed at the @0.0.0 build script.</ br>npm ERR! This is probably not a problem with npm. There is likely additional logging output above.</ br></ br>npm ERR! A complete log of this run can be found in:</ br>npm ERR!     C:\Users\asefk\AppData\Roaming\npm-cache\_logs\2020-09-11T13_06_24_987Z-debug.log</ br>
2.5.0	4.6.0	0.3.1	4.2.12	24.9.1	5.2.7	11.15.23	7.5.2	4.2.0	3.7.2	24.9.0	1.6.0	1.3.0	3.13.4	6.2.1	4.1.5	1.19.0	4.3.1	2.7.1	7.5.0	4.6.0	24.3.0	0.18.0	3.7.5	</ br>> @0.0.0 build C:\Mahir\VT\Research\npm-package-coupling\sources\dataset\raven</ br>> node ./scripts/verify-packages-versions.js && lerna run --stream --concurrency 1 --sort build</ br></ br>lerna notice cli v3.13.4</ br>lerna info Executing command in 15 packages: "yarn run build"</ br>@sentry/types: 'yarn' is not recognized as an internal or external command,</ br>@sentry/types: operable program or batch file.</ br>lerna ERR! yarn run build exited 2 in '@sentry/types'</ br>npm ERR! code ELIFECYCLE</ br>npm ERR! errno 2</ br>npm ERR! @0.0.0 build: `node ./scripts/verify-packages-versions.js && lerna run --stream --concurrency 1 --sort build`</ br>npm ERR! Exit status 2</ br>npm ERR! </ br>npm ERR! Failed at the @0.0.0 build script.</ br>npm ERR! This is probably not a problem with npm. There is likely additional logging output above.</ br></ br>npm ERR! A complete log of this run can be found in:</ br>npm ERR!     C:\Users\asefk\AppData\Roaming\npm-cache\_logs\2020-09-11T13_09_08_887Z-debug.log</ br>
2.5.0	4.6.0	0.3.1	4.2.12	24.9.1	5.2.7	11.13.16	7.5.2	4.2.0	3.7.2	24.9.0	1.6.0	1.3.0	3.13.4	6.2.3	4.1.5	1.19.0	4.3.1	2.7.1	7.5.0	4.6.0	24.3.0	0.18.0	3.7.5	</ br>> @0.0.0 build C:\Mahir\VT\Research\npm-package-coupling\sources\dataset\raven</ br>> node ./scripts/verify-packages-versions.js && lerna run --stream --concurrency 1 --sort build</ br></ br>lerna notice cli v3.13.4</ br>lerna info Executing command in 15 packages: "yarn run build"</ br>@sentry/types: 'yarn' is not recognized as an internal or external command,</ br>@sentry/types: operable program or batch file.</ br>lerna ERR! yarn run build exited 2 in '@sentry/types'</ br>npm ERR! code ELIFECYCLE</ br>npm ERR! errno 2</ br>npm ERR! @0.0.0 build: `node ./scripts/verify-packages-versions.js && lerna run --stream --concurrency 1 --sort build`</ br>npm ERR! Exit status 2</ br>npm ERR! </ br>npm ERR! Failed at the @0.0.0 build script.</ br>npm ERR! This is probably not a problem with npm. There is likely additional logging output above.</ br></ br>npm ERR! A complete log of this run can be found in:</ br>npm ERR!     C:\Users\asefk\AppData\Roaming\npm-cache\_logs\2020-09-11T13_11_52_064Z-debug.log</ br>
2.5.0	4.6.0	0.3.1	4.2.12	24.9.1	5.2.1	11.15.23	7.5.2	4.2.0	3.7.2	24.9.0	1.6.0	1.3.0	3.13.4	6.2.3	4.1.5	1.19.0	4.3.1	2.7.1	7.5.0	4.6.0	24.3.0	0.18.0	3.7.5	</ br>> @0.0.0 build C:\Mahir\VT\Research\npm-package-coupling\sources\dataset\raven</ br>> node ./scripts/verify-packages-versions.js && lerna run --stream --concurrency 1 --sort build</ br></ br>lerna notice cli v3.13.4</ br>lerna info Executing command in 15 packages: "yarn run build"</ br>@sentry/types: 'yarn' is not recognized as an internal or external command,</ br>@sentry/types: operable program or batch file.</ br>lerna ERR! yarn run build exited 2 in '@sentry/types'</ br>npm ERR! code ELIFECYCLE</ br>npm ERR! errno 2</ br>npm ERR! @0.0.0 build: `node ./scripts/verify-packages-versions.js && lerna run --stream --concurrency 1 --sort build`</ br>npm ERR! Exit status 2</ br>npm ERR! </ br>npm ERR! Failed at the @0.0.0 build script.</ br>npm ERR! This is probably not a problem with npm. There is likely additional logging output above.</ br></ br>npm ERR! A complete log of this run can be found in:</ br>npm ERR!     C:\Users\asefk\AppData\Roaming\npm-cache\_logs\2020-09-11T13_14_37_690Z-debug.log</ br>
2.5.0	4.6.0	0.3.1	4.2.12	24.9.1	5.2.0	11.15.23	7.5.2	4.2.0	3.7.2	24.9.0	1.6.0	1.3.0	3.13.4	6.2.3	4.1.5	1.19.0	4.3.1	2.7.1	7.5.0	4.6.0	24.3.0	0.18.0	3.7.5	</ br>> @0.0.0 build C:\Mahir\VT\Research\npm-package-coupling\sources\dataset\raven</ br>> node ./scripts/verify-packages-versions.js && lerna run --stream --concurrency 1 --sort build</ br></ br>lerna notice cli v3.13.4</ br>lerna info Executing command in 15 packages: "yarn run build"</ br>@sentry/types: 'yarn' is not recognized as an internal or external command,</ br>@sentry/types: operable program or batch file.</ br>lerna ERR! yarn run build exited 2 in '@sentry/types'</ br>npm ERR! code ELIFECYCLE</ br>npm ERR! errno 2</ br>npm ERR! @0.0.0 build: `node ./scripts/verify-packages-versions.js && lerna run --stream --concurrency 1 --sort build`</ br>npm ERR! Exit status 2</ br>npm ERR! </ br>npm ERR! Failed at the @0.0.0 build script.</ br>npm ERR! This is probably not a problem with npm. There is likely additional logging output above.</ br></ br>npm ERR! A complete log of this run can be found in:</ br>npm ERR!     C:\Users\asefk\AppData\Roaming\npm-cache\_logs\2020-09-11T13_17_21_655Z-debug.log</ br>
2.5.0	4.6.0	0.3.1	4.2.12	24.9.1	5.2.7	11.15.23	7.5.2	4.2.0	3.7.2	24.9.0	1.6.0	1.3.0	3.13.4	6.2.3	4.1.5	1.19.0	4.3.1	2.7.1	7.5.0	4.5.6	24.3.0	0.18.0	3.7.5	</ br>> @0.0.0 build C:\Mahir\VT\Research\npm-package-coupling\sources\dataset\raven</ br>> node ./scripts/verify-packages-versions.js && lerna run --stream --concurrency 1 --sort build</ br></ br>lerna notice cli v3.13.4</ br>lerna info Executing command in 15 packages: "yarn run build"</ br>@sentry/types: 'yarn' is not recognized as an internal or external command,</ br>@sentry/types: operable program or batch file.</ br>lerna ERR! yarn run build exited 2 in '@sentry/types'</ br>npm ERR! code ELIFECYCLE</ br>npm ERR! errno 2</ br>npm ERR! @0.0.0 build: `node ./scripts/verify-packages-versions.js && lerna run --stream --concurrency 1 --sort build`</ br>npm ERR! Exit status 2</ br>npm ERR! </ br>npm ERR! Failed at the @0.0.0 build script.</ br>npm ERR! This is probably not a problem with npm. There is likely additional logging output above.</ br></ br>npm ERR! A complete log of this run can be found in:</ br>npm ERR!     C:\Users\asefk\AppData\Roaming\npm-cache\_logs\2020-09-11T13_20_05_216Z-debug.log</ br>
2.5.0	4.6.0	0.3.1	4.2.12	24.9.1	5.2.7	11.15.23	7.0.11	4.2.0	3.7.2	24.9.0	1.6.0	1.3.0	3.13.4	6.2.3	4.1.5	1.19.0	4.3.1	2.7.1	7.5.0	4.6.0	24.3.0	0.18.0	3.7.5	</ br>> @0.0.0 build C:\Mahir\VT\Research\npm-package-coupling\sources\dataset\raven</ br>> node ./scripts/verify-packages-versions.js && lerna run --stream --concurrency 1 --sort build</ br></ br>lerna notice cli v3.13.4</ br>lerna info Executing command in 15 packages: "yarn run build"</ br>@sentry/types: 'yarn' is not recognized as an internal or external command,</ br>@sentry/types: operable program or batch file.</ br>lerna ERR! yarn run build exited 2 in '@sentry/types'</ br>npm ERR! code ELIFECYCLE</ br>npm ERR! errno 2</ br>npm ERR! @0.0.0 build: `node ./scripts/verify-packages-versions.js && lerna run --stream --concurrency 1 --sort build`</ br>npm ERR! Exit status 2</ br>npm ERR! </ br>npm ERR! Failed at the @0.0.0 build script.</ br>npm ERR! This is probably not a problem with npm. There is likely additional logging output above.</ br></ br>npm ERR! A complete log of this run can be found in:</ br>npm ERR!     C:\Users\asefk\AppData\Roaming\npm-cache\_logs\2020-09-11T13_22_49_295Z-debug.log</ br>
2.5.0	4.6.0	0.3.1	4.2.12	24.9.1	5.2.7	11.15.23	7.5.2	4.2.0	3.7.2	24.9.0	1.6.0	1.3.0	3.13.4	6.1.4	4.1.5	1.19.0	4.3.1	2.7.1	7.5.0	4.6.0	24.3.0	0.18.0	3.7.5	</ br>> @0.0.0 build C:\Mahir\VT\Research\npm-package-coupling\sources\dataset\raven</ br>> node ./scripts/verify-packages-versions.js && lerna run --stream --concurrency 1 --sort build</ br></ br>lerna notice cli v3.13.4</ br>lerna info Executing command in 15 packages: "yarn run build"</ br>@sentry/types: 'yarn' is not recognized as an internal or external command,</ br>@sentry/types: operable program or batch file.</ br>lerna ERR! yarn run build exited 2 in '@sentry/types'</ br>npm ERR! code ELIFECYCLE</ br>npm ERR! errno 2</ br>npm ERR! @0.0.0 build: `node ./scripts/verify-packages-versions.js && lerna run --stream --concurrency 1 --sort build`</ br>npm ERR! Exit status 2</ br>npm ERR! </ br>npm ERR! Failed at the @0.0.0 build script.</ br>npm ERR! This is probably not a problem with npm. There is likely additional logging output above.</ br></ br>npm ERR! A complete log of this run can be found in:</ br>npm ERR!     C:\Users\asefk\AppData\Roaming\npm-cache\_logs\2020-09-11T13_25_32_272Z-debug.log</ br>
2.5.0	4.6.0	0.3.1	4.2.12	24.9.1	5.2.7	11.15.23	7.5.2	4.2.0	3.7.2	24.9.0	1.6.0	1.3.0	3.13.4	6.2.3	4.1.5	1.19.0	4.3.1	2.7.1	7.5.0	4.5.5	24.3.0	0.18.0	3.7.5	</ br>> @0.0.0 build C:\Mahir\VT\Research\npm-package-coupling\sources\dataset\raven</ br>> node ./scripts/verify-packages-versions.js && lerna run --stream --concurrency 1 --sort build</ br></ br>lerna notice cli v3.13.4</ br>lerna info Executing command in 15 packages: "yarn run build"</ br>@sentry/types: 'yarn' is not recognized as an internal or external command,</ br>@sentry/types: operable program or batch file.</ br>lerna ERR! yarn run build exited 2 in '@sentry/types'</ br>npm ERR! code ELIFECYCLE</ br>npm ERR! errno 2</ br>npm ERR! @0.0.0 build: `node ./scripts/verify-packages-versions.js && lerna run --stream --concurrency 1 --sort build`</ br>npm ERR! Exit status 2</ br>npm ERR! </ br>npm ERR! Failed at the @0.0.0 build script.</ br>npm ERR! This is probably not a problem with npm. There is likely additional logging output above.</ br></ br>npm ERR! A complete log of this run can be found in:</ br>npm ERR!     C:\Users\asefk\AppData\Roaming\npm-cache\_logs\2020-09-11T13_28_18_173Z-debug.log</ br>
2.5.0	4.6.0	0.3.1	4.2.4	24.9.1	5.2.7	11.15.23	7.5.2	4.2.0	3.7.2	24.9.0	1.6.0	1.3.0	3.13.4	6.2.3	4.1.5	1.19.0	4.3.1	2.7.1	7.5.0	4.6.0	24.3.0	0.18.0	3.7.5	</ br>> @0.0.0 build C:\Mahir\VT\Research\npm-package-coupling\sources\dataset\raven</ br>> node ./scripts/verify-packages-versions.js && lerna run --stream --concurrency 1 --sort build</ br></ br>lerna notice cli v3.13.4</ br>lerna info Executing command in 15 packages: "yarn run build"</ br>@sentry/types: 'yarn' is not recognized as an internal or external command,</ br>@sentry/types: operable program or batch file.</ br>lerna ERR! yarn run build exited 2 in '@sentry/types'</ br>npm ERR! code ELIFECYCLE</ br>npm ERR! errno 2</ br>npm ERR! @0.0.0 build: `node ./scripts/verify-packages-versions.js && lerna run --stream --concurrency 1 --sort build`</ br>npm ERR! Exit status 2</ br>npm ERR! </ br>npm ERR! Failed at the @0.0.0 build script.</ br>npm ERR! This is probably not a problem with npm. There is likely additional logging output above.</ br></ br>npm ERR! A complete log of this run can be found in:</ br>npm ERR!     C:\Users\asefk\AppData\Roaming\npm-cache\_logs\2020-09-11T13_30_58_723Z-debug.log</ br>
2.5.0	4.6.0	0.3.1	4.2.12	24.9.1	5.2.7	11.13.20	7.5.2	4.2.0	3.7.2	24.9.0	1.6.0	1.3.0	3.13.4	6.2.3	4.1.5	1.19.0	4.3.1	2.7.1	7.5.0	4.6.0	24.3.0	0.18.0	3.7.5	</ br>> @0.0.0 build C:\Mahir\VT\Research\npm-package-coupling\sources\dataset\raven</ br>> node ./scripts/verify-packages-versions.js && lerna run --stream --concurrency 1 --sort build</ br></ br>lerna notice cli v3.13.4</ br>lerna info Executing command in 15 packages: "yarn run build"</ br>@sentry/types: 'yarn' is not recognized as an internal or external command,</ br>@sentry/types: operable program or batch file.</ br>lerna ERR! yarn run build exited 2 in '@sentry/types'</ br>npm ERR! code ELIFECYCLE</ br>npm ERR! errno 2</ br>npm ERR! @0.0.0 build: `node ./scripts/verify-packages-versions.js && lerna run --stream --concurrency 1 --sort build`</ br>npm ERR! Exit status 2</ br>npm ERR! </ br>npm ERR! Failed at the @0.0.0 build script.</ br>npm ERR! This is probably not a problem with npm. There is likely additional logging output above.</ br></ br>npm ERR! A complete log of this run can be found in:</ br>npm ERR!     C:\Users\asefk\AppData\Roaming\npm-cache\_logs\2020-09-11T13_33_42_871Z-debug.log</ br>
2.5.0	4.6.0	0.3.1	4.2.12	24.9.1	5.2.7	11.15.23	7.5.2	4.2.0	3.7.2	24.9.0	1.6.0	1.3.0	3.13.4	6.2.3	4.1.5	1.19.0	4.0.0	2.7.1	7.5.0	4.6.0	24.3.0	0.18.0	3.7.5	</ br>> @0.0.0 build C:\Mahir\VT\Research\npm-package-coupling\sources\dataset\raven</ br>> node ./scripts/verify-packages-versions.js && lerna run --stream --concurrency 1 --sort build</ br></ br>lerna notice cli v3.13.4</ br>lerna info Executing command in 15 packages: "yarn run build"</ br>@sentry/types: 'yarn' is not recognized as an internal or external command,</ br>@sentry/types: operable program or batch file.</ br>lerna ERR! yarn run build exited 2 in '@sentry/types'</ br>npm ERR! code ELIFECYCLE</ br>npm ERR! errno 2</ br>npm ERR! @0.0.0 build: `node ./scripts/verify-packages-versions.js && lerna run --stream --concurrency 1 --sort build`</ br>npm ERR! Exit status 2</ br>npm ERR! </ br>npm ERR! Failed at the @0.0.0 build script.</ br>npm ERR! This is probably not a problem with npm. There is likely additional logging output above.</ br></ br>npm ERR! A complete log of this run can be found in:</ br>npm ERR!     C:\Users\asefk\AppData\Roaming\npm-cache\_logs\2020-09-11T13_36_22_672Z-debug.log</ br>
2.5.0	4.6.0	0.3.1	4.2.12	24.0.13	5.2.7	11.15.23	7.5.2	4.2.0	3.7.2	24.9.0	1.6.0	1.3.0	3.13.4	6.2.3	4.1.5	1.19.0	4.3.1	2.7.1	7.5.0	4.6.0	24.3.0	0.18.0	3.7.5	</ br>> @0.0.0 build C:\Mahir\VT\Research\npm-package-coupling\sources\dataset\raven</ br>> node ./scripts/verify-packages-versions.js && lerna run --stream --concurrency 1 --sort build</ br></ br>lerna notice cli v3.13.4</ br>lerna info Executing command in 15 packages: "yarn run build"</ br>@sentry/types: 'yarn' is not recognized as an internal or external command,</ br>@sentry/types: operable program or batch file.</ br>lerna ERR! yarn run build exited 2 in '@sentry/types'</ br>npm ERR! code ELIFECYCLE</ br>npm ERR! errno 2</ br>npm ERR! @0.0.0 build: `node ./scripts/verify-packages-versions.js && lerna run --stream --concurrency 1 --sort build`</ br>npm ERR! Exit status 2</ br>npm ERR! </ br>npm ERR! Failed at the @0.0.0 build script.</ br>npm ERR! This is probably not a problem with npm. There is likely additional logging output above.</ br></ br>npm ERR! A complete log of this run can be found in:</ br>npm ERR!     C:\Users\asefk\AppData\Roaming\npm-cache\_logs\2020-09-11T13_39_08_019Z-debug.log</ br>
2.5.0	4.6.0	0.3.1	4.2.12	24.9.1	5.2.7	11.15.23	7.5.2	4.2.0	3.7.2	24.9.0	1.6.0	1.3.0	3.13.4	6.2.3	4.1.5	1.19.0	4.3.1	2.7.1	7.5.0	4.6.0	24.3.0	0.18.0	3.7.5	</ br>> @0.0.0 build C:\Mahir\VT\Research\npm-package-coupling\sources\dataset\raven</ br>> node ./scripts/verify-packages-versions.js && lerna run --stream --concurrency 1 --sort build</ br></ br>lerna notice cli v3.13.4</ br>lerna info Executing command in 15 packages: "yarn run build"</ br>@sentry/types: 'yarn' is not recognized as an internal or external command,</ br>@sentry/types: operable program or batch file.</ br>lerna ERR! yarn run build exited 2 in '@sentry/types'</ br>npm ERR! code ELIFECYCLE</ br>npm ERR! errno 2</ br>npm ERR! @0.0.0 build: `node ./scripts/verify-packages-versions.js && lerna run --stream --concurrency 1 --sort build`</ br>npm ERR! Exit status 2</ br>npm ERR! </ br>npm ERR! Failed at the @0.0.0 build script.</ br>npm ERR! This is probably not a problem with npm. There is likely additional logging output above.</ br></ br>npm ERR! A complete log of this run can be found in:</ br>npm ERR!     C:\Users\asefk\AppData\Roaming\npm-cache\_logs\2020-09-11T13_41_49_007Z-debug.log</ br>
2.5.0	4.6.0	0.3.1	4.2.12	24.0.22	5.2.7	11.15.23	7.5.2	4.2.0	3.7.2	24.9.0	1.6.0	1.3.0	3.13.4	6.2.3	4.1.5	1.19.0	4.3.1	2.7.1	7.5.0	4.6.0	24.3.0	0.18.0	3.7.5	</ br>> @0.0.0 build C:\Mahir\VT\Research\npm-package-coupling\sources\dataset\raven</ br>> node ./scripts/verify-packages-versions.js && lerna run --stream --concurrency 1 --sort build</ br></ br>lerna notice cli v3.13.4</ br>lerna info Executing command in 15 packages: "yarn run build"</ br>@sentry/types: 'yarn' is not recognized as an internal or external command,</ br>@sentry/types: operable program or batch file.</ br>lerna ERR! yarn run build exited 2 in '@sentry/types'</ br>npm ERR! code ELIFECYCLE</ br>npm ERR! errno 2</ br>npm ERR! @0.0.0 build: `node ./scripts/verify-packages-versions.js && lerna run --stream --concurrency 1 --sort build`</ br>npm ERR! Exit status 2</ br>npm ERR! </ br>npm ERR! Failed at the @0.0.0 build script.</ br>npm ERR! This is probably not a problem with npm. There is likely additional logging output above.</ br></ br>npm ERR! A complete log of this run can be found in:</ br>npm ERR!     C:\Users\asefk\AppData\Roaming\npm-cache\_logs\2020-09-11T13_44_34_292Z-debug.log</ br>
2.5.0	4.6.0	0.3.1	4.2.12	24.0.16	5.2.7	11.15.23	7.5.2	4.2.0	3.7.2	24.9.0	1.6.0	1.3.0	3.13.4	6.2.3	4.1.5	1.19.0	4.3.1	2.7.1	7.5.0	4.6.0	24.3.0	0.18.0	3.7.5	</ br>> @0.0.0 build C:\Mahir\VT\Research\npm-package-coupling\sources\dataset\raven</ br>> node ./scripts/verify-packages-versions.js && lerna run --stream --concurrency 1 --sort build</ br></ br>lerna notice cli v3.13.4</ br>lerna info Executing command in 15 packages: "yarn run build"</ br>@sentry/types: 'yarn' is not recognized as an internal or external command,</ br>@sentry/types: operable program or batch file.</ br>lerna ERR! yarn run build exited 2 in '@sentry/types'</ br>npm ERR! code ELIFECYCLE</ br>npm ERR! errno 2</ br>npm ERR! @0.0.0 build: `node ./scripts/verify-packages-versions.js && lerna run --stream --concurrency 1 --sort build`</ br>npm ERR! Exit status 2</ br>npm ERR! </ br>npm ERR! Failed at the @0.0.0 build script.</ br>npm ERR! This is probably not a problem with npm. There is likely additional logging output above.</ br></ br>npm ERR! A complete log of this run can be found in:</ br>npm ERR!     C:\Users\asefk\AppData\Roaming\npm-cache\_logs\2020-09-11T13_47_20_222Z-debug.log</ br>
2.5.0	4.6.0	0.3.1	4.2.12	24.9.1	5.2.2	11.15.23	7.5.2	4.2.0	3.7.2	24.9.0	1.6.0	1.3.0	3.13.4	6.2.3	4.1.5	1.19.0	4.3.1	2.7.1	7.5.0	4.6.0	24.3.0	0.18.0	3.7.5	</ br>> @0.0.0 build C:\Mahir\VT\Research\npm-package-coupling\sources\dataset\raven</ br>> node ./scripts/verify-packages-versions.js && lerna run --stream --concurrency 1 --sort build</ br></ br>lerna notice cli v3.13.4</ br>lerna info Executing command in 15 packages: "yarn run build"</ br>@sentry/types: 'yarn' is not recognized as an internal or external command,</ br>@sentry/types: operable program or batch file.</ br>lerna ERR! yarn run build exited 2 in '@sentry/types'</ br>npm ERR! code ELIFECYCLE</ br>npm ERR! errno 2</ br>npm ERR! @0.0.0 build: `node ./scripts/verify-packages-versions.js && lerna run --stream --concurrency 1 --sort build`</ br>npm ERR! Exit status 2</ br>npm ERR! </ br>npm ERR! Failed at the @0.0.0 build script.</ br>npm ERR! This is probably not a problem with npm. There is likely additional logging output above.</ br></ br>npm ERR! A complete log of this run can be found in:</ br>npm ERR!     C:\Users\asefk\AppData\Roaming\npm-cache\_logs\2020-09-11T13_50_03_024Z-debug.log</ br>
2.5.0	4.5.5	0.3.1	4.2.12	24.9.1	5.2.7	11.15.23	7.5.2	4.2.0	3.7.2	24.9.0	1.6.0	1.3.0	3.13.4	6.2.3	4.1.5	1.19.0	4.3.1	2.7.1	7.5.0	4.6.0	24.3.0	0.18.0	3.7.5	</ br>> @0.0.0 build C:\Mahir\VT\Research\npm-package-coupling\sources\dataset\raven</ br>> node ./scripts/verify-packages-versions.js && lerna run --stream --concurrency 1 --sort build</ br></ br>lerna notice cli v3.13.4</ br>lerna info Executing command in 15 packages: "yarn run build"</ br>@sentry/types: 'yarn' is not recognized as an internal or external command,</ br>@sentry/types: operable program or batch file.</ br>lerna ERR! yarn run build exited 2 in '@sentry/types'</ br>npm ERR! code ELIFECYCLE</ br>npm ERR! errno 2</ br>npm ERR! @0.0.0 build: `node ./scripts/verify-packages-versions.js && lerna run --stream --concurrency 1 --sort build`</ br>npm ERR! Exit status 2</ br>npm ERR! </ br>npm ERR! Failed at the @0.0.0 build script.</ br>npm ERR! This is probably not a problem with npm. There is likely additional logging output above.</ br></ br>npm ERR! A complete log of this run can be found in:</ br>npm ERR!     C:\Users\asefk\AppData\Roaming\npm-cache\_logs\2020-09-11T13_52_47_960Z-debug.log</ br>
2.5.0	4.6.0	0.3.1	4.2.12	24.9.1	5.2.7	11.15.20	7.5.2	4.2.0	3.7.2	24.9.0	1.6.0	1.3.0	3.13.4	6.2.3	4.1.5	1.19.0	4.3.1	2.7.1	7.5.0	4.6.0	24.3.0	0.18.0	3.7.5	</ br>> @0.0.0 build C:\Mahir\VT\Research\npm-package-coupling\sources\dataset\raven</ br>> node ./scripts/verify-packages-versions.js && lerna run --stream --concurrency 1 --sort build</ br></ br>lerna notice cli v3.13.4</ br>lerna info Executing command in 15 packages: "yarn run build"</ br>@sentry/types: 'yarn' is not recognized as an internal or external command,</ br>@sentry/types: operable program or batch file.</ br>lerna ERR! yarn run build exited 2 in '@sentry/types'</ br>npm ERR! code ELIFECYCLE</ br>npm ERR! errno 2</ br>npm ERR! @0.0.0 build: `node ./scripts/verify-packages-versions.js && lerna run --stream --concurrency 1 --sort build`</ br>npm ERR! Exit status 2</ br>npm ERR! </ br>npm ERR! Failed at the @0.0.0 build script.</ br>npm ERR! This is probably not a problem with npm. There is likely additional logging output above.</ br></ br>npm ERR! A complete log of this run can be found in:</ br>npm ERR!     C:\Users\asefk\AppData\Roaming\npm-cache\_logs\2020-09-11T13_55_34_743Z-debug.log</ br>
2.5.0	4.6.0	0.3.1	4.2.12	24.0.15	5.2.7	11.15.23	7.5.2	4.2.0	3.7.2	24.9.0	1.6.0	1.3.0	3.13.4	6.2.3	4.1.5	1.19.0	4.3.1	2.7.1	7.5.0	4.6.0	24.3.0	0.18.0	3.7.5	</ br>> @0.0.0 build C:\Mahir\VT\Research\npm-package-coupling\sources\dataset\raven</ br>> node ./scripts/verify-packages-versions.js && lerna run --stream --concurrency 1 --sort build</ br></ br>lerna notice cli v3.13.4</ br>lerna info Executing command in 15 packages: "yarn run build"</ br>@sentry/types: 'yarn' is not recognized as an internal or external command,</ br>@sentry/types: operable program or batch file.</ br>lerna ERR! yarn run build exited 2 in '@sentry/types'</ br>npm ERR! code ELIFECYCLE</ br>npm ERR! errno 2</ br>npm ERR! @0.0.0 build: `node ./scripts/verify-packages-versions.js && lerna run --stream --concurrency 1 --sort build`</ br>npm ERR! Exit status 2</ br>npm ERR! </ br>npm ERR! Failed at the @0.0.0 build script.</ br>npm ERR! This is probably not a problem with npm. There is likely additional logging output above.</ br></ br>npm ERR! A complete log of this run can be found in:</ br>npm ERR!     C:\Users\asefk\AppData\Roaming\npm-cache\_logs\2020-09-11T13_58_21_192Z-debug.log</ br>
2.5.0	4.6.0	0.3.1	4.2.12	24.9.1	5.2.7	11.15.23	7.5.2	4.2.0	3.7.2	24.9.0	1.6.0	1.3.0	3.13.4	6.2.3	4.1.5	1.19.0	4.3.1	2.7.1	7.4.1	4.6.0	24.3.0	0.18.0	3.7.5	</ br>> @0.0.0 build C:\Mahir\VT\Research\npm-package-coupling\sources\dataset\raven</ br>> node ./scripts/verify-packages-versions.js && lerna run --stream --concurrency 1 --sort build</ br></ br>lerna notice cli v3.13.4</ br>lerna info Executing command in 15 packages: "yarn run build"</ br>@sentry/types: 'yarn' is not recognized as an internal or external command,</ br>@sentry/types: operable program or batch file.</ br>lerna ERR! yarn run build exited 2 in '@sentry/types'</ br>npm ERR! code ELIFECYCLE</ br>npm ERR! errno 2</ br>npm ERR! @0.0.0 build: `node ./scripts/verify-packages-versions.js && lerna run --stream --concurrency 1 --sort build`</ br>npm ERR! Exit status 2</ br>npm ERR! </ br>npm ERR! Failed at the @0.0.0 build script.</ br>npm ERR! This is probably not a problem with npm. There is likely additional logging output above.</ br></ br>npm ERR! A complete log of this run can be found in:</ br>npm ERR!     C:\Users\asefk\AppData\Roaming\npm-cache\_logs\2020-09-11T14_01_04_395Z-debug.log</ br>
2.5.0	4.6.0	0.3.1	4.2.12	24.0.19	5.2.7	11.15.23	7.5.2	4.2.0	3.7.2	24.9.0	1.6.0	1.3.0	3.13.4	6.2.3	4.1.5	1.19.0	4.3.1	2.7.1	7.5.0	4.6.0	24.3.0	0.18.0	3.7.5	</ br>> @0.0.0 build C:\Mahir\VT\Research\npm-package-coupling\sources\dataset\raven</ br>> node ./scripts/verify-packages-versions.js && lerna run --stream --concurrency 1 --sort build</ br></ br>lerna notice cli v3.13.4</ br>lerna info Executing command in 15 packages: "yarn run build"</ br>@sentry/types: 'yarn' is not recognized as an internal or external command,</ br>@sentry/types: operable program or batch file.</ br>lerna ERR! yarn run build exited 2 in '@sentry/types'</ br>npm ERR! code ELIFECYCLE</ br>npm ERR! errno 2</ br>npm ERR! @0.0.0 build: `node ./scripts/verify-packages-versions.js && lerna run --stream --concurrency 1 --sort build`</ br>npm ERR! Exit status 2</ br>npm ERR! </ br>npm ERR! Failed at the @0.0.0 build script.</ br>npm ERR! This is probably not a problem with npm. There is likely additional logging output above.</ br></ br>npm ERR! A complete log of this run can be found in:</ br>npm ERR!     C:\Users\asefk\AppData\Roaming\npm-cache\_logs\2020-09-11T14_03_52_241Z-debug.log</ br>
2.5.0	4.6.0	0.3.1	4.2.12	24.9.1	5.2.7	11.15.16	7.5.2	4.2.0	3.7.2	24.9.0	1.6.0	1.3.0	3.13.4	6.2.3	4.1.5	1.19.0	4.3.1	2.7.1	7.5.0	4.6.0	24.3.0	0.18.0	3.7.5	</ br>> @0.0.0 build C:\Mahir\VT\Research\npm-package-coupling\sources\dataset\raven</ br>> node ./scripts/verify-packages-versions.js && lerna run --stream --concurrency 1 --sort build</ br></ br>lerna notice cli v3.13.4</ br>lerna info Executing command in 15 packages: "yarn run build"</ br>@sentry/types: 'yarn' is not recognized as an internal or external command,</ br>@sentry/types: operable program or batch file.</ br>lerna ERR! yarn run build exited 2 in '@sentry/types'</ br>npm ERR! code ELIFECYCLE</ br>npm ERR! errno 2</ br>npm ERR! @0.0.0 build: `node ./scripts/verify-packages-versions.js && lerna run --stream --concurrency 1 --sort build`</ br>npm ERR! Exit status 2</ br>npm ERR! </ br>npm ERR! Failed at the @0.0.0 build script.</ br>npm ERR! This is probably not a problem with npm. There is likely additional logging output above.</ br></ br>npm ERR! A complete log of this run can be found in:</ br>npm ERR!     C:\Users\asefk\AppData\Roaming\npm-cache\_logs\2020-09-11T14_06_35_040Z-debug.log</ br>
2.5.0	4.6.0	0.3.1	4.2.12	24.9.1	5.2.7	11.15.23	7.5.2	4.2.0	3.7.2	24.9.0	1.6.0	1.3.0	3.13.4	6.2.3	4.1.5	1.19.0	4.1.1	2.7.1	7.5.0	4.6.0	24.3.0	0.18.0	3.7.5	</ br>> @0.0.0 build C:\Mahir\VT\Research\npm-package-coupling\sources\dataset\raven</ br>> node ./scripts/verify-packages-versions.js && lerna run --stream --concurrency 1 --sort build</ br></ br>lerna notice cli v3.13.4</ br>lerna info Executing command in 15 packages: "yarn run build"</ br>@sentry/types: 'yarn' is not recognized as an internal or external command,</ br>@sentry/types: operable program or batch file.</ br>lerna ERR! yarn run build exited 2 in '@sentry/types'</ br>npm ERR! code ELIFECYCLE</ br>npm ERR! errno 2</ br>npm ERR! @0.0.0 build: `node ./scripts/verify-packages-versions.js && lerna run --stream --concurrency 1 --sort build`</ br>npm ERR! Exit status 2</ br>npm ERR! </ br>npm ERR! Failed at the @0.0.0 build script.</ br>npm ERR! This is probably not a problem with npm. There is likely additional logging output above.</ br></ br>npm ERR! A complete log of this run can be found in:</ br>npm ERR!     C:\Users\asefk\AppData\Roaming\npm-cache\_logs\2020-09-11T14_09_19_507Z-debug.log</ br>
2.5.0	4.6.0	0.3.1	4.2.10	24.9.1	5.2.7	11.15.23	7.5.2	4.2.0	3.7.2	24.9.0	1.6.0	1.3.0	3.13.4	6.2.3	4.1.5	1.19.0	4.3.1	2.7.1	7.5.0	4.6.0	24.3.0	0.18.0	3.7.5	</ br>> @0.0.0 build C:\Mahir\VT\Research\npm-package-coupling\sources\dataset\raven</ br>> node ./scripts/verify-packages-versions.js && lerna run --stream --concurrency 1 --sort build</ br></ br>lerna notice cli v3.13.4</ br>lerna info Executing command in 15 packages: "yarn run build"</ br>@sentry/types: 'yarn' is not recognized as an internal or external command,</ br>@sentry/types: operable program or batch file.</ br>lerna ERR! yarn run build exited 2 in '@sentry/types'</ br>npm ERR! code ELIFECYCLE</ br>npm ERR! errno 2</ br>npm ERR! @0.0.0 build: `node ./scripts/verify-packages-versions.js && lerna run --stream --concurrency 1 --sort build`</ br>npm ERR! Exit status 2</ br>npm ERR! </ br>npm ERR! Failed at the @0.0.0 build script.</ br>npm ERR! This is probably not a problem with npm. There is likely additional logging output above.</ br></ br>npm ERR! A complete log of this run can be found in:</ br>npm ERR!     C:\Users\asefk\AppData\Roaming\npm-cache\_logs\2020-09-11T14_12_01_335Z-debug.log</ br>
2.5.0	4.6.0	0.3.1	4.2.12	24.0.21	5.2.7	11.15.23	7.5.2	4.2.0	3.7.2	24.9.0	1.6.0	1.3.0	3.13.4	6.2.3	4.1.5	1.19.0	4.3.1	2.7.1	7.5.0	4.6.0	24.3.0	0.18.0	3.7.5	</ br>> @0.0.0 build C:\Mahir\VT\Research\npm-package-coupling\sources\dataset\raven</ br>> node ./scripts/verify-packages-versions.js && lerna run --stream --concurrency 1 --sort build</ br></ br>lerna notice cli v3.13.4</ br>lerna info Executing command in 15 packages: "yarn run build"</ br>@sentry/types: 'yarn' is not recognized as an internal or external command,</ br>@sentry/types: operable program or batch file.</ br>lerna ERR! yarn run build exited 2 in '@sentry/types'</ br>npm ERR! code ELIFECYCLE</ br>npm ERR! errno 2</ br>npm ERR! @0.0.0 build: `node ./scripts/verify-packages-versions.js && lerna run --stream --concurrency 1 --sort build`</ br>npm ERR! Exit status 2</ br>npm ERR! </ br>npm ERR! Failed at the @0.0.0 build script.</ br>npm ERR! This is probably not a problem with npm. There is likely additional logging output above.</ br></ br>npm ERR! A complete log of this run can be found in:</ br>npm ERR!     C:\Users\asefk\AppData\Roaming\npm-cache\_logs\2020-09-11T14_14_48_725Z-debug.log</ br>
2.5.0	4.6.0	0.3.1	4.2.12	24.9.1	5.2.7	11.15.23	7.5.2	4.2.0	3.7.2	24.9.0	1.6.0	1.3.0	3.13.4	6.2.3	4.1.5	1.19.0	4.3.0	2.7.1	7.5.0	4.6.0	24.3.0	0.18.0	3.7.5	</ br>> @0.0.0 build C:\Mahir\VT\Research\npm-package-coupling\sources\dataset\raven</ br>> node ./scripts/verify-packages-versions.js && lerna run --stream --concurrency 1 --sort build</ br></ br>lerna notice cli v3.13.4</ br>lerna info Executing command in 15 packages: "yarn run build"</ br>@sentry/types: 'yarn' is not recognized as an internal or external command,</ br>@sentry/types: operable program or batch file.</ br>lerna ERR! yarn run build exited 2 in '@sentry/types'</ br>npm ERR! code ELIFECYCLE</ br>npm ERR! errno 2</ br>npm ERR! @0.0.0 build: `node ./scripts/verify-packages-versions.js && lerna run --stream --concurrency 1 --sort build`</ br>npm ERR! Exit status 2</ br>npm ERR! </ br>npm ERR! Failed at the @0.0.0 build script.</ br>npm ERR! This is probably not a problem with npm. There is likely additional logging output above.</ br></ br>npm ERR! A complete log of this run can be found in:</ br>npm ERR!     C:\Users\asefk\AppData\Roaming\npm-cache\_logs\2020-09-11T14_17_31_616Z-debug.log</ br>
2.5.0	4.6.0	0.3.1	4.2.12	24.0.24	5.2.7	11.15.23	7.5.2	4.2.0	3.7.2	24.9.0	1.6.0	1.3.0	3.13.4	6.2.3	4.1.5	1.19.0	4.3.1	2.7.1	7.5.0	4.6.0	24.3.0	0.18.0	3.7.5	</ br>> @0.0.0 build C:\Mahir\VT\Research\npm-package-coupling\sources\dataset\raven</ br>> node ./scripts/verify-packages-versions.js && lerna run --stream --concurrency 1 --sort build</ br></ br>lerna notice cli v3.13.4</ br>lerna info Executing command in 15 packages: "yarn run build"</ br>@sentry/types: 'yarn' is not recognized as an internal or external command,</ br>@sentry/types: operable program or batch file.</ br>lerna ERR! yarn run build exited 2 in '@sentry/types'</ br>npm ERR! code ELIFECYCLE</ br>npm ERR! errno 2</ br>npm ERR! @0.0.0 build: `node ./scripts/verify-packages-versions.js && lerna run --stream --concurrency 1 --sort build`</ br>npm ERR! Exit status 2</ br>npm ERR! </ br>npm ERR! Failed at the @0.0.0 build script.</ br>npm ERR! This is probably not a problem with npm. There is likely additional logging output above.</ br></ br>npm ERR! A complete log of this run can be found in:</ br>npm ERR!     C:\Users\asefk\AppData\Roaming\npm-cache\_logs\2020-09-11T14_20_15_041Z-debug.log</ br>
2.5.0	4.5.7	0.3.1	4.2.12	24.9.1	5.2.7	11.15.23	7.5.2	4.2.0	3.7.2	24.9.0	1.6.0	1.3.0	3.13.4	6.2.3	4.1.5	1.19.0	4.3.1	2.7.1	7.5.0	4.6.0	24.3.0	0.18.0	3.7.5	</ br>> @0.0.0 build C:\Mahir\VT\Research\npm-package-coupling\sources\dataset\raven</ br>> node ./scripts/verify-packages-versions.js && lerna run --stream --concurrency 1 --sort build</ br></ br>lerna notice cli v3.13.4</ br>lerna info Executing command in 15 packages: "yarn run build"</ br>@sentry/types: 'yarn' is not recognized as an internal or external command,</ br>@sentry/types: operable program or batch file.</ br>lerna ERR! yarn run build exited 2 in '@sentry/types'</ br>npm ERR! code ELIFECYCLE</ br>npm ERR! errno 2</ br>npm ERR! @0.0.0 build: `node ./scripts/verify-packages-versions.js && lerna run --stream --concurrency 1 --sort build`</ br>npm ERR! Exit status 2</ br>npm ERR! </ br>npm ERR! Failed at the @0.0.0 build script.</ br>npm ERR! This is probably not a problem with npm. There is likely additional logging output above.</ br></ br>npm ERR! A complete log of this run can be found in:</ br>npm ERR!     C:\Users\asefk\AppData\Roaming\npm-cache\_logs\2020-09-11T14_22_57_320Z-debug.log</ br>
2.5.0	4.6.0	0.3.1	4.2.12	24.9.1	5.2.7	11.15.23	7.5.2	4.2.0	3.7.2	24.9.0	1.6.0	1.3.0	3.13.4	6.2.3	4.1.5	1.19.0	4.1.0	2.7.1	7.5.0	4.6.0	24.3.0	0.18.0	3.7.5	</ br>> @0.0.0 build C:\Mahir\VT\Research\npm-package-coupling\sources\dataset\raven</ br>> node ./scripts/verify-packages-versions.js && lerna run --stream --concurrency 1 --sort build</ br></ br>lerna notice cli v3.13.4</ br>lerna info Executing command in 15 packages: "yarn run build"</ br>@sentry/types: 'yarn' is not recognized as an internal or external command,</ br>@sentry/types: operable program or batch file.</ br>lerna ERR! yarn run build exited 2 in '@sentry/types'</ br>npm ERR! code ELIFECYCLE</ br>npm ERR! errno 2</ br>npm ERR! @0.0.0 build: `node ./scripts/verify-packages-versions.js && lerna run --stream --concurrency 1 --sort build`</ br>npm ERR! Exit status 2</ br>npm ERR! </ br>npm ERR! Failed at the @0.0.0 build script.</ br>npm ERR! This is probably not a problem with npm. There is likely additional logging output above.</ br></ br>npm ERR! A complete log of this run can be found in:</ br>npm ERR!     C:\Users\asefk\AppData\Roaming\npm-cache\_logs\2020-09-11T14_25_39_902Z-debug.log</ br>
2.5.0	4.6.0	0.3.1	4.2.12	24.9.1	5.2.7	11.15.23	7.5.2	4.2.0	3.7.2	24.9.0	1.6.0	1.3.0	3.13.4	6.2.3	4.1.2	1.19.0	4.3.1	2.7.1	7.5.0	4.6.0	24.3.0	0.18.0	3.7.5	</ br>> @0.0.0 build C:\Mahir\VT\Research\npm-package-coupling\sources\dataset\raven</ br>> node ./scripts/verify-packages-versions.js && lerna run --stream --concurrency 1 --sort build</ br></ br>lerna notice cli v3.13.4</ br>lerna info Executing command in 15 packages: "yarn run build"</ br>@sentry/types: 'yarn' is not recognized as an internal or external command,</ br>@sentry/types: operable program or batch file.</ br>lerna ERR! yarn run build exited 2 in '@sentry/types'</ br>npm ERR! code ELIFECYCLE</ br>npm ERR! errno 2</ br>npm ERR! @0.0.0 build: `node ./scripts/verify-packages-versions.js && lerna run --stream --concurrency 1 --sort build`</ br>npm ERR! Exit status 2</ br>npm ERR! </ br>npm ERR! Failed at the @0.0.0 build script.</ br>npm ERR! This is probably not a problem with npm. There is likely additional logging output above.</ br></ br>npm ERR! A complete log of this run can be found in:</ br>npm ERR!     C:\Users\asefk\AppData\Roaming\npm-cache\_logs\2020-09-11T14_28_25_522Z-debug.log</ br>
2.5.0	4.6.0	0.3.1	4.2.12	24.9.1	5.2.6	11.15.23	7.5.2	4.2.0	3.7.2	24.9.0	1.6.0	1.3.0	3.13.4	6.2.3	4.1.5	1.19.0	4.3.1	2.7.1	7.5.0	4.6.0	24.3.0	0.18.0	3.7.5	</ br>> @0.0.0 build C:\Mahir\VT\Research\npm-package-coupling\sources\dataset\raven</ br>> node ./scripts/verify-packages-versions.js && lerna run --stream --concurrency 1 --sort build</ br></ br>lerna notice cli v3.13.4</ br>lerna info Executing command in 15 packages: "yarn run build"</ br>@sentry/types: 'yarn' is not recognized as an internal or external command,</ br>@sentry/types: operable program or batch file.</ br>lerna ERR! yarn run build exited 2 in '@sentry/types'</ br>npm ERR! code ELIFECYCLE</ br>npm ERR! errno 2</ br>npm ERR! @0.0.0 build: `node ./scripts/verify-packages-versions.js && lerna run --stream --concurrency 1 --sort build`</ br>npm ERR! Exit status 2</ br>npm ERR! </ br>npm ERR! Failed at the @0.0.0 build script.</ br>npm ERR! This is probably not a problem with npm. There is likely additional logging output above.</ br></ br>npm ERR! A complete log of this run can be found in:</ br>npm ERR!     C:\Users\asefk\AppData\Roaming\npm-cache\_logs\2020-09-11T14_31_10_153Z-debug.log</ br>
2.5.0	4.5.6	0.3.1	4.2.12	24.9.1	5.2.7	11.15.23	7.5.2	4.2.0	3.7.2	24.9.0	1.6.0	1.3.0	3.13.4	6.2.3	4.1.5	1.19.0	4.3.1	2.7.1	7.5.0	4.6.0	24.3.0	0.18.0	3.7.5	</ br>> @0.0.0 build C:\Mahir\VT\Research\npm-package-coupling\sources\dataset\raven</ br>> node ./scripts/verify-packages-versions.js && lerna run --stream --concurrency 1 --sort build</ br></ br>lerna notice cli v3.13.4</ br>lerna info Executing command in 15 packages: "yarn run build"</ br>@sentry/types: 'yarn' is not recognized as an internal or external command,</ br>@sentry/types: operable program or batch file.</ br>lerna ERR! yarn run build exited 2 in '@sentry/types'</ br>npm ERR! code ELIFECYCLE</ br>npm ERR! errno 2</ br>npm ERR! @0.0.0 build: `node ./scripts/verify-packages-versions.js && lerna run --stream --concurrency 1 --sort build`</ br>npm ERR! Exit status 2</ br>npm ERR! </ br>npm ERR! Failed at the @0.0.0 build script.</ br>npm ERR! This is probably not a problem with npm. There is likely additional logging output above.</ br></ br>npm ERR! A complete log of this run can be found in:</ br>npm ERR!     C:\Users\asefk\AppData\Roaming\npm-cache\_logs\2020-09-11T14_34_00_308Z-debug.log</ br>
2.5.0	4.6.0	0.3.1	4.2.12	24.9.1	5.2.7	11.15.12	7.5.2	4.2.0	3.7.2	24.9.0	1.6.0	1.3.0	3.13.4	6.2.3	4.1.5	1.19.0	4.3.1	2.7.1	7.5.0	4.6.0	24.3.0	0.18.0	3.7.5	</ br>> @0.0.0 build C:\Mahir\VT\Research\npm-package-coupling\sources\dataset\raven</ br>> node ./scripts/verify-packages-versions.js && lerna run --stream --concurrency 1 --sort build</ br></ br>lerna notice cli v3.13.4</ br>lerna info Executing command in 15 packages: "yarn run build"</ br>@sentry/types: 'yarn' is not recognized as an internal or external command,</ br>@sentry/types: operable program or batch file.</ br>lerna ERR! yarn run build exited 2 in '@sentry/types'</ br>npm ERR! code ELIFECYCLE</ br>npm ERR! errno 2</ br>npm ERR! @0.0.0 build: `node ./scripts/verify-packages-versions.js && lerna run --stream --concurrency 1 --sort build`</ br>npm ERR! Exit status 2</ br>npm ERR! </ br>npm ERR! Failed at the @0.0.0 build script.</ br>npm ERR! This is probably not a problem with npm. There is likely additional logging output above.</ br></ br>npm ERR! A complete log of this run can be found in:</ br>npm ERR!     C:\Users\asefk\AppData\Roaming\npm-cache\_logs\2020-09-11T14_36_44_837Z-debug.log</ br>
2.5.0	4.6.0	0.3.1	4.2.12	24.9.1	5.2.7	11.15.8	7.5.2	4.2.0	3.7.2	24.9.0	1.6.0	1.3.0	3.13.4	6.2.3	4.1.5	1.19.0	4.3.1	2.7.1	7.5.0	4.6.0	24.3.0	0.18.0	3.7.5	</ br>> @0.0.0 build C:\Mahir\VT\Research\npm-package-coupling\sources\dataset\raven</ br>> node ./scripts/verify-packages-versions.js && lerna run --stream --concurrency 1 --sort build</ br></ br>lerna notice cli v3.13.4</ br>lerna info Executing command in 15 packages: "yarn run build"</ br>@sentry/types: 'yarn' is not recognized as an internal or external command,</ br>@sentry/types: operable program or batch file.</ br>lerna ERR! yarn run build exited 2 in '@sentry/types'</ br>npm ERR! code ELIFECYCLE</ br>npm ERR! errno 2</ br>npm ERR! @0.0.0 build: `node ./scripts/verify-packages-versions.js && lerna run --stream --concurrency 1 --sort build`</ br>npm ERR! Exit status 2</ br>npm ERR! </ br>npm ERR! Failed at the @0.0.0 build script.</ br>npm ERR! This is probably not a problem with npm. There is likely additional logging output above.</ br></ br>npm ERR! A complete log of this run can be found in:</ br>npm ERR!     C:\Users\asefk\AppData\Roaming\npm-cache\_logs\2020-09-11T14_39_30_722Z-debug.log</ br>
