@kwsites/file-exists	@kwsites/promise-deferred	debug	@babel/core	@babel/preset-env	@babel/preset-typescript	@kwsites/jestify-node-unit	@kwsites/promise-result	@types/debug	@types/jest	@types/node	babel-jest	babel-plugin-module-resolver	jest	sinon	ts-node	typescript	Reason
1.1.1	1.1.1	4.2.0	7.11.6	7.11.5	7.10.4	1.0.1	1.2.0	4.1.5	25.2.3	13.13.19	26.3.0	4.0.0	25.5.4	7.5.0	8.10.2	3.9.0-dev.20200321	</ br>> simple-git@2.20.1 build C:\Mahir\VT\Research\npm-package-coupling\sources\dataset\simple-git</ br>> tsc --build</ br></ br>src/lib/task-callback.ts(21,18): error TS2345: Argument of type '(data: R) => void' is not assignable to parameter of type '(value: awaited R) => void | PromiseLike<void>'.</ br>  Types of parameters 'data' and 'value' are incompatible.</ br>    Type 'awaited R' is not assignable to type 'R'.</ br>      'R' could be instantiated with an arbitrary type which could be unrelated to 'awaited R'.</ br>src/lib/runners/git-executor-chain.ts(53,17): error TS2352: Conversion of type 'void | awaited R' to type 'R' may be a mistake because neither type sufficiently overlaps with the other. If this was intentional, convert the expression to 'unknown' first.</ br>  'R' could be instantiated with an arbitrary type which could be unrelated to 'void | awaited R'.</ br>    Type 'awaited R' is not comparable to type 'R'.</ br>      'R' could be instantiated with an arbitrary type which could be unrelated to 'awaited R'.</ br>npm ERR! code ELIFECYCLE</ br>npm ERR! errno 1</ br>npm ERR! simple-git@2.20.1 build: `tsc --build`</ br>npm ERR! Exit status 1</ br>npm ERR! </ br>npm ERR! Failed at the simple-git@2.20.1 build script.</ br>npm ERR! This is probably not a problem with npm. There is likely additional logging output above.</ br></ br>npm ERR! A complete log of this run can be found in:</ br>npm ERR!     C:\Users\asefk\AppData\Roaming\npm-cache\_logs\2020-09-11T18_50_49_816Z-debug.log</ br>
1.1.1	1.1.1	4.2.0	7.11.6	7.11.5	7.10.4	1.0.1	1.2.0	4.1.5	25.2.3	13.13.19	26.3.0	4.0.0	25.5.4	7.5.0	8.10.2	3.9.0-dev.20200305	</ br>> simple-git@2.20.1 build C:\Mahir\VT\Research\npm-package-coupling\sources\dataset\simple-git</ br>> tsc --build</ br></ br>node_modules/@types/node/ts3.4/base.d.ts(13,21): error TS2727: Cannot find lib definition for 'esnext.bigint'. Did you mean 'esnext.intl'?</ br>node_modules/@types/node/ts3.6/base.d.ts(13,21): error TS2727: Cannot find lib definition for 'esnext.bigint'. Did you mean 'esnext.intl'?</ br>node_modules/@types/node/base.d.ts(13,21): error TS2727: Cannot find lib definition for 'esnext.bigint'. Did you mean 'esnext.intl'?</ br>npm ERR! code ELIFECYCLE</ br>npm ERR! errno 1</ br>npm ERR! simple-git@2.20.1 build: `tsc --build`</ br>npm ERR! Exit status 1</ br>npm ERR! </ br>npm ERR! Failed at the simple-git@2.20.1 build script.</ br>npm ERR! This is probably not a problem with npm. There is likely additional logging output above.</ br></ br>npm ERR! A complete log of this run can be found in:</ br>npm ERR!     C:\Users\asefk\AppData\Roaming\npm-cache\_logs\2020-09-11T19_54_31_769Z-debug.log</ br>
1.1.1	1.1.1	4.2.0	7.11.6	7.11.5	7.10.4	1.0.1	1.2.0	4.1.5	25.2.3	13.13.19	26.3.0	4.0.0	25.5.4	7.5.0	8.10.2	3.9.0-dev.20200325	</ br>> simple-git@2.20.1 build C:\Mahir\VT\Research\npm-package-coupling\sources\dataset\simple-git</ br>> tsc --build</ br></ br>src/lib/task-callback.ts(21,18): error TS2345: Argument of type '(data: R) => void' is not assignable to parameter of type '(value: awaited R) => void | PromiseLike<void>'.</ br>  Types of parameters 'data' and 'value' are incompatible.</ br>    Type 'awaited R' is not assignable to type 'R'.</ br>      'R' could be instantiated with an arbitrary type which could be unrelated to 'awaited R'.</ br>src/lib/runners/git-executor-chain.ts(53,17): error TS2352: Conversion of type 'void | awaited R' to type 'R' may be a mistake because neither type sufficiently overlaps with the other. If this was intentional, convert the expression to 'unknown' first.</ br>  'R' could be instantiated with an arbitrary type which could be unrelated to 'void | awaited R'.</ br>    Type 'awaited R' is not comparable to type 'R'.</ br>      'R' could be instantiated with an arbitrary type which could be unrelated to 'awaited R'.</ br>npm ERR! code ELIFECYCLE</ br>npm ERR! errno 1</ br>npm ERR! simple-git@2.20.1 build: `tsc --build`</ br>npm ERR! Exit status 1</ br>npm ERR! </ br>npm ERR! Failed at the simple-git@2.20.1 build script.</ br>npm ERR! This is probably not a problem with npm. There is likely additional logging output above.</ br></ br>npm ERR! A complete log of this run can be found in:</ br>npm ERR!     C:\Users\asefk\AppData\Roaming\npm-cache\_logs\2020-09-11T20_00_50_762Z-debug.log</ br>
1.1.1	1.1.1	4.2.0	7.11.6	7.11.5	7.10.4	1.0.1	1.2.0	4.1.5	25.2.3	13.13.19	26.3.0	4.0.0	25.5.4	7.5.0	8.10.2	3.9.0-dev.20200323	</ br>> simple-git@2.20.1 build C:\Mahir\VT\Research\npm-package-coupling\sources\dataset\simple-git</ br>> tsc --build</ br></ br>src/lib/task-callback.ts(21,18): error TS2345: Argument of type '(data: R) => void' is not assignable to parameter of type '(value: awaited R) => void | PromiseLike<void>'.</ br>  Types of parameters 'data' and 'value' are incompatible.</ br>    Type 'awaited R' is not assignable to type 'R'.</ br>      'R' could be instantiated with an arbitrary type which could be unrelated to 'awaited R'.</ br>src/lib/runners/git-executor-chain.ts(53,17): error TS2352: Conversion of type 'void | awaited R' to type 'R' may be a mistake because neither type sufficiently overlaps with the other. If this was intentional, convert the expression to 'unknown' first.</ br>  'R' could be instantiated with an arbitrary type which could be unrelated to 'void | awaited R'.</ br>    Type 'awaited R' is not comparable to type 'R'.</ br>      'R' could be instantiated with an arbitrary type which could be unrelated to 'awaited R'.</ br>npm ERR! code ELIFECYCLE</ br>npm ERR! errno 1</ br>npm ERR! simple-git@2.20.1 build: `tsc --build`</ br>npm ERR! Exit status 1</ br>npm ERR! </ br>npm ERR! Failed at the simple-git@2.20.1 build script.</ br>npm ERR! This is probably not a problem with npm. There is likely additional logging output above.</ br></ br>npm ERR! A complete log of this run can be found in:</ br>npm ERR!     C:\Users\asefk\AppData\Roaming\npm-cache\_logs\2020-09-11T20_54_20_908Z-debug.log</ br>
1.1.1	1.1.1	4.2.0	7.11.6	7.11.5	7.10.4	1.0.1	1.2.0	4.1.5	25.2.3	13.13.19	26.3.0	4.0.0	25.5.4	7.5.0	8.10.2	3.9.0-dev.20200324	</ br>> simple-git@2.20.1 build C:\Mahir\VT\Research\npm-package-coupling\sources\dataset\simple-git</ br>> tsc --build</ br></ br>src/lib/task-callback.ts(21,18): error TS2345: Argument of type '(data: R) => void' is not assignable to parameter of type '(value: awaited R) => void | PromiseLike<void>'.</ br>  Types of parameters 'data' and 'value' are incompatible.</ br>    Type 'awaited R' is not assignable to type 'R'.</ br>      'R' could be instantiated with an arbitrary type which could be unrelated to 'awaited R'.</ br>src/lib/runners/git-executor-chain.ts(53,17): error TS2352: Conversion of type 'void | awaited R' to type 'R' may be a mistake because neither type sufficiently overlaps with the other. If this was intentional, convert the expression to 'unknown' first.</ br>  'R' could be instantiated with an arbitrary type which could be unrelated to 'void | awaited R'.</ br>    Type 'awaited R' is not comparable to type 'R'.</ br>      'R' could be instantiated with an arbitrary type which could be unrelated to 'awaited R'.</ br>npm ERR! code ELIFECYCLE</ br>npm ERR! errno 1</ br>npm ERR! simple-git@2.20.1 build: `tsc --build`</ br>npm ERR! Exit status 1</ br>npm ERR! </ br>npm ERR! Failed at the simple-git@2.20.1 build script.</ br>npm ERR! This is probably not a problem with npm. There is likely additional logging output above.</ br></ br>npm ERR! A complete log of this run can be found in:</ br>npm ERR!     C:\Users\asefk\AppData\Roaming\npm-cache\_logs\2020-09-11T21_45_23_510Z-debug.log</ br>
1.1.1	1.1.1	4.2.0	7.11.6	7.11.5	7.10.4	1.0.1	1.2.0	4.1.5	25.2.3	13.13.19	26.3.0	4.0.0	25.5.4	7.5.0	8.10.2	3.9.0-dev.20200322	</ br>> simple-git@2.20.1 build C:\Mahir\VT\Research\npm-package-coupling\sources\dataset\simple-git</ br>> tsc --build</ br></ br>src/lib/task-callback.ts(21,18): error TS2345: Argument of type '(data: R) => void' is not assignable to parameter of type '(value: awaited R) => void | PromiseLike<void>'.</ br>  Types of parameters 'data' and 'value' are incompatible.</ br>    Type 'awaited R' is not assignable to type 'R'.</ br>      'R' could be instantiated with an arbitrary type which could be unrelated to 'awaited R'.</ br>src/lib/runners/git-executor-chain.ts(53,17): error TS2352: Conversion of type 'void | awaited R' to type 'R' may be a mistake because neither type sufficiently overlaps with the other. If this was intentional, convert the expression to 'unknown' first.</ br>  'R' could be instantiated with an arbitrary type which could be unrelated to 'void | awaited R'.</ br>    Type 'awaited R' is not comparable to type 'R'.</ br>      'R' could be instantiated with an arbitrary type which could be unrelated to 'awaited R'.</ br>npm ERR! code ELIFECYCLE</ br>npm ERR! errno 1</ br>npm ERR! simple-git@2.20.1 build: `tsc --build`</ br>npm ERR! Exit status 1</ br>npm ERR! </ br>npm ERR! Failed at the simple-git@2.20.1 build script.</ br>npm ERR! This is probably not a problem with npm. There is likely additional logging output above.</ br></ br>npm ERR! A complete log of this run can be found in:</ br>npm ERR!     C:\Users\asefk\AppData\Roaming\npm-cache\_logs\2020-09-11T22_41_44_846Z-debug.log</ br>
